{
    "status": "Fix Released", 
    "last_updated": "2015-04-30 09:17:48.433969+00:00", 
    "description": "I started hitting this kind of failure locally, but intermittently:\n\nnova.tests.unit.objects.test_instance.TestRemoteInstanceObject.test_migrate_flavor\n----------------------------------------------------------------------------------\n\nCaptured traceback:\n\u02dc\u02dc\u02dc\u02dc\u02dc\u02dc\u02dc\u02dc\u02dc\u02dc\u02dc\u02dc\u02dc\u02dc\u02dc\u02dc\u02dc\u02dc\u02dc\n    Traceback (most recent call last):\n      File \"nova/tests/unit/objects/test_instance.py\", line 1027, in test_migrate_flavor\n        self.assertNotIn('instance_type_id', inst.system_metadata)\n      File \"/home/mriedem/git/nova/.tox/py27/local/lib/python2.7/site-packages/testtools/testcase.py\", line 392, in assertNotIn\n        self.assertThat(haystack, matcher, message)\n      File \"/home/mriedem/git/nova/.tox/py27/local/lib/python2.7/site-packages/testtools/testcase.py\", line 433, in assertThat\n        raise mismatch_error\n    MismatchError: {u'old_instance_type_flavorid': u'2', u'old_instance_type_vcpus': u'1', u'instance_type_name': u'm1.small', u'instance_type_extra_hw:numa_cpus.1': u'123', u'old_instance_type_vcpu_weight': u'0', u'instance_type_ephemeral_gb': u'0', u'old_instance_type_swap': u'0', u'old_instance_type_id': u'5', u'old_instance_type_ephemeral_gb': u'0', u'old_instance_type_rxtx_factor': u'1.0', u'instance_type_vcpu_weight': u'0', u'instance_type_root_gb': u'20', u'instance_type_id': u'5', u'old_instance_type_root_gb': u'20', u'instance_type_rxtx_factor': u'1.0', u'instance_type_vcpus': u'1', u'instance_type_memory_mb': u'2048', u'instance_type_swap': u'0', u'old_instance_type_memory_mb': u'2048', u'old_instance_type_name': u'm1.small', u'old_instance_type_extra_hw:numa_cpus.1': u'1', u'instance_type_flavorid': u'2'} matches Contains('instance_type_id')\n    Traceback (most recent call last):\n    _StringException: Empty attachments:\n      stderr\n      stdout\n\nI'm also seeing it in the community jenkins test runs (31 hits on the check queue going back to 1/30):\n\nhttp://logstash.openstack.org/#eyJzZWFyY2giOiJtZXNzYWdlOm5vdmEudGVzdHMudW5pdC5vYmplY3RzLnRlc3RfaW5zdGFuY2UuVGVzdFJlbW90ZUluc3RhbmNlT2JqZWN0KiBBTkQgbWVzc2FnZTpcIkZBSUxFRFwiIEFORCB0YWdzOlwiY29uc29sZVwiIEFORCBidWlsZF9uYW1lOlwiZ2F0ZS1ub3ZhLXB5dGhvbjI3XCIgIiwiZmllbGRzIjpbXSwib2Zmc2V0IjowLCJ0aW1lZnJhbWUiOiJjdXN0b20iLCJncmFwaG1vZGUiOiJjb3VudCIsInRpbWUiOnsiZnJvbSI6IjIwMTUtMDEtMjBUMTc6MjQ6NDcrMDA6MDAiLCJ0byI6IjIwMTUtMDItMDNUMTc6MjQ6NDcrMDA6MDAiLCJ1c2VyX2ludGVydmFsIjoiMCJ9LCJzdGFtcCI6MTQyMjk4NDQ0MjIzNywibW9kZSI6IiIsImFuYWx5emVfZmllbGQiOiIifQ==\n\nI believe it coincides with merging this:\n\nhttps://review.openstack.org/#/c/135700/\n\nThe failure rates aren't high, but I think it's an issue.\n\nThe failures appear to only be in this remote instance objects test, so maybe something goofing up with rpc/db interactions being slowed down.", 
    "tags": [
        "testing", 
        "unified-objects"
    ], 
    "importance": "High", 
    "heat": 14, 
    "link": "https://bugs.launchpad.net/nova/+bug/1417678", 
    "owner": "https://api.launchpad.net/1.0/~danms", 
    "id": 1417678, 
    "index": 1684, 
    "openned": "2015-02-03 17:33:04.091336+00:00", 
    "created": "2015-02-03 17:33:04.091336+00:00", 
    "title": "TestRemoteInstanceObject randomly failing", 
    "comments": [
        {
            "content": "I started hitting this kind of failure locally, but intermittently:\n\nnova.tests.unit.objects.test_instance.TestRemoteInstanceObject.test_migrate_flavor\n----------------------------------------------------------------------------------\n\nCaptured traceback:\n\u02dc\u02dc\u02dc\u02dc\u02dc\u02dc\u02dc\u02dc\u02dc\u02dc\u02dc\u02dc\u02dc\u02dc\u02dc\u02dc\u02dc\u02dc\u02dc\n    Traceback (most recent call last):\n      File \"nova/tests/unit/objects/test_instance.py\", line 1027, in test_migrate_flavor\n        self.assertNotIn('instance_type_id', inst.system_metadata)\n      File \"/home/mriedem/git/nova/.tox/py27/local/lib/python2.7/site-packages/testtools/testcase.py\", line 392, in assertNotIn\n        self.assertThat(haystack, matcher, message)\n      File \"/home/mriedem/git/nova/.tox/py27/local/lib/python2.7/site-packages/testtools/testcase.py\", line 433, in assertThat\n        raise mismatch_error\n    MismatchError: {u'old_instance_type_flavorid': u'2', u'old_instance_type_vcpus': u'1', u'instance_type_name': u'm1.small', u'instance_type_extra_hw:numa_cpus.1': u'123', u'old_instance_type_vcpu_weight': u'0', u'instance_type_ephemeral_gb': u'0', u'old_instance_type_swap': u'0', u'old_instance_type_id': u'5', u'old_instance_type_ephemeral_gb': u'0', u'old_instance_type_rxtx_factor': u'1.0', u'instance_type_vcpu_weight': u'0', u'instance_type_root_gb': u'20', u'instance_type_id': u'5', u'old_instance_type_root_gb': u'20', u'instance_type_rxtx_factor': u'1.0', u'instance_type_vcpus': u'1', u'instance_type_memory_mb': u'2048', u'instance_type_swap': u'0', u'old_instance_type_memory_mb': u'2048', u'old_instance_type_name': u'm1.small', u'old_instance_type_extra_hw:numa_cpus.1': u'1', u'instance_type_flavorid': u'2'} matches Contains('instance_type_id')\n    Traceback (most recent call last):\n    _StringException: Empty attachments:\n      stderr\n      stdout\n\nI'm also seeing it in the community jenkins test runs (31 hits on the check queue going back to 1/30):\n\nhttp://logstash.openstack.org/#eyJzZWFyY2giOiJtZXNzYWdlOm5vdmEudGVzdHMudW5pdC5vYmplY3RzLnRlc3RfaW5zdGFuY2UuVGVzdFJlbW90ZUluc3RhbmNlT2JqZWN0KiBBTkQgbWVzc2FnZTpcIkZBSUxFRFwiIEFORCB0YWdzOlwiY29uc29sZVwiIEFORCBidWlsZF9uYW1lOlwiZ2F0ZS1ub3ZhLXB5dGhvbjI3XCIgIiwiZmllbGRzIjpbXSwib2Zmc2V0IjowLCJ0aW1lZnJhbWUiOiJjdXN0b20iLCJncmFwaG1vZGUiOiJjb3VudCIsInRpbWUiOnsiZnJvbSI6IjIwMTUtMDEtMjBUMTc6MjQ6NDcrMDA6MDAiLCJ0byI6IjIwMTUtMDItMDNUMTc6MjQ6NDcrMDA6MDAiLCJ1c2VyX2ludGVydmFsIjoiMCJ9LCJzdGFtcCI6MTQyMjk4NDQ0MjIzNywibW9kZSI6IiIsImFuYWx5emVfZmllbGQiOiIifQ==\n\nI believe it coincides with merging this:\n\nhttps://review.openstack.org/#/c/135700/\n\nThe failure rates aren't high, but I think it's an issue.\n\nThe failures appear to only be in this remote instance objects test, so maybe something goofing up with rpc/db interactions being slowed down.", 
            "date_created": "2015-02-03 17:33:04.091336+00:00", 
            "author": "https://api.launchpad.net/1.0/~mriedem"
        }, 
        {
            "content": "tox with --concurrency 1 will recreate this every single time! ", 
            "date_created": "2015-02-03 23:15:16.851235+00:00", 
            "author": "https://api.launchpad.net/1.0/~dims-v"
        }, 
        {
            "content": "Fix proposed to branch: master\nReview: https://review.openstack.org/152731", 
            "date_created": "2015-02-03 23:35:17.878540+00:00", 
            "author": "https://api.launchpad.net/1.0/~hudson-openstack"
        }, 
        {
            "content": "Fix proposed to branch: master\nReview: https://review.openstack.org/152742", 
            "date_created": "2015-02-04 00:27:13.204668+00:00", 
            "author": "https://api.launchpad.net/1.0/~hudson-openstack"
        }, 
        {
            "content": "Reviewed:  https://review.openstack.org/152731\nCommitted: https://git.openstack.org/cgit/openstack/nova/commit/?id=20e7c0b63fff0e7d6f939709bdca4f1040053130\nSubmitter: Jenkins\nBranch:    master\n\ncommit 20e7c0b63fff0e7d6f939709bdca4f1040053130\nAuthor: Dan Smith <email address hidden>\nDate:   Tue Feb 3 15:38:53 2015 -0800\n\n    Fix bad mocking of methods on Instance\n    \n    Since the objects come and go from the registry during tests, mocking\n    a staticmethod via path results in us not seeing the mock on the remote\n    side.\n    \n    Change-Id: I046c30c5852c17012c8938b31a7d1d6bacb9e7f2\n    Partial-Bug: #1417678\n", 
            "date_created": "2015-02-04 02:20:45.826298+00:00", 
            "author": "https://api.launchpad.net/1.0/~hudson-openstack"
        }, 
        {
            "content": "Reviewed:  https://review.openstack.org/152742\nCommitted: https://git.openstack.org/cgit/openstack/nova/commit/?id=c40ae6183494d5df019de61412412b388a87d9e4\nSubmitter: Jenkins\nBranch:    master\n\ncommit c40ae6183494d5df019de61412412b388a87d9e4\nAuthor: Dan Smith <email address hidden>\nDate:   Tue Feb 3 16:29:55 2015 -0800\n\n    Fix corrupting the object repository with test instance objects\n    \n    In order to test older instance versions in the remote instance\n    tests, we were creating an OldInstance object masquerading as a\n    proper Instance so we could override the version. That had the\n    potential to confuse other instance object tests because from that\n    point on, it was the first Instance object in the repository,\n    breaking the ordering requirement. Since we don't need it to be\n    called Instance to test what we want to test, this patch just\n    removes the masquerading bit.\n    \n    Change-Id: Iabb77ea3084c3701bf67f051ace494a1efb12917\n    Closes-Bug: #1417678\n", 
            "date_created": "2015-02-04 22:45:11.171470+00:00", 
            "author": "https://api.launchpad.net/1.0/~hudson-openstack"
        }
    ], 
    "closed": "2015-02-05 20:15:42.072579+00:00"
}