{
    "status": "Fix Released", 
    "last_updated": "2011-09-22 13:12:32.270248+00:00", 
    "description": "Because http://nova.openstack.org/Twisted-10.0.0Nova.tar.gz is no longer available, running unit tests with virtualenv will fail with this error:\n\nDownloading/unpacking http://nova.openstack.org/Twisted-10.0.0Nova.tar.gz\n  HTTP error 404 while getting http://nova.openstack.org/Twisted-10.0.0Nova.tar.gz\n  Could not install requirement http://nova.openstack.org/Twisted-10.0.0Nova.tar.gz because of error HTTP Error 404: Not Found\nCould not install requirement http://nova.openstack.org/Twisted-10.0.0Nova.tar.gz because of HTTP error HTTP Error 404: Not Found for URL http://nova.openstack.org/Twisted-10.0.0Nova.tar.gz\nStoring complete log in /var/lib/hudson/.pip/pip.log\nCommand \"tools/with_venv.sh pip install -E /var/lib/hudson/jobs/nova-trunk/workspace/.nova-venv http://nova.openstack.org/Twisted-10.0.0Nova.tar.gz\" failed.\nNone\ndone.\nCreating venv... done.\nInstalling pip in virtualenv... done.\nInstalling dependencies with pip (this can take a while)...\nERROR\n\n======================================================================\nERROR: <nose.suite.ContextSuite context=nova.tests>\n----------------------------------------------------------------------\nTraceback (most recent call last):\n  File \"/var/lib/hudson/jobs/nova-trunk/workspace/.nova-venv/lib/python2.6/site-packages/nose/suite.py\", line 208, in run\n    self.setUp()\n  File \"/var/lib/hudson/jobs/nova-trunk/workspace/.nova-venv/lib/python2.6/site-packages/nose/suite.py\", line 291, in setUp\n    self.setupContext(ancestor)\n  File \"/var/lib/hudson/jobs/nova-trunk/workspace/.nova-venv/lib/python2.6/site-packages/nose/suite.py\", line 314, in setupContext\n    try_run(context, names)\n  File \"/var/lib/hudson/jobs/nova-trunk/workspace/.nova-venv/lib/python2.6/site-packages/nose/util.py\", line 478, in try_run\n    return func()\n  File \"/var/lib/hudson/jobs/nova-trunk/workspace/nova/tests/__init__.py\", line 75, in setup\n    cleandb = os.path.join(FLAGS.state_path, FLAGS.sqlite_clean_db)\n  File \"/var/lib/hudson/jobs/nova-trunk/workspace/nova/flags.py\", line 144, in __getattr__\n    val = gflags.FlagValues.__getattr__(self, name)\n  File \"/var/lib/hudson/jobs/nova-trunk/workspace/.nova-venv/lib/python2.6/site-packages/gflags.py\", line 810, in __getattr__\n    raise AttributeError(name)\nAttributeError: sqlite_clean_db", 
    "tags": [
        "unit-tests", 
        "venv"
    ], 
    "importance": "Low", 
    "heat": 20, 
    "link": "https://bugs.launchpad.net/nova/+bug/818210", 
    "owner": "https://api.launchpad.net/1.0/~bcwaldon", 
    "id": 818210, 
    "index": 238, 
    "openned": "2011-07-29 19:08:39.692719+00:00", 
    "created": "2011-07-29 19:08:39.692719+00:00", 
    "title": "virtualenv failed to install because Twisted-10.0.0Nova.tar.gz missing", 
    "comments": [
        {
            "content": "Because http://nova.openstack.org/Twisted-10.0.0Nova.tar.gz is no longer available, running unit tests with virtualenv will fail with this error:\n\nDownloading/unpacking http://nova.openstack.org/Twisted-10.0.0Nova.tar.gz\n  HTTP error 404 while getting http://nova.openstack.org/Twisted-10.0.0Nova.tar.gz\n  Could not install requirement http://nova.openstack.org/Twisted-10.0.0Nova.tar.gz because of error HTTP Error 404: Not Found\nCould not install requirement http://nova.openstack.org/Twisted-10.0.0Nova.tar.gz because of HTTP error HTTP Error 404: Not Found for URL http://nova.openstack.org/Twisted-10.0.0Nova.tar.gz\nStoring complete log in /var/lib/hudson/.pip/pip.log\nCommand \"tools/with_venv.sh pip install -E /var/lib/hudson/jobs/nova-trunk/workspace/.nova-venv http://nova.openstack.org/Twisted-10.0.0Nova.tar.gz\" failed.\nNone\ndone.\nCreating venv... done.\nInstalling pip in virtualenv... done.\nInstalling dependencies with pip (this can take a while)...\nERROR\n\n======================================================================\nERROR: <nose.suite.ContextSuite context=nova.tests>\n----------------------------------------------------------------------\nTraceback (most recent call last):\n  File \"/var/lib/hudson/jobs/nova-trunk/workspace/.nova-venv/lib/python2.6/site-packages/nose/suite.py\", line 208, in run\n    self.setUp()\n  File \"/var/lib/hudson/jobs/nova-trunk/workspace/.nova-venv/lib/python2.6/site-packages/nose/suite.py\", line 291, in setUp\n    self.setupContext(ancestor)\n  File \"/var/lib/hudson/jobs/nova-trunk/workspace/.nova-venv/lib/python2.6/site-packages/nose/suite.py\", line 314, in setupContext\n    try_run(context, names)\n  File \"/var/lib/hudson/jobs/nova-trunk/workspace/.nova-venv/lib/python2.6/site-packages/nose/util.py\", line 478, in try_run\n    return func()\n  File \"/var/lib/hudson/jobs/nova-trunk/workspace/nova/tests/__init__.py\", line 75, in setup\n    cleandb = os.path.join(FLAGS.state_path, FLAGS.sqlite_clean_db)\n  File \"/var/lib/hudson/jobs/nova-trunk/workspace/nova/flags.py\", line 144, in __getattr__\n    val = gflags.FlagValues.__getattr__(self, name)\n  File \"/var/lib/hudson/jobs/nova-trunk/workspace/.nova-venv/lib/python2.6/site-packages/gflags.py\", line 810, in __getattr__\n    raise AttributeError(name)\nAttributeError: sqlite_clean_db", 
            "date_created": "2011-07-29 19:08:39.692719+00:00", 
            "author": "https://api.launchpad.net/1.0/~lorinh"
        }, 
        {
            "content": "That is odd, revno 464 added a dependency for Twisted>=10.1.0 to pip-requires, and on my latest tools/install_venv.py it pulled and installed Twisted-11.0.0.tar.bz2.", 
            "date_created": "2011-07-30 17:52:42.142384+00:00", 
            "author": "https://api.launchpad.net/1.0/~jshepher"
        }, 
        {
            "content": "i am a moron.. did not see the following in tools/install_venv.py:\n\n34  TWISTED_NOVA = 'http://nova.openstack.org/Twisted-10.0.0Nova.tar.gz'", 
            "date_created": "2011-07-30 18:33:00.673484+00:00", 
            "author": "https://api.launchpad.net/1.0/~jshepher"
        }
    ], 
    "closed": "2011-09-22 13:12:30.024832+00:00"
}