{
    "status": "Won't Fix", 
    "last_updated": "2012-07-06 18:32:56.248095+00:00", 
    "description": "When attempting to run the test suite (in a virtual environment) for the first time, I got the following error when Cheetah was being set up:\n\n\u00a0\u00a0Running setup.py egg_info for package Cheetah\n\u00a0\u00a0\u00a0\u00a0Traceback (most recent call last):\n\u00a0\u00a0\u00a0\u00a0\u00a0\u00a0File \"<string>\", line 3, in <module>\n\u00a0\u00a0\u00a0\u00a0ImportError: No module named command\n\u00a0\u00a0\u00a0\u00a0Complete output from command python setup.py egg_info:\n\u00a0\u00a0\u00a0\u00a0Traceback (most recent call last):\n\u00a0\u00a0File \"<string>\", line 3, in <module>\nImportError: No module named command\n\nUpon running ./run_tests.sh a second time, this issue did not arise.\n\nAdditional info:\n  Python 2.7\n  nova from git (75a3fbb21eebd4de8775b63c327d9d57859d090c)\n  Ubuntu 11.10 (running in a virtual box instance on a MacBook Air... oh yes I am)", 
    "tags": [], 
    "importance": "Undecided", 
    "heat": 6, 
    "link": "https://bugs.launchpad.net/nova/+bug/882930", 
    "owner": "None", 
    "id": 882930, 
    "index": 3610, 
    "openned": "2011-10-28 06:27:43.888864+00:00", 
    "created": "2011-10-28 06:27:43.888864+00:00", 
    "title": "run_tests.sh fails on first attempt with virtualenv", 
    "comments": [
        {
            "content": "When attempting to run the test suite (in a virtual environment) for the first time, I got the following error when Cheetah was being set up:\n\n  Running setup.py egg_info for package Cheetah\n    Traceback (most recent call last):\n      File \"<string>\", line 3, in <module>\n    ImportError: No module named command\n    Complete output from command python setup.py egg_info:\n    Traceback (most recent call last):\n  File \"<string>\", line 3, in <module>\nImportError: No module named command\n\nUpon running ./run_tests.sh a second time, this issue did not arise.", 
            "date_created": "2011-10-28 06:27:43.888864+00:00", 
            "author": "https://api.launchpad.net/1.0/~oubiwann"
        }, 
        {
            "content": "", 
            "date_created": "2011-10-28 06:27:43.888864+00:00", 
            "author": "https://api.launchpad.net/1.0/~oubiwann"
        }, 
        {
            "content": "What's probably happening is that the venv is failing to build, but you have enough site packages installed to allow the tests to run without a fully built venv. What happens if you just 'pip install cheetah' on that machine?", 
            "date_created": "2011-12-20 18:33:32.459501+00:00", 
            "author": "https://api.launchpad.net/1.0/~bcwaldon"
        }, 
        {
            "content": "Really? Doesn't ./run_tests.sh assume a virtual environment by default?\n\nI get the same results when running ./run_tests.sh with the -V option, too: first time fail (same error message); second time, continue and tests actually run.\n\nRegardless, it *seems* like something's broken in the virtual environment build process...", 
            "date_created": "2011-12-20 22:31:15.711808+00:00", 
            "author": "https://api.launchpad.net/1.0/~oubiwann"
        }, 
        {
            "content": "run_tests.sh will assume a venv by default. However, if there is a .venv directory present (even if not fully built), it will continue to run. So it sounds like your venv is partially building and you have enough site packages installed to cover the missing dependencies. What happens when you pip install cheetah outside of the venv?", 
            "date_created": "2011-12-21 15:01:20.380616+00:00", 
            "author": "https://api.launchpad.net/1.0/~bcwaldon"
        }, 
        {
            "content": "Duncan?", 
            "date_created": "2012-01-13 09:26:29.088815+00:00", 
            "author": "https://api.launchpad.net/1.0/~markmc"
        }, 
        {
            "content": "Thanks for the bump, Mark.\n\nI installed cheetah on my system, removed the venv dir, ran the tests, accepted a venv build, and it gets much further:\n\nSuccessfully installed SQLAlchemy pep8 pylint Cheetah amqplib anyjson boto carrot eventlet kombu lockfile lxml python-daemon python-gflags python-novaclient routes WebOb wsgiref mox greenlet nose PasteDeploy paste sqlalchemy-migrate netaddr sphinx glance xattr suds coverage nosexcover paramiko feedparser distribute logilab-common logilab-astng Markdown httplib2 prettytable decorator Tempita Pygments Jinja2 docutils pycrypto\n\nAfter which it successfully installs M2Crypto, but ultimately fails on cleanup:\n\nSuccessfully installed M2Crypto\nCleaning up...\nTraceback (most recent call last):\n  File \"tools/install_venv.py\", line 270, in <module>\n    main(sys.argv)\n  File \"tools/install_venv.py\", line 265, in main\n    install_dependencies()\n  File \"tools/install_venv.py\", line 221, in install_dependencies\n    f = open(pthfile, 'w')\nIOError: [Errno 2] No such file or directory: '/Users/oubiwann/lab/OpenStack/nova/.venv/lib/python2.6/site-packages/nova.pth'\n\n\n", 
            "date_created": "2012-01-14 07:33:35.456737+00:00", 
            "author": "https://api.launchpad.net/1.0/~oubiwann"
        }, 
        {
            "content": "So is it M2Crypto-related", 
            "date_created": "2012-02-02 11:36:09.722271+00:00", 
            "author": "https://api.launchpad.net/1.0/~ttx"
        }, 
        {
            "content": "Duncan - does the .venv/lib/python2.6/site-packages/ directory exist?\n\n", 
            "date_created": "2012-02-02 14:11:21.127737+00:00", 
            "author": "https://api.launchpad.net/1.0/~markmc"
        }, 
        {
            "content": "We cannot solve the issue you reported without more information. Could you please provide the requested information ?", 
            "date_created": "2012-06-07 12:55:51.975182+00:00", 
            "author": "https://api.launchpad.net/1.0/~ttx"
        }, 
        {
            "content": "No response after a month, closing out.", 
            "date_created": "2012-07-06 18:32:55.655027+00:00", 
            "author": "https://api.launchpad.net/1.0/~sdague"
        }
    ], 
    "closed": "2012-07-06 18:32:39.879660+00:00"
}