{
    "status": "Invalid", 
    "last_updated": "2014-09-17 14:56:53.669435+00:00", 
    "description": "Getting a lot of failed tests in a single gate run with errors like\n\nTraceback (most recent call last):\n  File \"nova/tests/integrated/test_api_samples.py\", line 1945, in setUp\n    self.uuid = self._post_server()\n  File \"nova/tests/integrated/test_api_samples.py\", line 180, in _post_server\n    response = self._do_post('servers', 'server-post-req', subs)\n  File \"nova/tests/integrated/api_samples_test_base.py\", line 312, in _do_post\n    body = self._read_template(name) % subs\n  File \"nova/tests/integrated/api_samples_test_base.py\", line 101, in _read_template\n    with open(template) as inf:\nIOError: [Errno 2] No such file or directory: '/home/jenkins/workspace/gate-nova-python26/CA/nova/tests/integrated/api_samples/os-admin-actions/server-post-req.xml.tpl'", 
    "tags": [
        "testing"
    ], 
    "importance": "Undecided", 
    "heat": 6, 
    "link": "https://bugs.launchpad.net/nova/+bug/1334137", 
    "owner": "None", 
    "id": 1334137, 
    "index": 6214, 
    "openned": "2014-07-08 18:45:53.935628+00:00", 
    "created": "2014-06-25 07:42:58.248606+00:00", 
    "title": "[Errno 2] No such file or directory in gate-nova-python26", 
    "comments": [
        {
            "content": "Getting a lot of failed tests in a single gate run with errors like\n\nTraceback (most recent call last):\n  File \"nova/tests/integrated/test_api_samples.py\", line 1945, in setUp\n    self.uuid = self._post_server()\n  File \"nova/tests/integrated/test_api_samples.py\", line 180, in _post_server\n    response = self._do_post('servers', 'server-post-req', subs)\n  File \"nova/tests/integrated/api_samples_test_base.py\", line 312, in _do_post\n    body = self._read_template(name) % subs\n  File \"nova/tests/integrated/api_samples_test_base.py\", line 101, in _read_template\n    with open(template) as inf:\nIOError: [Errno 2] No such file or directory: '/home/jenkins/workspace/gate-nova-python26/CA/nova/tests/integrated/api_samples/os-admin-actions/server-post-req.xml.tpl'", 
            "date_created": "2014-06-25 07:42:58.248606+00:00", 
            "author": "https://api.launchpad.net/1.0/~hanlind"
        }, 
        {
            "content": "This looks like a nova test fixture bug. I have added nova to the bug and marked the Infra side incomplete. If you can provide more info that indicates this is an Infra bug please do and we can update the bug and hopefully fix it.\n\nAll that said I think this is a bug in nova.", 
            "date_created": "2014-07-08 18:46:43.930843+00:00", 
            "author": "https://api.launchpad.net/1.0/~cboylan"
        }, 
        {
            "content": "I didn't see any hits for this in the past 10 days", 
            "date_created": "2014-08-30 00:24:59.350910+00:00", 
            "author": "https://api.launchpad.net/1.0/~jogo"
        }
    ], 
    "closed": "2014-09-17 14:56:50.920551+00:00"
}