{
    "status": "Invalid", 
    "last_updated": "2015-08-26 18:07:30.055848+00:00", 
    "description": "1. environment & version\nredhat 7\nnova-2015.1.0\n\n2. log\n======================================================================\nFAIL: nova.tests.unit.test_versions.VersionTestCase.test_version_string_with_package_is_good\n----------------------------------------------------------------------\nTraceback (most recent call last):\ntesttools.testresult.real._StringException: Empty attachments:\n  pythonlogging:''\n  stderr\n  stdout\n\nTraceback (most recent call last):\n  File \"nova/tests/unit/test_versions.py\", line 33, in test_version_string_with_package_is_good\n    version.version_string_with_package())\n  File \"/home/jenkins/workspace/nova_TECS2.0_unittest/.venv/lib/python2.7/site-packages/testtools/testcase.py\", line 350, in assertEqual\n    self.assertThat(observed, matcher, message)\n  File \"/home/jenkins/workspace/nova_TECS2.0_unittest/.venv/lib/python2.7/site-packages/testtools/testcase.py\", line 435, in assertThat\n    raise mismatch_error\ntesttools.matchers._impl.MismatchError: '5.5.5.5-g9ec3421' != '2015.1.0-g9ec3421'\n\n\n======================================================================\nFAIL: nova.tests.unit.test_wsgi.TestWSGIServerWithSSL.test_app_using_ipv6_and_ssl\n----------------------------------------------------------------------\nTraceback (most recent call last):\ntesttools.testresult.real._StringException: Empty attachments:\n  stderr\n  stdout\n\npythonlogging:'': {{{\n2015-06-04 11:57:50,550 INFO [nova.wsgi] fake_ssl listening on ::1:55722\n2015-06-04 11:57:50,556 INFO [nova.fake_ssl.wsgi.server] (28339) wsgi starting up on https://::1:55722/\n2015-06-04 11:57:50,576 INFO [nova.fake_ssl.wsgi.server] ::1 \"GET / HTTP/1.1\" status: 200 len: 155 time: 0.0004590\n2015-06-04 11:57:50,577 INFO [nova.wsgi] Stopping WSGI server.\n}}}\n\nTraceback (most recent call last):\n  File \"nova/tests/unit/test_wsgi.py\", line 335, in test_app_using_ipv6_and_ssl\n    server.wait()\n  File \"nova/wsgi.py\", line 270, in wait\n    self._pool.waitall()\n  File \"/home/jenkins/workspace/nova_TECS2.0_unittest/.venv/lib/python2.7/site-packages/eventlet/greenpool.py\", line 120, in waitall\n    self.no_coros_running.wait()\n  File \"/home/jenkins/workspace/nova_TECS2.0_unittest/.venv/lib/python2.7/site-packages/eventlet/event.py\", line 121, in wait\n    return hubs.get_hub().switch()\n  File \"/home/jenkins/workspace/nova_TECS2.0_unittest/.venv/lib/python2.7/site-packages/eventlet/hubs/hub.py\", line 294, in switch\n    return self.greenlet.switch()\n  File \"/home/jenkins/workspace/nova_TECS2.0_unittest/.venv/lib/python2.7/site-packages/eventlet/hubs/hub.py\", line 346, in run\n    self.wait(sleep_time)\n  File \"/home/jenkins/workspace/nova_TECS2.0_unittest/.venv/lib/python2.7/site-packages/eventlet/hubs/poll.py\", line 85, in wait\n    presult = self.do_poll(seconds)\n  File \"/home/jenkins/workspace/nova_TECS2.0_unittest/.venv/lib/python2.7/site-packages/eventlet/hubs/epolls.py\", line 62, in do_poll\n    return self.poll.poll(seconds)\n  File \"/home/jenkins/workspace/nova_TECS2.0_unittest/.venv/lib/python2.7/site-packages/fixtures/_fixtures/timeout.py\", line 52, in signal_handler\n    raise TimeoutException()\nfixtures._fixtures.timeout.TimeoutException\n\n3. Reproduce steps:\n1) virtual environment install\n2) pip install for requirements.txt and test-requirements.txt\n3) ./run_tests.sh\n\nExpected result: all cases passed\nActual result: two cases failed", 
    "tags": [
        "stable-kilo", 
        "testing"
    ], 
    "importance": "Undecided", 
    "heat": 6, 
    "link": "https://bugs.launchpad.net/nova/+bug/1461750", 
    "owner": "None", 
    "id": 1461750, 
    "index": 6851, 
    "openned": "2015-06-04 04:37:57.342849+00:00", 
    "created": "2015-06-04 04:37:57.342849+00:00", 
    "title": "two unit test cases not pass for kilo version", 
    "comments": [
        {
            "content": "1. environment & version\nredhat 7\nnova-2015.1.0\n\n2. log\n======================================================================\nFAIL: nova.tests.unit.test_versions.VersionTestCase.test_version_string_with_package_is_good\n----------------------------------------------------------------------\nTraceback (most recent call last):\ntesttools.testresult.real._StringException: Empty attachments:\n  pythonlogging:''\n  stderr\n  stdout\n\nTraceback (most recent call last):\n  File \"nova/tests/unit/test_versions.py\", line 33, in test_version_string_with_package_is_good\n    version.version_string_with_package())\n  File \"/home/jenkins/workspace/nova_TECS2.0_unittest/.venv/lib/python2.7/site-packages/testtools/testcase.py\", line 350, in assertEqual\n    self.assertThat(observed, matcher, message)\n  File \"/home/jenkins/workspace/nova_TECS2.0_unittest/.venv/lib/python2.7/site-packages/testtools/testcase.py\", line 435, in assertThat\n    raise mismatch_error\ntesttools.matchers._impl.MismatchError: '5.5.5.5-g9ec3421' != '2015.1.0-g9ec3421'\n\n\n======================================================================\nFAIL: nova.tests.unit.test_wsgi.TestWSGIServerWithSSL.test_app_using_ipv6_and_ssl\n----------------------------------------------------------------------\nTraceback (most recent call last):\ntesttools.testresult.real._StringException: Empty attachments:\n  stderr\n  stdout\n\npythonlogging:'': {{{\n2015-06-04 11:57:50,550 INFO [nova.wsgi] fake_ssl listening on ::1:55722\n2015-06-04 11:57:50,556 INFO [nova.fake_ssl.wsgi.server] (28339) wsgi starting up on https://::1:55722/\n2015-06-04 11:57:50,576 INFO [nova.fake_ssl.wsgi.server] ::1 \"GET / HTTP/1.1\" status: 200 len: 155 time: 0.0004590\n2015-06-04 11:57:50,577 INFO [nova.wsgi] Stopping WSGI server.\n}}}\n\nTraceback (most recent call last):\n  File \"nova/tests/unit/test_wsgi.py\", line 335, in test_app_using_ipv6_and_ssl\n    server.wait()\n  File \"nova/wsgi.py\", line 270, in wait\n    self._pool.waitall()\n  File \"/home/jenkins/workspace/nova_TECS2.0_unittest/.venv/lib/python2.7/site-packages/eventlet/greenpool.py\", line 120, in waitall\n    self.no_coros_running.wait()\n  File \"/home/jenkins/workspace/nova_TECS2.0_unittest/.venv/lib/python2.7/site-packages/eventlet/event.py\", line 121, in wait\n    return hubs.get_hub().switch()\n  File \"/home/jenkins/workspace/nova_TECS2.0_unittest/.venv/lib/python2.7/site-packages/eventlet/hubs/hub.py\", line 294, in switch\n    return self.greenlet.switch()\n  File \"/home/jenkins/workspace/nova_TECS2.0_unittest/.venv/lib/python2.7/site-packages/eventlet/hubs/hub.py\", line 346, in run\n    self.wait(sleep_time)\n  File \"/home/jenkins/workspace/nova_TECS2.0_unittest/.venv/lib/python2.7/site-packages/eventlet/hubs/poll.py\", line 85, in wait\n    presult = self.do_poll(seconds)\n  File \"/home/jenkins/workspace/nova_TECS2.0_unittest/.venv/lib/python2.7/site-packages/eventlet/hubs/epolls.py\", line 62, in do_poll\n    return self.poll.poll(seconds)\n  File \"/home/jenkins/workspace/nova_TECS2.0_unittest/.venv/lib/python2.7/site-packages/fixtures/_fixtures/timeout.py\", line 52, in signal_handler\n    raise TimeoutException()\nfixtures._fixtures.timeout.TimeoutException\n\n3. Reproduce steps:\n1) virtual environment install\n2) pip install for requirements.txt and test-requirements.txt\n3) ./run_tests.sh\n\nExpected result: all cases passed\nActual result: two cases failed", 
            "date_created": "2015-06-04 04:37:57.342849+00:00", 
            "author": "https://api.launchpad.net/1.0/~mark-xiett"
        }, 
        {
            "content": "@Eric Xie_TECS:\n\n> FAIL: nova.tests.unit.test_versions.VersionTestCase.test_version_string_with_package_is_good\nI could reproduce it when I checked out the tag \"2015.1.0\". The stable branches and master were fixed with commits for bug 1450682.\n\n> FAIL: nova.tests.unit.test_wsgi.TestWSGIServerWithSSL.test_app_using_ipv6_and_ssl\nI could not reproduce it when I checked out the tag \"2015.1.0\". But other ipv6 related test cases failed with that specific version. The stable/kilo and master branches look fine. Are you maybe affected by bug 1404390?", 
            "date_created": "2015-06-11 13:12:51.901062+00:00", 
            "author": "https://api.launchpad.net/1.0/~mzoeller"
        }, 
        {
            "content": "@Markus Zoeller:\n\n    Thanks.\n\n    > FAIL: nova.tests.unit.test_versions.VersionTestCase.test_version_string_with_package_is_good\n    I fixed it with commits for bug 1450682.\n\n    > FAIL: nova.tests.unit.test_wsgi.TestWSGIServerWithSSL.test_app_using_ipv6_and_ssl\n    This bug always exist.\n    The log below:\n     test_app_using_ipv6_and_ssl                                           160.30\n     Traceback (most recent call last):\n  File \"nova/tests/unit/test_wsgi.py\", line 335, in test_app_using_ipv6_and_ssl\n    server.wait()\n  File \"nova/wsgi.py\", line 270, in wait\n    self._pool.waitall()\n  File \"/home/git/nova-TECS2.0/openstack/nova/.venv/lib/python2.7/site-packages/eventlet/greenpool.py\", line 120, in waitall\n    self.no_coros_running.wait()\n  File \"/home/git/nova-TECS2.0/openstack/nova/.venv/lib/python2.7/site-packages/eventlet/event.py\", line 121, in wait\n    return hubs.get_hub().switch()\n  File \"/home/git/nova-TECS2.0/openstack/nova/.venv/lib/python2.7/site-packages/eventlet/hubs/hub.py\", line 294, in switch\n    return self.greenlet.switch()\n  File \"/home/git/nova-TECS2.0/openstack/nova/.venv/lib/python2.7/site-packages/eventlet/hubs/hub.py\", line 346, in run\n    self.wait(sleep_time)\n  File \"/home/git/nova-TECS2.0/openstack/nova/.venv/lib/python2.7/site-packages/eventlet/hubs/poll.py\", line 85, in wait\n    presult = self.do_poll(seconds)\n  File \"/home/git/nova-TECS2.0/openstack/nova/.venv/lib/python2.7/site-packages/eventlet/hubs/epolls.py\", line 62, in do_poll\n    return self.poll.poll(seconds)\n  File \"/home/git/nova-TECS2.0/openstack/nova/.venv/lib/python2.7/site-packages/fixtures/_fixtures/timeout.py\", line 52, in signal_handler\n    raise TimeoutException()\nfixtures._fixtures.timeout.TimeoutException\n", 
            "date_created": "2015-07-16 00:43:04.525269+00:00", 
            "author": "https://api.launchpad.net/1.0/~mark-xiett"
        }
    ], 
    "closed": "2015-08-26 18:07:27.857494+00:00"
}