{
    "status": "Fix Released", 
    "last_updated": "2012-04-05 09:57:26.141045+00:00", 
    "description": "Some unit tests are erroring out on Python 2.6.x because its unittest doesn't have a skip method:\n\nTo replicate (Python 2.6.6 on RHEL 6.1):\n\n$ ./run_tests.sh test_cfg\nFailure\n    runTest                                                     ERROR\n\n======================================================================\nERROR: Failure: AttributeError ('module' object has no attribute 'skip')\n----------------------------------------------------------------------\nTraceback (most recent call last):\n  File \"/home/lorin/nova/.nova-venv/lib/python2.6/site-packages/nose/loader.py\", line 379, in loadTestsFromName\n    module = resolve_name(addr.module)\n  File \"/home/lorin/nova/.nova-venv/lib/python2.6/site-packages/nose/util.py\", line 321, in resolve_name\n    module = __import__('.'.join(parts_copy))\n  File \"/home/lorin/nova/nova/tests/test_cfg.py\", line 155, in <module>\n    class ConfigFileOptsTestCase(BaseTestCase):\n  File \"/home/lorin/nova/nova/tests/test_cfg.py\", line 340, in ConfigFileOptsTestCase\n    @unittest.skip('FIXME(markmc): values spread across the CLI and multiple '\nAttributeError: 'module' object has no attribute 'skip'\n\n----------------------------------------------------------------------\nRan 1 test in 0.001s\n\nFAILED (errors=1)", 
    "tags": [], 
    "importance": "Undecided", 
    "heat": 8, 
    "link": "https://bugs.launchpad.net/nova/+bug/901730", 
    "owner": "https://api.launchpad.net/1.0/~markmc", 
    "id": 901730, 
    "index": 3690, 
    "openned": "2011-12-08 15:55:38.798764+00:00", 
    "created": "2011-12-08 15:55:38.798764+00:00", 
    "title": "Unit test errors on Python 2.6", 
    "comments": [
        {
            "content": "Some unit tests are erroring out on Python 2.6.x because its unittest doesn't have a skip method:\n\nTo replicate (Python 2.6.6 on RHEL 6.1):\n\n$ ./run_tests.sh test_cfg\nFailure\n    runTest                                                     ERROR\n\n======================================================================\nERROR: Failure: AttributeError ('module' object has no attribute 'skip')\n----------------------------------------------------------------------\nTraceback (most recent call last):\n  File \"/home/lorin/nova/.nova-venv/lib/python2.6/site-packages/nose/loader.py\", line 379, in loadTestsFromName\n    module = resolve_name(addr.module)\n  File \"/home/lorin/nova/.nova-venv/lib/python2.6/site-packages/nose/util.py\", line 321, in resolve_name\n    module = __import__('.'.join(parts_copy))\n  File \"/home/lorin/nova/nova/tests/test_cfg.py\", line 155, in <module>\n    class ConfigFileOptsTestCase(BaseTestCase):\n  File \"/home/lorin/nova/nova/tests/test_cfg.py\", line 340, in ConfigFileOptsTestCase\n    @unittest.skip('FIXME(markmc): values spread across the CLI and multiple '\nAttributeError: 'module' object has no attribute 'skip'\n\n----------------------------------------------------------------------\nRan 1 test in 0.001s\n\nFAILED (errors=1)", 
            "date_created": "2011-12-08 15:55:38.798764+00:00", 
            "author": "https://api.launchpad.net/1.0/~lorinh"
        }, 
        {
            "content": "Fixing that is simple enough (replace unittest.skip with test.skip_test), but there's 38 other errors that I think are due to python2.6 compatibility. :(", 
            "date_created": "2011-12-08 16:16:50.342264+00:00", 
            "author": "https://api.launchpad.net/1.0/~soren"
        }, 
        {
            "content": "To summarize:\n\n* ConfigParser.SafeConfigParser() does not take allow_no_value as a keyword argument (nova/common/cfg.py:1019, _parse_config_files()\n* There is no assertRaisesRegexp() in Python 2.6 (nova/tests/test_cfg.py:135, 143, 598, 608, 623, 629, 640, 653, 663, 679, 685, 712, 717, 723, 728)\n* There is no assertIsNone() in Python 2.6 (nova/tests/test_cfg.py:785, 786, 787)", 
            "date_created": "2011-12-08 18:06:03.368080+00:00", 
            "author": "https://api.launchpad.net/1.0/~klmitch"
        }, 
        {
            "content": "eww.\n\nWe need jenkinst to run unittests on 2.6 as well so we stop breaking this.\n\nOn Dec 8, 2011, at 7:55 AM, Lorin Hochstein wrote:\n\n> Public bug reported:\n> \n> Some unit tests are erroring out on Python 2.6.x because its unittest\n> doesn't have a skip method:\n> \n> To replicate (Python 2.6.6 on RHEL 6.1):\n> \n> $ ./run_tests.sh test_cfg\n> Failure\n>    runTest                                                     ERROR\n> \n> ======================================================================\n> ERROR: Failure: AttributeError ('module' object has no attribute 'skip')\n> ----------------------------------------------------------------------\n> Traceback (most recent call last):\n>  File \"/home/lorin/nova/.nova-venv/lib/python2.6/site-packages/nose/loader.py\", line 379, in loadTestsFromName\n>    module = resolve_name(addr.module)\n>  File \"/home/lorin/nova/.nova-venv/lib/python2.6/site-packages/nose/util.py\", line 321, in resolve_name\n>    module = __import__('.'.join(parts_copy))\n>  File \"/home/lorin/nova/nova/tests/test_cfg.py\", line 155, in <module>\n>    class ConfigFileOptsTestCase(BaseTestCase):\n>  File \"/home/lorin/nova/nova/tests/test_cfg.py\", line 340, in ConfigFileOptsTestCase\n>    @unittest.skip('FIXME(markmc): values spread across the CLI and multiple '\n> AttributeError: 'module' object has no attribute 'skip'\n> \n> ----------------------------------------------------------------------\n> Ran 1 test in 0.001s\n> \n> FAILED (errors=1)\n> \n> ** Affects: nova\n>     Importance: Undecided\n>         Status: New\n> \n> -- \n> You received this bug notification because you are subscribed to\n> OpenStack Compute (nova).\n> https://bugs.launchpad.net/bugs/901730\n> \n> Title:\n>  Unit test errors on Python 2.6\n> \n> Status in OpenStack Compute (Nova):\n>  New\n> \n> Bug description:\n>  Some unit tests are erroring out on Python 2.6.x because its unittest\n>  doesn't have a skip method:\n> \n>  To replicate (Python 2.6.6 on RHEL 6.1):\n> \n>  $ ./run_tests.sh test_cfg\n>  Failure\n>      runTest                                                     ERROR\n> \n>  ======================================================================\n>  ERROR: Failure: AttributeError ('module' object has no attribute 'skip')\n>  ----------------------------------------------------------------------\n>  Traceback (most recent call last):\n>    File \"/home/lorin/nova/.nova-venv/lib/python2.6/site-packages/nose/loader.py\", line 379, in loadTestsFromName\n>      module = resolve_name(addr.module)\n>    File \"/home/lorin/nova/.nova-venv/lib/python2.6/site-packages/nose/util.py\", line 321, in resolve_name\n>      module = __import__('.'.join(parts_copy))\n>    File \"/home/lorin/nova/nova/tests/test_cfg.py\", line 155, in <module>\n>      class ConfigFileOptsTestCase(BaseTestCase):\n>    File \"/home/lorin/nova/nova/tests/test_cfg.py\", line 340, in ConfigFileOptsTestCase\n>      @unittest.skip('FIXME(markmc): values spread across the CLI and multiple '\n>  AttributeError: 'module' object has no attribute 'skip'\n> \n>  ----------------------------------------------------------------------\n>  Ran 1 test in 0.001s\n> \n>  FAILED (errors=1)\n> \n> To manage notifications about this bug go to:\n> https://bugs.launchpad.net/nova/+bug/901730/+subscriptions\n\n", 
            "date_created": "2011-12-08 18:24:03+00:00", 
            "author": "https://api.launchpad.net/1.0/~vishvananda"
        }, 
        {
            "content": "Vish: +10000; this kind of breakage happens all the time.", 
            "date_created": "2011-12-08 23:17:17.771133+00:00", 
            "author": "https://api.launchpad.net/1.0/~klmitch"
        }, 
        {
            "content": "Vish, Kevin: I filed a bug with openstack-ci about Jenkins running unit tests against 2.6.\n\nhttps://bugs.launchpad.net/openstack-ci/+bug/901952", 
            "date_created": "2011-12-09 01:09:39.966960+00:00", 
            "author": "https://api.launchpad.net/1.0/~lorinh"
        }, 
        {
            "content": "Fixed here: https://review.openstack.org/2208", 
            "date_created": "2011-12-09 01:32:22.322240+00:00", 
            "author": "https://api.launchpad.net/1.0/~lorinh"
        }
    ], 
    "closed": "2011-12-14 09:56:33.940120+00:00"
}