{
    "status": "Fix Released", 
    "last_updated": "2012-04-05 09:36:50.841418+00:00", 
    "description": "======================================================================\nERROR: test_generate_unknown_version (nova.tests.test_signer.SignerTestCase)\n----------------------------------------------------------------------\nTraceback (most recent call last):\n  File \"/home/cbehrens/openstack/nova/comstud-nova.git/nova/tests/test_signer.py\", line 89, in test_generate_unknown_version\n    with self.assertRaises(exception.Error):\nTypeError: failUnlessRaises() takes at least 3 arguments (2 given)", 
    "tags": [], 
    "importance": "Undecided", 
    "heat": 6, 
    "link": "https://bugs.launchpad.net/nova/+bug/861691", 
    "owner": "https://api.launchpad.net/1.0/~cbehrens", 
    "id": 861691, 
    "index": 3563, 
    "openned": "2011-09-28 19:02:26.806655+00:00", 
    "created": "2011-09-28 19:02:26.806655+00:00", 
    "title": "SignerTestCase test failure in master", 
    "comments": [
        {
            "content": "======================================================================\nERROR: test_generate_unknown_version (nova.tests.test_signer.SignerTestCase)\n----------------------------------------------------------------------\nTraceback (most recent call last):\n  File \"/home/cbehrens/openstack/nova/comstud-nova.git/nova/tests/test_signer.py\", line 89, in test_generate_unknown_version\n    with self.assertRaises(exception.Error):\nTypeError: failUnlessRaises() takes at least 3 arguments (2 given)", 
            "date_created": "2011-09-28 19:02:26.806655+00:00", 
            "author": "https://api.launchpad.net/1.0/~cbehrens"
        }, 
        {
            "content": "I dunno if this is a bug in Python 2.6... or if it's something only supported in 2.7..  but either way..  a number of people are seeing it.\n", 
            "date_created": "2011-09-28 19:03:57.874187+00:00", 
            "author": "https://api.launchpad.net/1.0/~cbehrens"
        }, 
        {
            "content": "https://review.openstack.org/717", 
            "date_created": "2011-09-28 19:20:39.439468+00:00", 
            "author": "https://api.launchpad.net/1.0/~cbehrens"
        }, 
        {
            "content": "Reviewed:  https://review.openstack.org/717\nCommitted: http://github.com/openstack/nova/commit/9f8955d27097fdc951712b0c12bd28aa5b59b61d\nSubmitter: Jenkins\nBranch:    master\n\n status fixcommitted\n done\n\ncommit 9f8955d27097fdc951712b0c12bd28aa5b59b61d\nAuthor: Chris Behrens <email address hidden>\nDate:   Wed Sep 28 12:08:14 2011 -0700\n\n    Fixes a test failure in master\n    \n    Fixes bug 861691\n    \n    Problem is likely due to python version.. 'with self.AssertRaises' not\n    supported?\n    \n    Change-Id: Ida0bf74ea20ae1b4b3a25a3e1cb9d58ac51f24c8\n", 
            "date_created": "2011-09-28 20:51:39+00:00", 
            "author": "https://api.launchpad.net/1.0/~openstack-gerrit"
        }
    ], 
    "closed": "2011-11-17 10:02:16.208699+00:00"
}