{
    "status": "Invalid", 
    "last_updated": "2014-09-16 12:27:04.917729+00:00", 
    "description": "When running tempest in parallel occasionally test_resize_server_confirm fails to build the server and goes into an error state see:\n\n2013-08-16 14:08:33.607 | ======================================================================\n2013-08-16 14:08:33.607 | FAIL: tempest.api.compute.servers.test_server_actions.ServerActionsTestJSON.test_resize_server_confirm[gate,smoke]\n2013-08-16 14:08:33.607 | tempest.api.compute.servers.test_server_actions.ServerActionsTestJSON.test_resize_server_confirm[gate,smoke]\n2013-08-16 14:08:33.608 | ----------------------------------------------------------------------\n2013-08-16 14:08:33.608 | _StringException: Empty attachments:\n2013-08-16 14:08:33.608 |   stderr\n2013-08-16 14:08:33.609 |   stdout\n2013-08-16 14:08:33.609 | \n2013-08-16 14:08:33.609 | Traceback (most recent call last):\n2013-08-16 14:08:33.609 |   File \"tempest/api/compute/servers/test_server_actions.py\", line 161, in test_resize_server_confirm\n2013-08-16 14:08:33.609 |     self.client.wait_for_server_status(self.server_id, 'VERIFY_RESIZE')\n2013-08-16 14:08:33.609 |   File \"tempest/services/compute/json/servers_client.py\", line 165, in wait_for_server_status\n2013-08-16 14:08:33.609 |     raise exceptions.BuildErrorException(server_id=server_id)\n2013-08-16 14:08:33.610 | BuildErrorException: Server ed3c7212-f4b6-4365-91b8-bddddc9e1a60 failed to build and is in ERROR status\n2013-08-16 14:08:33.610 | \n2013-08-16 14:08:33.610 | \n2013-08-16 14:08:33.611 | ======================================================================\n\nA set of logs for this failure can be found here:\nhttp://logs.openstack.org/63/42063/1/gate/gate-tempest-devstack-vm-testr-full/fa32f42/", 
    "tags": [
        "testing"
    ], 
    "importance": "Medium", 
    "heat": 18, 
    "link": "https://bugs.launchpad.net/nova/+bug/1213212", 
    "owner": "None", 
    "id": 1213212, 
    "index": 3527, 
    "openned": "2013-08-22 02:59:23.540830+00:00", 
    "created": "2013-08-16 19:12:30.194493+00:00", 
    "title": "test_resize_server_confirm server failed to build", 
    "comments": [
        {
            "content": "When running tempest in parallel occasionally test_resize_server_confirm fails to build the server and goes into an error state see:\n\n2013-08-16 14:08:33.607 | ======================================================================\n2013-08-16 14:08:33.607 | FAIL: tempest.api.compute.servers.test_server_actions.ServerActionsTestJSON.test_resize_server_confirm[gate,smoke]\n2013-08-16 14:08:33.607 | tempest.api.compute.servers.test_server_actions.ServerActionsTestJSON.test_resize_server_confirm[gate,smoke]\n2013-08-16 14:08:33.608 | ----------------------------------------------------------------------\n2013-08-16 14:08:33.608 | _StringException: Empty attachments:\n2013-08-16 14:08:33.608 |   stderr\n2013-08-16 14:08:33.609 |   stdout\n2013-08-16 14:08:33.609 | \n2013-08-16 14:08:33.609 | Traceback (most recent call last):\n2013-08-16 14:08:33.609 |   File \"tempest/api/compute/servers/test_server_actions.py\", line 161, in test_resize_server_confirm\n2013-08-16 14:08:33.609 |     self.client.wait_for_server_status(self.server_id, 'VERIFY_RESIZE')\n2013-08-16 14:08:33.609 |   File \"tempest/services/compute/json/servers_client.py\", line 165, in wait_for_server_status\n2013-08-16 14:08:33.609 |     raise exceptions.BuildErrorException(server_id=server_id)\n2013-08-16 14:08:33.610 | BuildErrorException: Server ed3c7212-f4b6-4365-91b8-bddddc9e1a60 failed to build and is in ERROR status\n2013-08-16 14:08:33.610 | \n2013-08-16 14:08:33.610 | \n2013-08-16 14:08:33.611 | ======================================================================\n\nA set of logs for this failure can be found here:\nhttp://logs.openstack.org/63/42063/1/gate/gate-tempest-devstack-vm-testr-full/fa32f42/", 
            "date_created": "2013-08-16 19:12:30.194493+00:00", 
            "author": "https://api.launchpad.net/1.0/~treinish"
        }, 
        {
            "content": "Seeing this very reproducibly at the moment in the Citrix CI (nearly 100%).\nNot been able to track down the cause yet, but do not believe it's due to running in parallel as I don't think our tests are in parallel.", 
            "date_created": "2013-09-30 06:53:32.779876+00:00", 
            "author": "https://api.launchpad.net/1.0/~bob-ball"
        }, 
        {
            "content": "\n\nI am out of the office until 10/07/2013.\n\nI will take vacation from 28th Sep to 7th Oct . If have any urgent, please\ncall 13910806810\n\n\nNote: This is an automated response to your message  \"[Bug 1213212] Re:\ntest_resize_server_confirm server failed to build\" sent on 09/30/2013\n14:53:32.\n\nThis is the only notification you will receive while this person is away.", 
            "date_created": "2013-09-30 08:17:57+00:00", 
            "author": "https://api.launchpad.net/1.0/~zhikunliu"
        }, 
        {
            "content": "removing this as a tempest issue, as I don't think it actually is a bug in tempest, it's a nova state bug", 
            "date_created": "2013-12-12 13:49:07.388480+00:00", 
            "author": "https://api.launchpad.net/1.0/~sdague"
        }, 
        {
            "content": "Based on the age of the bug, and the lack of logs I don't think we'll be able to make progress on this. We can open up a new bug with more detail if we come across this again.", 
            "date_created": "2014-07-18 14:56:52.658267+00:00", 
            "author": "https://api.launchpad.net/1.0/~treinish"
        }, 
        {
            "content": "So you need logs? Here they are: http://logs.openstack.org/07/107107/1/check/check-grenade-dsvm/c88851d/logs/", 
            "date_created": "2014-07-31 22:06:19.174217+00:00", 
            "author": "https://api.launchpad.net/1.0/~ihar-hrachyshka"
        }, 
        {
            "content": "stacktrace: http://logs.openstack.org/07/107107/1/check/check-grenade-dsvm/c88851d/logs/new/screen-n-cpu.txt.gz?level=TRACE#_2014-07-31_21_42_32_647\n\n2014-07-31 21:42:32.647 17870 TRACE nova.compute.manager [instance: 9b534244-4fcd-425c-9d9b-3f201b88cf16]     vif))\n2014-07-31 21:42:32.647 17870 TRACE nova.compute.manager [instance: 9b534244-4fcd-425c-9d9b-3f201b88cf16]   File \"/opt/stack/new/nova/nova/virt/libvirt/firewall.py\", line 233, in _define_filter\n2014-07-31 21:42:32.647 17870 TRACE nova.compute.manager [instance: 9b534244-4fcd-425c-9d9b-3f201b88cf16]     self._conn.nwfilterDefineXML(xml)\n2014-07-31 21:42:32.647 17870 TRACE nova.compute.manager [instance: 9b534244-4fcd-425c-9d9b-3f201b88cf16]   File \"/usr/local/lib/python2.7/dist-packages/eventlet/tpool.py\", line 187, in doit\n2014-07-31 21:42:32.647 17870 TRACE nova.compute.manager [instance: 9b534244-4fcd-425c-9d9b-3f201b88cf16]     result = proxy_call(self._autowrap, f, *args, **kwargs)\n2014-07-31 21:42:32.647 17870 TRACE nova.compute.manager [instance: 9b534244-4fcd-425c-9d9b-3f201b88cf16]   File \"/usr/local/lib/python2.7/dist-packages/eventlet/tpool.py\", line 146, in proxy_call\n2014-07-31 21:42:32.647 17870 TRACE nova.compute.manager [instance: 9b534244-4fcd-425c-9d9b-3f201b88cf16]     rv = execute(f, *args, **kwargs)\n2014-07-31 21:42:32.647 17870 TRACE nova.compute.manager [instance: 9b534244-4fcd-425c-9d9b-3f201b88cf16]   File \"/usr/local/lib/python2.7/dist-packages/eventlet/tpool.py\", line 127, in execute\n2014-07-31 21:42:32.647 17870 TRACE nova.compute.manager [instance: 9b534244-4fcd-425c-9d9b-3f201b88cf16]     six.reraise(c, e, tb)\n2014-07-31 21:42:32.647 17870 TRACE nova.compute.manager [instance: 9b534244-4fcd-425c-9d9b-3f201b88cf16]   File \"/usr/local/lib/python2.7/dist-packages/eventlet/tpool.py\", line 85, in tworker\n2014-07-31 21:42:32.647 17870 TRACE nova.compute.manager [instance: 9b534244-4fcd-425c-9d9b-3f201b88cf16]     rv = meth(*args, **kwargs)\n2014-07-31 21:42:32.647 17870 TRACE nova.compute.manager [instance: 9b534244-4fcd-425c-9d9b-3f201b88cf16]   File \"/usr/lib/python2.7/dist-packages/libvirt.py\", line 2651, in nwfilterDefineXML\n2014-07-31 21:42:32.647 17870 TRACE nova.compute.manager [instance: 9b534244-4fcd-425c-9d9b-3f201b88cf16]     if ret is None:raise libvirtError('virNWFilterDefineXML() failed', conn=self)\n2014-07-31 21:42:32.647 17870 TRACE nova.compute.manager [instance: 9b534244-4fcd-425c-9d9b-3f201b88cf16] libvirtError: An error occurred, but the cause is unknown\n2014-07-31 21:42:32.647 17870 TRACE nova.compute.manager [instance: 9b534244-4fcd-425c-9d9b-3f201b88cf16] ", 
            "date_created": "2014-08-30 01:18:37.025943+00:00", 
            "author": "https://api.launchpad.net/1.0/~jogo"
        }, 
        {
            "content": "I don't see any hits in logstash for: message:\"An error occurred, but the cause is unknown\" so looks like this may have been resolved. Marking as incompete", 
            "date_created": "2014-08-30 01:21:31.375984+00:00", 
            "author": "https://api.launchpad.net/1.0/~jogo"
        }
    ], 
    "closed": "2014-09-16 12:27:01.558866+00:00"
}