{
    "status": "Invalid", 
    "last_updated": "2012-06-28 20:25:27.088825+00:00", 
    "description": "It looks like all tests are failing on master, all tests run fine until it reaches this test: test_long_vs_short_flags\n\nFlagsTestCase\n    test_declare                                                OK  0.01\n    test_defaults                                               OK  0.01\n    test_flag_leak_left                                         OK  0.01\n    test_flag_leak_right                                        OK  0.01\n    test_flag_overrides                                         OK  0.02\n    test_getopt_non_interspersed_args                           OK  0.01\n    test_long_vs_short_flags                                    ERROR\n\n======================================================================\nERROR: test_long_vs_short_flags (nova.tests.test_flags.FlagsTestCase)\n----------------------------------------------------------------------\nTraceback (most recent call last):\n  File \"/opt/stack/nova/nova/tests/test_flags.py\", line 36, in setUp\n    super(FlagsTestCase, self).setUp()\n  File \"/opt/stack/nova/nova/test.py\", line 132, in setUp\n    tests.reset_db()\n  File \"/opt/stack/nova/nova/tests/__init__.py\", line 57, in reset_db\n    os.path.join(FLAGS.state_path, FLAGS.sqlite_db))\n  File \"/usr/lib/python2.7/shutil.py\", line 81, in copyfile\n    with open(src, 'rb') as fsrc:\nIOError: [Errno 2] No such file or directory: '/opt/stack/nova/clean.sqlite'\n\n----------------------------------------------------------------------\n\n\nAfter that, no tests go through.", 
    "tags": [], 
    "importance": "Undecided", 
    "heat": 6, 
    "link": "https://bugs.launchpad.net/nova/+bug/1001832", 
    "owner": "None", 
    "id": 1001832, 
    "index": 4090, 
    "openned": "2012-05-20 01:40:50.811857+00:00", 
    "created": "2012-05-20 01:40:50.811857+00:00", 
    "title": "Tests failing on trunk (after test_long_vs_short_flags)", 
    "comments": [
        {
            "content": "It looks like all tests are failing on master, all tests run fine until it reaches this test: test_long_vs_short_flags\n\nFlagsTestCase\n    test_declare                                                OK  0.01\n    test_defaults                                               OK  0.01\n    test_flag_leak_left                                         OK  0.01\n    test_flag_leak_right                                        OK  0.01\n    test_flag_overrides                                         OK  0.02\n    test_getopt_non_interspersed_args                           OK  0.01\n    test_long_vs_short_flags                                    ERROR\n\n======================================================================\nERROR: test_long_vs_short_flags (nova.tests.test_flags.FlagsTestCase)\n----------------------------------------------------------------------\nTraceback (most recent call last):\n  File \"/opt/stack/nova/nova/tests/test_flags.py\", line 36, in setUp\n    super(FlagsTestCase, self).setUp()\n  File \"/opt/stack/nova/nova/test.py\", line 132, in setUp\n    tests.reset_db()\n  File \"/opt/stack/nova/nova/tests/__init__.py\", line 57, in reset_db\n    os.path.join(FLAGS.state_path, FLAGS.sqlite_db))\n  File \"/usr/lib/python2.7/shutil.py\", line 81, in copyfile\n    with open(src, 'rb') as fsrc:\nIOError: [Errno 2] No such file or directory: '/opt/stack/nova/clean.sqlite'\n\n----------------------------------------------------------------------\n\n\nAfter that, no tests go through.", 
            "date_created": "2012-05-20 01:40:50.811857+00:00", 
            "author": "https://api.launchpad.net/1.0/~mnaser"
        }, 
        {
            "content": "Small correction, if I edit out that test, the one after fails.  If I edit the one after, it fails too.   The test before it is always test_getopt_non_interspersed_args -- Checking if may be related...", 
            "date_created": "2012-05-20 01:47:48.485571+00:00", 
            "author": "https://api.launchpad.net/1.0/~mnaser"
        }, 
        {
            "content": "Seems unrelated to that as well, still investigating, no idea...", 
            "date_created": "2012-05-20 02:11:47.862445+00:00", 
            "author": "https://api.launchpad.net/1.0/~mnaser"
        }, 
        {
            "content": "Always fails in \"reset_db\" from nova/test.py\n\nIf I comment out the line in setUp() in test.py it'll work fine and the checks will pass, odd.", 
            "date_created": "2012-05-20 02:20:36.265320+00:00", 
            "author": "https://api.launchpad.net/1.0/~mnaser"
        }, 
        {
            "content": "After checking the output of nose tests, it seems that there is a test that loses the sqlite:// flags and switches to the main flags\n\n\nFlagsTestCase\n    test_declare                                                sqlite://\nOK  0.01\n    test_defaults                                               sqlite://\nOK  0.01\n    test_flag_leak_left                                         sqlite://\nOK  0.01\n    test_flag_leak_right                                        sqlite://\nOK  0.01\n    test_flag_overrides                                         sqlite://\nOK  0.02\n    test_getopt_non_interspersed_args                           sqlite://\nOK  0.01\n    test_long_vs_short_flags                                    mysql://root:password@localhost/nova?charset=utf8\nERROR\n    test_runtime_and_unknown_flags                              mysql://root:password@localhost/nova?charset=utf8\nERROR\n    test_templated_values                                       mysql://root:password@localhost/nova?charset=utf8\nERROR\n\nInvestigating...", 
            "date_created": "2012-05-20 03:06:08.518463+00:00", 
            "author": "https://api.launchpad.net/1.0/~mnaser"
        }, 
        {
            "content": "My assumption:\n\n        self.global_FLAGS = flags.FLAGS\n\nglobal_flags is a reference to the global FLAGS file.\n\n        args = self.global_FLAGS(argv)\n\nThose lines initialize the FLAGS again with those argv and override the fake flags that were set (because they were reinitialized) and also overwrite the global FLAGS because global_FLAGS is simply a reference.\n\nNot sure when or where this bug was introduced but I'm stuck and not sure where to move on from here.", 
            "date_created": "2012-05-20 03:46:42.550627+00:00", 
            "author": "https://api.launchpad.net/1.0/~mnaser"
        }, 
        {
            "content": "Does not seem to be an issue in current upstream. If the issue arrises again, please reopen with more details.", 
            "date_created": "2012-06-28 20:25:25.676811+00:00", 
            "author": "https://api.launchpad.net/1.0/~sdague"
        }
    ], 
    "closed": "2012-06-28 20:24:50.898283+00:00"
}