{
    "status": "Fix Released", 
    "last_updated": "2014-10-16 08:51:35.080114+00:00", 
    "description": "The following test fails due to mismatching in the path separator.\n\nFAIL: nova.tests.virt.hyperv.test_pathutils.PathUtilsTestCase.test_lookup_config_drive_path\n----------------------------------------------------------------------\n_StringException: Empty attachments:\n  pythonlogging:''\n\nTraceback (most recent call last):\n  File \"C:\\OpenStack\\nova\\nova\\tests\\virt\\hyperv\\test_pathutils.py\", line 48, i\n test_lookup_configdrive_path\n    format_ext)\n  File \"C:\\Program Files (x86)\\Cloudbase Solutions\\OpenStack\\Nova\\Python27\\lib\\\nite-packages\\testtools\\testcase.py\", line 321, in assertEqual\n    self.assertThat(observed, matcher, message)\n  File \"C:\\Program Files (x86)\\Cloudbase Solutions\\OpenStack\\Nova\\Python27\\lib\\\nite-packages\\testtools\\testcase.py\", line 406, in assertThat\n    raise mismatch_error\nMismatchError: !=:\nreference = 'C:/fake_instance_dir\\\\configdrive.vhd'\nactual    = 'C:/fake_instance_dir/configdrive.vhd'", 
    "tags": [
        "hyper-v"
    ], 
    "importance": "Low", 
    "heat": 6, 
    "link": "https://bugs.launchpad.net/nova/+bug/1358702", 
    "owner": "https://api.launchpad.net/1.0/~alexpilotti", 
    "id": 1358702, 
    "index": 1340, 
    "openned": "2014-08-19 10:47:24.046807+00:00", 
    "created": "2014-08-19 10:47:24.046807+00:00", 
    "title": "Hyper-V unit test fails on Windows due to path separator inconsistency: nova.tests.virt.hyperv.test_pathutils.PathUtilsTestCase.test_lookup_config_drive_path", 
    "comments": [
        {
            "content": "The following test fails due to mismatching in the path separator.\n\nFAIL: nova.tests.virt.hyperv.test_pathutils.PathUtilsTestCase.test_lookup_config_drive_path\n----------------------------------------------------------------------\n_StringException: Empty attachments:\n  pythonlogging:''\n\nTraceback (most recent call last):\n  File \"C:\\OpenStack\\nova\\nova\\tests\\virt\\hyperv\\test_pathutils.py\", line 48, i\n test_lookup_configdrive_path\n    format_ext)\n  File \"C:\\Program Files (x86)\\Cloudbase Solutions\\OpenStack\\Nova\\Python27\\lib\\\nite-packages\\testtools\\testcase.py\", line 321, in assertEqual\n    self.assertThat(observed, matcher, message)\n  File \"C:\\Program Files (x86)\\Cloudbase Solutions\\OpenStack\\Nova\\Python27\\lib\\\nite-packages\\testtools\\testcase.py\", line 406, in assertThat\n    raise mismatch_error\nMismatchError: !=:\nreference = 'C:/fake_instance_dir\\\\configdrive.vhd'\nactual    = 'C:/fake_instance_dir/configdrive.vhd'", 
            "date_created": "2014-08-19 10:47:24.046807+00:00", 
            "author": "https://api.launchpad.net/1.0/~alexpilotti"
        }, 
        {
            "content": "Fix proposed to branch: master\nReview: https://review.openstack.org/115242", 
            "date_created": "2014-08-19 10:57:39.411207+00:00", 
            "author": "https://api.launchpad.net/1.0/~hudson-openstack"
        }, 
        {
            "content": "Reviewed:  https://review.openstack.org/115242\nCommitted: https://git.openstack.org/cgit/openstack/nova/commit/?id=d88b4cf31dbff942cf529e63ee5b09356970ed50\nSubmitter: Jenkins\nBranch:    master\n\ncommit d88b4cf31dbff942cf529e63ee5b09356970ed50\nAuthor: Alessandro Pilotti <email address hidden>\nDate:   Tue Aug 19 13:54:31 2014 +0300\n\n    Fixes Hyper-V unit test path separator issue\n    \n    Fixes an issue in a unit tests were path separators were not\n    handled in a platform independent way causing the test to fail\n    on Windows.\n    \n    Change-Id: Ifca77a561e5a95af8655f2373af665292b2ca3cb\n    Co-Authored-By: Zsolt Dudas <email address hidden>\n    Closes-Bug: #1358702\n", 
            "date_created": "2014-08-20 21:00:14.745977+00:00", 
            "author": "https://api.launchpad.net/1.0/~hudson-openstack"
        }
    ], 
    "closed": "2014-09-05 10:00:19.554577+00:00"
}