{
    "status": "Invalid", 
    "last_updated": "2013-10-17 01:42:10.961866+00:00", 
    "description": "When execute <nova>/run_tests.sh on Ubuntu 12.10 64bit, I got bolew error:\n\nstacker@stacker-ThinkPad-X230:~/workspace_community/nova$ ./run_tests.sh -N\nRunning ` python setup.py testr --slowest --testr-args='--subunit  '`\nusage: setup.py [global_opts] cmd1 [cmd1_opts] [cmd2 [cmd2_opts] ...]\n   or: setup.py --help [cmd1 cmd2 ...]\n   or: setup.py --help-commands\n   or: setup.py cmd --help\n\nerror: invalid command 'testr'\n\n----------------------------------------------------------------------\nRan 0 tests in 0.214s\n\nOK\ncp: cannot stat `.testrepository/-1': No such file or directory", 
    "tags": [
        "test", 
        "unit"
    ], 
    "importance": "Undecided", 
    "heat": 22, 
    "link": "https://bugs.launchpad.net/nova/+bug/1152476", 
    "owner": "None", 
    "id": 1152476, 
    "index": 4757, 
    "openned": "2013-03-08 06:56:11.003574+00:00", 
    "created": "2013-03-08 06:56:11.003574+00:00", 
    "title": "Failed to execute run_tests.sh", 
    "comments": [
        {
            "content": "When execute <nova>/run_tests.sh on Ubuntu 12.10 64bit, I got bolew error:\n\nstacker@stacker-ThinkPad-X230:~/workspace_community/nova$ ./run_tests.sh -N\nRunning ` python setup.py testr --slowest --testr-args='--subunit  '`\nusage: setup.py [global_opts] cmd1 [cmd1_opts] [cmd2 [cmd2_opts] ...]\n   or: setup.py --help [cmd1 cmd2 ...]\n   or: setup.py --help-commands\n   or: setup.py cmd --help\n\nerror: invalid command 'testr'\n\n----------------------------------------------------------------------\nRan 0 tests in 0.214s\n\nOK\ncp: cannot stat `.testrepository/-1': No such file or directory", 
            "date_created": "2013-03-08 06:56:11.003574+00:00", 
            "author": "https://api.launchpad.net/1.0/~flwang"
        }, 
        {
            "content": "Does \"./runtests.sh -V\" work?", 
            "date_created": "2013-03-08 12:35:50.961073+00:00", 
            "author": "https://api.launchpad.net/1.0/~dims-v"
        }, 
        {
            "content": "No. Run \"./run_tests.sh -V\", got below error:\n\nflwang@flwang-ThinkPad-X230:~/workspace_community/nova$ ./run_tests.sh -V\nRunning `tools/with_venv.sh python setup.py testr --slowest --testr-args='--subunit  '`\nTraceback (most recent call last):\n  File \"/usr/bin/subunit2pyunit\", line 23, in <module>\n    from subunit import DiscardStream, ProtocolTestCase, TestProtocolServer\nImportError: No module named subunit\n/usr/lib/python2.7/distutils/dist.py:267: UserWarning: Unknown distribution option: 'mainainer'\n  warnings.warn(msg)\n/usr/lib/python2.7/distutils/dist.py:267: UserWarning: Unknown distribution option: 'mainainer_email'\n  warnings.warn(msg)\nTraceback (most recent call last):\n  File \"setup.py\", line 75, in <module>\n    py_modules=[])\n  File \"/usr/lib/python2.7/distutils/core.py\", line 112, in setup\n    _setup_distribution = dist = klass(attrs)\n  File \"/home/flwang/workspace_community/nova/.venv/local/lib/python2.7/site-packages/setuptools/dist.py\", line 221, in __init__\n    self.fetch_build_eggs(attrs.pop('setup_requires'))\n  File \"/home/flwang/workspace_community/nova/.venv/local/lib/python2.7/site-packages/setuptools/dist.py\", line 245, in fetch_build_eggs\n    parse_requirements(requires), installer=self.fetch_build_egg\n  File \"/home/flwang/workspace_community/nova/.venv/local/lib/python2.7/site-packages/pkg_resources.py\", line 586, in resolve\n    dist = best[req.key] = env.best_match(req, self, installer)\n  File \"/home/flwang/workspace_community/nova/.venv/local/lib/python2.7/site-packages/pkg_resources.py\", line 831, in best_match\n    return self.obtain(req, installer) # try and download/install\n  File \"/home/flwang/workspace_community/nova/.venv/local/lib/python2.7/site-packages/pkg_resources.py\", line 843, in obtain\n    return installer(requirement)\n  File \"/home/flwang/workspace_community/nova/.venv/local/lib/python2.7/site-packages/setuptools/dist.py\", line 295, in fetch_build_egg\n    return cmd.easy_install(req)\n  File \"/home/flwang/workspace_community/nova/.venv/local/lib/python2.7/site-packages/setuptools/command/easy_install.py\", line 598, in easy_install\n    return self.install_item(spec, dist.location, tmpdir, deps)\n  File \"/home/flwang/workspace_community/nova/.venv/local/lib/python2.7/site-packages/setuptools/command/easy_install.py\", line 630, in install_item\n    self.process_distribution(spec, dist, deps)\n  File \"/home/flwang/workspace_community/nova/.venv/local/lib/python2.7/site-packages/setuptools/command/easy_install.py\", line 661, in process_distribution\n    log.info(self.installation_report(requirement, dist, *info))\n  File \"/usr/lib/python2.7/distutils/log.py\", line 40, in info\n    self._log(INFO, msg, args)\n  File \"/usr/lib/python2.7/distutils/log.py\", line 31, in _log\n    stream.flush()\nIOError: [Errno 32] Broken pipe\ncp: cannot stat `.testrepository/-1': No such file or directory\nflwang@flwang-ThinkPad-X230:~/workspace_community/nova$ \n", 
            "date_created": "2013-03-08 12:55:28.927012+00:00", 
            "author": "https://api.launchpad.net/1.0/~flwang"
        }, 
        {
            "content": "flwang,\n\nplease try to remove directories named .venv .tox .testrepository and try again?\n\n-- dims", 
            "date_created": "2013-03-08 23:54:50.047740+00:00", 
            "author": "https://api.launchpad.net/1.0/~dims-v"
        }, 
        {
            "content": "Hi,\n\nIt is to be noted that with a version of testrepository that is too low, we have such error. Version 0.0.14 doesn't produce that output for me.\n\nThomas\n", 
            "date_created": "2013-06-01 06:29:32.417858+00:00", 
            "author": "https://api.launchpad.net/1.0/~thomas-goirand"
        }, 
        {
            "content": "Maybe this bug is duplicated with https://bugs.launchpad.net/nova/+bug/1099659", 
            "date_created": "2013-10-17 01:42:10.102054+00:00", 
            "author": "https://api.launchpad.net/1.0/~wangjian011"
        }
    ], 
    "closed": "2013-03-08 23:54:56.276643+00:00"
}