{
    "status": "Fix Released", 
    "last_updated": "2013-10-17 11:40:17.229287+00:00", 
    "description": "Very rarely can get this failure when running the unittests\n\n======================================================================\nERROR: nova.tests.image.test_s3.TestS3ImageService.test_show_translates_image_state_correctly\ntags: worker-2\n----------------------------------------------------------------------\nEmpty attachments:\n  pythonlogging:''\n  pythonlogging:'boto'\n  stderr\n  stdout\n\nTraceback (most recent call last):\n  File \"nova/tests/image/test_s3.py\", line 151, in test_show_translates_image_state_correctly\n    ret_image = self.image_service.show(self.context, '1')\n  File \"nova/image/s3.py\", line 171, in show\n    image = self.service.show(context, image_uuid)\n  File \"nova/tests/image/test_s3.py\", line 142, in my_fake_show\n    'properties': {'image_state': fake_state_map[image_id]}}\nKeyError: u'cedef40a-ed67-4d10-800e-17455edce175'\nlibvir:  error : internal error could not initialize domain event timer\nRan 5689 (-8) tests in 118.504s (+1.271s)\nFAILED (id=797, failures=1, skips=12)\nerror: testr failed (1)", 
    "tags": [], 
    "importance": "Undecided", 
    "heat": 6, 
    "link": "https://bugs.launchpad.net/nova/+bug/1174266", 
    "owner": "https://api.launchpad.net/1.0/~cyeoh-0", 
    "id": 1174266, 
    "index": 4876, 
    "openned": "2013-04-29 10:46:11.023854+00:00", 
    "created": "2013-04-29 10:46:11.023854+00:00", 
    "title": "test_show_translates_image_state_correctly sometimes fails", 
    "comments": [
        {
            "content": "Very rarely can get this failure when running the unittests\n\n======================================================================\nERROR: nova.tests.image.test_s3.TestS3ImageService.test_show_translates_image_state_correctly\ntags: worker-2\n----------------------------------------------------------------------\nEmpty attachments:\n  pythonlogging:''\n  pythonlogging:'boto'\n  stderr\n  stdout\n\nTraceback (most recent call last):\n  File \"nova/tests/image/test_s3.py\", line 151, in test_show_translates_image_state_correctly\n    ret_image = self.image_service.show(self.context, '1')\n  File \"nova/image/s3.py\", line 171, in show\n    image = self.service.show(context, image_uuid)\n  File \"nova/tests/image/test_s3.py\", line 142, in my_fake_show\n    'properties': {'image_state': fake_state_map[image_id]}}\nKeyError: u'cedef40a-ed67-4d10-800e-17455edce175'\nlibvir:  error : internal error could not initialize domain event timer\nRan 5689 (-8) tests in 118.504s (+1.271s)\nFAILED (id=797, failures=1, skips=12)\nerror: testr failed (1)", 
            "date_created": "2013-04-29 10:46:11.023854+00:00", 
            "author": "https://api.launchpad.net/1.0/~cyeoh-0"
        }, 
        {
            "content": "Fix proposed to branch: master\nReview: https://review.openstack.org/27698", 
            "date_created": "2013-04-29 10:54:37.339661+00:00", 
            "author": "https://api.launchpad.net/1.0/~hudson-openstack"
        }, 
        {
            "content": "Reviewed:  https://review.openstack.org/27698\nCommitted: http://github.com/openstack/nova/commit/52d3ff067e7e145c73ef768fca5bfb71e89b054c\nSubmitter: Jenkins\nBranch:    master\n\ncommit 52d3ff067e7e145c73ef768fca5bfb71e89b054c\nAuthor: Chris Yeoh <email address hidden>\nDate:   Mon Apr 29 20:18:25 2013 +0930\n\n    Fix flakey TestS3ImageService bug\n    \n    test_show_translates_image_state_correctly sometimes fails\n    on some systems. This is caused because the ec2utils cache\n    is reset after the test rather than before the test (but after\n    the images are manually added to the db in setUp). This change\n    resets the ec2utils cache in the correct place\n    \n    Fixes bug 1174266\n    \n    Change-Id: I2ff9b71c932c913ca0423b1de4c04ca7d9de59cf\n", 
            "date_created": "2013-04-29 14:43:51.949344+00:00", 
            "author": "https://api.launchpad.net/1.0/~hudson-openstack"
        }
    ], 
    "closed": "2013-05-29 10:21:53.531414+00:00"
}