{
    "status": "Fix Released", 
    "last_updated": "2012-02-27 10:28:53.625353+00:00", 
    "description": "After commit 067eb74733d00d2d9eda46b313c612746b1bba2e I'm now getting this when running setup.py:\n\nTraceback (most recent call last):\n  File \"setup.py\", line 104, in <module>\n    py_modules=[])\n  File \"/usr/lib/python2.6/dist-packages/DistUtilsExtra/auto.py\", line 96, in setup\n    __requires(attrs, src_all)\n  File \"/usr/lib/python2.6/dist-packages/DistUtilsExtra/auto.py\", line 424, in __requires\n    __add_imports(imports, s, attrs)\n  File \"/usr/lib/python2.6/dist-packages/DistUtilsExtra/auto.py\", line 368, in __add_imports\n    if __external_mod(cur_module, alias.name, attrs):\n  File \"/usr/lib/python2.6/dist-packages/DistUtilsExtra/auto.py\", line 323, in __external_mod\n    mod = __import__(module)\n  File \"/usr/lib/python2.6/md5.py\", line 8, in <module>\n    DeprecationWarning, 2)\n  File \"/tmp/tmp.o2Z8XObOh6/nova/nova/utils.py\", line 1397, in _showwarning\n    LOG.warning(fmtmsg)\n  File \"/tmp/tmp.o2Z8XObOh6/nova/nova/log.py\", line 187, in warning\n    super(NovaLogger, self).warning(msg, *args, **kwargs)\nTypeError: super() argument 1 must be type, not classobj\ndh_auto_build: python2.6 setup.py build --force returned exit code 1\nmake[1]: *** [override_dh_auto_build] Error 1\nmake[1]: Leaving directory `/tmp/tmp.o2Z8XObOh6/nova'\nmake: *** [build] Error 2\ndpkg-buildpackage: error: debian/rules build gave error exit status 2\nrake aborted!\nBuild packages failed!", 
    "tags": [], 
    "importance": "Undecided", 
    "heat": 6, 
    "link": "https://bugs.launchpad.net/nova/+bug/917398", 
    "owner": "https://api.launchpad.net/1.0/~ironcamel", 
    "id": 917398, 
    "index": 3754, 
    "openned": "2012-01-16 22:16:54.475171+00:00", 
    "created": "2012-01-16 22:16:54.475171+00:00", 
    "title": "setup.py fails w/ TypeError: super(NovaLogger, self).warning(msg, *args, **kwargs)", 
    "comments": [
        {
            "content": "After commit 067eb74733d00d2d9eda46b313c612746b1bba2e I'm now getting this when running setup.py:\n\nTraceback (most recent call last):\n  File \"setup.py\", line 104, in <module>\n    py_modules=[])\n  File \"/usr/lib/python2.6/dist-packages/DistUtilsExtra/auto.py\", line 96, in setup\n    __requires(attrs, src_all)\n  File \"/usr/lib/python2.6/dist-packages/DistUtilsExtra/auto.py\", line 424, in __requires\n    __add_imports(imports, s, attrs)\n  File \"/usr/lib/python2.6/dist-packages/DistUtilsExtra/auto.py\", line 368, in __add_imports\n    if __external_mod(cur_module, alias.name, attrs):\n  File \"/usr/lib/python2.6/dist-packages/DistUtilsExtra/auto.py\", line 323, in __external_mod\n    mod = __import__(module)\n  File \"/usr/lib/python2.6/md5.py\", line 8, in <module>\n    DeprecationWarning, 2)\n  File \"/tmp/tmp.o2Z8XObOh6/nova/nova/utils.py\", line 1397, in _showwarning\n    LOG.warning(fmtmsg)\n  File \"/tmp/tmp.o2Z8XObOh6/nova/nova/log.py\", line 187, in warning\n    super(NovaLogger, self).warning(msg, *args, **kwargs)\nTypeError: super() argument 1 must be type, not classobj\ndh_auto_build: python2.6 setup.py build --force returned exit code 1\nmake[1]: *** [override_dh_auto_build] Error 1\nmake[1]: Leaving directory `/tmp/tmp.o2Z8XObOh6/nova'\nmake: *** [build] Error 2\ndpkg-buildpackage: error: debian/rules build gave error exit status 2\nrake aborted!\nBuild packages failed!", 
            "date_created": "2012-01-16 22:16:54.475171+00:00", 
            "author": "https://api.launchpad.net/1.0/~dan-prince"
        }, 
        {
            "content": "Looks like the issue here is that NovaLogger now extends Logger. In python 2.6 Logger extends Filterer which is an old style class that doesn't extend (object). If I edit  /usr/lib/python2.6/logging/__init__.py and make change Filterer to Filterer(object) it works fine.\n\nSo the issue here appears to be a python2.6 problem when using the latest nova code.\n\n", 
            "date_created": "2012-01-16 23:40:33.717681+00:00", 
            "author": "https://api.launchpad.net/1.0/~dan-prince"
        }, 
        {
            "content": "Fix proposed to branch: master\nReview: https://review.openstack.org/3086", 
            "date_created": "2012-01-16 23:40:40.587081+00:00", 
            "author": "https://api.launchpad.net/1.0/~hudson-openstack"
        }, 
        {
            "content": "Reviewed:  https://review.openstack.org/3086\nCommitted: http://github.com/openstack/nova/commit/f2fc7dd9b2dbf9259c232f9561804dc6c0cff0bd\nSubmitter: Jenkins\nBranch:    master\n\ncommit f2fc7dd9b2dbf9259c232f9561804dc6c0cff0bd\nAuthor: Naveed Massjouni <email address hidden>\nDate:   Mon Jan 16 23:37:12 2012 +0000\n\n    Super is not so super.\n    \n    Fixing bug where calling super causes TypeError. For explanation, see:\n    http://stackoverflow.com/questions/489269/python-super-raises-typeerror-why\n    \n    bug: 917398\n    Change-Id: Ib2bd69496b4e1e93f63b17b9ba751ae27126f736\n", 
            "date_created": "2012-01-17 00:41:47.296634+00:00", 
            "author": "https://api.launchpad.net/1.0/~hudson-openstack"
        }
    ], 
    "closed": "2012-02-27 10:28:52.225129+00:00"
}