{
    "status": "Fix Released", 
    "last_updated": "2011-02-07 14:03:48.811935+00:00", 
    "description": "See e.g. http://launchpadlibrarian.net/61346867/buildlog_ubuntu-natty-i386.nova_2011.1~bzr498-0ubuntu0ppa1~natty1_FAILEDTOBUILD.txt.gz for more info.", 
    "tags": [], 
    "importance": "Undecided", 
    "heat": 6, 
    "link": "https://bugs.launchpad.net/nova/+bug/695157", 
    "owner": "None", 
    "id": 695157, 
    "index": 3244, 
    "openned": "2010-12-28 21:19:23.732122+00:00", 
    "created": "2010-12-28 21:19:23.732122+00:00", 
    "title": "test suite fails with webob >=1.0", 
    "comments": [
        {
            "content": "See e.g. http://launchpadlibrarian.net/61346867/buildlog_ubuntu-natty-i386.nova_2011.1~bzr498-0ubuntu0ppa1~natty1_FAILEDTOBUILD.txt.gz for more info.", 
            "date_created": "2010-12-28 21:19:23.732122+00:00", 
            "author": "https://api.launchpad.net/1.0/~soren"
        }
    ], 
    "closed": "2011-02-07 14:03:46.889566+00:00"
}