{
    "status": "Fix Released", 
    "last_updated": "2016-03-07 15:31:50.758343+00:00", 
    "description": "When building the Debian package of Nova for Mitaka b3 (ie: Nova 13.0.0~b3), I get the below unit test failures. Please help me to fix this. I'm available on IRC if you need more details and a way to reproduce (but basically, try to build the package in Sid + Experimental using the sources from git clone git://git.debian.org/git/openstack/nova.git).\n\n======================================================================\nFAIL: nova.tests.unit.test_cache.TestOsloCache.test_get_client\nnova.tests.unit.test_cache.TestOsloCache.test_get_client\n----------------------------------------------------------------------\n_StringException: Empty attachments:\n  pythonlogging:''\n  stderr\n  stdout\n\nTraceback (most recent call last):\n  File \"/usr/lib/python2.7/dist-packages/mock/mock.py\", line 1305, in patched\n    return func(*args, **keywargs)\n  File \"nova/tests/unit/test_cache.py\", line 64, in test_get_client\n    expiration_time=60)],\n  File \"/usr/lib/python2.7/dist-packages/mock/mock.py\", line 969, in assert_has_calls\n    ), cause)\n  File \"/usr/lib/python2.7/dist-packages/six.py\", line 718, in raise_from\n    raise value\nAssertionError: Calls not found.\nExpected: [call('oslo_cache.dict', arguments={'expiration_time': 60}, expiration_time=60), call('dogpile.cache.memcached', arguments={'url': ['localhost:11211']}, expiration_time=60), call('dogpile.cache.null', _config_argument_dict=<ANY>, _config_prefix='cache.oslo.arguments.', expiration_time=60, wrap=None), call('oslo_cache.dict', arguments={'expiration_time': 60}, expiration_time=60)]\nActual: [call('oslo_cache.dict', arguments={'expiration_time': 60}, expiration_time=60),\n call('dogpile.cache.memcached', arguments={'url': ['localhost:11211']}, expiration_time=60),\n call('dogpile.cache.null', _config_argument_dict={'cache.oslo.arguments.pool_maxsize': 10, 'cache.oslo.arguments.pool_unused_timeout': 60, 'cache.oslo.arguments.url': ['localhost:11211'], 'cache.oslo.arguments.socket_timeout': 3, 'cache.oslo.expiration_time': 60, 'cache.oslo.arguments.dead_retry': 300, 'cache.oslo.arguments.pool_connection_get_timeout': 10, 'cache.oslo.backend': 'dogpile.cache.null'}, _config_prefix='cache.oslo.arguments.', expiration_time=60),\n call('oslo_cache.dict', arguments={'expiration_time': 60}, expiration_time=60)]\n\n======================================================================\nFAIL: nova.tests.unit.test_cache.TestOsloCache.test_get_memcached_client\nnova.tests.unit.test_cache.TestOsloCache.test_get_memcached_client\n----------------------------------------------------------------------\n_StringException: Empty attachments:\n  pythonlogging:''\n  stderr\n  stdout\n\nTraceback (most recent call last):\n  File \"/usr/lib/python2.7/dist-packages/mock/mock.py\", line 1305, in patched\n    return func(*args, **keywargs)\n  File \"nova/tests/unit/test_cache.py\", line 120, in test_get_memcached_client\n    expiration_time=60, wrap=None)]\n  File \"/usr/lib/python2.7/dist-packages/mock/mock.py\", line 969, in assert_has_calls\n    ), cause)\n  File \"/usr/lib/python2.7/dist-packages/six.py\", line 718, in raise_from\n    raise value\nAssertionError: Calls not found.\nExpected: [call('dogpile.cache.memcached', arguments={'url': ['localhost:11211']}, expiration_time=60), call('dogpile.cache.memcached', arguments={'url': ['localhost:11211']}, expiration_time=60), call('dogpile.cache.null', _config_argument_dict=<ANY>, _config_prefix='cache.oslo.arguments.', expiration_time=60, wrap=None)]\nActual: [call('dogpile.cache.memcached', arguments={'url': ['localhost:11211']}, expiration_time=60),\n call('dogpile.cache.memcached', arguments={'url': ['localhost:11211']}, expiration_time=60),\n call('dogpile.cache.null', _config_argument_dict={'cache.oslo.arguments.pool_maxsize': 10, 'cache.oslo.arguments.pool_unused_timeout': 60, 'cache.oslo.arguments.url': ['localhost:11211'], 'cache.oslo.arguments.socket_timeout': 3, 'cache.oslo.expiration_time': 60, 'cache.oslo.arguments.dead_retry': 300, 'cache.oslo.arguments.pool_connection_get_timeout': 10, 'cache.oslo.backend': 'dogpile.cache.null'}, _config_prefix='cache.oslo.arguments.', expiration_time=60)]", 
    "tags": [
        "debian", 
        "oslo", 
        "testing"
    ], 
    "importance": "Undecided", 
    "heat": 6, 
    "link": "https://bugs.launchpad.net/nova/+bug/1552897", 
    "owner": "https://api.launchpad.net/1.0/~dims-v", 
    "id": 1552897, 
    "index": 7346, 
    "openned": "2016-03-03 20:17:26.415731+00:00", 
    "created": "2016-03-03 20:17:26.415731+00:00", 
    "title": "Unit test failure when buildnig debian package for Mitaka b3 if dogpile.cache is not 0.5.7", 
    "comments": [
        {
            "content": "When building the Debian package of Nova for Mitaka b3 (ie: Nova 13.0.0~b3), I get the below unit test failures. Please help me to fix this. I'm available on IRC if you need more details and a way to reproduce (but basically, try to build the package in Sid + Experimental using the sources from git clone git://git.debian.org/git/openstack/nova.git).\n\n======================================================================\nFAIL: nova.tests.unit.test_cache.TestOsloCache.test_get_client\nnova.tests.unit.test_cache.TestOsloCache.test_get_client\n----------------------------------------------------------------------\n_StringException: Empty attachments:\n  pythonlogging:''\n  stderr\n  stdout\n\nTraceback (most recent call last):\n  File \"/usr/lib/python2.7/dist-packages/mock/mock.py\", line 1305, in patched\n    return func(*args, **keywargs)\n  File \"nova/tests/unit/test_cache.py\", line 64, in test_get_client\n    expiration_time=60)],\n  File \"/usr/lib/python2.7/dist-packages/mock/mock.py\", line 969, in assert_has_calls\n    ), cause)\n  File \"/usr/lib/python2.7/dist-packages/six.py\", line 718, in raise_from\n    raise value\nAssertionError: Calls not found.\nExpected: [call('oslo_cache.dict', arguments={'expiration_time': 60}, expiration_time=60), call('dogpile.cache.memcached', arguments={'url': ['localhost:11211']}, expiration_time=60), call('dogpile.cache.null', _config_argument_dict=<ANY>, _config_prefix='cache.oslo.arguments.', expiration_time=60, wrap=None), call('oslo_cache.dict', arguments={'expiration_time': 60}, expiration_time=60)]\nActual: [call('oslo_cache.dict', arguments={'expiration_time': 60}, expiration_time=60),\n call('dogpile.cache.memcached', arguments={'url': ['localhost:11211']}, expiration_time=60),\n call('dogpile.cache.null', _config_argument_dict={'cache.oslo.arguments.pool_maxsize': 10, 'cache.oslo.arguments.pool_unused_timeout': 60, 'cache.oslo.arguments.url': ['localhost:11211'], 'cache.oslo.arguments.socket_timeout': 3, 'cache.oslo.expiration_time': 60, 'cache.oslo.arguments.dead_retry': 300, 'cache.oslo.arguments.pool_connection_get_timeout': 10, 'cache.oslo.backend': 'dogpile.cache.null'}, _config_prefix='cache.oslo.arguments.', expiration_time=60),\n call('oslo_cache.dict', arguments={'expiration_time': 60}, expiration_time=60)]\n\n======================================================================\nFAIL: nova.tests.unit.test_cache.TestOsloCache.test_get_memcached_client\nnova.tests.unit.test_cache.TestOsloCache.test_get_memcached_client\n----------------------------------------------------------------------\n_StringException: Empty attachments:\n  pythonlogging:''\n  stderr\n  stdout\n\nTraceback (most recent call last):\n  File \"/usr/lib/python2.7/dist-packages/mock/mock.py\", line 1305, in patched\n    return func(*args, **keywargs)\n  File \"nova/tests/unit/test_cache.py\", line 120, in test_get_memcached_client\n    expiration_time=60, wrap=None)]\n  File \"/usr/lib/python2.7/dist-packages/mock/mock.py\", line 969, in assert_has_calls\n    ), cause)\n  File \"/usr/lib/python2.7/dist-packages/six.py\", line 718, in raise_from\n    raise value\nAssertionError: Calls not found.\nExpected: [call('dogpile.cache.memcached', arguments={'url': ['localhost:11211']}, expiration_time=60), call('dogpile.cache.memcached', arguments={'url': ['localhost:11211']}, expiration_time=60), call('dogpile.cache.null', _config_argument_dict=<ANY>, _config_prefix='cache.oslo.arguments.', expiration_time=60, wrap=None)]\nActual: [call('dogpile.cache.memcached', arguments={'url': ['localhost:11211']}, expiration_time=60),\n call('dogpile.cache.memcached', arguments={'url': ['localhost:11211']}, expiration_time=60),\n call('dogpile.cache.null', _config_argument_dict={'cache.oslo.arguments.pool_maxsize': 10, 'cache.oslo.arguments.pool_unused_timeout': 60, 'cache.oslo.arguments.url': ['localhost:11211'], 'cache.oslo.arguments.socket_timeout': 3, 'cache.oslo.expiration_time': 60, 'cache.oslo.arguments.dead_retry': 300, 'cache.oslo.arguments.pool_connection_get_timeout': 10, 'cache.oslo.backend': 'dogpile.cache.null'}, _config_prefix='cache.oslo.arguments.', expiration_time=60)]", 
            "date_created": "2016-03-03 20:17:26.415731+00:00", 
            "author": "https://api.launchpad.net/1.0/~thomas-goirand"
        }, 
        {
            "content": "Which version of oslo.cache are you using?", 
            "date_created": "2016-03-03 20:26:31.301732+00:00", 
            "author": "https://api.launchpad.net/1.0/~mriedem"
        }, 
        {
            "content": "The problem is on the expected call, it expects:\n\nexpiration_time=60, wrap=None\n\nIn the last call, but it's getting:\n\nexpiration_time=60, with no wrap kwarg.\n\nopenstack unit tests should be running with oslo.cache 1.4.0:\n\nhttps://github.com/openstack/requirements/blob/master/upper-constraints.txt#L207", 
            "date_created": "2016-03-03 20:28:41.966808+00:00", 
            "author": "https://api.launchpad.net/1.0/~mriedem"
        }, 
        {
            "content": "Actually, which version of dogpile.cache? openstack is using at most 0.5.7:\n\nhttps://github.com/openstack/requirements/blob/master/upper-constraints.txt#L116", 
            "date_created": "2016-03-03 20:31:48.487373+00:00", 
            "author": "https://api.launchpad.net/1.0/~mriedem"
        }, 
        {
            "content": "As per IRC chat, I do have version 1.4.0-1 (ie, the latest version, matching upper-constraints.txt). Though dogpile.cache wasn't the latest, it was only 0.5.4. After upgrading it to version 0.5.7, the issue was gone.\n\nThe consequence of this:\n1/ dogpile.cache in global-requirements.txt should be promoted to 0.5.7\n2/ oslo.cache should depend on this version\n\nThis should happen ASAP, to inform downstream distro other than Debian of the issue.\n", 
            "date_created": "2016-03-04 01:43:05.557000+00:00", 
            "author": "https://api.launchpad.net/1.0/~thomas-goirand"
        }, 
        {
            "content": "g-r change is here : https://review.openstack.org/#/c/288263/", 
            "date_created": "2016-03-04 11:44:12.496745+00:00", 
            "author": "https://api.launchpad.net/1.0/~dims-v"
        }, 
        {
            "content": "Fixed now https://review.openstack.org/#/c/288474/", 
            "date_created": "2016-03-04 21:49:23.091595+00:00", 
            "author": "https://api.launchpad.net/1.0/~dims-v"
        }, 
        {
            "content": "Nova fix is in: https://review.openstack.org/#/c/288357/8/requirements.txt", 
            "date_created": "2016-03-06 14:49:44.383541+00:00", 
            "author": "https://api.launchpad.net/1.0/~dims-v"
        }
    ], 
    "closed": "2016-03-07 15:31:48.862595+00:00"
}