{
    "status": "Fix Released", 
    "last_updated": "2011-04-15 08:39:27.323072+00:00", 
    "description": "======================================================================\nERROR: <nose.suite.ContextSuite context=nova.tests.test_localization>\n----------------------------------------------------------------------\nTraceback (most recent call last):\n  File \"/usr/local/lib/python2.6/dist-packages/nose/suite.py\", line 208, in run\n    self.setUp()\n  File \"/usr/local/lib/python2.6/dist-packages/nose/suite.py\", line 291, in setUp\n    self.setupContext(ancestor)\n  File \"/usr/local/lib/python2.6/dist-packages/nose/suite.py\", line 314, in setupContext\n    try_run(context, names)\n  File \"/usr/local/lib/python2.6/dist-packages/nose/util.py\", line 478, in try_run\n    return func()\n  File \"/root/code/nova/xs_resize/nova/tests/__init__.py\", line 65, in setup\n    cleandb = os.path.join(FLAGS.state_path, FLAGS.sqlite_clean_db)\n  File \"/root/code/nova/xs_resize/nova/flags.py\", line 139, in __getattr__\n    val = gflags.FlagValues.__getattr__(self, name)\n  File \"/usr/local/lib/python2.6/dist-packages/gflags.py\", line 810, in __getattr__\n    raise AttributeError(name)\nAttributeError: sqlite_clean_db\n\nThe flag for sqlite_clean_db is defined in nova/test.py. but test_localization doesn't import test", 
    "tags": [], 
    "importance": "Wishlist", 
    "heat": 6, 
    "link": "https://bugs.launchpad.net/nova/+bug/740322", 
    "owner": "None", 
    "id": 740322, 
    "index": 2289, 
    "openned": "2011-03-22 16:58:11.456225+00:00", 
    "created": "2011-03-22 16:58:11.456225+00:00", 
    "title": "Can't run test_localization_tests by themselves", 
    "comments": [
        {
            "content": "======================================================================\nERROR: <nose.suite.ContextSuite context=nova.tests.test_localization>\n----------------------------------------------------------------------\nTraceback (most recent call last):\n  File \"/usr/local/lib/python2.6/dist-packages/nose/suite.py\", line 208, in run\n    self.setUp()\n  File \"/usr/local/lib/python2.6/dist-packages/nose/suite.py\", line 291, in setUp\n    self.setupContext(ancestor)\n  File \"/usr/local/lib/python2.6/dist-packages/nose/suite.py\", line 314, in setupContext\n    try_run(context, names)\n  File \"/usr/local/lib/python2.6/dist-packages/nose/util.py\", line 478, in try_run\n    return func()\n  File \"/root/code/nova/xs_resize/nova/tests/__init__.py\", line 65, in setup\n    cleandb = os.path.join(FLAGS.state_path, FLAGS.sqlite_clean_db)\n  File \"/root/code/nova/xs_resize/nova/flags.py\", line 139, in __getattr__\n    val = gflags.FlagValues.__getattr__(self, name)\n  File \"/usr/local/lib/python2.6/dist-packages/gflags.py\", line 810, in __getattr__\n    raise AttributeError(name)\nAttributeError: sqlite_clean_db\n\nThe flag for sqlite_clean_db is defined in nova/test.py. but test_localization doesn't import test", 
            "date_created": "2011-03-22 16:58:11.456225+00:00", 
            "author": "https://api.launchpad.net/1.0/~cerberus"
        }
    ], 
    "closed": "2011-04-15 08:39:26.290971+00:00"
}