{
    "status": "Invalid", 
    "last_updated": "2014-09-17 14:42:48.333576+00:00", 
    "description": "See: http://logs.openstack.org/87/44787/16/check/check-tempest-devstack-vm-neutron/d2ede4d/console.html\n\n2013-10-25 18:06:37.957 | ======================================================================\n2013-10-25 18:06:37.959 | FAIL: tempest.thirdparty.boto.test_ec2_instance_run.InstanceRunTest.test_run_stop_terminate_instance[gate,smoke]\n2013-10-25 18:06:37.959 | tempest.thirdparty.boto.test_ec2_instance_run.InstanceRunTest.test_run_stop_terminate_instance[gate,smoke]\n2013-10-25 18:06:37.959 | ----------------------------------------------------------------------\n2013-10-25 18:06:37.959 | _StringException: Empty attachments:\n2013-10-25 18:06:37.959 |   stderr\n2013-10-25 18:06:37.960 |   stdout\n2013-10-25 18:06:37.960 | \n2013-10-25 18:06:37.960 | pythonlogging:'': {{{\n2013-10-25 18:06:37.960 | 2013-10-25 17:59:08,821 state: pending\n2013-10-25 18:06:37.960 | 2013-10-25 17:59:14,092 State transition \"pending\" ==> \"error\" 5 second\n2013-10-25 18:06:37.961 | }}}\n2013-10-25 18:06:37.961 | \n2013-10-25 18:06:37.961 | Traceback (most recent call last):\n2013-10-25 18:06:37.961 |   File \"tempest/thirdparty/boto/test_ec2_instance_run.py\", line 150, in test_run_stop_terminate_instance\n2013-10-25 18:06:37.961 |     self.assertInstanceStateWait(instance, \"running\")\n2013-10-25 18:06:37.961 |   File \"tempest/thirdparty/boto/test.py\", line 356, in assertInstanceStateWait\n2013-10-25 18:06:37.962 |     state = self.waitInstanceState(lfunction, wait_for)\n2013-10-25 18:06:37.962 |   File \"tempest/thirdparty/boto/test.py\", line 341, in waitInstanceState\n2013-10-25 18:06:37.962 |     self.valid_instance_state)\n2013-10-25 18:06:37.962 |   File \"tempest/thirdparty/boto/test.py\", line 332, in state_wait_gone\n2013-10-25 18:06:37.962 |     self.assertIn(state, valid_set | self.gone_set)\n2013-10-25 18:06:37.963 |   File \"/usr/local/lib/python2.7/dist-packages/testtools/testcase.py\", line 328, in assertIn\n2013-10-25 18:06:37.963 |     self.assertThat(haystack, Contains(needle))\n2013-10-25 18:06:37.963 |   File \"/usr/local/lib/python2.7/dist-packages/testtools/testcase.py\", line 417, in assertThat\n2013-10-25 18:06:37.963 |     raise MismatchError(matchee, matcher, mismatch, verbose)\n2013-10-25 18:06:37.963 | MismatchError: u'error' not in set(['paused', 'terminated', 'running', 'stopped', 'pending', '_GONE', 'stopping', 'shutting-down'])", 
    "tags": [
        "ec2", 
        "testing"
    ], 
    "importance": "Undecided", 
    "heat": 8, 
    "link": "https://bugs.launchpad.net/nova/+bug/1244762", 
    "owner": "None", 
    "id": 1244762, 
    "index": 5503, 
    "openned": "2013-12-12 21:28:51.211392+00:00", 
    "created": "2013-10-25 19:00:19.164118+00:00", 
    "title": "tempest.thirdparty.boto.test_ec2_instance_run.InstanceRunTest.test_run_stop_terminate_instance fails sporadically", 
    "comments": [
        {
            "content": "See: http://logs.openstack.org/87/44787/16/check/check-tempest-devstack-vm-neutron/d2ede4d/console.html\n\n2013-10-25 18:06:37.957 | ======================================================================\n2013-10-25 18:06:37.959 | FAIL: tempest.thirdparty.boto.test_ec2_instance_run.InstanceRunTest.test_run_stop_terminate_instance[gate,smoke]\n2013-10-25 18:06:37.959 | tempest.thirdparty.boto.test_ec2_instance_run.InstanceRunTest.test_run_stop_terminate_instance[gate,smoke]\n2013-10-25 18:06:37.959 | ----------------------------------------------------------------------\n2013-10-25 18:06:37.959 | _StringException: Empty attachments:\n2013-10-25 18:06:37.959 |   stderr\n2013-10-25 18:06:37.960 |   stdout\n2013-10-25 18:06:37.960 | \n2013-10-25 18:06:37.960 | pythonlogging:'': {{{\n2013-10-25 18:06:37.960 | 2013-10-25 17:59:08,821 state: pending\n2013-10-25 18:06:37.960 | 2013-10-25 17:59:14,092 State transition \"pending\" ==> \"error\" 5 second\n2013-10-25 18:06:37.961 | }}}\n2013-10-25 18:06:37.961 | \n2013-10-25 18:06:37.961 | Traceback (most recent call last):\n2013-10-25 18:06:37.961 |   File \"tempest/thirdparty/boto/test_ec2_instance_run.py\", line 150, in test_run_stop_terminate_instance\n2013-10-25 18:06:37.961 |     self.assertInstanceStateWait(instance, \"running\")\n2013-10-25 18:06:37.961 |   File \"tempest/thirdparty/boto/test.py\", line 356, in assertInstanceStateWait\n2013-10-25 18:06:37.962 |     state = self.waitInstanceState(lfunction, wait_for)\n2013-10-25 18:06:37.962 |   File \"tempest/thirdparty/boto/test.py\", line 341, in waitInstanceState\n2013-10-25 18:06:37.962 |     self.valid_instance_state)\n2013-10-25 18:06:37.962 |   File \"tempest/thirdparty/boto/test.py\", line 332, in state_wait_gone\n2013-10-25 18:06:37.962 |     self.assertIn(state, valid_set | self.gone_set)\n2013-10-25 18:06:37.963 |   File \"/usr/local/lib/python2.7/dist-packages/testtools/testcase.py\", line 328, in assertIn\n2013-10-25 18:06:37.963 |     self.assertThat(haystack, Contains(needle))\n2013-10-25 18:06:37.963 |   File \"/usr/local/lib/python2.7/dist-packages/testtools/testcase.py\", line 417, in assertThat\n2013-10-25 18:06:37.963 |     raise MismatchError(matchee, matcher, mismatch, verbose)\n2013-10-25 18:06:37.963 | MismatchError: u'error' not in set(['paused', 'terminated', 'running', 'stopped', 'pending', '_GONE', 'stopping', 'shutting-down'])", 
            "date_created": "2013-10-25 19:00:19.164118+00:00", 
            "author": "https://api.launchpad.net/1.0/~peter-a-portante"
        }, 
        {
            "content": "Looks like 3 hits in the last 2 weeks, but it's on the same patch and it's only for havana, so maybe fixed in icehouse and needs backporting?\n\nhttp://logstash.openstack.org/#eyJzZWFyY2giOiJtZXNzYWdlOlwiRkFJTDogdGVtcGVzdC50aGlyZHBhcnR5LmJvdG8udGVzdF9lYzJfaW5zdGFuY2VfcnVuLkluc3RhbmNlUnVuVGVzdC50ZXN0X3J1bl9zdG9wX3Rlcm1pbmF0ZV9pbnN0YW5jZVwiIEFORCBmaWxlbmFtZTpcImNvbnNvbGUuaHRtbFwiIiwiZmllbGRzIjpbXSwib2Zmc2V0IjowLCJ0aW1lZnJhbWUiOiJhbGwiLCJncmFwaG1vZGUiOiJjb3VudCIsInRpbWUiOnsidXNlcl9pbnRlcnZhbCI6MH0sInN0YW1wIjoxMzkwODM0MDQ2MDQyfQ==\n\nThis is the patch that did have the failures in the check queue within the last 2 weeks, but looks like maybe not a valid patch:\n\nhttps://review.openstack.org/#/c/67564/\n\nIf we restrict the query to only 'gate' failures, there are 0 hits in the last 2 weeks so I'm thinking this is resolved.", 
            "date_created": "2014-01-27 14:54:35.772900+00:00", 
            "author": "https://api.launchpad.net/1.0/~mriedem"
        }, 
        {
            "content": "For the original fail, I do see this in the nova api logs:\n\n2013-10-25 18:06:26.217 DEBUG nova.api.ec2 [req-b342cac5-d2e9-42b9-be5b-9a1ec2141f89 demo demo] SnapshotNotFound raised: Snapshot e66f7e58-2c77-4f02-b5de-f0e6aaf04bd1 could not be found. ec2_error_ex /opt/stack/new/nova/nova/api/ec2/__init__.py:516\n2013-10-25 18:06:26.218 DEBUG nova.api.ec2.faults [req-b342cac5-d2e9-42b9-be5b-9a1ec2141f89 demo demo] EC2 error response: InvalidSnapshotID.NotFound: Snapshot snap-00000001 could not be found. ec2_error_response /opt/stack/new/nova/nova/api/ec2/faults.py:32\n", 
            "date_created": "2014-01-27 15:07:42.014631+00:00", 
            "author": "https://api.launchpad.net/1.0/~mriedem"
        }, 
        {
            "content": "I thought about bumping the debug level logging for the ec2 error responses to INFO level but in this one n-api log there are 361 instances of 'EC2 error response' so that's probably not feasible.\n\nhttp://logs.openstack.org/87/44787/16/check/check-tempest-devstack-vm-neutron/d2ede4d/logs/screen-n-api.txt.gz\n\nGiven the age of this bug and the fact it's not showing up anymore, at least as far back as logstash keeps records on, I'm going to close it.  We can re-open if it happens again.", 
            "date_created": "2014-01-27 15:41:11.510283+00:00", 
            "author": "https://api.launchpad.net/1.0/~mriedem"
        }, 
        {
            "content": "I think I just hit this bug, while grenade was running: https://review.openstack.org/#/c/80485/\nlogs at: http://logs.openstack.org/85/80485/10/gate/gate-grenade-dsvm/7ff25f4/console.html\n\nSame output as last time:\n\n======================================================================\n2014-04-30 17:45:23.584 | FAIL: tempest.thirdparty.boto.test_ec2_instance_run.InstanceRunTest.test_run_stop_terminate_instance_with_tags[gate,smoke]\n2014-04-30 17:45:23.585 | tempest.thirdparty.boto.test_ec2_instance_run.InstanceRunTest.test_run_stop_terminate_instance_with_tags[gate,smoke]\n2014-04-30 17:45:23.585 | ----------------------------------------------------------------------\n2014-04-30 17:45:23.585 | _StringException: Empty attachments:\n2014-04-30 17:45:23.585 |   stderr\n2014-04-30 17:45:23.585 |   stdout\n2014-04-30 17:45:23.585 | \n2014-04-30 17:45:23.585 | pythonlogging:'': {{{\n2014-04-30 17:45:23.586 | 2014-04-30 17:33:21,795 state: pending\n2014-04-30 17:45:23.586 | 2014-04-30 17:35:23,231 State transition \"pending\" ==> \"error\" 121 second\n2014-04-30 17:45:23.586 | }}}\n2014-04-30 17:45:23.586 | \n2014-04-30 17:45:23.586 | Traceback (most recent call last):\n2014-04-30 17:45:23.586 |   File \"tempest/thirdparty/boto/test_ec2_instance_run.py\", line 162, in test_run_stop_terminate_instance_with_tags\n2014-04-30 17:45:23.586 |     self.assertInstanceStateWait(instance, \"running\")\n2014-04-30 17:45:23.587 |   File \"tempest/thirdparty/boto/test.py\", line 358, in assertInstanceStateWait\n2014-04-30 17:45:23.587 |     state = self.waitInstanceState(lfunction, wait_for)\n2014-04-30 17:45:23.587 |   File \"tempest/thirdparty/boto/test.py\", line 343, in waitInstanceState\n2014-04-30 17:45:23.587 |     self.valid_instance_state)\n2014-04-30 17:45:23.587 |   File \"tempest/thirdparty/boto/test.py\", line 334, in state_wait_gone\n2014-04-30 17:45:23.587 |     self.assertIn(state, valid_set | self.gone_set)\n2014-04-30 17:45:23.588 |   File \"/usr/local/lib/python2.7/dist-packages/testtools/testcase.py\", line 327, in assertIn\n2014-04-30 17:45:23.588 |     self.assertThat(haystack, Contains(needle))\n2014-04-30 17:45:23.588 |   File \"/usr/local/lib/python2.7/dist-packages/testtools/testcase.py\", line 406, in assertThat\n2014-04-30 17:45:23.588 |     raise mismatch_error\n2014-04-30 17:45:23.588 | MismatchError: u'error' not in set(['paused', 'terminated', 'running', 'stopped', 'pending', '_GONE', 'stopping', 'shutting-down'])", 
            "date_created": "2014-04-30 19:18:04.479907+00:00", 
            "author": "https://api.launchpad.net/1.0/~stevemar"
        }, 
        {
            "content": "Seen recently here as well: http://logs.openstack.org/69/89569/2/check/check-tempest-dsvm-postgres-full/f8e0a02/console.html.gz", 
            "date_created": "2014-05-04 11:16:15.417864+00:00", 
            "author": "https://api.launchpad.net/1.0/~adri2000"
        }, 
        {
            "content": "Here also: http://logs.openstack.org/23/92123/1/check/check-grenade-dsvm/da63280/console.html.gz", 
            "date_created": "2014-05-19 19:03:26.845834+00:00", 
            "author": "https://api.launchpad.net/1.0/~shague-v"
        }, 
        {
            "content": "an instance can go to an error state for too many reasons. \n\nIn http://logs.openstack.org/69/89569/2/check/check-tempest-dsvm-postgres-full/f8e0a02/console.html.gz\n\nit was because:\n\nIn http://logs.openstack.org/69/89569/2/check/check-tempest-dsvm-postgres-full/f8e0a02/logs/screen-n-cpu.txt.gz?level=TRACE\n\n\n", 
            "date_created": "2014-07-22 22:18:41.302729+00:00", 
            "author": "https://api.launchpad.net/1.0/~jogo"
        }
    ], 
    "closed": "2014-09-17 14:42:45.872550+00:00"
}