{
    "status": "Fix Released", 
    "last_updated": "2013-05-16 17:39:37.089404+00:00", 
    "description": "Jenkins jobs currently fail with this error:\n\n09:52:21 ERROR: test_create_endpoint_404 (test_backend_sql.SqlCatalog)\n09:52:21 ----------------------------------------------------------------------\n09:52:21 Traceback (most recent call last):\n09:52:21   File \"/home/jenkins/workspace/gate-keystone-python27/tests/test_backend_sql.py\", line 42, in setUp\n09:52:21     self.catalog_man = catalog.Manager()\n09:52:21   File \"/home/jenkins/workspace/gate-keystone-python27/.tox/py27/local/lib/python2.7/site-packages/keystone/catalog/core.py\", line 67, in __init__\n09:52:21     super(Manager, self).__init__(CONF.catalog.driver)\n09:52:21   File \"/home/jenkins/workspace/gate-keystone-python27/.tox/py27/local/lib/python2.7/site-packages/keystone/common/manager.py\", line 36, in __init__\n09:52:21     self.driver = importutils.import_object(driver_name)\n09:52:21   File \"/home/jenkins/workspace/gate-keystone-python27/.tox/py27/local/lib/python2.7/site-packages/keystone/openstack/common/importutils.py\", line 40, in import_object\n09:52:21     return import_class(import_str)(*args, **kwargs)\n09:52:21   File \"/home/jenkins/workspace/gate-keystone-python27/.tox/py27/local/lib/python2.7/site-packages/keystone/openstack/common/importutils.py\", line 30, in import_class\n09:52:21     __import__(mod_str)\n09:52:21   File \"/home/jenkins/workspace/gate-keystone-python27/.tox/py27/local/lib/python2.7/site-packages/keystone/catalog/backends/sql.py\", line 21, in <module>\n09:52:21     from keystone.common.sql import migration\n09:52:21   File \"/home/jenkins/workspace/gate-keystone-python27/.tox/py27/local/lib/python2.7/site-packages/keystone/common/sql/migration.py\", line 23, in <module>\n09:52:21     from migrate.versioning import api as versioning_api\n09:52:21   File \"/home/jenkins/workspace/gate-keystone-python27/.tox/py27/local/lib/python2.7/site-packages/migrate/versioning/api.py\", line 33, in <module>\n09:52:21     from migrate.versioning import (repository, schema, version,\n09:52:21   File \"/home/jenkins/workspace/gate-keystone-python27/.tox/py27/local/lib/python2.7/site-packages/migrate/versioning/schema.py\", line 10, in <module>\n09:52:21     from sqlalchemy import exceptions as sa_exceptions\n09:52:21 ImportError: cannot import name exceptions\n\n\nFrom the sqlalchemy-migrate webpage: SQLAlchemy-migrate 0.7.2 is compatible with SQLAlchemy 0.6.x and 0.7.x. \n\nFrom SQLAlchemy's 0.8.0b1 Release Notes:\n\n[general] [removed] The \u201csqlalchemy.exceptions\u201d synonym for \u201csqlalchemy.exc\u201d is removed fully.(link)", 
    "tags": [
        "folsom-backport", 
        "in-stable-essex", 
        "verification-done"
    ], 
    "importance": "Undecided", 
    "heat": 14, 
    "link": "https://bugs.launchpad.net/nova/+bug/1073569", 
    "owner": "None", 
    "id": 1073569, 
    "index": 4442, 
    "openned": "2012-10-31 13:27:41.520927+00:00", 
    "created": "2012-10-31 13:23:26.620462+00:00", 
    "title": "Jenkins jobs fail because of incompatibility between sqlalchemy-migrate and the newest sqlalchemy-0.8.0b1", 
    "comments": [
        {
            "content": "Jenkins jobs currently fail with this error:\n\n09:52:21 ERROR: test_create_endpoint_404 (test_backend_sql.SqlCatalog)\n09:52:21 ----------------------------------------------------------------------\n09:52:21 Traceback (most recent call last):\n09:52:21   File \"/home/jenkins/workspace/gate-keystone-python27/tests/test_backend_sql.py\", line 42, in setUp\n09:52:21     self.catalog_man = catalog.Manager()\n09:52:21   File \"/home/jenkins/workspace/gate-keystone-python27/.tox/py27/local/lib/python2.7/site-packages/keystone/catalog/core.py\", line 67, in __init__\n09:52:21     super(Manager, self).__init__(CONF.catalog.driver)\n09:52:21   File \"/home/jenkins/workspace/gate-keystone-python27/.tox/py27/local/lib/python2.7/site-packages/keystone/common/manager.py\", line 36, in __init__\n09:52:21     self.driver = importutils.import_object(driver_name)\n09:52:21   File \"/home/jenkins/workspace/gate-keystone-python27/.tox/py27/local/lib/python2.7/site-packages/keystone/openstack/common/importutils.py\", line 40, in import_object\n09:52:21     return import_class(import_str)(*args, **kwargs)\n09:52:21   File \"/home/jenkins/workspace/gate-keystone-python27/.tox/py27/local/lib/python2.7/site-packages/keystone/openstack/common/importutils.py\", line 30, in import_class\n09:52:21     __import__(mod_str)\n09:52:21   File \"/home/jenkins/workspace/gate-keystone-python27/.tox/py27/local/lib/python2.7/site-packages/keystone/catalog/backends/sql.py\", line 21, in <module>\n09:52:21     from keystone.common.sql import migration\n09:52:21   File \"/home/jenkins/workspace/gate-keystone-python27/.tox/py27/local/lib/python2.7/site-packages/keystone/common/sql/migration.py\", line 23, in <module>\n09:52:21     from migrate.versioning import api as versioning_api\n09:52:21   File \"/home/jenkins/workspace/gate-keystone-python27/.tox/py27/local/lib/python2.7/site-packages/migrate/versioning/api.py\", line 33, in <module>\n09:52:21     from migrate.versioning import (repository, schema, version,\n09:52:21   File \"/home/jenkins/workspace/gate-keystone-python27/.tox/py27/local/lib/python2.7/site-packages/migrate/versioning/schema.py\", line 10, in <module>\n09:52:21     from sqlalchemy import exceptions as sa_exceptions\n09:52:21 ImportError: cannot import name exceptions\n\n\nFrom the sqlalchemy-migrate webpage: SQLAlchemy-migrate 0.7.2 is compatible with SQLAlchemy 0.6.x and 0.7.x. \n\nFrom SQLAlchemy's 0.8.0b1 Release Notes:\n\n[general] [removed] The \u201csqlalchemy.exceptions\u201d synonym for \u201csqlalchemy.exc\u201d is removed fully.(link)", 
            "date_created": "2012-10-31 13:23:26.620462+00:00", 
            "author": "https://api.launchpad.net/1.0/~mapleoin"
        }, 
        {
            "content": "Fix proposed to branch: master\nReview: https://review.openstack.org/15103", 
            "date_created": "2012-10-31 14:13:46.348229+00:00", 
            "author": "https://api.launchpad.net/1.0/~hudson-openstack"
        }, 
        {
            "content": "Fix proposed to branch: stable/folsom\nReview: https://review.openstack.org/15107", 
            "date_created": "2012-10-31 15:28:24.525806+00:00", 
            "author": "https://api.launchpad.net/1.0/~hudson-openstack"
        }, 
        {
            "content": "Reviewed:  https://review.openstack.org/15099\nCommitted: http://github.com/openstack/keystone/commit/c53ffe59863a02861c3872fbc3190e7e536222a1\nSubmitter: Jenkins\nBranch:    master\n\ncommit c53ffe59863a02861c3872fbc3190e7e536222a1\nAuthor: Ionu\u021b Ar\u021b\u0103ri\u0219i <email address hidden>\nDate:   Wed Oct 31 14:32:04 2012 +0100\n\n    pin sqlalchemy to 0.7\n    \n    sqlalchemy 0.8.0b1 breaks some dependencies such as sqlalchemy-migrate, pin the version until we fix them\n    \n    Fixes bug #1073569\n    \n    Change-Id: I6620276bf8f0a7cbc1d51aa226cd33c512e59a48\n", 
            "date_created": "2012-10-31 15:30:09.587792+00:00", 
            "author": "https://api.launchpad.net/1.0/~hudson-openstack"
        }, 
        {
            "content": "Fix proposed to branch: stable/folsom\nReview: https://review.openstack.org/15109", 
            "date_created": "2012-10-31 15:39:12.967270+00:00", 
            "author": "https://api.launchpad.net/1.0/~hudson-openstack"
        }, 
        {
            "content": "Fix proposed to branch: stable/folsom\nReview: https://review.openstack.org/15110", 
            "date_created": "2012-10-31 15:40:16.687147+00:00", 
            "author": "https://api.launchpad.net/1.0/~hudson-openstack"
        }, 
        {
            "content": "Fix proposed to branch: stable/folsom\nReview: https://review.openstack.org/15112", 
            "date_created": "2012-10-31 15:43:31.623916+00:00", 
            "author": "https://api.launchpad.net/1.0/~hudson-openstack"
        }, 
        {
            "content": "Reviewed:  https://review.openstack.org/15103\nCommitted: http://github.com/openstack/cinder/commit/04794c28b783193ec051e0bb1fd0293763a4a402\nSubmitter: Jenkins\nBranch:    master\n\ncommit 04794c28b783193ec051e0bb1fd0293763a4a402\nAuthor: Sean Dague <email address hidden>\nDate:   Wed Oct 31 10:10:29 2012 -0400\n\n    pin sqlalchemy to the 0.7 series\n    \n    sqlalchemy 0.8 beta has hit mirrors, and changes dependencies, thus\n    breaking jenkins. This pins it to 0.7 series until all the projects\n    agree to move forward to 0.8.\n    \n    Fixes bug #1073569\n    \n    Change-Id: If11f39d311ba9ef5cb2b198c9649a8997b2a52b5\n", 
            "date_created": "2012-10-31 15:44:58.893023+00:00", 
            "author": "https://api.launchpad.net/1.0/~hudson-openstack"
        }, 
        {
            "content": "Reviewed:  https://review.openstack.org/15098\nCommitted: http://github.com/openstack/glance/commit/22a004da17199fecce110e73fff1c7f9ba460f31\nSubmitter: Jenkins\nBranch:    master\n\ncommit 22a004da17199fecce110e73fff1c7f9ba460f31\nAuthor: Sean Dague <email address hidden>\nDate:   Wed Oct 31 09:25:10 2012 -0400\n\n    pin sqlalchemy to the 0.7 series\n    \n    sqlalchemy 0.8 beta has hit mirrors, and changes dependencies, thus\n    breaking jenkins. This pins it to 0.7 series until all the projects\n    agree to move forward to 0.8.\n    \n    Fixes bug #1073569\n    \n    Change-Id: I7b13ef48730e6499442a4a2a9d28b59e0121acf0\n", 
            "date_created": "2012-10-31 18:28:05.257545+00:00", 
            "author": "https://api.launchpad.net/1.0/~hudson-openstack"
        }, 
        {
            "content": "Reviewed:  https://review.openstack.org/15107\nCommitted: http://github.com/openstack/nova/commit/804f858bfc1c14f7347161975a55c79f0596a7ad\nSubmitter: Jenkins\nBranch:    stable/folsom\n\ncommit 804f858bfc1c14f7347161975a55c79f0596a7ad\nAuthor: Sean Dague <email address hidden>\nDate:   Wed Oct 31 11:25:19 2012 -0400\n\n    pin sqlalchemy to the 0.7.x series\n    \n    sqlalchemy 0.8beta is now out and has internal changes\n    which mean it's not an in place seemless upgrade. This pins\n    sqlalchemy to the 0.7.x series to avoid those breaks.\n    \n    Fixes bug #1073569\n    \n    Change-Id: I35803bc2f2fe6331e18073ff923b74779a7514b5\n", 
            "date_created": "2012-10-31 18:28:27.754290+00:00", 
            "author": "https://api.launchpad.net/1.0/~hudson-openstack"
        }, 
        {
            "content": "Reviewed:  https://review.openstack.org/15109\nCommitted: http://github.com/openstack/glance/commit/ddad2752b3afb480f5be1352cd2ef56739d3cdad\nSubmitter: Jenkins\nBranch:    stable/folsom\n\ncommit ddad2752b3afb480f5be1352cd2ef56739d3cdad\nAuthor: Sean Dague <email address hidden>\nDate:   Wed Oct 31 11:38:47 2012 -0400\n\n    pin sqlalchemy to the 0.7.x series\n    \n    sqlalchemy 0.8beta is now out and has internal changes\n    which mean it's not an in place seemless upgrade. This pins\n    sqlalchemy to the 0.7.x series to avoid those breaks.\n    \n    Fixes bug #1073569\n    \n    Change-Id: Ia8976843a7e0a132fe38e80f2bcb01a16e12b8de\n", 
            "date_created": "2012-10-31 18:28:58.805636+00:00", 
            "author": "https://api.launchpad.net/1.0/~hudson-openstack"
        }, 
        {
            "content": "Reviewed:  https://review.openstack.org/15110\nCommitted: http://github.com/openstack/cinder/commit/1c99b242e97ebc8b46e2a9175091dbe0d117a26c\nSubmitter: Jenkins\nBranch:    stable/folsom\n\ncommit 1c99b242e97ebc8b46e2a9175091dbe0d117a26c\nAuthor: Sean Dague <email address hidden>\nDate:   Wed Oct 31 11:39:40 2012 -0400\n\n    pin sqlalchemy to the 0.7.x series\n    \n    sqlalchemy 0.8beta is now out and has internal changes\n    which means it's not an in place seemless upgrade. This pins\n    sqlalchemy to the 0.7.x series to avoid those breaks.\n    \n    Fixes bug #1073569\n    \n    Change-Id: If204690569eb92b9077833a5da121fc072c6dcfa\n", 
            "date_created": "2012-10-31 18:29:07.604949+00:00", 
            "author": "https://api.launchpad.net/1.0/~hudson-openstack"
        }, 
        {
            "content": "Reviewed:  https://review.openstack.org/15112\nCommitted: http://github.com/openstack/keystone/commit/ee645e62033c1cd97cfa902c41031eb521315009\nSubmitter: Jenkins\nBranch:    stable/folsom\n\ncommit ee645e62033c1cd97cfa902c41031eb521315009\nAuthor: Ionu\u021b Ar\u021b\u0103ri\u0219i <email address hidden>\nDate:   Wed Oct 31 14:32:04 2012 +0100\n\n    pin sqlalchemy to 0.7\n    \n    sqlalchemy 0.8.0b1 breaks some dependencies such as sqlalchemy-migrate, pin the version until we fix them\n    \n    Fixes bug #1073569\n    \n    Change-Id: I6620276bf8f0a7cbc1d51aa226cd33c512e59a48\n", 
            "date_created": "2012-10-31 18:29:14.244388+00:00", 
            "author": "https://api.launchpad.net/1.0/~hudson-openstack"
        }, 
        {
            "content": "Fix proposed to branch: stable/essex\nReview: https://review.openstack.org/15565", 
            "date_created": "2012-11-07 15:40:04.426500+00:00", 
            "author": "https://api.launchpad.net/1.0/~hudson-openstack"
        }, 
        {
            "content": "Reviewed:  https://review.openstack.org/15565\nCommitted: http://github.com/openstack/glance/commit/e6be0615b7c5648da2a96b4addeb11e330628685\nSubmitter: Jenkins\nBranch:    stable/essex\n\ncommit e6be0615b7c5648da2a96b4addeb11e330628685\nAuthor: Sean Dague <email address hidden>\nDate:   Wed Oct 31 09:25:10 2012 -0400\n\n    pin sqlalchemy to the 0.7 series\n    \n    sqlalchemy 0.8 beta has hit mirrors, and changes dependencies, thus\n    breaking jenkins. This pins it to 0.7 series until all the projects\n    agree to move forward to 0.8.\n    \n    Fixes bug #1073569\n    \n    Change-Id: I7b13ef48730e6499442a4a2a9d28b59e0121acf0\n", 
            "date_created": "2012-11-07 18:25:52.735773+00:00", 
            "author": "https://api.launchpad.net/1.0/~hudson-openstack"
        }, 
        {
            "content": "Fix proposed to branch: stable/essex\nReview: https://review.openstack.org/16648", 
            "date_created": "2012-11-21 16:41:10.212814+00:00", 
            "author": "https://api.launchpad.net/1.0/~hudson-openstack"
        }, 
        {
            "content": "Reviewed:  https://review.openstack.org/16648\nCommitted: http://github.com/openstack/keystone/commit/025b1d52e61fff4dff913fc58d0de81712b808b6\nSubmitter: Jenkins\nBranch:    stable/essex\n\ncommit 025b1d52e61fff4dff913fc58d0de81712b808b6\nAuthor: Ionu\u021b Ar\u021b\u0103ri\u0219i <email address hidden>\nDate:   Wed Oct 31 14:32:04 2012 +0100\n\n    pin sqlalchemy to 0.7\n    \n    sqlalchemy 0.8.0b1 breaks some dependencies such as sqlalchemy-migrate, pin the version until we fix them\n    \n    Essex backport note: lower bound is not defined, Essex is known to work\n    with older sqlalchemy versions e.g. precise has 0.7.4\n    \n    Fixes bug #1073569\n    \n    Change-Id: I6620276bf8f0a7cbc1d51aa226cd33c512e59a48\n", 
            "date_created": "2012-11-22 19:17:02.473964+00:00", 
            "author": "https://api.launchpad.net/1.0/~hudson-openstack"
        }, 
        {
            "content": "Hello Ionu\u021b, or anyone else affected,\n\nAccepted cinder into quantal-proposed. The package will build now and be available at http://launchpad.net/ubuntu/+source/cinder/2012.2.1-0ubuntu1 in a few hours, and then in the -proposed repository.\n\nPlease help us by testing this new package.  See https://wiki.ubuntu.com/Testing/EnableProposed for documentation how to enable and use -proposed.  Your feedback will aid us getting this update out to other Ubuntu users.\n\nIf this package fixes the bug for you, please add a comment to this bug, mentioning the version of the package you tested, and change the tag from verification-needed to verification-done. If it does not fix the bug for you, please add a comment stating that, and change the tag to verification-failed.  In either case, details of your testing will help us make a better decision.\n\nFurther information regarding the verification process can be found at https://wiki.ubuntu.com/QATeam/PerformingSRUVerification .  Thank you in advance!", 
            "date_created": "2012-12-13 22:37:19.442837+00:00", 
            "author": "https://api.launchpad.net/1.0/~brian-murray"
        }, 
        {
            "content": "Hello Ionu\u021b, or anyone else affected,\n\nAccepted glance into quantal-proposed. The package will build now and be available at http://launchpad.net/ubuntu/+source/glance/2012.2.1-0ubuntu1 in a few hours, and then in the -proposed repository.\n\nPlease help us by testing this new package.  See https://wiki.ubuntu.com/Testing/EnableProposed for documentation how to enable and use -proposed.  Your feedback will aid us getting this update out to other Ubuntu users.\n\nIf this package fixes the bug for you, please add a comment to this bug, mentioning the version of the package you tested, and change the tag from verification-needed to verification-done. If it does not fix the bug for you, please add a comment stating that, and change the tag to verification-failed.  In either case, details of your testing will help us make a better decision.\n\nFurther information regarding the verification process can be found at https://wiki.ubuntu.com/QATeam/PerformingSRUVerification .  Thank you in advance!", 
            "date_created": "2012-12-28 16:02:13.106850+00:00", 
            "author": "https://api.launchpad.net/1.0/~clint-fewbar"
        }, 
        {
            "content": "Hello Ionu\u021b, or anyone else affected,\n\nAccepted keystone into quantal-proposed. The package will build now and be available at http://launchpad.net/ubuntu/+source/keystone/2012.2.1-0ubuntu1 in a few hours, and then in the -proposed repository.\n\nPlease help us by testing this new package.  See https://wiki.ubuntu.com/Testing/EnableProposed for documentation how to enable and use -proposed.  Your feedback will aid us getting this update out to other Ubuntu users.\n\nIf this package fixes the bug for you, please add a comment to this bug, mentioning the version of the package you tested, and change the tag from verification-needed to verification-done. If it does not fix the bug for you, please add a comment stating that, and change the tag to verification-failed.  In either case, details of your testing will help us make a better decision.\n\nFurther information regarding the verification process can be found at https://wiki.ubuntu.com/QATeam/PerformingSRUVerification .  Thank you in advance!", 
            "date_created": "2012-12-28 16:06:31.091344+00:00", 
            "author": "https://api.launchpad.net/1.0/~clint-fewbar"
        }, 
        {
            "content": "Hello Ionu\u021b, or anyone else affected,\n\nAccepted nova into quantal-proposed. The package will build now and be available at http://launchpad.net/ubuntu/+source/nova/2012.2.1+stable-20121212-a99a802e-0ubuntu1 in a few hours, and then in the -proposed repository.\n\nPlease help us by testing this new package.  See https://wiki.ubuntu.com/Testing/EnableProposed for documentation how to enable and use -proposed.  Your feedback will aid us getting this update out to other Ubuntu users.\n\nIf this package fixes the bug for you, please add a comment to this bug, mentioning the version of the package you tested, and change the tag from verification-needed to verification-done. If it does not fix the bug for you, please add a comment stating that, and change the tag to verification-failed.  In either case, details of your testing will help us make a better decision.\n\nFurther information regarding the verification process can be found at https://wiki.ubuntu.com/QATeam/PerformingSRUVerification .  Thank you in advance!", 
            "date_created": "2012-12-28 16:37:53.173927+00:00", 
            "author": "https://api.launchpad.net/1.0/~clint-fewbar"
        }, 
        {
            "content": "This bug was fixed in the package glance - 2012.2.1-0ubuntu1\n\n---------------\nglance (2012.2.1-0ubuntu1) quantal-proposed; urgency=low\n\n  * Dropped patches, applied upstream:\n    - debian/patches/CVE-2012-4573.patch\n    - debian/patches/CVE-2012-4573b.patch\n  * Resynchronize with stable/folsom (199783ce) (LP: #1085255):\n    - [49408e9] Glance image-delete HTTPInternalServerError HTTP 500\n      (LP: #1075580)\n    - [91aaa48] Image fails to upload to swift: TypeError: object of type\n      'CooperativeReader' has no len( (LP: #1057322)\n    - [a296a5b] Return 403 when admin deletes a deleted image (LP: #1060944)\n    - [3e58a6a] Disallow updating deleted images. (LP: #1060930)\n    - [26c8085] admins can see deleted images in v2 api (LP: #1071446)\n    - [8321ca6] No exclude option to skip tests in run_tests.sh (LP: #1065758)\n    - [c3bea11] Badly named stable/folsom Glance tarballs (LP: #1059634)\n    - [fc0ee76] Non-admin users can cause public glance images to be deleted\n      from the backend storage repository in the v2 api (LP: #1076506)\n    - [90bcdc5] Non-admin users can cause public glance images to be deleted\n      from the backend storage repository (LP: #1065187)\n    - [7841cc9] FakeAuth not always admin\n    - [ddad275] Jenkins jobs fail because of incompatibility between sqlalchemy-\n      migrate and the newest sqlalchemy-0.8.0b1 (LP: #1073569)\n    - [1d5c651] nosetest options cause no such option errors (LP: #1056420)\n    - [ac223e2] Set defaultbranch in .gitreview to stable/folsom\n -- Adam Gandelman <email address hidden>   Tue, 04 Dec 2012 09:19:35 -0800", 
            "date_created": "2013-01-29 13:18:20.261836+00:00", 
            "author": "https://api.launchpad.net/1.0/~janitor"
        }, 
        {
            "content": "This bug was fixed in the package keystone - 2012.2.1-0ubuntu1\n\n---------------\nkeystone (2012.2.1-0ubuntu1) quantal-proposed; urgency=low\n\n  * Ubuntu updates:\n    - debian/control: Ensure keystoneclient is upgraded with keystone,\n      require python-keystoneclient >= 1:0.1.3. (LP: #1073273)\n    - Dropped patches, applied upsteram:\n      - debian/patches/CVE-2012-5563.patch\n      - debian/patches/CVE-2012-5571.patch\n      - debian/patches/fix-ssl-tests-lp1068851.patch\n  * Resynchronize with stable/folsom (7869c3ec) (LP: #1085255):\n    - [f9d4766] token expires time incorrect for auth by one token\n      (LP: #1079216)\n    - [80d63c8] keystone throws error when removing user from tenant.\n      (LP: #1078497)\n    - [37308dd] Removing user from a tenant isn't invalidating user access to\n      tenant (LP: #1064914)\n    - [bec9b68] Redo part of bp/sql-identiy-pam undone by bug 968519\n      (LP: #1068674)\n    - [ee645e6] Jenkins jobs fail because of incompatibility between sqlalchemy-\n      migrate and the newest sqlalchemy-0.8.0b1 (LP: #1073569)\n    - [094c494] Non PKI Tokens longer than 32 characters can never be valid\n      (LP: #1060389)\n    - [3cd343b] Openssl tests rely on expired certificate (LP: #1068851)\n    - [2f9807e] Set defaultbranch in .gitreview to stable/folsom\n -- Adam Gandelman <email address hidden>   Tue, 04 Dec 2012 09:19:41 -0800", 
            "date_created": "2013-01-29 13:20:28.829629+00:00", 
            "author": "https://api.launchpad.net/1.0/~janitor"
        }, 
        {
            "content": "Fix proposed to branch: stable/essex\nReview: https://review.openstack.org/22943", 
            "date_created": "2013-02-26 03:20:54.993541+00:00", 
            "author": "https://api.launchpad.net/1.0/~hudson-openstack"
        }, 
        {
            "content": "Reviewed:  https://review.openstack.org/22943\nCommitted: http://github.com/openstack/nova/commit/87361d34878618a0ffb1cb79bb8ec5a022c82d5f\nSubmitter: Jenkins\nBranch:    stable/essex\n\ncommit 87361d34878618a0ffb1cb79bb8ec5a022c82d5f\nAuthor: Jeremy Stanley <email address hidden>\nDate:   Tue Feb 26 02:51:48 2013 +0000\n\n    Force earlier version of sqlalchemy\n    \n    Fixes bug 1073569\n    \n    Backported from https://review.openstack.org/15097\n    \n    Set the version of sqlalchemy to be earlier than the 0.8 beta as it\n    is incompatible with the latest available sqlalchemy-migrate and as\n    a result run_tests.sh does not run any tests.\n    \n    Change-Id: I3cb367306c4e3801c9979bba0bd03a11fcea9aa2\n", 
            "date_created": "2013-02-26 18:13:10.604750+00:00", 
            "author": "https://api.launchpad.net/1.0/~hudson-openstack"
        }, 
        {
            "content": "Hello Ionu\u021b, or anyone else affected,\n\nAccepted glance into precise-proposed. The package will build now and be available at http://launchpad.net/ubuntu/+source/glance/2012.1.3+stable-20130423-74b067df-0ubuntu1 in a few hours, and then in the -proposed repository.\n\nPlease help us by testing this new package.  See https://wiki.ubuntu.com/Testing/EnableProposed for documentation how to enable and use -proposed.  Your feedback will aid us getting this update out to other Ubuntu users.\n\nIf this package fixes the bug for you, please add a comment to this bug, mentioning the version of the package you tested, and change the tag from verification-needed to verification-done. If it does not fix the bug for you, please add a comment stating that, and change the tag to verification-failed.  In either case, details of your testing will help us make a better decision.\n\nFurther information regarding the verification process can be found at https://wiki.ubuntu.com/QATeam/PerformingSRUVerification .  Thank you in advance!", 
            "date_created": "2013-05-09 23:02:29.196373+00:00", 
            "author": "https://api.launchpad.net/1.0/~brian-murray"
        }, 
        {
            "content": "Hello Ionu\u021b, or anyone else affected,\n\nAccepted nova into precise-proposed. The package will build now and be available at http://launchpad.net/ubuntu/+source/nova/2012.1.3+stable-20130423-e52e6912-0ubuntu1 in a few hours, and then in the -proposed repository.\n\nPlease help us by testing this new package.  See https://wiki.ubuntu.com/Testing/EnableProposed for documentation how to enable and use -proposed.  Your feedback will aid us getting this update out to other Ubuntu users.\n\nIf this package fixes the bug for you, please add a comment to this bug, mentioning the version of the package you tested, and change the tag from verification-needed to verification-done. If it does not fix the bug for you, please add a comment stating that, and change the tag to verification-failed.  In either case, details of your testing will help us make a better decision.\n\nFurther information regarding the verification process can be found at https://wiki.ubuntu.com/QATeam/PerformingSRUVerification .  Thank you in advance!", 
            "date_created": "2013-05-09 23:14:58.303433+00:00", 
            "author": "https://api.launchpad.net/1.0/~brian-murray"
        }, 
        {
            "content": "Hello Ionu\u021b, or anyone else affected,\n\nAccepted keystone into precise-proposed. The package will build now and be available at http://launchpad.net/ubuntu/+source/keystone/2012.1.3+stable-20130423-f48dd0fc-0ubuntu1 in a few hours, and then in the -proposed repository.\n\nPlease help us by testing this new package.  See https://wiki.ubuntu.com/Testing/EnableProposed for documentation how to enable and use -proposed.  Your feedback will aid us getting this update out to other Ubuntu users.\n\nIf this package fixes the bug for you, please add a comment to this bug, mentioning the version of the package you tested, and change the tag from verification-needed to verification-done. If it does not fix the bug for you, please add a comment stating that, and change the tag to verification-failed.  In either case, details of your testing will help us make a better decision.\n\nFurther information regarding the verification process can be found at https://wiki.ubuntu.com/QATeam/PerformingSRUVerification .  Thank you in advance!", 
            "date_created": "2013-05-09 23:26:08.933557+00:00", 
            "author": "https://api.launchpad.net/1.0/~brian-murray"
        }, 
        {
            "content": "Please find the attached test log from the Ubuntu Server Team's CI infrastructure.  As part of the verification process for this bug, Nova has been deployed and configured across multiple nodes using precise-proposed as an installation source.  After successful bring-up and configuration of the cluster, a number of exercises and smoke tests have be invoked to ensure the updated package did not introduce any regressions. A number of test iterations were carried out to catch any possible transient errors.\n\nPlease Note the list of installed packages at the top and bottom of the report.\n\nFor records of upstream test coverage of this update, please see the Jenkins links in the comments of the relevant  upstream code-review(s):\n\nTrunk review: https://review.openstack.org/15098\nStable review: https://review.openstack.org/22943\n\nAs per the provisional Micro Release Exception granted to this package by the Technical Board, we hope this contributes toward verification of this update.", 
            "date_created": "2013-05-16 07:30:13.440152+00:00", 
            "author": "https://api.launchpad.net/1.0/~yolanda.robla"
        }, 
        {
            "content": "Test coverage log.", 
            "date_created": "2013-05-16 07:30:19.442895+00:00", 
            "author": "https://api.launchpad.net/1.0/~yolanda.robla"
        }, 
        {
            "content": "Please find the attached test log from the Ubuntu Server Team's CI infrastructure.  As part of the verification process for this bug, Nova has been deployed and configured across multiple nodes using precise-proposed as an installation source.  After successful bring-up and configuration of the cluster, a number of exercises and smoke tests have be invoked to ensure the updated package did not introduce any regressions. A number of test iterations were carried out to catch any possible transient errors.\n\nPlease Note the list of installed packages at the top and bottom of the report.\n\nFor records of upstream test coverage of this update, please see the Jenkins links in the comments of the relevant  upstream code-review(s):\n\nTrunk review: https://review.openstack.org/15098\nStable review: https://review.openstack.org/22943\n\nAs per the provisional Micro Release Exception granted to this package by the Technical Board, we hope this contributes toward verification of this update.", 
            "date_created": "2013-05-16 07:32:34.522201+00:00", 
            "author": "https://api.launchpad.net/1.0/~yolanda.robla"
        }, 
        {
            "content": "Test coverage log.", 
            "date_created": "2013-05-16 07:32:40.373269+00:00", 
            "author": "https://api.launchpad.net/1.0/~yolanda.robla"
        }, 
        {
            "content": "Please find the attached test log from the Ubuntu Server Team's CI infrastructure.  As part of the verification process for this bug, Glance has been deployed and configured across multiple nodes using precise-proposed as an installation source.  After successful bring-up and configuration of the cluster, a number of exercises and smoke tests have be invoked to ensure the updated package did not introduce any regressions. A number of test iterations were carried out to catch any possible transient errors.\n\nPlease Note the list of installed packages at the top and bottom of the report.\n\nFor records of upstream test coverage of this update, please see the Jenkins links in the comments of the relevant  upstream code-review(s):\n\nTrunk review: https://review.openstack.org/15098\nStable review: https://review.openstack.org/22943\n\nAs per the provisional Micro Release Exception granted to this package by the Technical Board, we hope this contributes toward verification of this update.", 
            "date_created": "2013-05-16 07:38:05.332589+00:00", 
            "author": "https://api.launchpad.net/1.0/~yolanda.robla"
        }, 
        {
            "content": "Test coverage log.", 
            "date_created": "2013-05-16 07:38:10.529999+00:00", 
            "author": "https://api.launchpad.net/1.0/~yolanda.robla"
        }, 
        {
            "content": "The verification of this Stable Release Update has completed successfully and the package has now been released to -updates.  Subsequently, the Ubuntu Stable Release Updates Team is being unsubscribed and will not receive messages about this bug report.  In the event that you encounter a regression using the package from -updates please report a new bug using ubuntu-bug and tag the bug report regression-update so we can easily find any regresssions.", 
            "date_created": "2013-05-16 17:26:33.082098+00:00", 
            "author": "https://api.launchpad.net/1.0/~kitterman"
        }
    ], 
    "closed": "2012-11-21 09:48:56.064794+00:00"
}