{
    "status": "Invalid", 
    "last_updated": "2014-12-10 22:17:15.143765+00:00", 
    "description": " Traceback (most recent call last):\n   File \"tempest/api/compute/servers/test_server_actions.py\", line 419, in test_lock_unlock_server\n     self.servers_client.wait_for_server_status(self.server_id, 'ACTIVE')\n   File \"tempest/services/compute/xml/servers_client.py\", line 371, in wait_for_server_status\n     raise_on_error=raise_on_error)\n   File \"tempest/common/waiters.py\", line 89, in wait_for_server_status\n    raise exceptions.TimeoutException(message)\n TimeoutException: Request timed out\n Details: Server c73d5bba-4f88-4279-8de6-9c66844e72e2 failed to reach ACTIVE status and task state \"None\" within the required time (196 s). Current status: SHUTOFF. Current task state: None.\n\nSource: http://logs.openstack.org/47/70647/3/gate/gate-tempest-dsvm-full/b8607e6/console.html", 
    "tags": [
        "libvirt", 
        "testing"
    ], 
    "importance": "Medium", 
    "heat": 14, 
    "link": "https://bugs.launchpad.net/nova/+bug/1276778", 
    "owner": "None", 
    "id": 1276778, 
    "index": 3791, 
    "openned": "2014-02-05 19:42:28.814203+00:00", 
    "created": "2014-02-05 19:42:15.662685+00:00", 
    "title": "test_lock_unlock_server: failed to reach ACTIVE status and task state 'None' within the required time", 
    "comments": [
        {
            "content": " Traceback (most recent call last):\n   File \"tempest/api/compute/servers/test_server_actions.py\", line 419, in test_lock_unlock_server\n     self.servers_client.wait_for_server_status(self.server_id, 'ACTIVE')\n   File \"tempest/services/compute/xml/servers_client.py\", line 371, in wait_for_server_status\n     raise_on_error=raise_on_error)\n   File \"tempest/common/waiters.py\", line 89, in wait_for_server_status\n    raise exceptions.TimeoutException(message)\n TimeoutException: Request timed out\n Details: Server c73d5bba-4f88-4279-8de6-9c66844e72e2 failed to reach ACTIVE status and task state \"None\" within the required time (196 s). Current status: SHUTOFF. Current task state: None.\n\nSource: http://logs.openstack.org/47/70647/3/gate/gate-tempest-dsvm-full/b8607e6/console.html", 
            "date_created": "2014-02-05 19:42:15.662685+00:00", 
            "author": "https://api.launchpad.net/1.0/~dolph"
        }, 
        {
            "content": "logstash query: https://review.openstack.org/#/c/71357/", 
            "date_created": "2014-02-05 19:51:13.873996+00:00", 
            "author": "https://api.launchpad.net/1.0/~dolph"
        }, 
        {
            "content": "This is similar to this bug:\n Timeout in test_rescued_vm_add_remove_security_group \nhttps://bugs.launchpad.net/tempest/+bug/1255511", 
            "date_created": "2014-02-06 03:26:14.970546+00:00", 
            "author": "https://api.launchpad.net/1.0/~igawa"
        }, 
        {
            "content": "Looks like a tempest test issue, but marking it as high, as it affects our gate.", 
            "date_created": "2014-02-07 13:57:47.514879+00:00", 
            "author": "https://api.launchpad.net/1.0/~johngarbutt"
        }, 
        {
            "content": "Similar issue/fix to this one?\nhttps://bugs.launchpad.net/nova/+bug/1277027", 
            "date_created": "2014-02-07 13:58:55.353361+00:00", 
            "author": "https://api.launchpad.net/1.0/~johngarbutt"
        }, 
        {
            "content": "This is too vague of a bug,  too many things can cause this type of error", 
            "date_created": "2014-02-08 02:25:08.925313+00:00", 
            "author": "https://api.launchpad.net/1.0/~jogo"
        }, 
        {
            "content": "I faced this problem and it is duplicated with 1254872 because of the cause.\nThe log is http://logs.openstack.org/97/71197/2/gate/gate-tempest-dsvm-full/7498458/logs/", 
            "date_created": "2014-02-20 04:57:53.087920+00:00", 
            "author": "https://api.launchpad.net/1.0/~oomichi"
        }, 
        {
            "content": "http://logs.openstack.org/85/75385/2/gate/gate-tempest-dsvm-postgres-full/2e4c8ff/console.html\n Details: Server c33b2ea4-df9d-491d-bb86-51bfda12536a failed to reach ACTIVE status and task state \"None\" within the required time (196 s). Current status: SUSPENDED. Current task state: None.\n\nRequest for resume:\nhttp://logs.openstack.org/85/75385/2/gate/gate-tempest-dsvm-postgres-full/2e4c8ff/console.html#_2014-03-12_23_29_43_452\nrequest id: req-0e7f3ab7-6925-41ba-ba18-3ce06c5d6342\n\nRequest reached the n-cpu:\nhttp://logs.openstack.org/85/75385/2/gate/gate-tempest-dsvm-postgres-full/2e4c8ff/logs/screen-n-cpu.txt.gz#_2014-03-12_23_11_06_076\nhttp://logs.openstack.org/85/75385/2/gate/gate-tempest-dsvm-postgres-full/2e4c8ff/logs/screen-n-cpu.txt.gz#_2014-03-12_23_11_06_096\n\nn-cpu frequently forget to finish or report completeness of an actions, regardless to the action. So I do not create new bug with 'resume' action.", 
            "date_created": "2014-03-13 04:44:17.068984+00:00", 
            "author": "https://api.launchpad.net/1.0/~afazekas"
        }, 
        {
            "content": "Error line is similar, but this time in create_test_server:\n\nhttp://logs.openstack.org/56/84456/16/check/check-tempest-dsvm-postgres-full/e2a52ba/console.html\n\n 2014-04-03 07:28:10.681 | ====================================================================== \n 2014-04-03 07:28:10.681 | FAIL: setUpClass (tempest.api.compute.floating_ips.test_floating_ips_actions_negative.FloatingIPsNegativeTestJSON)\n 2014-04-03 07:28:10.681 | setUpClass (tempest.api.compute.floating_ips.test_floating_ips_actions_negative.FloatingIPsNegativeTestJSON)\n 2014-04-03 07:28:10.681 | ----------------------------------------------------------------------\n 2014-04-03 07:28:10.681 | _StringException: Traceback (most recent call last):\n 2014-04-03 07:28:10.681 |   File \"tempest/api/compute/floating_ips/test_floating_ips_actions_negative.py\", line 36, in setUpClass\n 2014-04-03 07:28:10.681 |     resp, server = cls.create_test_server(wait_until='ACTIVE')\n 2014-04-03 07:28:10.681 |   File \"tempest/api/compute/base.py\", line 160, in create_test_server \n 2014-04-03 07:28:10.681 |     raise ex\n 2014-04-03 07:28:10.681 | TimeoutException: Request timed out\n 2014-04-03 07:28:10.681 | Details: Server fb667f44-8e02-4dcd-8a38-4dacddbd4f21 failed to reach ACTIVE status and task state  \"None\" within the required time (196 s). Current status: BUILD. Current task state: None.\n\n", 
            "date_created": "2014-04-03 07:36:33.595608+00:00", 
            "author": "https://api.launchpad.net/1.0/~cschwede"
        }, 
        {
            "content": "Similar failure for tempest.api.compute.v3.servers.test_servers_negative.ServersNegativeV3Test at [1]:\n\nDetails: Server 55d88258-9be1-4db6-96f0-753ac501cf48 failed to reach ACTIVE status and task state \"None\" within the required time (196 s). Current status: SUSPENDED. Current task state: resuming.\n2014-05-02 23:15:33.477 18339 TRACE tempest.api.compute.base Traceback (most recent call last):\n2014-05-02 23:15:33.477 18339 TRACE tempest.api.compute.base   File \"tempest/api/compute/base.py\", line 106, in server_check_teardown\n2014-05-02 23:15:33.477 18339 TRACE tempest.api.compute.base     'ACTIVE')\n2014-05-02 23:15:33.477 18339 TRACE tempest.api.compute.base   File \"tempest/services/compute/v3/json/servers_client.py\", line 170, in wait_for_server_status\n2014-05-02 23:15:33.477 18339 TRACE tempest.api.compute.base     raise_on_error=raise_on_error)\n2014-05-02 23:15:33.477 18339 TRACE tempest.api.compute.base   File \"tempest/common/waiters.py\", line 89, in wait_for_server_status\n2014-05-02 23:15:33.477 18339 TRACE tempest.api.compute.base     raise exceptions.TimeoutException(message)\n2014-05-02 23:15:33.477 18339 TRACE tempest.api.compute.base TimeoutException: Request timed out\n2014-05-02 23:15:33.477 18339 TRACE tempest.api.compute.base Details: Server 55d88258-9be1-4db6-96f0-753ac501cf48 failed to reach ACTIVE status and task state \"None\" within the required time (196 s). Current status: SUSPENDED. Current task state: resuming.\n2014-05-02 23:15:33.477 18339 TRACE tempest.api.compute.base \n\n[1]: https://review.openstack.org/#/c/91067/", 
            "date_created": "2014-05-05 09:07:48.619129+00:00", 
            "author": "https://api.launchpad.net/1.0/~ihar-hrachyshka"
        }, 
        {
            "content": "Investigating a recent incident of this, I found the following suspicious lines in libvirtd.txt, but that file is not ingested by logstash, so I can't run investigative queries on it, much less an e-r query.\n\n50:2014-07-12 06:25:07.088+0000: 13236: error : virCommandWait:2399 : internal error: Child process (/usr/lib/libvirt/virt-aa-helper -R -u libvirt-54452dc4-cf93-4299-9fcd-021a204ebd43) unexpected exit status 1: virt-aa-helper: error: profile does not exist\n52:2014-07-12 06:25:07.089+0000: 13236: error : AppArmorRestoreSecurityAllLabel:560 : internal error: could not remove profile for 'libvirt-54452dc4-cf93-4299-9fcd-021a204ebd43'\n53:2014-07-12 06:25:13.186+0000: 13239: error : virCommandWait:2399 : internal error: Child process (/usr/lib/libvirt/virt-aa-helper -p 0 -c -u libvirt-54452dc4-cf93-4299-9fcd-021a204ebd43) unexpected exit status 1: virt-aa-helper: error: apparmor_parser exited with error\n55:2014-07-12 06:25:13.186+0000: 13239: error : AppArmorGenSecurityLabel:451 : internal error: cannot load AppArmor profile 'libvirt-54452dc4-cf93-4299-9fcd-021a204ebd43'\n\nsource: logs.openstack.org/43/106543/1/check/check-tempest-dsvm-postgres-full/8abfb25/logs/libvirtd.txt.gz", 
            "date_created": "2014-07-18 19:46:52.677155+00:00", 
            "author": "https://api.launchpad.net/1.0/~dolph"
        }, 
        {
            "content": "Searching for \n\nfailed to reach ACTIVE status and task state \"None\"\n\nshows a lot of different bug tickets. This does not seem like a tempest bug.", 
            "date_created": "2014-09-09 15:34:28.469873+00:00", 
            "author": "https://api.launchpad.net/1.0/~david-kranz"
        }, 
        {
            "content": "not seeing any hits for the query message:\"Current status: SHUTOFF. Current task state: None.\" outside of the experimental queue so looks like this isn't an issue anymore.", 
            "date_created": "2014-12-10 22:17:07.024035+00:00", 
            "author": "https://api.launchpad.net/1.0/~jogo"
        }
    ], 
    "closed": "2014-12-10 22:17:11.761861+00:00"
}