{
    "status": "Invalid", 
    "last_updated": "2014-03-21 22:13:47.685177+00:00", 
    "description": "http://logs.openstack.org/59/43459/3/gate/gate-tempest-devstack-vm-full/e57504d/console.html\n\n2013-08-27 14:39:29.384 | ======================================================================\n2013-08-27 14:39:29.384 | FAIL: setUpClass (tempest.api.compute.test_authorization.AuthorizationTestJSON)\n2013-08-27 14:39:29.385 | setUpClass (tempest.api.compute.test_authorization.AuthorizationTestJSON)\n2013-08-27 14:39:29.385 | ----------------------------------------------------------------------\n2013-08-27 14:39:29.385 | _StringException: Traceback (most recent call last):\n2013-08-27 14:39:29.386 |   File \"tempest/api/compute/test_authorization.py\", line 66, in setUpClass\n2013-08-27 14:39:29.386 |     cls.images_client.wait_for_image_status(image_id, 'ACTIVE')\n2013-08-27 14:39:29.386 |   File \"tempest/services/compute/json/images_client.py\", line 110, in wait_for_image_status\n2013-08-27 14:39:29.386 |     raise exceptions.TimeoutException\n2013-08-27 14:39:29.386 | TimeoutException: Request timed out\n2013-08-27 14:39:29.386 | \n2013-08-27 14:39:29.387 | \n2013-08-27 14:39:29.387 | ======================================================================\n2013-08-27 14:39:29.388 | FAIL: process-returncode\n2013-08-27 14:39:29.388 | process-returncode\n2013-08-27 14:39:29.416 | ----------------------------------------------------------------------\n2013-08-27 14:39:29.416 | _StringException: Binary content:\n2013-08-27 14:39:29.416 |   traceback (test/plain; charset=\"utf8\")\n2013-08-27 14:39:29.416 | \n2013-08-27 14:39:29.417 | \n2013-08-27 14:39:29.417 | ----------------------------------------------------------------------\n2013-08-27 14:39:29.418 | Ran 1152 tests in 968.915s\n2013-08-27 14:39:29.418 | \n2013-08-27 14:39:29.419 | FAILED (failures=2, skipped=67)", 
    "tags": [
        "testing"
    ], 
    "importance": "Undecided", 
    "heat": 6, 
    "link": "https://bugs.launchpad.net/nova/+bug/1217432", 
    "owner": "None", 
    "id": 1217432, 
    "index": 5285, 
    "openned": "2013-12-12 23:26:59.538544+00:00", 
    "created": "2013-08-27 15:49:45.607063+00:00", 
    "title": "timeout on AuthorizationTestJSON", 
    "comments": [
        {
            "content": "http://logs.openstack.org/59/43459/3/gate/gate-tempest-devstack-vm-full/e57504d/console.html\n\n2013-08-27 14:39:29.384 | ======================================================================\n2013-08-27 14:39:29.384 | FAIL: setUpClass (tempest.api.compute.test_authorization.AuthorizationTestJSON)\n2013-08-27 14:39:29.385 | setUpClass (tempest.api.compute.test_authorization.AuthorizationTestJSON)\n2013-08-27 14:39:29.385 | ----------------------------------------------------------------------\n2013-08-27 14:39:29.385 | _StringException: Traceback (most recent call last):\n2013-08-27 14:39:29.386 |   File \"tempest/api/compute/test_authorization.py\", line 66, in setUpClass\n2013-08-27 14:39:29.386 |     cls.images_client.wait_for_image_status(image_id, 'ACTIVE')\n2013-08-27 14:39:29.386 |   File \"tempest/services/compute/json/images_client.py\", line 110, in wait_for_image_status\n2013-08-27 14:39:29.386 |     raise exceptions.TimeoutException\n2013-08-27 14:39:29.386 | TimeoutException: Request timed out\n2013-08-27 14:39:29.386 | \n2013-08-27 14:39:29.387 | \n2013-08-27 14:39:29.387 | ======================================================================\n2013-08-27 14:39:29.388 | FAIL: process-returncode\n2013-08-27 14:39:29.388 | process-returncode\n2013-08-27 14:39:29.416 | ----------------------------------------------------------------------\n2013-08-27 14:39:29.416 | _StringException: Binary content:\n2013-08-27 14:39:29.416 |   traceback (test/plain; charset=\"utf8\")\n2013-08-27 14:39:29.416 | \n2013-08-27 14:39:29.417 | \n2013-08-27 14:39:29.417 | ----------------------------------------------------------------------\n2013-08-27 14:39:29.418 | Ran 1152 tests in 968.915s\n2013-08-27 14:39:29.418 | \n2013-08-27 14:39:29.419 | FAILED (failures=2, skipped=67)", 
            "date_created": "2013-08-27 15:49:45.607063+00:00", 
            "author": "https://api.launchpad.net/1.0/~jpeeler-z"
        }, 
        {
            "content": "This is a glance call that's failing to allocate the image", 
            "date_created": "2013-12-12 23:28:41.177817+00:00", 
            "author": "https://api.launchpad.net/1.0/~sdague"
        }, 
        {
            "content": "1 hits in 7 days for this query:\n\nmessage:\"FAIL: setUpClass (tempest.api.compute.test_authorization.AuthorizationTestJSON)\" AND filename:\"console.html\" AND build_queue:\"gate\"\n\nhttp://logstash.openstack.org/#eyJzZWFyY2giOiJtZXNzYWdlOlwiRkFJTDogc2V0VXBDbGFzcyAodGVtcGVzdC5hcGkuY29tcHV0ZS50ZXN0X2F1dGhvcml6YXRpb24uQXV0aG9yaXphdGlvblRlc3RKU09OKVwiIEFORCBmaWxlbmFtZTpcImNvbnNvbGUuaHRtbFwiIEFORCBidWlsZF9xdWV1ZTpcImdhdGVcIiIsImZpZWxkcyI6W10sIm9mZnNldCI6MCwidGltZWZyYW1lIjoiNjA0ODAwIiwiZ3JhcGhtb2RlIjoiY291bnQiLCJ0aW1lIjp7InVzZXJfaW50ZXJ2YWwiOjB9LCJzdGFtcCI6MTM5MDc2OTYxMDQxN30=\n\nIn the one hit, it's here:\n\nhttp://logs.openstack.org/49/55449/14/gate/gate-tempest-dsvm-full/7154785/console.html.gz#_2014-01-24_17_45_54_416\n\nBut there are 58 failures in that run so I'm not sure it's a good one to base this on.\n\nIs this still a valid bug?", 
            "date_created": "2014-01-26 20:56:16.473699+00:00", 
            "author": "https://api.launchpad.net/1.0/~mriedem"
        }, 
        {
            "content": "Given how long ago this was reported and how it's dropped from the gate as far as I can tell, marking it incomplete.  Re-open or file a new bug if it shows up again.", 
            "date_created": "2014-01-26 21:00:40.354635+00:00", 
            "author": "https://api.launchpad.net/1.0/~mriedem"
        }, 
        {
            "content": "More than 7 hit in the past 7d on the same query.", 
            "date_created": "2014-03-19 13:45:05.118025+00:00", 
            "author": "https://api.launchpad.net/1.0/~afazekas"
        }, 
        {
            "content": "This failure is too vague, a failure in a setup class can be due to too many things. A spot check of logstash hits shows failures due to:\n\n* A full disk\n* Other bugs (libvirt etc).", 
            "date_created": "2014-03-21 22:13:16.911236+00:00", 
            "author": "https://api.launchpad.net/1.0/~jogo"
        }
    ], 
    "closed": "2014-03-21 22:13:45.709180+00:00"
}