{
    "status": "Fix Released", 
    "last_updated": "2012-04-05 10:14:21.311275+00:00", 
    "description": "I ran into this in RHEL 6.2 with nova/run_tests.sh in the non-virtual environment. Test \"test_destroy_saved\" in test_libvirt.py fails because its instance is missing a 'uuid' field. The instance eventually gets logged, but since it doesn't have a 'uuid' field, the test dies in the logger.\n\nAdding a 'uuid' field with a value of zero (around line 1157) gets the test to complete. \n\nHere's the trace.\n\n./run_tests.sh -N\n\n======================================================================\nERROR: test_destroy_saved (nova.tests.test_libvirt.LibvirtConnTestCase)\n----------------------------------------------------------------------\nTraceback (most recent call last):\n  File \"/tmp/kens/nova/app/nova/test.py\", line 87, in _skipper\n    func(*args, **kw)\n  File \"/tmp/kens/nova/app/nova/tests/test_libvirt.py\", line 1158, in test_destroy_saved\n    conn.destroy(instance, [])\n  File \"/tmp/kens/nova/app/nova/virt/libvirt/connection.py\", line 422, in destroy\n    cleanup=True)\n  File \"/tmp/kens/nova/app/nova/virt/libvirt/connection.py\", line 404, in _destroy\n    network_info=network_info)\n  File \"/tmp/kens/nova/app/nova/virt/libvirt/firewall.py\", line 493, in unfilter_instance\n    'filtered'), instance=instance)\n  File \"/tmp/kens/nova/app/nova/log.py\", line 203, in info\n    self._update_extra(kwargs)\n  File \"/tmp/kens/nova/app/nova/log.py\", line 181, in _update_extra\n    % params['instance'])})\nKeyError: 'uuid'", 
    "tags": [], 
    "importance": "Undecided", 
    "heat": 28, 
    "link": "https://bugs.launchpad.net/nova/+bug/931794", 
    "owner": "https://api.launchpad.net/1.0/~mikal", 
    "id": 931794, 
    "index": 3837, 
    "openned": "2012-02-13 23:15:16.762066+00:00", 
    "created": "2012-02-13 23:15:16.762066+00:00", 
    "title": "test_libvirt missing uuid field in instance", 
    "comments": [
        {
            "content": "I ran into this in RHEL 6.2 with nova/run_tests.sh in the non-virtual environment. Test \"test_destroy_saved\" in test_libvirt.py fails because its instance is missing a 'uuid' field. The instance eventually gets logged, but since it doesn't have a 'uuid' field, the test dies in the logger.\n\nAdding a 'uuid' field with a value of zero (around line 1157) gets the test to complete. \n\nHere's the trace.\n\n./run_tests.sh -N\n\n======================================================================\nERROR: test_destroy_saved (nova.tests.test_libvirt.LibvirtConnTestCase)\n----------------------------------------------------------------------\nTraceback (most recent call last):\n  File \"/tmp/kens/nova/app/nova/test.py\", line 87, in _skipper\n    func(*args, **kw)\n  File \"/tmp/kens/nova/app/nova/tests/test_libvirt.py\", line 1158, in test_destroy_saved\n    conn.destroy(instance, [])\n  File \"/tmp/kens/nova/app/nova/virt/libvirt/connection.py\", line 422, in destroy\n    cleanup=True)\n  File \"/tmp/kens/nova/app/nova/virt/libvirt/connection.py\", line 404, in _destroy\n    network_info=network_info)\n  File \"/tmp/kens/nova/app/nova/virt/libvirt/firewall.py\", line 493, in unfilter_instance\n    'filtered'), instance=instance)\n  File \"/tmp/kens/nova/app/nova/log.py\", line 203, in info\n    self._update_extra(kwargs)\n  File \"/tmp/kens/nova/app/nova/log.py\", line 181, in _update_extra\n    % params['instance'])})\nKeyError: 'uuid'", 
            "date_created": "2012-02-13 23:15:16.762066+00:00", 
            "author": "https://api.launchpad.net/1.0/~krt"
        }, 
        {
            "content": "Ken -- I introduced this bug, and I'm happy to fix it if you're not actively working on it already. It should just be a case of adding a uuid to the fake instance in whatever unit test this is. It should have that anyways, because uuids are used all over the place now.", 
            "date_created": "2012-02-14 07:38:28.503448+00:00", 
            "author": "https://api.launchpad.net/1.0/~mikal"
        }, 
        {
            "content": "Actually, I thought about this some more and because this is a failure of a unit test on master I've stolen the bug and sent off a review with the fix. Sorry to stomp on you... The review is https://review.openstack.org/#change,4130 .", 
            "date_created": "2012-02-14 08:33:27.646292+00:00", 
            "author": "https://api.launchpad.net/1.0/~mikal"
        }, 
        {
            "content": "No problem, I had a fix ready to go (with a fake uuid as you described) but I'm having issues getting signed up to submit it for review.  I'm glad that a fix got in without me holding things up. Thanks!", 
            "date_created": "2012-02-14 18:03:42.522016+00:00", 
            "author": "https://api.launchpad.net/1.0/~krt"
        }
    ], 
    "closed": "2012-02-29 10:27:29.190803+00:00"
}