{
    "status": "Fix Released", 
    "last_updated": "2012-04-05 09:48:54.787651+00:00", 
    "description": "Some unit tests related to keypairs fail on RHEL6.1:\n\nCloudTestCase\n    test_delete_key_pair                                        ERROR\n    test_describe_key_pairs                                     ERROR\n    test_import_public_key                                      ERROR\n    test_key_generation                                         ERROR\n\nKeypairsTest\n    test_keypair_create                                         FAIL\n    test_keypair_import                                         FAIL\n\nThe trace looks like: \n\n======================================================================\nERROR: test_delete_key_pair (api.ec2.test_cloud.CloudTestCase)\n----------------------------------------------------------------------\nTraceback (most recent call last):\n  File \"/home/lorin/nova/nova/tests/api/ec2/test_cloud.py\", line 1200, in test_delete_key_pair\n    self._create_key('test')\n  File \"/home/lorin/nova/nova/tests/api/ec2/test_cloud.py\", line 144, in _create_key\n    return cloud._gen_key(self.context, self.context.user_id, name)\n  File \"/home/lorin/nova/nova/api/ec2/cloud.py\", line 73, in _gen_key\n    private_key, public_key, fingerprint = crypto.generate_key_pair()\n  File \"/home/lorin/nova/nova/crypto.py\", line 119, in generate_key_pair\n    '-f', keyfile)\n  File \"/home/lorin/nova/nova/utils.py\", line 180, in execute\n    result = obj.communicate()\n  File \"/usr/lib64/python2.6/subprocess.py\", line 725, in communicate\n    stdout, stderr = self._communicate(input, endtime)\n  File \"/usr/lib64/python2.6/subprocess.py\", line 1322, in _communicate\n    self.wait(timeout=self._remaining_time(endtime))\nTypeError: wait() got an unexpected keyword argument 'timeout'\n\n\nThis is a known issue related to a bug in eventlet. \n\nMailing list discussion: http://<email address hidden>/msg02545.html\n\nUpstream bug reported: \nhttps://bitbucket.org/which_linden/eventlet/issue/89/add-a-timeout-argument-to-subprocesspopen", 
    "tags": [], 
    "importance": "Medium", 
    "heat": 6, 
    "link": "https://bugs.launchpad.net/nova/+bug/884915", 
    "owner": "https://api.launchpad.net/1.0/~lorinh", 
    "id": 884915, 
    "index": 2617, 
    "created": "2011-11-01 20:29:48.386134+00:00", 
    "title": "Some keypair-related unit tests fail on RHEL6.1", 
    "comments": [
        {
            "content": "Some unit tests related to keypairs fail on RHEL6.1:\n\nCloudTestCase\n    test_delete_key_pair                                        ERROR\n    test_describe_key_pairs                                     ERROR\n    test_import_public_key                                      ERROR\n    test_key_generation                                         ERROR\n\nKeypairsTest\n    test_keypair_create                                         FAIL\n    test_keypair_import                                         FAIL\n\nThe trace looks like: \n\n======================================================================\nERROR: test_delete_key_pair (api.ec2.test_cloud.CloudTestCase)\n----------------------------------------------------------------------\nTraceback (most recent call last):\n  File \"/home/lorin/nova/nova/tests/api/ec2/test_cloud.py\", line 1200, in test_delete_key_pair\n    self._create_key('test')\n  File \"/home/lorin/nova/nova/tests/api/ec2/test_cloud.py\", line 144, in _create_key\n    return cloud._gen_key(self.context, self.context.user_id, name)\n  File \"/home/lorin/nova/nova/api/ec2/cloud.py\", line 73, in _gen_key\n    private_key, public_key, fingerprint = crypto.generate_key_pair()\n  File \"/home/lorin/nova/nova/crypto.py\", line 119, in generate_key_pair\n    '-f', keyfile)\n  File \"/home/lorin/nova/nova/utils.py\", line 180, in execute\n    result = obj.communicate()\n  File \"/usr/lib64/python2.6/subprocess.py\", line 725, in communicate\n    stdout, stderr = self._communicate(input, endtime)\n  File \"/usr/lib64/python2.6/subprocess.py\", line 1322, in _communicate\n    self.wait(timeout=self._remaining_time(endtime))\nTypeError: wait() got an unexpected keyword argument 'timeout'\n\n\nThis is a known issue related to a bug in eventlet. \n\nMailing list discussion: http://<email address hidden>/msg02545.html\n\nUpstream bug reported: \nhttps://bitbucket.org/which_linden/eventlet/issue/89/add-a-timeout-argument-to-subprocesspopen", 
            "date_created": "2011-11-01 20:29:48.386134+00:00", 
            "author": "https://api.launchpad.net/1.0/~lorinh"
        }, 
        {
            "content": "Proposed workaround: https://review.openstack.org/1249", 
            "date_created": "2011-11-09 02:29:47.014901+00:00", 
            "author": "https://api.launchpad.net/1.0/~lorinh"
        }, 
        {
            "content": "Reviewed:  https://review.openstack.org/1249\nCommitted: http://github.com/openstack/nova/commit/9175822ffeb89268afc6db7900f8b45d738e108c\nSubmitter: Jenkins\nBranch:    master\n\n status fixcommitted\n done\n\ncommit 9175822ffeb89268afc6db7900f8b45d738e108c\nAuthor: Lorin Hochstein <email address hidden>\nDate:   Wed Nov 9 14:00:55 2011 -0500\n\n    Workaround for eventlet bug with unit tests in RHEL6.1.\n    \n    This adds a patch to fix the broken eventlet code that's installed in the\n    virtualenv.\n    \n    Fixes bug 884915\n    \n    Change-Id: I6dbf755abbc5a52208de3dd892257ce39686d396\n", 
            "date_created": "2011-11-09 22:03:56+00:00", 
            "author": "https://api.launchpad.net/1.0/~openstack-gerrit"
        }
    ]
}