{
    "status": "Invalid", 
    "last_updated": "2014-09-17 14:49:18.408888+00:00", 
    "description": "jenkins py26 unit test failed:\n\n2014-07-31 12:12:40.050 | Traceback (most recent call last):\n2014-07-31 12:12:40.050 |   File \"nova/tests/integrated/test_api_samples.py\", line 103, in setUp\n2014-07-31 12:12:40.050 |     super(ApiSampleTestBaseV2, self).setUp()\n2014-07-31 12:12:40.050 |   File \"nova/tests/integrated/integrated_helpers.py\", line 67, in setUp\n2014-07-31 12:12:40.050 |     super(_IntegratedTestBase, self).setUp()\n2014-07-31 12:12:40.050 |   File \"nova/tests/virt/baremetal/db/base.py\", line 49, in setUp\n2014-07-31 12:12:40.051 |     sqlite_clean_db=None)\n2014-07-31 12:12:40.200 |   File \"nova/test.py\", line 98, in __init__\n2014-07-31 12:12:40.200 |     if db_migrate.db_version() > db_migrate.db_initial_version():\n2014-07-31 12:12:40.200 |   File \"nova/virt/baremetal/db/migration.py\", line 35, in db_version\n2014-07-31 12:12:40.200 |     return IMPL.db_version()\n2014-07-31 12:12:40.200 |   File \"nova/utils.py\", line 426, in __getattr__\n2014-07-31 12:12:40.201 |     backend = self.__get_backend()\n2014-07-31 12:12:40.201 |   File \"nova/utils.py\", line 422, in __get_backend\n2014-07-31 12:12:40.201 |     self.__backend = __import__(name, None, None, fromlist)\n2014-07-31 12:12:40.201 | ImportError: No module named migration\n2014-07-31 12:12:40.201 | ======================================================================\n2014-07-31 12:12:40.201 | FAIL: nova.tests.integrated.test_api_samples.BareMetalNodesXmlTest.test_delete_node\n2014-07-31 12:12:40.201 | tags: worker-3\n2014-07-31 12:12:40.201 | ----------------------------------------------------------------------\n2014-07-31 12:12:40.201 | Empty attachments:\n2014-07-31 12:12:40.201 |   pythonlogging:''\n2014-07-31 12:12:40.201 |   stderr\n2014-07-31 12:12:40.202 |   stdout\n2014-07-31 12:12:40.202 | \n2014-07-31 12:12:40.202 | Traceback (most recent call last):\n2014-07-31 12:12:40.202 |   File \"nova/tests/integrated/test_api_samples.py\", line 103, in setUp\n2014-07-31 12:12:40.202 |     super(ApiSampleTestBaseV2, self).setUp()\n2014-07-31 12:12:40.202 |   File \"nova/tests/integrated/integrated_helpers.py\", line 67, in setUp\n2014-07-31 12:12:40.202 |     super(_IntegratedTestBase, self).setUp()\n2014-07-31 12:12:40.202 |   File \"nova/tests/virt/baremetal/db/base.py\", line 49, in setUp\n2014-07-31 12:12:40.202 |     sqlite_clean_db=None)\n2014-07-31 12:12:40.202 |   File \"nova/test.py\", line 98, in __init__\n2014-07-31 12:12:40.202 |     if db_migrate.db_version() > db_migrate.db_initial_version():\n2014-07-31 12:12:40.202 |   File \"nova/virt/baremetal/db/migration.py\", line 35, in db_version\n2014-07-31 12:12:40.203 |     return IMPL.db_version()\n2014-07-31 12:12:40.203 |   File \"nova/utils.py\", line 426, in __getattr__\n2014-07-31 12:12:40.203 |     backend = self.__get_backend()\n2014-07-31 12:12:40.203 |   File \"nova/utils.py\", line 422, in __get_backend\n2014-07-31 12:12:40.203 |     self.__backend = __import__(name, None, None, fromlist)\n2014-07-31 12:12:40.203 | ImportError: No module named migration\n2014-07-31 12:12:40.203 | ======================================================================\n2014-07-31 12:12:40.203 | FAIL: nova.tests.integrated.test_api_samples.BareMetalNodesXmlTest.test_show_node\n\n\n2014-07-31 12:12:40.046 | Traceback (most recent call last):\n2014-07-31 12:12:40.046 |   File \"nova/tests/integrated/test_api_samples.py\", line 3818, in test_show_interfaces\n2014-07-31 12:12:40.046 |     instance_uuid = self._post_server()\n2014-07-31 12:12:40.046 |   File \"nova/tests/integrated/test_api_samples.py\", line 180, in _post_server\n2014-07-31 12:12:40.046 |     response = self._do_post('servers', 'server-post-req', subs)\n2014-07-31 12:12:40.046 |   File \"nova/tests/integrated/api_samples_test_base.py\", line 312, in _do_post\n2014-07-31 12:12:40.046 |     body = self._read_template(name) % subs\n2014-07-31 12:12:40.046 |   File \"nova/tests/integrated/api_samples_test_base.py\", line 101, in _read_template\n2014-07-31 12:12:40.047 |     with open(template) as inf:\n2014-07-31 12:12:40.047 | IOError: [Errno 2] No such file or directory: '/home/jenkins/workspace/gate-nova-python26/CA/nova/tests/integrated/api_samples/os-attach-interfaces/server-post-req.xml.tpl'\n2014-07-31 12:12:40.047 | ======================================================================\n2014-07-31 12:12:40.047 | FAIL: nova.tests.integrated.test_api_samples.BareMetalExtStatusJsonTest.test_create_node_with_address\n2014-07-31 12:12:40.047 | tags: worker-3\n\nbelow is the log :\nhttp://logs.openstack.org/21/110921/2/check/gate-nova-python26/2b0be77/console.html", 
    "tags": [
        "testing"
    ], 
    "importance": "Undecided", 
    "heat": 6, 
    "link": "https://bugs.launchpad.net/nova/+bug/1351124", 
    "owner": "None", 
    "id": 1351124, 
    "index": 5045, 
    "created": "2014-08-01 02:04:51.980138+00:00", 
    "title": "py26 Unit test failure: nova.tests.integrated.test_api_samples.AdminActionsSamplesXmlTest.test_post_unlock_server", 
    "comments": [
        {
            "content": "jenkins py26 unit test failed:\n\n2014-07-31 12:12:40.050 | Traceback (most recent call last):\n2014-07-31 12:12:40.050 |   File \"nova/tests/integrated/test_api_samples.py\", line 103, in setUp\n2014-07-31 12:12:40.050 |     super(ApiSampleTestBaseV2, self).setUp()\n2014-07-31 12:12:40.050 |   File \"nova/tests/integrated/integrated_helpers.py\", line 67, in setUp\n2014-07-31 12:12:40.050 |     super(_IntegratedTestBase, self).setUp()\n2014-07-31 12:12:40.050 |   File \"nova/tests/virt/baremetal/db/base.py\", line 49, in setUp\n2014-07-31 12:12:40.051 |     sqlite_clean_db=None)\n2014-07-31 12:12:40.200 |   File \"nova/test.py\", line 98, in __init__\n2014-07-31 12:12:40.200 |     if db_migrate.db_version() > db_migrate.db_initial_version():\n2014-07-31 12:12:40.200 |   File \"nova/virt/baremetal/db/migration.py\", line 35, in db_version\n2014-07-31 12:12:40.200 |     return IMPL.db_version()\n2014-07-31 12:12:40.200 |   File \"nova/utils.py\", line 426, in __getattr__\n2014-07-31 12:12:40.201 |     backend = self.__get_backend()\n2014-07-31 12:12:40.201 |   File \"nova/utils.py\", line 422, in __get_backend\n2014-07-31 12:12:40.201 |     self.__backend = __import__(name, None, None, fromlist)\n2014-07-31 12:12:40.201 | ImportError: No module named migration\n2014-07-31 12:12:40.201 | ======================================================================\n2014-07-31 12:12:40.201 | FAIL: nova.tests.integrated.test_api_samples.BareMetalNodesXmlTest.test_delete_node\n2014-07-31 12:12:40.201 | tags: worker-3\n2014-07-31 12:12:40.201 | ----------------------------------------------------------------------\n2014-07-31 12:12:40.201 | Empty attachments:\n2014-07-31 12:12:40.201 |   pythonlogging:''\n2014-07-31 12:12:40.201 |   stderr\n2014-07-31 12:12:40.202 |   stdout\n2014-07-31 12:12:40.202 | \n2014-07-31 12:12:40.202 | Traceback (most recent call last):\n2014-07-31 12:12:40.202 |   File \"nova/tests/integrated/test_api_samples.py\", line 103, in setUp\n2014-07-31 12:12:40.202 |     super(ApiSampleTestBaseV2, self).setUp()\n2014-07-31 12:12:40.202 |   File \"nova/tests/integrated/integrated_helpers.py\", line 67, in setUp\n2014-07-31 12:12:40.202 |     super(_IntegratedTestBase, self).setUp()\n2014-07-31 12:12:40.202 |   File \"nova/tests/virt/baremetal/db/base.py\", line 49, in setUp\n2014-07-31 12:12:40.202 |     sqlite_clean_db=None)\n2014-07-31 12:12:40.202 |   File \"nova/test.py\", line 98, in __init__\n2014-07-31 12:12:40.202 |     if db_migrate.db_version() > db_migrate.db_initial_version():\n2014-07-31 12:12:40.202 |   File \"nova/virt/baremetal/db/migration.py\", line 35, in db_version\n2014-07-31 12:12:40.203 |     return IMPL.db_version()\n2014-07-31 12:12:40.203 |   File \"nova/utils.py\", line 426, in __getattr__\n2014-07-31 12:12:40.203 |     backend = self.__get_backend()\n2014-07-31 12:12:40.203 |   File \"nova/utils.py\", line 422, in __get_backend\n2014-07-31 12:12:40.203 |     self.__backend = __import__(name, None, None, fromlist)\n2014-07-31 12:12:40.203 | ImportError: No module named migration\n2014-07-31 12:12:40.203 | ======================================================================\n2014-07-31 12:12:40.203 | FAIL: nova.tests.integrated.test_api_samples.BareMetalNodesXmlTest.test_show_node\n\n\n2014-07-31 12:12:40.046 | Traceback (most recent call last):\n2014-07-31 12:12:40.046 |   File \"nova/tests/integrated/test_api_samples.py\", line 3818, in test_show_interfaces\n2014-07-31 12:12:40.046 |     instance_uuid = self._post_server()\n2014-07-31 12:12:40.046 |   File \"nova/tests/integrated/test_api_samples.py\", line 180, in _post_server\n2014-07-31 12:12:40.046 |     response = self._do_post('servers', 'server-post-req', subs)\n2014-07-31 12:12:40.046 |   File \"nova/tests/integrated/api_samples_test_base.py\", line 312, in _do_post\n2014-07-31 12:12:40.046 |     body = self._read_template(name) % subs\n2014-07-31 12:12:40.046 |   File \"nova/tests/integrated/api_samples_test_base.py\", line 101, in _read_template\n2014-07-31 12:12:40.047 |     with open(template) as inf:\n2014-07-31 12:12:40.047 | IOError: [Errno 2] No such file or directory: '/home/jenkins/workspace/gate-nova-python26/CA/nova/tests/integrated/api_samples/os-attach-interfaces/server-post-req.xml.tpl'\n2014-07-31 12:12:40.047 | ======================================================================\n2014-07-31 12:12:40.047 | FAIL: nova.tests.integrated.test_api_samples.BareMetalExtStatusJsonTest.test_create_node_with_address\n2014-07-31 12:12:40.047 | tags: worker-3\n\nbelow is the log :\nhttp://logs.openstack.org/21/110921/2/check/gate-nova-python26/2b0be77/console.html", 
            "date_created": "2014-08-01 02:04:51.980138+00:00", 
            "author": "https://api.launchpad.net/1.0/~taget-9"
        }, 
        {
            "content": "It looks like there was something wrong with the VM this was run on", 
            "date_created": "2014-09-09 20:27:11.221958+00:00", 
            "author": "https://api.launchpad.net/1.0/~jogo"
        }
    ]
}