{
    "status": "Invalid", 
    "last_updated": "2014-09-03 14:42:19.455556+00:00", 
    "description": "when running nosetests -v against master of nova I get this error: \n\n15:19:49 Traceback (most recent call last):\n15:19:49   File \"/usr/lib64/python2.6/site-packages/nose/loader.py\", line 413, in loadTestsFromName\n15:19:49     addr.filename, addr.module)\n15:19:49   File \"/usr/lib64/python2.6/site-packages/nose/importer.py\", line 47, in importFromPath\n15:19:49     return self.importFromDir(dir_path, fqname)\n15:19:49   File \"/usr/lib64/python2.6/site-packages/nose/importer.py\", line 94, in importFromDir\n15:19:49     mod = load_module(part_fqname, fh, filename, desc)\n15:19:49   File \"/var/lib/openstack-nova-test/nova/conductor/__init__.py\", line 17, in <module>\n15:19:49     from nova.conductor import api as conductor_api\n15:19:49   File \"/var/lib/openstack-nova-test/nova/conductor/api.py\", line 19, in <module>\n15:19:49     from nova.conductor import manager\n15:19:49   File \"/var/lib/openstack-nova-test/nova/conductor/manager.py\", line 17, in <module>\n15:19:49     from nova.api.ec2 import ec2utils\n15:19:49   File \"/var/lib/openstack-nova-test/nova/api/ec2/__init__.py\", line 31, in <module>\n15:19:49     from nova.api.ec2 import apirequest\n15:19:49   File \"/var/lib/openstack-nova-test/nova/api/ec2/apirequest.py\", line 27, in <module>\n15:19:49     from nova.api.ec2 import ec2utils\n15:19:49   File \"/var/lib/openstack-nova-test/nova/api/ec2/ec2utils.py\", line 22, in <module>\n15:19:49     from nova import availability_zones\n15:19:49   File \"/var/lib/openstack-nova-test/nova/availability_zones.py\", line 20, in <module>\n15:19:49     from nova import db\n15:19:49   File \"/var/lib/openstack-nova-test/nova/db/__init__.py\", line 23, in <module>\n15:19:49     from nova.db.api import *\n15:19:49   File \"/var/lib/openstack-nova-test/nova/db/api.py\", line 48, in <module>\n15:19:49     from nova.cells import rpcapi as cells_rpcapi\n15:19:49   File \"/var/lib/openstack-nova-test/nova/cells/rpcapi.py\", line 27, in <module>\n15:19:49     from nova import exception\n15:19:49   File \"/var/lib/openstack-nova-test/nova/exception.py\", line 123, in <module>\n15:19:49     class NovaException(Exception):\n15:19:49   File \"/var/lib/openstack-nova-test/nova/exception.py\", line 131, in NovaException\n15:19:49     message = _(\"An unknown exception occurred.\")\n15:19:49 NameError: name '_' is not defined", 
    "tags": [], 
    "importance": "Low", 
    "heat": 20, 
    "link": "https://bugs.launchpad.net/nova/+bug/1172774", 
    "owner": "https://api.launchpad.net/1.0/~harshit-py", 
    "id": 1172774, 
    "index": 5742, 
    "created": "2013-04-25 16:03:33.259220+00:00", 
    "title": "NameError: name '_' is not defined while running unit tests", 
    "comments": [
        {
            "content": "when running nosetests -v against master of nova I get this error: \n\n15:19:49 Traceback (most recent call last):\n15:19:49   File \"/usr/lib64/python2.6/site-packages/nose/loader.py\", line 413, in loadTestsFromName\n15:19:49     addr.filename, addr.module)\n15:19:49   File \"/usr/lib64/python2.6/site-packages/nose/importer.py\", line 47, in importFromPath\n15:19:49     return self.importFromDir(dir_path, fqname)\n15:19:49   File \"/usr/lib64/python2.6/site-packages/nose/importer.py\", line 94, in importFromDir\n15:19:49     mod = load_module(part_fqname, fh, filename, desc)\n15:19:49   File \"/var/lib/openstack-nova-test/nova/conductor/__init__.py\", line 17, in <module>\n15:19:49     from nova.conductor import api as conductor_api\n15:19:49   File \"/var/lib/openstack-nova-test/nova/conductor/api.py\", line 19, in <module>\n15:19:49     from nova.conductor import manager\n15:19:49   File \"/var/lib/openstack-nova-test/nova/conductor/manager.py\", line 17, in <module>\n15:19:49     from nova.api.ec2 import ec2utils\n15:19:49   File \"/var/lib/openstack-nova-test/nova/api/ec2/__init__.py\", line 31, in <module>\n15:19:49     from nova.api.ec2 import apirequest\n15:19:49   File \"/var/lib/openstack-nova-test/nova/api/ec2/apirequest.py\", line 27, in <module>\n15:19:49     from nova.api.ec2 import ec2utils\n15:19:49   File \"/var/lib/openstack-nova-test/nova/api/ec2/ec2utils.py\", line 22, in <module>\n15:19:49     from nova import availability_zones\n15:19:49   File \"/var/lib/openstack-nova-test/nova/availability_zones.py\", line 20, in <module>\n15:19:49     from nova import db\n15:19:49   File \"/var/lib/openstack-nova-test/nova/db/__init__.py\", line 23, in <module>\n15:19:49     from nova.db.api import *\n15:19:49   File \"/var/lib/openstack-nova-test/nova/db/api.py\", line 48, in <module>\n15:19:49     from nova.cells import rpcapi as cells_rpcapi\n15:19:49   File \"/var/lib/openstack-nova-test/nova/cells/rpcapi.py\", line 27, in <module>\n15:19:49     from nova import exception\n15:19:49   File \"/var/lib/openstack-nova-test/nova/exception.py\", line 123, in <module>\n15:19:49     class NovaException(Exception):\n15:19:49   File \"/var/lib/openstack-nova-test/nova/exception.py\", line 131, in NovaException\n15:19:49     message = _(\"An unknown exception occurred.\")\n15:19:49 NameError: name '_' is not defined", 
            "date_created": "2013-04-25 16:03:33.259220+00:00", 
            "author": "https://api.launchpad.net/1.0/~dmllr"
        }, 
        {
            "content": "this is the followup of the discussion around review https://review.openstack.org/#/c/27493/", 
            "date_created": "2013-04-25 16:04:56.185577+00:00", 
            "author": "https://api.launchpad.net/1.0/~dmllr"
        }, 
        {
            "content": "Any update on this?", 
            "date_created": "2013-05-06 11:44:25.373762+00:00", 
            "author": "https://api.launchpad.net/1.0/~dmllr"
        }, 
        {
            "content": "Does 'nosetests -v nova/tests' work?", 
            "date_created": "2013-05-08 16:13:31.487484+00:00", 
            "author": "https://api.launchpad.net/1.0/~markmc"
        }, 
        {
            "content": "Reducing from  High to Low, since nose is no longer our preferred test runner.", 
            "date_created": "2013-11-06 05:58:30.489096+00:00", 
            "author": "https://api.launchpad.net/1.0/~dripton"
        }
    ]
}