{
    "status": "Won't Fix", 
    "last_updated": "2010-10-05 19:37:50.257071+00:00", 
    "description": "About once every five times I run:\n\n$ python run_tests.py\n\nI get a test failure on the test_max_processes test case:\n\n===============================================================================\n[FAIL]: nova.tests.process_unittest.ProcessTestCase.test_max_processes\n\nTraceback (most recent call last):\nFailure: twisted.trial.unittest.FailTest: [Failure instance: Traceback: <class 'twisted.trial.unittest.FailTest'>: not equal:\na = 'd4'\nb = 'd3'\n\n/usr/lib/python2.6/dist-packages/twisted/internet/defer.py:354:_startRunCallbacks\n/usr/lib/python2.6/dist-packages/twisted/internet/defer.py:371:_runCallbacks\n/usr/lib/python2.6/dist-packages/twisted/internet/defer.py:330:_continue\n/usr/lib/python2.6/dist-packages/twisted/internet/defer.py:325:unpause\n--- <exception caught here> ---\n/usr/lib/python2.6/dist-packages/twisted/internet/defer.py:371:_runCallbacks\n/home/jpipes/repos/nova/testing-refactor/nova/tests/process_unittest.py:88:<lambda>\n/usr/lib/python2.6/dist-packages/twisted/trial/unittest.py:287:failUnlessEqual\n]\n\nI can't tell what might be causing this, but if I execute run_tests.py repeatedly, this happens about 1 in 5 times...\n\n", 
    "tags": [
        "tests"
    ], 
    "importance": "Undecided", 
    "heat": 6, 
    "link": "https://bugs.launchpad.net/nova/+bug/607351", 
    "owner": "None", 
    "id": 607351, 
    "index": 1894, 
    "created": "2010-07-19 17:31:04.222695+00:00", 
    "title": "test_max_processes is not idempotent", 
    "comments": [
        {
            "content": "About once every five times I run:\n\n$ python run_tests.py\n\nI get a test failure on the test_too_many_processes test case:\n\n===============================================================================\n[FAIL]: nova.tests.process_unittest.ProcessTestCase.test_max_processes\n\nTraceback (most recent call last):\nFailure: twisted.trial.unittest.FailTest: [Failure instance: Traceback: <class 'twisted.trial.unittest.FailTest'>: not equal:\na = 'd4'\nb = 'd3'\n\n/usr/lib/python2.6/dist-packages/twisted/internet/defer.py:354:_startRunCallbacks\n/usr/lib/python2.6/dist-packages/twisted/internet/defer.py:371:_runCallbacks\n/usr/lib/python2.6/dist-packages/twisted/internet/defer.py:330:_continue\n/usr/lib/python2.6/dist-packages/twisted/internet/defer.py:325:unpause\n--- <exception caught here> ---\n/usr/lib/python2.6/dist-packages/twisted/internet/defer.py:371:_runCallbacks\n/home/jpipes/repos/nova/testing-refactor/nova/tests/process_unittest.py:88:<lambda>\n/usr/lib/python2.6/dist-packages/twisted/trial/unittest.py:287:failUnlessEqual\n]\n\nI can't tell what might be causing this, but if I execute run_tests.py repeatedly, this happens about 1 in 5 times...", 
            "date_created": "2010-07-19 17:31:04.222695+00:00", 
            "author": "https://api.launchpad.net/1.0/~jaypipes"
        }, 
        {
            "content": "This looks like a test named test_max_processes, not test_too_many_processes.", 
            "date_created": "2010-07-19 18:44:56.324060+00:00", 
            "author": "https://api.launchpad.net/1.0/~glyph"
        }, 
        {
            "content": "Ooops, nice catch.  Corrected the title of the bug.", 
            "date_created": "2010-07-19 19:08:11.621108+00:00", 
            "author": "https://api.launchpad.net/1.0/~jaypipes"
        }, 
        {
            "content": "Changing this to Won't Fix, as there is likely going to be a major overhaul of the testing suite post-FF", 
            "date_created": "2010-10-05 19:37:37.201543+00:00", 
            "author": "https://api.launchpad.net/1.0/~jaypipes"
        }
    ]
}