{
    "status": "Invalid", 
    "last_updated": "2014-11-23 07:29:03.686055+00:00", 
    "description": "I cannot generate etc/nova.conf.sample. Below is the command I executed. I'm using nova stable/juno, last commit id: 8526a727dc20a96d7245ae836e81c29967166f77.\n\n$ git clone https://github.com/openstack/nova.git\nCloning into 'nova'...\nremote: Counting objects: 299718, done.\nremote: Compressing objects: 100% (112/112), done.\nremote: Total 299718 (delta 37), reused 14 (delta 2)\nReceiving objects: 100% (299718/299718), 203.27 MiB | 5.58 MiB/s, done.\nResolving deltas: 100% (233815/233815), done.\n$ cd nova\n$ git checkout stable/juno\nBranch stable/juno set up to track remote branch stable/juno from origin.\nSwitched to a new branch 'stable/juno'\n$ pip install -r requirements.txt \nRequirement already satisfied (use --upgrade to upgrade): pbr>=0.6,!=0.7,<1.0 in /usr/lib/python2.7/site-packages (from -r requirements.txt (line 5))\nRequirement already satisfied (use --upgrade to upgrade): SQLAlchemy>=0.8.4,<=0.8.99,>=0.9.7,<=0.9.99 in /usr/lib64/python2.7/site-packages (from -r requirements.txt (line 6))\nRequirement already satisfied (use --upgrade to upgrade): anyjson>=0.3.3 in /usr/lib/python2.7/site-packages (from -r requirements.txt (line 7))\nRequirement already satisfied (use --upgrade to upgrade): argparse in /usr/lib/python2.7/site-packages (from -r requirements.txt (line 8))\nRequirement already satisfied (use --upgrade to upgrade): boto>=2.32.1 in /usr/lib/python2.7/site-packages (from -r requirements.txt (line 9))\nRequirement already satisfied (use --upgrade to upgrade): decorator>=3.4.0 in /usr/lib/python2.7/site-packages (from -r requirements.txt (line 10))\nRequirement already satisfied (use --upgrade to upgrade): eventlet>=0.15.1 in /usr/lib/python2.7/site-packages (from -r requirements.txt (line 11))\nRequirement already satisfied (use --upgrade to upgrade): Jinja2 in /usr/lib/python2.7/site-packages (from -r requirements.txt (line 12))\nRequirement already satisfied (use --upgrade to upgrade): keystonemiddleware>=1.0.0 in /usr/lib/python2.7/site-packages (from -r requirements.txt (line 13))\nRequirement already satisfied (use --upgrade to upgrade): kombu>=2.5.0 in /usr/lib/python2.7/site-packages (from -r requirements.txt (line 14))\nRequirement already satisfied (use --upgrade to upgrade): lxml>=2.3 in /usr/lib64/python2.7/site-packages (from -r requirements.txt (line 15))\nRequirement already satisfied (use --upgrade to upgrade): Routes>=1.12.3,!=2.0 in /usr/lib/python2.7/site-packages (from -r requirements.txt (line 16))\nRequirement already satisfied (use --upgrade to upgrade): WebOb>=1.2.3 in /usr/lib/python2.7/site-packages (from -r requirements.txt (line 17))\nRequirement already satisfied (use --upgrade to upgrade): greenlet>=0.3.2 in /usr/lib64/python2.7/site-packages (from -r requirements.txt (line 18))\nRequirement already satisfied (use --upgrade to upgrade): PasteDeploy>=1.5.0 in /usr/lib/python2.7/site-packages (from -r requirements.txt (line 19))\nRequirement already satisfied (use --upgrade to upgrade): Paste in /usr/lib/python2.7/site-packages (from -r requirements.txt (line 20))\nRequirement already satisfied (use --upgrade to upgrade): sqlalchemy-migrate>=0.9.1,!=0.9.2 in /usr/lib/python2.7/site-packages (from -r requirements.txt (line 21))\nRequirement already satisfied (use --upgrade to upgrade): netaddr>=0.7.12 in /usr/lib/python2.7/site-packages (from -r requirements.txt (line 22))\nRequirement already satisfied (use --upgrade to upgrade): suds>=0.4 in /usr/lib/python2.7/site-packages (from -r requirements.txt (line 23))\nRequirement already satisfied (use --upgrade to upgrade): paramiko>=1.13.0 in /usr/lib/python2.7/site-packages (from -r requirements.txt (line 24))\nRequirement already satisfied (use --upgrade to upgrade): posix-ipc in /usr/lib64/python2.7/site-packages (from -r requirements.txt (line 25))\nRequirement already satisfied (use --upgrade to upgrade): pyasn1 in /usr/lib/python2.7/site-packages (from -r requirements.txt (line 26))\nRequirement already satisfied (use --upgrade to upgrade): Babel>=1.3 in /usr/lib/python2.7/site-packages (from -r requirements.txt (line 27))\nRequirement already satisfied (use --upgrade to upgrade): iso8601>=0.1.9 in /usr/lib/python2.7/site-packages (from -r requirements.txt (line 28))\nRequirement already satisfied (use --upgrade to upgrade): jsonschema>=2.0.0,<3.0.0 in /usr/lib/python2.7/site-packages (from -r requirements.txt (line 29))\nRequirement already satisfied (use --upgrade to upgrade): python-cinderclient>=1.1.0 in /usr/lib/python2.7/site-packages (from -r requirements.txt (line 30))\nRequirement already satisfied (use --upgrade to upgrade): python-neutronclient>=2.3.6,<3 in /usr/lib/python2.7/site-packages (from -r requirements.txt (line 31))\nRequirement already satisfied (use --upgrade to upgrade): python-glanceclient>=0.14.0 in /usr/lib/python2.7/site-packages (from -r requirements.txt (line 32))\nRequirement already satisfied (use --upgrade to upgrade): python-keystoneclient>=0.10.0 in /usr/lib/python2.7/site-packages (from -r requirements.txt (line 33))\nRequirement already satisfied (use --upgrade to upgrade): six>=1.7.0 in /usr/lib/python2.7/site-packages (from -r requirements.txt (line 34))\nRequirement already satisfied (use --upgrade to upgrade): stevedore>=1.0.0 in /usr/lib/python2.7/site-packages (from -r requirements.txt (line 35))\nRequirement already satisfied (use --upgrade to upgrade): websockify>=0.6.0,<0.7 in /usr/lib/python2.7/site-packages (from -r requirements.txt (line 36))\nRequirement already satisfied (use --upgrade to upgrade): wsgiref>=0.1.2 in /usr/lib64/python2.7 (from -r requirements.txt (line 37))\nRequirement already satisfied (use --upgrade to upgrade): oslo.config>=1.4.0 in /usr/lib/python2.7/site-packages (from -r requirements.txt (line 38))\nRequirement already satisfied (use --upgrade to upgrade): oslo.db>=1.0.0 in /usr/lib/python2.7/site-packages (from -r requirements.txt (line 39))\nRequirement already satisfied (use --upgrade to upgrade): oslo.rootwrap>=1.3.0 in /usr/lib/python2.7/site-packages (from -r requirements.txt (line 40))\nRequirement already satisfied (use --upgrade to upgrade): pycadf>=0.6.0 in /usr/lib/python2.7/site-packages (from -r requirements.txt (line 41))\nRequirement already satisfied (use --upgrade to upgrade): oslo.messaging>=1.4.0 in /usr/lib/python2.7/site-packages (from -r requirements.txt (line 42))\nRequirement already satisfied (use --upgrade to upgrade): oslo.i18n>=1.0.0 in /usr/lib/python2.7/site-packages (from -r requirements.txt (line 43))\nRequirement already satisfied (use --upgrade to upgrade): lockfile>=0.8 in /usr/lib/python2.7/site-packages (from -r requirements.txt (line 44))\nRequirement already satisfied (use --upgrade to upgrade): simplejson>=2.2.0 in /usr/lib64/python2.7/site-packages (from -r requirements.txt (line 45))\nRequirement already satisfied (use --upgrade to upgrade): rfc3986>=0.2.0 in /usr/lib/python2.7/site-packages (from -r requirements.txt (line 46))\nRequirement already satisfied (use --upgrade to upgrade): oslo.vmware>=0.6.0 in /usr/lib/python2.7/site-packages (from -r requirements.txt (line 47))\nRequirement already satisfied (use --upgrade to upgrade): markupsafe in /usr/lib64/python2.7/site-packages (from Jinja2->-r requirements.txt (line 12))\nRequirement already satisfied (use --upgrade to upgrade): repoze.lru>=0.3 in /usr/lib/python2.7/site-packages (from Routes>=1.12.3,!=2.0->-r requirements.txt (line 16))\nRequirement already satisfied (use --upgrade to upgrade): Tempita>=0.4 in /usr/lib/python2.7/site-packages (from sqlalchemy-migrate>=0.9.1,!=0.9.2->-r requirements.txt (line 21))\nRequirement already satisfied (use --upgrade to upgrade): pycrypto>=2.1,!=2.4 in /usr/lib64/python2.7/site-packages (from paramiko>=1.13.0->-r requirements.txt (line 24))\nRequirement already satisfied (use --upgrade to upgrade): ecdsa>=0.11 in /usr/lib/python2.7/site-packages (from paramiko>=1.13.0->-r requirements.txt (line 24))\nRequirement already satisfied (use --upgrade to upgrade): pytz>=0a in /usr/lib/python2.7/site-packages (from Babel>=1.3->-r requirements.txt (line 27))\nRequirement already satisfied (use --upgrade to upgrade): numpy in /usr/lib64/python2.7/site-packages (from websockify>=0.6.0,<0.7->-r requirements.txt (line 36))\nRequirement already satisfied (use --upgrade to upgrade): oslo.utils>=1.0.0 in /usr/lib/python2.7/site-packages (from oslo.vmware>=0.6.0->-r requirements.txt (line 47))\nRequirement already satisfied (use --upgrade to upgrade): PyYAML>=3.1.0 in /usr/lib64/python2.7/site-packages (from oslo.vmware>=0.6.0->-r requirements.txt (line 47))\nRequirement already satisfied (use --upgrade to upgrade): requests>=2.2.0,!=2.4.0 in /usr/lib/python2.7/site-packages (from oslo.vmware>=0.6.0->-r requirements.txt (line 47))\nCleaning up...\n$ ./tools/config/generate_sample.sh -b . -p nova -o etc/nova\nError importing module nova.test: No module named mox\nTraceback (most recent call last):\n  File \"/usr/lib64/python2.7/runpy.py\", line 162, in _run_module_as_main\n    \"__main__\", fname, loader, pkg_name)\n  File \"/usr/lib64/python2.7/runpy.py\", line 72, in _run_code\n    exec code in run_globals\n  File \"/root/workspace/nova/nova/openstack/common/config/generator.py\", line 307, in <module>\n    main()\n  File \"/root/workspace/nova/nova/openstack/common/config/generator.py\", line 304, in main\n    generate(sys.argv[1:])\n  File \"/root/workspace/nova/nova/openstack/common/config/generator.py\", line 130, in generate\n    raise RuntimeError(\"Unable to import module %s\" % mod_str)\nRuntimeError: Unable to import module nova.test\n$ python nova/test.py\nTraceback (most recent call last):\n  File \"nova/test.py\", line 36, in <module>\n    import fixtures\n  File \"/usr/lib/python2.7/site-packages/fixtures/__init__.py\", line 77, in <module>\n    from fixtures.fixture import (\n  File \"/usr/lib/python2.7/site-packages/fixtures/fixture.py\", line 26, in <module>\n    from testtools.compat import (\n  File \"/usr/lib/python2.7/site-packages/testtools/__init__.py\", line 59, in <module>\n    from testtools.matchers._impl import (\n  File \"/usr/lib/python2.7/site-packages/testtools/matchers/__init__.py\", line 83, in <module>\n    from ._doctest import (\n  File \"/usr/lib/python2.7/site-packages/testtools/matchers/_doctest.py\", line 7, in <module>\n    import doctest\n  File \"/usr/lib64/python2.7/doctest.py\", line 99, in <module>\n    import unittest, difflib, pdb, tempfile\n  File \"/usr/lib64/python2.7/pdb.py\", line 9, in <module>\n    import cmd\n  File \"/root/workspace/nova/nova/cmd/__init__.py\", line 33, in <module>\n    % os.environ.get('EVENTLET_NO_GREENDNS'))\nImportError: eventlet imported before nova/cmd/__init__ (env var set to None)\n$", 
    "tags": [], 
    "importance": "Undecided", 
    "heat": 8, 
    "link": "https://bugs.launchpad.net/nova/+bug/1394684", 
    "owner": "None", 
    "id": 1394684, 
    "index": 5288, 
    "created": "2014-11-20 17:42:21.217750+00:00", 
    "title": "Cannot generate sample nova.conf in juno/stable: Unable to import module nova.test", 
    "comments": [
        {
            "content": "I cannot generate etc/nova.conf.sample. Below is the command I executed. I'm using nova stable/juno, last commit id: 8526a727dc20a96d7245ae836e81c29967166f77.\n\n$ git clone https://github.com/openstack/nova.git\nCloning into 'nova'...\nremote: Counting objects: 299718, done.\nremote: Compressing objects: 100% (112/112), done.\nremote: Total 299718 (delta 37), reused 14 (delta 2)\nReceiving objects: 100% (299718/299718), 203.27 MiB | 5.58 MiB/s, done.\nResolving deltas: 100% (233815/233815), done.\n$ cd nova\n$ git checkout stable/juno\nBranch stable/juno set up to track remote branch stable/juno from origin.\nSwitched to a new branch 'stable/juno'\n$ pip install -r requirements.txt \nRequirement already satisfied (use --upgrade to upgrade): pbr>=0.6,!=0.7,<1.0 in /usr/lib/python2.7/site-packages (from -r requirements.txt (line 5))\nRequirement already satisfied (use --upgrade to upgrade): SQLAlchemy>=0.8.4,<=0.8.99,>=0.9.7,<=0.9.99 in /usr/lib64/python2.7/site-packages (from -r requirements.txt (line 6))\nRequirement already satisfied (use --upgrade to upgrade): anyjson>=0.3.3 in /usr/lib/python2.7/site-packages (from -r requirements.txt (line 7))\nRequirement already satisfied (use --upgrade to upgrade): argparse in /usr/lib/python2.7/site-packages (from -r requirements.txt (line 8))\nRequirement already satisfied (use --upgrade to upgrade): boto>=2.32.1 in /usr/lib/python2.7/site-packages (from -r requirements.txt (line 9))\nRequirement already satisfied (use --upgrade to upgrade): decorator>=3.4.0 in /usr/lib/python2.7/site-packages (from -r requirements.txt (line 10))\nRequirement already satisfied (use --upgrade to upgrade): eventlet>=0.15.1 in /usr/lib/python2.7/site-packages (from -r requirements.txt (line 11))\nRequirement already satisfied (use --upgrade to upgrade): Jinja2 in /usr/lib/python2.7/site-packages (from -r requirements.txt (line 12))\nRequirement already satisfied (use --upgrade to upgrade): keystonemiddleware>=1.0.0 in /usr/lib/python2.7/site-packages (from -r requirements.txt (line 13))\nRequirement already satisfied (use --upgrade to upgrade): kombu>=2.5.0 in /usr/lib/python2.7/site-packages (from -r requirements.txt (line 14))\nRequirement already satisfied (use --upgrade to upgrade): lxml>=2.3 in /usr/lib64/python2.7/site-packages (from -r requirements.txt (line 15))\nRequirement already satisfied (use --upgrade to upgrade): Routes>=1.12.3,!=2.0 in /usr/lib/python2.7/site-packages (from -r requirements.txt (line 16))\nRequirement already satisfied (use --upgrade to upgrade): WebOb>=1.2.3 in /usr/lib/python2.7/site-packages (from -r requirements.txt (line 17))\nRequirement already satisfied (use --upgrade to upgrade): greenlet>=0.3.2 in /usr/lib64/python2.7/site-packages (from -r requirements.txt (line 18))\nRequirement already satisfied (use --upgrade to upgrade): PasteDeploy>=1.5.0 in /usr/lib/python2.7/site-packages (from -r requirements.txt (line 19))\nRequirement already satisfied (use --upgrade to upgrade): Paste in /usr/lib/python2.7/site-packages (from -r requirements.txt (line 20))\nRequirement already satisfied (use --upgrade to upgrade): sqlalchemy-migrate>=0.9.1,!=0.9.2 in /usr/lib/python2.7/site-packages (from -r requirements.txt (line 21))\nRequirement already satisfied (use --upgrade to upgrade): netaddr>=0.7.12 in /usr/lib/python2.7/site-packages (from -r requirements.txt (line 22))\nRequirement already satisfied (use --upgrade to upgrade): suds>=0.4 in /usr/lib/python2.7/site-packages (from -r requirements.txt (line 23))\nRequirement already satisfied (use --upgrade to upgrade): paramiko>=1.13.0 in /usr/lib/python2.7/site-packages (from -r requirements.txt (line 24))\nRequirement already satisfied (use --upgrade to upgrade): posix-ipc in /usr/lib64/python2.7/site-packages (from -r requirements.txt (line 25))\nRequirement already satisfied (use --upgrade to upgrade): pyasn1 in /usr/lib/python2.7/site-packages (from -r requirements.txt (line 26))\nRequirement already satisfied (use --upgrade to upgrade): Babel>=1.3 in /usr/lib/python2.7/site-packages (from -r requirements.txt (line 27))\nRequirement already satisfied (use --upgrade to upgrade): iso8601>=0.1.9 in /usr/lib/python2.7/site-packages (from -r requirements.txt (line 28))\nRequirement already satisfied (use --upgrade to upgrade): jsonschema>=2.0.0,<3.0.0 in /usr/lib/python2.7/site-packages (from -r requirements.txt (line 29))\nRequirement already satisfied (use --upgrade to upgrade): python-cinderclient>=1.1.0 in /usr/lib/python2.7/site-packages (from -r requirements.txt (line 30))\nRequirement already satisfied (use --upgrade to upgrade): python-neutronclient>=2.3.6,<3 in /usr/lib/python2.7/site-packages (from -r requirements.txt (line 31))\nRequirement already satisfied (use --upgrade to upgrade): python-glanceclient>=0.14.0 in /usr/lib/python2.7/site-packages (from -r requirements.txt (line 32))\nRequirement already satisfied (use --upgrade to upgrade): python-keystoneclient>=0.10.0 in /usr/lib/python2.7/site-packages (from -r requirements.txt (line 33))\nRequirement already satisfied (use --upgrade to upgrade): six>=1.7.0 in /usr/lib/python2.7/site-packages (from -r requirements.txt (line 34))\nRequirement already satisfied (use --upgrade to upgrade): stevedore>=1.0.0 in /usr/lib/python2.7/site-packages (from -r requirements.txt (line 35))\nRequirement already satisfied (use --upgrade to upgrade): websockify>=0.6.0,<0.7 in /usr/lib/python2.7/site-packages (from -r requirements.txt (line 36))\nRequirement already satisfied (use --upgrade to upgrade): wsgiref>=0.1.2 in /usr/lib64/python2.7 (from -r requirements.txt (line 37))\nRequirement already satisfied (use --upgrade to upgrade): oslo.config>=1.4.0 in /usr/lib/python2.7/site-packages (from -r requirements.txt (line 38))\nRequirement already satisfied (use --upgrade to upgrade): oslo.db>=1.0.0 in /usr/lib/python2.7/site-packages (from -r requirements.txt (line 39))\nRequirement already satisfied (use --upgrade to upgrade): oslo.rootwrap>=1.3.0 in /usr/lib/python2.7/site-packages (from -r requirements.txt (line 40))\nRequirement already satisfied (use --upgrade to upgrade): pycadf>=0.6.0 in /usr/lib/python2.7/site-packages (from -r requirements.txt (line 41))\nRequirement already satisfied (use --upgrade to upgrade): oslo.messaging>=1.4.0 in /usr/lib/python2.7/site-packages (from -r requirements.txt (line 42))\nRequirement already satisfied (use --upgrade to upgrade): oslo.i18n>=1.0.0 in /usr/lib/python2.7/site-packages (from -r requirements.txt (line 43))\nRequirement already satisfied (use --upgrade to upgrade): lockfile>=0.8 in /usr/lib/python2.7/site-packages (from -r requirements.txt (line 44))\nRequirement already satisfied (use --upgrade to upgrade): simplejson>=2.2.0 in /usr/lib64/python2.7/site-packages (from -r requirements.txt (line 45))\nRequirement already satisfied (use --upgrade to upgrade): rfc3986>=0.2.0 in /usr/lib/python2.7/site-packages (from -r requirements.txt (line 46))\nRequirement already satisfied (use --upgrade to upgrade): oslo.vmware>=0.6.0 in /usr/lib/python2.7/site-packages (from -r requirements.txt (line 47))\nRequirement already satisfied (use --upgrade to upgrade): markupsafe in /usr/lib64/python2.7/site-packages (from Jinja2->-r requirements.txt (line 12))\nRequirement already satisfied (use --upgrade to upgrade): repoze.lru>=0.3 in /usr/lib/python2.7/site-packages (from Routes>=1.12.3,!=2.0->-r requirements.txt (line 16))\nRequirement already satisfied (use --upgrade to upgrade): Tempita>=0.4 in /usr/lib/python2.7/site-packages (from sqlalchemy-migrate>=0.9.1,!=0.9.2->-r requirements.txt (line 21))\nRequirement already satisfied (use --upgrade to upgrade): pycrypto>=2.1,!=2.4 in /usr/lib64/python2.7/site-packages (from paramiko>=1.13.0->-r requirements.txt (line 24))\nRequirement already satisfied (use --upgrade to upgrade): ecdsa>=0.11 in /usr/lib/python2.7/site-packages (from paramiko>=1.13.0->-r requirements.txt (line 24))\nRequirement already satisfied (use --upgrade to upgrade): pytz>=0a in /usr/lib/python2.7/site-packages (from Babel>=1.3->-r requirements.txt (line 27))\nRequirement already satisfied (use --upgrade to upgrade): numpy in /usr/lib64/python2.7/site-packages (from websockify>=0.6.0,<0.7->-r requirements.txt (line 36))\nRequirement already satisfied (use --upgrade to upgrade): oslo.utils>=1.0.0 in /usr/lib/python2.7/site-packages (from oslo.vmware>=0.6.0->-r requirements.txt (line 47))\nRequirement already satisfied (use --upgrade to upgrade): PyYAML>=3.1.0 in /usr/lib64/python2.7/site-packages (from oslo.vmware>=0.6.0->-r requirements.txt (line 47))\nRequirement already satisfied (use --upgrade to upgrade): requests>=2.2.0,!=2.4.0 in /usr/lib/python2.7/site-packages (from oslo.vmware>=0.6.0->-r requirements.txt (line 47))\nCleaning up...\n$ ./tools/config/generate_sample.sh -b . -p nova -o etc/nova\nError importing module nova.test: No module named mox\nTraceback (most recent call last):\n  File \"/usr/lib64/python2.7/runpy.py\", line 162, in _run_module_as_main\n    \"__main__\", fname, loader, pkg_name)\n  File \"/usr/lib64/python2.7/runpy.py\", line 72, in _run_code\n    exec code in run_globals\n  File \"/root/workspace/nova/nova/openstack/common/config/generator.py\", line 307, in <module>\n    main()\n  File \"/root/workspace/nova/nova/openstack/common/config/generator.py\", line 304, in main\n    generate(sys.argv[1:])\n  File \"/root/workspace/nova/nova/openstack/common/config/generator.py\", line 130, in generate\n    raise RuntimeError(\"Unable to import module %s\" % mod_str)\nRuntimeError: Unable to import module nova.test\n$ python nova/test.py\nTraceback (most recent call last):\n  File \"nova/test.py\", line 36, in <module>\n    import fixtures\n  File \"/usr/lib/python2.7/site-packages/fixtures/__init__.py\", line 77, in <module>\n    from fixtures.fixture import (\n  File \"/usr/lib/python2.7/site-packages/fixtures/fixture.py\", line 26, in <module>\n    from testtools.compat import (\n  File \"/usr/lib/python2.7/site-packages/testtools/__init__.py\", line 59, in <module>\n    from testtools.matchers._impl import (\n  File \"/usr/lib/python2.7/site-packages/testtools/matchers/__init__.py\", line 83, in <module>\n    from ._doctest import (\n  File \"/usr/lib/python2.7/site-packages/testtools/matchers/_doctest.py\", line 7, in <module>\n    import doctest\n  File \"/usr/lib64/python2.7/doctest.py\", line 99, in <module>\n    import unittest, difflib, pdb, tempfile\n  File \"/usr/lib64/python2.7/pdb.py\", line 9, in <module>\n    import cmd\n  File \"/root/workspace/nova/nova/cmd/__init__.py\", line 33, in <module>\n    % os.environ.get('EVENTLET_NO_GREENDNS'))\nImportError: eventlet imported before nova/cmd/__init__ (env var set to None)\n$", 
            "date_created": "2014-11-20 17:42:21.217750+00:00", 
            "author": "https://api.launchpad.net/1.0/~accelazh"
        }, 
        {
            "content": "For OS and python version I'm using:\n\n$ uname -a\nLinux play-openstack-01.novalocal 3.10.0-123.6.3.el7.x86_64 #1 SMP Wed Aug 6 21:12:36 UTC 2014 x86_64 x86_64 x86_64 GNU/Linux\n$ cat /etc/centos-release \nCentOS Linux release 7.0.1406 (Core) \n$ python --version\nPython 2.7.5", 
            "date_created": "2014-11-20 17:58:00.714062+00:00", 
            "author": "https://api.launchpad.net/1.0/~accelazh"
        }, 
        {
            "content": "Found the error:\n\nError importing module nova.test: No module named mox\n\nAfter 'pip install mox' everything goes fine.", 
            "date_created": "2014-11-21 01:42:04.586047+00:00", 
            "author": "https://api.launchpad.net/1.0/~accelazh"
        }, 
        {
            "content": "Thanks for confirming that it's not a bug.", 
            "date_created": "2014-11-23 07:28:58.537115+00:00", 
            "author": "https://api.launchpad.net/1.0/~smurugesan"
        }
    ]
}