{
    "status": "Fix Released", 
    "last_updated": "2017-02-28 16:00:09.219003+00:00", 
    "description": "Currently, the functional tests can't be run with python 3.x and fail with a trace like this:\n\nFailed to import test module: nova.tests.functional.api_sample_tests.test_volumes\nTraceback (most recent call last):\n  File \"/home/ubuntu/nova/.tox/functional/lib/python3.5/site-packages/unittest2/loader.py\", line 456, in _find_test_path\n    module = self._get_module_from_name(name)\n  File \"/home/ubuntu/nova/.tox/functional/lib/python3.5/site-packages/unittest2/loader.py\", line 395, in _get_module_from_name\n    __import__(name)\n  File \"/home/ubuntu/nova/nova/tests/functional/api_sample_tests/test_volumes.py\", line 21, in <module>\n    from nova.tests.functional.api_sample_tests import test_servers\n  File \"/home/ubuntu/nova/nova/tests/functional/api_sample_tests/test_servers.py\", line 24, in <module>\n    class ServersSampleBase(api_sample_base.ApiSampleTestBaseV21):\n  File \"/home/ubuntu/nova/nova/tests/functional/api_sample_tests/test_servers.py\", line 29, in ServersSampleBase\n    user_data = base64.b64encode(user_data_contents)\n  File \"/home/ubuntu/nova/.tox/functional/lib/python3.5/base64.py\", line 59, in b64encode\n    encoded = binascii.b2a_base64(s)[:-1]\nTypeError: a bytes-like object is required, not 'str'\nThe test run didn't actually run any tests\nERROR: InvocationError: '/bin/bash tools/pretty_tox.sh nova.tests.functional.db'\n________________________________________________________________________________________________________________________________________ summary _________________________________________________________________________________________________________________________________________\nERROR:   functional: commands failed", 
    "tags": [
        "in-stable-mitaka"
    ], 
    "importance": "Low", 
    "heat": 6, 
    "link": "https://bugs.launchpad.net/nova/+bug/1632521", 
    "owner": "https://api.launchpad.net/1.0/~melwitt", 
    "id": 1632521, 
    "index": 833, 
    "created": "2016-10-11 23:58:06.924581+00:00", 
    "title": "tox -efunctional fails when tox picks python 3.x", 
    "comments": [
        {
            "content": "Currently, the functional tests can't be run with python 3.x and fail with a trace like this:\n\nFailed to import test module: nova.tests.functional.api_sample_tests.test_volumes\nTraceback (most recent call last):\n  File \"/home/ubuntu/nova/.tox/functional/lib/python3.5/site-packages/unittest2/loader.py\", line 456, in _find_test_path\n    module = self._get_module_from_name(name)\n  File \"/home/ubuntu/nova/.tox/functional/lib/python3.5/site-packages/unittest2/loader.py\", line 395, in _get_module_from_name\n    __import__(name)\n  File \"/home/ubuntu/nova/nova/tests/functional/api_sample_tests/test_volumes.py\", line 21, in <module>\n    from nova.tests.functional.api_sample_tests import test_servers\n  File \"/home/ubuntu/nova/nova/tests/functional/api_sample_tests/test_servers.py\", line 24, in <module>\n    class ServersSampleBase(api_sample_base.ApiSampleTestBaseV21):\n  File \"/home/ubuntu/nova/nova/tests/functional/api_sample_tests/test_servers.py\", line 29, in ServersSampleBase\n    user_data = base64.b64encode(user_data_contents)\n  File \"/home/ubuntu/nova/.tox/functional/lib/python3.5/base64.py\", line 59, in b64encode\n    encoded = binascii.b2a_base64(s)[:-1]\nTypeError: a bytes-like object is required, not 'str'\nThe test run didn't actually run any tests\nERROR: InvocationError: '/bin/bash tools/pretty_tox.sh nova.tests.functional.db'\n________________________________________________________________________________________________________________________________________ summary _________________________________________________________________________________________________________________________________________\nERROR:   functional: commands failed", 
            "date_created": "2016-10-11 23:58:06.924581+00:00", 
            "author": "https://api.launchpad.net/1.0/~melwitt"
        }, 
        {
            "content": "Fix proposed to branch: master\nReview: https://review.openstack.org/385207", 
            "date_created": "2016-10-12 00:04:47.033931+00:00", 
            "author": "https://api.launchpad.net/1.0/~hudson-openstack"
        }, 
        {
            "content": "Reviewed:  https://review.openstack.org/385207\nCommitted: https://git.openstack.org/cgit/openstack/nova/commit/?id=32e533d59abcd2ec27eebf174b492a75a85e7554\nSubmitter: Jenkins\nBranch:    master\n\ncommit 32e533d59abcd2ec27eebf174b492a75a85e7554\nAuthor: melanie witt <email address hidden>\nDate:   Tue Oct 11 23:59:25 2016 +0000\n\n    Always use python2.7 for functional tests\n    \n    The functional testenv doesn't work with python 3.x on our codebase.\n    If someone is on a platform that defaults to python => python3,\n    functional tests will fail for them.\n    \n    Closes-Bug: #1632521\n    \n    Change-Id: I7bf6653f55c10d0a4f75054e519edf7da19c5c09\n", 
            "date_created": "2016-10-12 11:31:07.169129+00:00", 
            "author": "https://api.launchpad.net/1.0/~hudson-openstack"
        }, 
        {
            "content": "Fix proposed to branch: stable/mitaka\nReview: https://review.openstack.org/394247", 
            "date_created": "2016-11-07 03:55:27.365340+00:00", 
            "author": "https://api.launchpad.net/1.0/~hudson-openstack"
        }, 
        {
            "content": "This issue was fixed in the openstack/nova 15.0.0.0b1 development milestone.", 
            "date_created": "2016-11-17 13:12:38.717964+00:00", 
            "author": "https://api.launchpad.net/1.0/~hudson-openstack"
        }, 
        {
            "content": "Reviewed:  https://review.openstack.org/394247\nCommitted: https://git.openstack.org/cgit/openstack/nova/commit/?id=6f75db11d3d7b5f9921ca632df4e9e5e198f79b6\nSubmitter: Jenkins\nBranch:    stable/mitaka\n\ncommit 6f75db11d3d7b5f9921ca632df4e9e5e198f79b6\nAuthor: melanie witt <email address hidden>\nDate:   Tue Oct 11 23:59:25 2016 +0000\n\n    Always use python2.7 for functional tests\n    \n    The functional testenv doesn't work with python 3.x on our codebase.\n    If someone is on a platform that defaults to python => python3,\n    functional tests will fail for them.\n    \n    Closes-Bug: #1632521\n    \n    Change-Id: I7bf6653f55c10d0a4f75054e519edf7da19c5c09\n    (cherry picked from commit 32e533d59abcd2ec27eebf174b492a75a85e7554)\n", 
            "date_created": "2016-11-28 19:31:34.450291+00:00", 
            "author": "https://api.launchpad.net/1.0/~hudson-openstack"
        }, 
        {
            "content": "This issue was fixed in the openstack/nova 13.1.3 release.", 
            "date_created": "2017-02-28 16:00:08.309410+00:00", 
            "author": "https://api.launchpad.net/1.0/~hudson-openstack"
        }
    ]
}