{
    "status": "Fix Released", 
    "last_updated": "2015-04-30 09:14:03.065337+00:00", 
    "description": "EC2 unit tests can sometimes fail:\n\nTraceback (most recent call last):\n  File \"/home/johannes/openstack/nova/nova/tests/unit/api/ec2/test_api.py\", line 287, in test_xmlns_version_matches_request_version\n    self.ec2.get_all_instances()\n  File \"/home/johannes/virtualenvs/migrations/local/lib/python2.7/site-packages/boto/ec2/connection.py\", line 586, in get_all_instances\n    max_results=max_results)\n  File \"/home/johannes/virtualenvs/migrations/local/lib/python2.7/site-packages/boto/ec2/connection.py\", line 682, in get_all_reservations\n    [('item', Reservation)], verb='POST')\n  File \"/home/johannes/virtualenvs/migrations/local/lib/python2.7/site-packages/boto/connection.py\", line 1182, in get_list\n    raise self.ResponseError(response.status, response.reason, body)\nEC2ResponseError: EC2ResponseError: 403 Forbidden\n<html>\n <head>\n  <title>403 Forbidden</title>\n </head>\n <body>\n  <h1>403 Forbidden</h1>\n  Timestamp failed validation.<br /><br />\n\n\n\n </body>\n</html>\n\nIt can happen in one of a number of EC2 unit tests. My latest test run failed in these tests:\n\nnova.tests.unit.api.ec2.test_api.ApiEc2TestCase.test_authorize_revoke_security_group_cidr\nnova.tests.unit.api.ec2.test_api.ApiEc2TestCase.test_create_delete_security_group\nnova.tests.unit.api.ec2.test_api.ApiEc2TestCase.test_xmlns_version_matches_request_version\n\nI've seen it in other EC2 related test cases too. Usually running again will produce a failure in a different test case or none.", 
    "tags": [], 
    "importance": "Undecided", 
    "heat": 6, 
    "link": "https://bugs.launchpad.net/nova/+bug/1399817", 
    "owner": "https://api.launchpad.net/1.0/~johannes.erdfelt", 
    "id": 1399817, 
    "index": 5308, 
    "created": "2014-12-05 22:55:24.202804+00:00", 
    "title": "403 Forbidden - Timestamp failed validation in EC2 unit tests", 
    "comments": [
        {
            "content": "EC2 unit tests can sometimes fail:\n\nTraceback (most recent call last):\n  File \"/home/johannes/openstack/nova/nova/tests/unit/api/ec2/test_api.py\", line 287, in test_xmlns_version_matches_request_version\n    self.ec2.get_all_instances()\n  File \"/home/johannes/virtualenvs/migrations/local/lib/python2.7/site-packages/boto/ec2/connection.py\", line 586, in get_all_instances\n    max_results=max_results)\n  File \"/home/johannes/virtualenvs/migrations/local/lib/python2.7/site-packages/boto/ec2/connection.py\", line 682, in get_all_reservations\n    [('item', Reservation)], verb='POST')\n  File \"/home/johannes/virtualenvs/migrations/local/lib/python2.7/site-packages/boto/connection.py\", line 1182, in get_list\n    raise self.ResponseError(response.status, response.reason, body)\nEC2ResponseError: EC2ResponseError: 403 Forbidden\n<html>\n <head>\n  <title>403 Forbidden</title>\n </head>\n <body>\n  <h1>403 Forbidden</h1>\n  Timestamp failed validation.<br /><br />\n\n\n\n </body>\n</html>\n\nIt can happen in one of a number of EC2 unit tests. My latest test run failed in these tests:\n\nnova.tests.unit.api.ec2.test_api.ApiEc2TestCase.test_authorize_revoke_security_group_cidr\nnova.tests.unit.api.ec2.test_api.ApiEc2TestCase.test_create_delete_security_group\nnova.tests.unit.api.ec2.test_api.ApiEc2TestCase.test_xmlns_version_matches_request_version\n\nI've seen it in other EC2 related test cases too. Usually running again will produce a failure in a different test case or none.", 
            "date_created": "2014-12-05 22:55:24.202804+00:00", 
            "author": "https://api.launchpad.net/1.0/~johannes.erdfelt"
        }, 
        {
            "content": "Fix proposed to branch: master\nReview: https://review.openstack.org/139749", 
            "date_created": "2014-12-05 22:58:36.755259+00:00", 
            "author": "https://api.launchpad.net/1.0/~hudson-openstack"
        }, 
        {
            "content": "Reviewed:  https://review.openstack.org/139749\nCommitted: https://git.openstack.org/cgit/openstack/nova/commit/?id=39e2a51e4d8817fe156a9a1b1471ecbb835326f3\nSubmitter: Jenkins\nBranch:    master\n\ncommit 39e2a51e4d8817fe156a9a1b1471ecbb835326f3\nAuthor: Johannes Erdfelt <email address hidden>\nDate:   Fri Dec 5 14:55:52 2014 -0800\n\n    Cleanup timeutils override in tests/functional/test_servers\n    \n    The ServersTest._force_reclaim helper method sets up a timeutils\n    override but never removes it. This allows the override to potentially\n    leak into other tests causing spurious failures in completely unrelated\n    tests.\n    \n    Change-Id: I637a1dd6301e5645a47dbd65026acfab83e6ae26\n    Closes-bug: 1399817\n", 
            "date_created": "2014-12-08 13:06:14.323050+00:00", 
            "author": "https://api.launchpad.net/1.0/~hudson-openstack"
        }
    ]
}