{
    "status": "Invalid", 
    "last_updated": "2013-01-04 13:16:57.757868+00:00", 
    "description": "This is the first time I want to run unit test for nova on my environment\n\nmy nova was installed with devstack, and I installed pep8 following http://pypi.python.org/pypi/pep8, but it still prompted an error while I try to run unit test\n\nshifengx@shifengx-ThinkCentre-M58:/opt/stack/nova$ sudo ./run_tests.sh \nRunning `tools/with_venv.sh testr run --parallel  `\nrunning=${PYTHON:-python} -m subunit.run discover -t ./ ./nova/tests --list \n/opt/stack/nova/.venv/bin/python: No module named subunit\nPASSED (id=3)\nRunning PEP8 and HACKING compliance check...\nTraceback (most recent call last):\n  File \"tools/hacking.py\", line 34, in <module>\n    import pep8\nImportError: No module named pep8", 
    "tags": [], 
    "importance": "Undecided", 
    "heat": 8, 
    "link": "https://bugs.launchpad.net/nova/+bug/1095948", 
    "owner": "None", 
    "id": 1095948, 
    "index": 3295, 
    "created": "2013-01-04 06:23:13.597299+00:00", 
    "title": "ImportError: No module named pep8", 
    "comments": [
        {
            "content": "This is the first time I want to run unit test for nova on my environment\n\nmy nova was installed with devstack, and I installed pep8 following http://pypi.python.org/pypi/pep8, but it still prompted an error while I try to run unit test\n\nshifengx@shifengx-ThinkCentre-M58:/opt/stack/nova$ sudo ./run_tests.sh \nRunning `tools/with_venv.sh testr run --parallel  `\nrunning=${PYTHON:-python} -m subunit.run discover -t ./ ./nova/tests --list \n/opt/stack/nova/.venv/bin/python: No module named subunit\nPASSED (id=3)\nRunning PEP8 and HACKING compliance check...\nTraceback (most recent call last):\n  File \"tools/hacking.py\", line 34, in <module>\n    import pep8\nImportError: No module named pep8", 
            "date_created": "2013-01-04 06:23:13.597299+00:00", 
            "author": "https://api.launchpad.net/1.0/~xiaoshif"
        }, 
        {
            "content": "Unit tests are supposed to run as non-root for a code checkout, not as root from a deployment. Try:\r\n$ git clone git://github.com/openstack/nova.git\r\n$ cd nova\r\n$ ./run_tests.sh", 
            "date_created": "2013-01-04 13:13:40.499869+00:00", 
            "author": "https://api.launchpad.net/1.0/~ttx"
        }, 
        {
            "content": "Not a bug, turning it into a question", 
            "date_created": "2013-01-04 13:16:53.834952+00:00", 
            "author": "https://api.launchpad.net/1.0/~dims-v"
        }
    ]
}