{
    "status": "Fix Released", 
    "last_updated": "2015-10-15 08:54:34.472325+00:00", 
    "description": "2015-07-17 12:11:00.987 | ==============================\n2015-07-17 12:11:00.987 | Failed 2 tests - output below:\n2015-07-17 12:11:00.987 | ==============================\n2015-07-17 12:11:00.987 | \n2015-07-17 12:11:00.988 | nova.tests.unit.virt.hyperv.test_vhdutils.VHDUtilsTestCase.test_get_vhd_format_zero_length_file\n2015-07-17 12:11:00.988 | -----------------------------------------------------------------------------------------------\n2015-07-17 12:11:00.988 | \n2015-07-17 12:11:00.988 | Captured traceback:\n2015-07-17 12:11:00.988 | ~~~~~~~~~~~~~~~~~~~\n2015-07-17 12:11:00.988 |     Traceback (most recent call last):\n2015-07-17 12:11:00.988 |       File \"nova/tests/unit/virt/hyperv/test_vhdutils.py\", line 279, in test_get_vhd_format_zero_length_file\n2015-07-17 12:11:00.988 |         f.seek.assert_called_once_with(0, 2)\n2015-07-17 12:11:00.988 |       File \"/home/jenkins/workspace/gate-nova-python27/.tox/py27/local/lib/python2.7/site-packages/mock/mock.py\", line 947, in assert_called_once_with\n2015-07-17 12:11:00.988 |         raise AssertionError(msg)\n2015-07-17 12:11:00.988 |     AssertionError: Expected 'seek' to be called once. Called 0 times.\n2015-07-17 12:11:00.989 |     \n2015-07-17 12:11:00.989 | \n2015-07-17 12:11:00.989 | nova.tests.unit.virt.hyperv.test_vmops.VMOpsTestCase.test_get_console_output\n2015-07-17 12:11:00.989 | ----------------------------------------------------------------------------\n2015-07-17 12:11:00.989 | \n2015-07-17 12:11:00.989 | Captured traceback:\n2015-07-17 12:11:00.989 | ~~~~~~~~~~~~~~~~~~~\n2015-07-17 12:11:00.989 |     Traceback (most recent call last):\n2015-07-17 12:11:00.989 |       File \"/home/jenkins/workspace/gate-nova-python27/.tox/py27/local/lib/python2.7/site-packages/mock/mock.py\", line 1305, in patched\n2015-07-17 12:11:00.989 |         return func(*args, **keywargs)\n2015-07-17 12:11:00.989 |       File \"nova/tests/unit/virt/hyperv/test_vmops.py\", line 981, in test_get_console_output\n2015-07-17 12:11:00.989 |         self.assertEqual(self.FAKE_LOG * 2, instance_log)\n2015-07-17 12:11:00.990 |       File \"/home/jenkins/workspace/gate-nova-python27/.tox/py27/local/lib/python2.7/site-packages/testtools/testcase.py\", line 350, in assertEqual\n2015-07-17 12:11:00.990 |         self.assertThat(observed, matcher, message)\n2015-07-17 12:11:00.990 |       File \"/home/jenkins/workspace/gate-nova-python27/.tox/py27/local/lib/python2.7/site-packages/testtools/testcase.py\", line 435, in assertThat\n2015-07-17 12:11:00.990 |         raise mismatch_error\n2015-07-17 12:11:00.990 |     testtools.matchers._impl.MismatchError: 'fake_logfake_log' != 'fake_logfake_logfake_logfake_log'\n\nhttp://logs.openstack.org/57/186757/13/check/gate-nova-python27/c75a463/console.html#_2015-07-17_12_11_00_988\n\n\nLogstash is having 12 hours backlog now, unable to get a pattern.", 
    "tags": [
        "testing"
    ], 
    "importance": "Critical", 
    "heat": 6, 
    "link": "https://bugs.launchpad.net/nova/+bug/1475661", 
    "owner": "https://api.launchpad.net/1.0/~mriedem", 
    "id": 1475661, 
    "index": 252, 
    "created": "2015-07-17 13:39:42.022777+00:00", 
    "title": "py27 jobs failing due to mock_open after mock 1.1.4 released", 
    "comments": [
        {
            "content": "2015-07-17 12:11:00.987 | ==============================\n2015-07-17 12:11:00.987 | Failed 2 tests - output below:\n2015-07-17 12:11:00.987 | ==============================\n2015-07-17 12:11:00.987 | \n2015-07-17 12:11:00.988 | nova.tests.unit.virt.hyperv.test_vhdutils.VHDUtilsTestCase.test_get_vhd_format_zero_length_file\n2015-07-17 12:11:00.988 | -----------------------------------------------------------------------------------------------\n2015-07-17 12:11:00.988 | \n2015-07-17 12:11:00.988 | Captured traceback:\n2015-07-17 12:11:00.988 | ~~~~~~~~~~~~~~~~~~~\n2015-07-17 12:11:00.988 |     Traceback (most recent call last):\n2015-07-17 12:11:00.988 |       File \"nova/tests/unit/virt/hyperv/test_vhdutils.py\", line 279, in test_get_vhd_format_zero_length_file\n2015-07-17 12:11:00.988 |         f.seek.assert_called_once_with(0, 2)\n2015-07-17 12:11:00.988 |       File \"/home/jenkins/workspace/gate-nova-python27/.tox/py27/local/lib/python2.7/site-packages/mock/mock.py\", line 947, in assert_called_once_with\n2015-07-17 12:11:00.988 |         raise AssertionError(msg)\n2015-07-17 12:11:00.988 |     AssertionError: Expected 'seek' to be called once. Called 0 times.\n2015-07-17 12:11:00.989 |     \n2015-07-17 12:11:00.989 | \n2015-07-17 12:11:00.989 | nova.tests.unit.virt.hyperv.test_vmops.VMOpsTestCase.test_get_console_output\n2015-07-17 12:11:00.989 | ----------------------------------------------------------------------------\n2015-07-17 12:11:00.989 | \n2015-07-17 12:11:00.989 | Captured traceback:\n2015-07-17 12:11:00.989 | ~~~~~~~~~~~~~~~~~~~\n2015-07-17 12:11:00.989 |     Traceback (most recent call last):\n2015-07-17 12:11:00.989 |       File \"/home/jenkins/workspace/gate-nova-python27/.tox/py27/local/lib/python2.7/site-packages/mock/mock.py\", line 1305, in patched\n2015-07-17 12:11:00.989 |         return func(*args, **keywargs)\n2015-07-17 12:11:00.989 |       File \"nova/tests/unit/virt/hyperv/test_vmops.py\", line 981, in test_get_console_output\n2015-07-17 12:11:00.989 |         self.assertEqual(self.FAKE_LOG * 2, instance_log)\n2015-07-17 12:11:00.990 |       File \"/home/jenkins/workspace/gate-nova-python27/.tox/py27/local/lib/python2.7/site-packages/testtools/testcase.py\", line 350, in assertEqual\n2015-07-17 12:11:00.990 |         self.assertThat(observed, matcher, message)\n2015-07-17 12:11:00.990 |       File \"/home/jenkins/workspace/gate-nova-python27/.tox/py27/local/lib/python2.7/site-packages/testtools/testcase.py\", line 435, in assertThat\n2015-07-17 12:11:00.990 |         raise mismatch_error\n2015-07-17 12:11:00.990 |     testtools.matchers._impl.MismatchError: 'fake_logfake_log' != 'fake_logfake_logfake_logfake_log'\n\nhttp://logs.openstack.org/57/186757/13/check/gate-nova-python27/c75a463/console.html#_2015-07-17_12_11_00_988\n\n\nLogstash is having 12 hours backlog now, unable to get a pattern.", 
            "date_created": "2015-07-17 13:39:42.022777+00:00", 
            "author": "https://api.launchpad.net/1.0/~sylvain-bauza"
        }, 
        {
            "content": "https://github.com/testing-cabal/mock/commit/e9db0161fc11eceba189a0cc161deefce57529a8 looks related.", 
            "date_created": "2015-07-17 13:42:03.092458+00:00", 
            "author": "https://api.launchpad.net/1.0/~mriedem"
        }, 
        {
            "content": "The upstream bug: https://github.com/testing-cabal/mock/issues/288", 
            "date_created": "2015-07-17 13:59:43.526721+00:00", 
            "author": "https://api.launchpad.net/1.0/~mriedem"
        }, 
        {
            "content": "g-r cap: https://review.openstack.org/#/c/203043/", 
            "date_created": "2015-07-17 14:08:44.451349+00:00", 
            "author": "https://api.launchpad.net/1.0/~mriedem"
        }, 
        {
            "content": "The g-r change merged and we have the sync in nova but it's still failng:\n\nhttps://review.openstack.org/#/c/200708/\n\nSomething else is pulling in mock 1.1.4.", 
            "date_created": "2015-07-17 18:47:15.899742+00:00", 
            "author": "https://api.launchpad.net/1.0/~mriedem"
        }, 
        {
            "content": "mock 1.2 is out now with a revert of the original problem:\n\nhttps://github.com/rbtcollins/mock/commit/31d3922237ae51bba54c891970c3a638feb36768", 
            "date_created": "2015-07-17 20:04:53.971609+00:00", 
            "author": "https://api.launchpad.net/1.0/~mriedem"
        }
    ]
}