{
    "status": "Fix Released", 
    "last_updated": "2016-07-26 18:08:27.898247+00:00", 
    "description": "Description\n===========\nThe following 3 tests failed:\n1. nova.tests.unit.test_context.ContextTestCase.test_convert_from_dict_then_to_dict\nCaptured traceback:\n~~~~~~~~~~~~~~~~~~~\n\u00a0\u00a0\u00a0\u00a0Traceback (most recent call last):\n\u00a0\u00a0\u00a0\u00a0\u00a0\u00a0File \"nova/tests/unit/test_context.py\", line 230, in test_convert_from_dict_then_to_dict\n\u00a0\u00a0\u00a0\u00a0\u00a0\u00a0\u00a0\u00a0self.assertEqual(values, values2)\n\u00a0\u00a0\u00a0\u00a0\u00a0\u00a0File \"/opt/stack/nova/.tox/py27/lib/python2.7/site-packages/testtools/testcase.py\", line 411, in assertEqual\n\u00a0\u00a0\u00a0\u00a0\u00a0\u00a0\u00a0\u00a0self.assertThat(observed, matcher, message)\n\u00a0\u00a0\u00a0\u00a0\u00a0\u00a0File \"/opt/stack/nova/.tox/py27/lib/python2.7/site-packages/testtools/testcase.py\", line 498, in assertThat\n\u00a0\u00a0\u00a0\u00a0\u00a0\u00a0\u00a0\u00a0raise mismatch_error\n\u00a0\u00a0\u00a0\u00a0testtools.matchers._impl.MismatchError: !=:\n\u00a0\u00a0\u00a0\u00a0reference = {\n\u00a0\u00a0\u00a0\u00a0\u00a0......\n\u00a0\u00a0\u00a0\u00a0\u00a0'is_admin': True,\n\u00a0\u00a0\u00a0\u00a0\u00a0......}\n\u00a0\u00a0\u00a0\u00a0actual    = {\n\u00a0\u00a0\u00a0\u00a0\u00a0......\n\u00a0\u00a0\u00a0\u00a0\u00a0'is_admin': True,\n\u00a0\u00a0\u00a0\u00a0\u00a0'is_admin_project': True,\n\u00a0\u00a0\u00a0\u00a0\u00a0......}\n\n2. nova.tests.unit.test_context.ContextTestCase.test_convert_from_rc_to_dict\nCaptured traceback:\n~~~~~~~~~~~~~~~~~~~\n\u00a0\u00a0\u00a0\u00a0Traceback (most recent call last):\n\u00a0\u00a0\u00a0\u00a0\u00a0\u00a0File \"nova/tests/unit/test_context.py\", line 203, in test_convert_from_rc_to_dict\n\u00a0\u00a0\u00a0\u00a0\u00a0\u00a0\u00a0\u00a0self.assertEqual(expected_values, values2)\n\u00a0\u00a0\u00a0\u00a0\u00a0\u00a0File \"/opt/stack/nova/.tox/py27/lib/python2.7/site-packages/testtools/testcase.py\", line 411, in assertEqual\n\u00a0\u00a0\u00a0\u00a0\u00a0\u00a0\u00a0\u00a0self.assertThat(observed, matcher, message)\n\u00a0\u00a0\u00a0\u00a0\u00a0\u00a0File \"/opt/stack/nova/.tox/py27/lib/python2.7/site-packages/testtools/testcase.py\", line 498, in assertThat\n\u00a0\u00a0\u00a0\u00a0\u00a0\u00a0\u00a0\u00a0raise mismatch_error\n\u00a0\u00a0\u00a0\u00a0testtools.matchers._impl.MismatchError: !=:\n\u00a0\u00a0\u00a0\u00a0reference = {\n\u00a0\u00a0\u00a0\u00a0\u00a0......\n\u00a0\u00a0\u00a0\u00a0\u00a0'is_admin': True,\n\u00a0\u00a0\u00a0\u00a0\u00a0......}\n\u00a0\u00a0\u00a0\u00a0actual    = {\n\u00a0\u00a0\u00a0\u00a0\u00a0......\n\u00a0\u00a0\u00a0\u00a0\u00a0'is_admin': True,\n\u00a0\u00a0\u00a0\u00a0\u00a0'is_admin_project': True,\n\u00a0\u00a0\u00a0\u00a0\u00a0......}\n\n3. nova.tests.unit.test_context.ContextTestCase.test_to_dict_from_dict_no_log\nCaptured traceback:\n~~~~~~~~~~~~~~~~~~~\n\u00a0\u00a0\u00a0\u00a0Traceback (most recent call last):\n\u00a0\u00a0\u00a0\u00a0\u00a0\u00a0File \"nova/tests/unit/test_context.py\", line 144, in test_to_dict_from_dict_no_log\n\u00a0\u00a0\u00a0\u00a0\u00a0\u00a0\u00a0\u00a0self.assertEqual(0, len(warns), warns)\n\u00a0\u00a0\u00a0\u00a0\u00a0\u00a0File \"/opt/stack/nova/.tox/py27/lib/python2.7/site-packages/testtools/testcase.py\", line 411, in assertEqual\n\u00a0\u00a0\u00a0\u00a0\u00a0\u00a0\u00a0\u00a0self.assertThat(observed, matcher, message)\n\u00a0\u00a0\u00a0\u00a0\u00a0\u00a0File \"/opt/stack/nova/.tox/py27/lib/python2.7/site-packages/testtools/testcase.py\", line 498, in assertThat\n\u00a0\u00a0\u00a0\u00a0\u00a0\u00a0\u00a0\u00a0raise mismatch_error\n\u00a0\u00a0\u00a0\u00a0testtools.matchers._impl.MismatchError: 0 != 1: [\"Arguments dropped when creating context: {'is_admin_project': True}\"]\n\nSteps to reproduce\n==================\nJust run the context tests:\n\u00a0\u00a0\u00a0\u00a0tox -e py27 test_context\n\nThis is because we missed to pass \"is_admin_project\" parameter to __init__() of  oslo.context.ResourceContext when initializing a nova ResourceContext object.\n\nIn nova/context.py\n\n@enginefacade.transaction_context_provider\nclass RequestContext(context.RequestContext):\n    \"\"\"Security context and request information.\n\n    Represents the user taking a given action within the system.\n\n    \"\"\"\n\n    def __init__(self, user_id=None, project_id=None,\n                 is_admin=None, read_deleted=\"no\",\n                 roles=None, remote_address=None, timestamp=None,\n                 request_id=None, auth_token=None, overwrite=True,\n                 quota_class=None, user_name=None, project_name=None,\n                 service_catalog=None, instance_lock_checked=False,\n                 user_auth_plugin=None, **kwargs):\n    ......\n        super(RequestContext, self).__init__(\n            ......\n            is_admin=is_admin,\n            ......)\n\nBut in oslo_context/context.py,\n\nclass RequestContext(object):\n\n    ......\n\n    def __init__(......\n                 is_admin=False,\n                 ......\n                 is_admin_project=True):", 
    "tags": [
        "oslo"
    ], 
    "importance": "Critical", 
    "heat": 22, 
    "link": "https://bugs.launchpad.net/nova/+bug/1603979", 
    "owner": "https://api.launchpad.net/1.0/~tangchen", 
    "id": 1603979, 
    "index": 278, 
    "created": "2016-07-18 12:27:59.770579+00:00", 
    "title": "gate: context tests failed because missing parameter 'is_admin_project' (oslo.context 2.6.0)", 
    "comments": [
        {
            "content": "Description\n===========\nThe following 3 tests failed:\n1. nova.tests.unit.test_context.ContextTestCase.test_convert_from_dict_then_to_dict\nCaptured traceback:\n~~~~~~~~~~~~~~~~~~~\n    Traceback (most recent call last):\n      File \"nova/tests/unit/test_context.py\", line 230, in test_convert_from_dict_then_to_dict\n        self.assertEqual(values, values2)\n      File \"/opt/stack/nova/.tox/py27/lib/python2.7/site-packages/testtools/testcase.py\", line 411, in assertEqual\n        self.assertThat(observed, matcher, message)\n      File \"/opt/stack/nova/.tox/py27/lib/python2.7/site-packages/testtools/testcase.py\", line 498, in assertThat\n        raise mismatch_error\n    testtools.matchers._impl.MismatchError: !=:\n    reference = {\n     ......\n     'is_admin': True,\n     ......}\n    actual    = {\n     ......\n     'is_admin': True,\n     'is_admin_project': True,\n     ......}\n\n2. nova.tests.unit.test_context.ContextTestCase.test_convert_from_rc_to_dict\nCaptured traceback:\n~~~~~~~~~~~~~~~~~~~\n    Traceback (most recent call last):\n      File \"nova/tests/unit/test_context.py\", line 203, in test_convert_from_rc_to_dict\n        self.assertEqual(expected_values, values2)\n      File \"/opt/stack/nova/.tox/py27/lib/python2.7/site-packages/testtools/testcase.py\", line 411, in assertEqual\n        self.assertThat(observed, matcher, message)\n      File \"/opt/stack/nova/.tox/py27/lib/python2.7/site-packages/testtools/testcase.py\", line 498, in assertThat\n        raise mismatch_error\n    testtools.matchers._impl.MismatchError: !=:\n    reference = {\n     ......\n     'is_admin': True,\n     ......}\n    actual    = {\n     ......\n     'is_admin': True,\n     'is_admin_project': True,\n     ......}\n\n3. nova.tests.unit.test_context.ContextTestCase.test_to_dict_from_dict_no_log\nCaptured traceback:\n~~~~~~~~~~~~~~~~~~~\n    Traceback (most recent call last):\n      File \"nova/tests/unit/test_context.py\", line 144, in test_to_dict_from_dict_no_log\n        self.assertEqual(0, len(warns), warns)\n      File \"/opt/stack/nova/.tox/py27/lib/python2.7/site-packages/testtools/testcase.py\", line 411, in assertEqual\n        self.assertThat(observed, matcher, message)\n      File \"/opt/stack/nova/.tox/py27/lib/python2.7/site-packages/testtools/testcase.py\", line 498, in assertThat\n        raise mismatch_error\n    testtools.matchers._impl.MismatchError: 0 != 1: [\"Arguments dropped when creating context: {'is_admin_project': True}\"]\n\n\nSteps to reproduce\n==================\nJust run the context tests:\n    tox -e py27 test_context\n\n\nThis is because we missed to pass \"is_admin_project\" parameter to __init__() of  oslo.context.ResourceContext.", 
            "date_created": "2016-07-18 12:27:59.770579+00:00", 
            "author": "https://api.launchpad.net/1.0/~tangchen"
        }, 
        {
            "content": "Fix proposed to branch: master\nReview: https://review.openstack.org/343618", 
            "date_created": "2016-07-18 12:41:33.675544+00:00", 
            "author": "https://api.launchpad.net/1.0/~hudson-openstack"
        }, 
        {
            "content": "The nova gate uses oslo.context 2.6.0 (for example [1]), but the support is not yet there [2].\n\nReferences:\n[1] http://logs.openstack.org/44/342944/2/check/gate-nova-python27-db/f8076bd/console.html#_2016-07-18_11_55_51_007624\n[2] https://review.openstack.org/#/c/342604/1", 
            "date_created": "2016-07-18 13:44:18.528546+00:00", 
            "author": "https://api.launchpad.net/1.0/~mzoeller"
        }, 
        {
            "content": "Global requirements uses \"oslo.context>=2.4.0\" and the \"upper-constraints.txt\" got updated to use 2.6.0 yesterday [1].\n\nReferences:\n[1] https://github.com/openstack/requirements/commit/238389c4ee1bd3cc9be4931dd2639aea2dae70f1", 
            "date_created": "2016-07-18 13:46:53.542484+00:00", 
            "author": "https://api.launchpad.net/1.0/~mzoeller"
        }, 
        {
            "content": "Logstash query: http://logstash.openstack.org/#/dashboard/file/logstash.json?from=7d&query=build_name:gate-nova-python27-db%20AND%20message:%5C%22testtools.matchers._impl.MismatchError:%200%20!%3D%201:%20%5B%5C%22Arguments%20dropped%20when%20creating%20context:%20%7B'is_admin_project':%20True%7D%5C%22%5D%5C%22", 
            "date_created": "2016-07-18 13:59:18.849204+00:00", 
            "author": "https://api.launchpad.net/1.0/~mzoeller"
        }, 
        {
            "content": "Tony Breeds has a fix here too: https://review.openstack.org/#/c/342604/", 
            "date_created": "2016-07-18 14:45:04.971167+00:00", 
            "author": "https://api.launchpad.net/1.0/~mriedem"
        }, 
        {
            "content": "https://review.openstack.org/#/c/343683/", 
            "date_created": "2016-07-18 14:50:03.760057+00:00", 
            "author": "https://api.launchpad.net/1.0/~mriedem"
        }, 
        {
            "content": "Change abandoned by Tang Chen (<email address hidden>) on branch: master\nReview: https://review.openstack.org/343618\nReason: Fixed by another patch.", 
            "date_created": "2016-07-19 01:35:53.894765+00:00", 
            "author": "https://api.launchpad.net/1.0/~hudson-openstack"
        }, 
        {
            "content": "fixed by: https://review.openstack.org/#/c/343683/\n\nML: http://lists.openstack.org/pipermail/openstack-dev/2016-July/099467.html", 
            "date_created": "2016-07-19 08:00:09.497297+00:00", 
            "author": "https://api.launchpad.net/1.0/~mzoeller"
        }, 
        {
            "content": "@Markus: shouldn't be https://review.openstack.org/#/c/333181/ merged to fix the issue?", 
            "date_created": "2016-07-19 09:15:19.525122+00:00", 
            "author": "https://api.launchpad.net/1.0/~vsaienko"
        }, 
        {
            "content": "Nova didn't accept the  g-r update now, Maybe the CI test skip oslo.context 2.6.0. \n\nWe have another fix in https://review.openstack.org/#/c/343694/", 
            "date_created": "2016-07-25 06:57:30.021139+00:00", 
            "author": "https://api.launchpad.net/1.0/~glongwave"
        }, 
        {
            "content": "Hm, there's also https://review.openstack.org/#/c/345633/\nI have no strong feelings for any solution, to be honest.", 
            "date_created": "2016-07-25 11:21:47.369735+00:00", 
            "author": "https://api.launchpad.net/1.0/~mzoeller"
        }, 
        {
            "content": "Looks like https://review.openstack.org/#/c/345633/ solved this issue. I see no hits in logstash in the last 24 hours:\nLogstash query: http://logstash.openstack.org/#/dashboard/file/logstash.json?from=7d&query=build_name:gate-nova-python27-db%20AND%20message:%5C%22testtools.matchers._impl.MismatchError:%200%20!%3D%201:%20%5B%5C%22Arguments%20dropped%20when%20creating%20context:%20%7B'is_admin_project':%20True%7D%5C%22%5D%5C%22", 
            "date_created": "2016-07-26 17:05:43.231366+00:00", 
            "author": "https://api.launchpad.net/1.0/~mzoeller"
        }, 
        {
            "content": "Change abandoned by Ronald Bradford (<email address hidden>) on branch: master\nReview: https://review.openstack.org/343694\nReason: Superseded by https://review.openstack.org/#/c/345633/", 
            "date_created": "2016-07-26 18:08:27.381444+00:00", 
            "author": "https://api.launchpad.net/1.0/~hudson-openstack"
        }
    ]
}