{
    "status": "Won't Fix", 
    "last_updated": "2017-01-19 23:11:30.463920+00:00", 
    "description": "We have a long list of Nova unit tests that fail for the py35 job with this pattern :\n\nft2.9: nova.tests.unit.api.openstack.compute.test_create_backup.CreateBackupTestsV21.test_create_backup_raises_conflict_on_invalid_state_StringException: Empty attachments:\n  pythonlogging:''\n  stderr\n  stdout\n\ntraceback-1: {{{\nTraceback (most recent call last):\n  File \"/home/jenkins/workspace/gate-nova-python35-db/.tox/py35/lib/python3.5/site-packages/fixtures/fixture.py\", line 125, in cleanUp\n    return self._cleanups(raise_errors=raise_first)\n  File \"/home/jenkins/workspace/gate-nova-python35-db/.tox/py35/lib/python3.5/site-packages/fixtures/callmany.py\", line 89, in __call__\n    reraise(error[0], error[1], error[2])\n  File \"/home/jenkins/workspace/gate-nova-python35-db/.tox/py35/lib/python3.5/site-packages/testtools/_compat3x.py\", line 16, in reraise\n    raise exc_obj.with_traceback(exc_tb)\n  File \"/home/jenkins/workspace/gate-nova-python35-db/.tox/py35/lib/python3.5/site-packages/fixtures/callmany.py\", line 83, in __call__\n    cleanup(*args, **kwargs)\n  File \"/home/jenkins/workspace/gate-nova-python35-db/.tox/py35/lib/python3.5/site-packages/mox3/mox.py\", line 289, in VerifyAll\n    mock_obj._Verify()\n  File \"/home/jenkins/workspace/gate-nova-python35-db/.tox/py35/lib/python3.5/site-packages/mox3/mox.py\", line 543, in _Verify\n    raise ExpectedMethodCallsError(self._expected_calls_queue)\nmox3.mox.ExpectedMethodCallsError: Verify: Expected methods never called:\n  0.  function.__call__(<nova.tests.unit.api.openstack.fakes.FakeRequestContext object at 0x7f481db10668>, {}) -> None\n}}}\n\nTraceback (most recent call last):\n  File \"/home/jenkins/workspace/gate-nova-python35-db/nova/tests/unit/api/openstack/compute/test_create_backup.py\", line 281, in test_create_backup_raises_conflict_on_invalid_state\n    exception_arg='createBackup')\n  File \"/home/jenkins/workspace/gate-nova-python35-db/nova/tests/unit/api/openstack/compute/admin_only_action_common.py\", line 123, in _test_invalid_state\n    instance = self._stub_instance_get()\n  File \"/home/jenkins/workspace/gate-nova-python35-db/nova/tests/unit/api/openstack/compute/admin_only_action_common.py\", line 40, in _stub_instance_get\n    self.context, uuid, expected_attrs=None).AndReturn(instance)\n  File \"/home/jenkins/workspace/gate-nova-python35-db/.tox/py35/lib/python3.5/site-packages/mox3/mox.py\", line 814, in __call__\n    return mock_method(*params, **named_params)\n  File \"/home/jenkins/workspace/gate-nova-python35-db/.tox/py35/lib/python3.5/site-packages/mox3/mox.py\", line 1152, in __call__\n    self._checker.Check(params, named_params)\n  File \"/home/jenkins/workspace/gate-nova-python35-db/.tox/py35/lib/python3.5/site-packages/mox3/mox.py\", line 1067, in Check\n    self._RecordArgumentGiven(arg_name, arg_status)\n  File \"/home/jenkins/workspace/gate-nova-python35-db/.tox/py35/lib/python3.5/site-packages/mox3/mox.py\", line 994, in _RecordArgumentGiven\n    raise AttributeError('%s provided more than once' % (arg_name,))\nAttributeError: expected_attrs provided more than once\n\neg. http://logs.openstack.org/34/418134/7/check/gate-nova-python35-db/578aaff/testr_results.html.gz", 
    "tags": [
        "gate-failure", 
        "testing"
    ], 
    "importance": "Critical", 
    "heat": 6, 
    "link": "https://bugs.launchpad.net/nova/+bug/1657757", 
    "owner": "None", 
    "id": 1657757, 
    "index": 286, 
    "created": "2017-01-19 14:28:41.258638+00:00", 
    "title": "py35 unit tests are hugely failing", 
    "comments": [
        {
            "content": "We have a long list of Nova unit tests that fail for the py35 job with this pattern :\n\nft2.9: nova.tests.unit.api.openstack.compute.test_create_backup.CreateBackupTestsV21.test_create_backup_raises_conflict_on_invalid_state_StringException: Empty attachments:\n  pythonlogging:''\n  stderr\n  stdout\n\ntraceback-1: {{{\nTraceback (most recent call last):\n  File \"/home/jenkins/workspace/gate-nova-python35-db/.tox/py35/lib/python3.5/site-packages/fixtures/fixture.py\", line 125, in cleanUp\n    return self._cleanups(raise_errors=raise_first)\n  File \"/home/jenkins/workspace/gate-nova-python35-db/.tox/py35/lib/python3.5/site-packages/fixtures/callmany.py\", line 89, in __call__\n    reraise(error[0], error[1], error[2])\n  File \"/home/jenkins/workspace/gate-nova-python35-db/.tox/py35/lib/python3.5/site-packages/testtools/_compat3x.py\", line 16, in reraise\n    raise exc_obj.with_traceback(exc_tb)\n  File \"/home/jenkins/workspace/gate-nova-python35-db/.tox/py35/lib/python3.5/site-packages/fixtures/callmany.py\", line 83, in __call__\n    cleanup(*args, **kwargs)\n  File \"/home/jenkins/workspace/gate-nova-python35-db/.tox/py35/lib/python3.5/site-packages/mox3/mox.py\", line 289, in VerifyAll\n    mock_obj._Verify()\n  File \"/home/jenkins/workspace/gate-nova-python35-db/.tox/py35/lib/python3.5/site-packages/mox3/mox.py\", line 543, in _Verify\n    raise ExpectedMethodCallsError(self._expected_calls_queue)\nmox3.mox.ExpectedMethodCallsError: Verify: Expected methods never called:\n  0.  function.__call__(<nova.tests.unit.api.openstack.fakes.FakeRequestContext object at 0x7f481db10668>, {}) -> None\n}}}\n\nTraceback (most recent call last):\n  File \"/home/jenkins/workspace/gate-nova-python35-db/nova/tests/unit/api/openstack/compute/test_create_backup.py\", line 281, in test_create_backup_raises_conflict_on_invalid_state\n    exception_arg='createBackup')\n  File \"/home/jenkins/workspace/gate-nova-python35-db/nova/tests/unit/api/openstack/compute/admin_only_action_common.py\", line 123, in _test_invalid_state\n    instance = self._stub_instance_get()\n  File \"/home/jenkins/workspace/gate-nova-python35-db/nova/tests/unit/api/openstack/compute/admin_only_action_common.py\", line 40, in _stub_instance_get\n    self.context, uuid, expected_attrs=None).AndReturn(instance)\n  File \"/home/jenkins/workspace/gate-nova-python35-db/.tox/py35/lib/python3.5/site-packages/mox3/mox.py\", line 814, in __call__\n    return mock_method(*params, **named_params)\n  File \"/home/jenkins/workspace/gate-nova-python35-db/.tox/py35/lib/python3.5/site-packages/mox3/mox.py\", line 1152, in __call__\n    self._checker.Check(params, named_params)\n  File \"/home/jenkins/workspace/gate-nova-python35-db/.tox/py35/lib/python3.5/site-packages/mox3/mox.py\", line 1067, in Check\n    self._RecordArgumentGiven(arg_name, arg_status)\n  File \"/home/jenkins/workspace/gate-nova-python35-db/.tox/py35/lib/python3.5/site-packages/mox3/mox.py\", line 994, in _RecordArgumentGiven\n    raise AttributeError('%s provided more than once' % (arg_name,))\nAttributeError: expected_attrs provided more than once\n\neg. http://logs.openstack.org/34/418134/7/check/gate-nova-python35-db/578aaff/testr_results.html.gz", 
            "date_created": "2017-01-19 14:28:41.258638+00:00", 
            "author": "https://api.launchpad.net/1.0/~sylvain-bauza"
        }, 
        {
            "content": "This issue was fixed in the openstack/mox3 0.20.0 release.", 
            "date_created": "2017-01-19 15:42:30.788291+00:00", 
            "author": "https://api.launchpad.net/1.0/~hudson-openstack"
        }, 
        {
            "content": "Will be fixed once this is through: https://review.openstack.org/#/c/422709/", 
            "date_created": "2017-01-19 21:06:47.925634+00:00", 
            "author": "https://api.launchpad.net/1.0/~mriedem"
        }, 
        {
            "content": "The mox3 revert is merged, released and in upper-constraints now so we're good again.", 
            "date_created": "2017-01-19 23:11:29.737287+00:00", 
            "author": "https://api.launchpad.net/1.0/~mriedem"
        }
    ]
}