{
    "status": "Fix Released", 
    "last_updated": "2013-10-17 11:46:40.622377+00:00", 
    "description": "I see the following error quite frequently in the unittests:\n\nTraceback (most recent call last):\n  File \"/opt/stack/nova/.venv/local/lib/python2.7/site-packages/fixtures/fixture.py\", line 112, in cleanUp\n    return self._cleanups(raise_errors=raise_first)\n  File \"/opt/stack/nova/.venv/local/lib/python2.7/site-packages/fixtures/callmany.py\", line 88, in __call__\n    reraise(error[0], error[1], error[2])\n  File \"/opt/stack/nova/.venv/local/lib/python2.7/site-packages/fixtures/callmany.py\", line 82, in __call__\n    cleanup(*args, **kwargs)\n  File \"/opt/stack/nova/nova/service.py\", line 266, in kill\n    self.conductor_api.service_destroy(context.get_admin_context(),\n  File \"/opt/stack/nova/nova/context.py\", line 175, in get_admin_context\n    overwrite=False)\n  File \"/opt/stack/nova/nova/context.py\", line 72, in __init__\n    timestamp = timeutils.utcnow()\n  File \"/opt/stack/nova/.venv/local/lib/python2.7/site-packages/mox.py\", line 765, in __call__\n    return mock_method(*params, **named_params)\n  File \"/opt/stack/nova/.venv/local/lib/python2.7/site-packages/mox.py\", line 1002, in __call__\n    expected_method = self._VerifyMethodCall()\n  File \"/opt/stack/nova/.venv/local/lib/python2.7/site-packages/mox.py\", line 1049, in _VerifyMethodCall\n    expected = self._PopNextMethod()\n  File \"/opt/stack/nova/.venv/local/lib/python2.7/site-packages/mox.py\", line 1035, in _PopNextMethod\n    raise UnexpectedMethodCallError(self, None)\nUnexpectedMethodCallError: Unexpected method call utcnow.__call__() -> None\n\nThis also effect the Jenkins run here: http://logs.openstack.org/31957/2/check/gate-nova-python26/23777/console.html.gz\n\nThe mox Python library by its own admissions is not thread safe, http://code.google.com/p/pymox/wiki/MoxDocumentation#Threading_issues and this is what is effecting us here, as this error only shows up intermittently \n\nDeally with threading issues in the tests, has the potential to make them unreadable, so I suggest setting the --concurrency level in .testr.conf to 1. This has solved a lot of similar issues for me when fixing the cinder test framework.", 
    "tags": [], 
    "importance": "High", 
    "heat": 16, 
    "link": "https://bugs.launchpad.net/nova/+bug/1189401", 
    "owner": "https://api.launchpad.net/1.0/~danms", 
    "id": 1189401, 
    "index": 1119, 
    "created": "2013-06-10 09:49:13.075743+00:00", 
    "title": "test_conductor.ConductorAPITestCase.test_vol_usage_update_again has races", 
    "comments": [
        {
            "content": "I see the following error quite frequently in the unittests:\n\nTraceback (most recent call last):\n  File \"/opt/stack/nova/.venv/local/lib/python2.7/site-packages/fixtures/fixture.py\", line 112, in cleanUp\n    return self._cleanups(raise_errors=raise_first)\n  File \"/opt/stack/nova/.venv/local/lib/python2.7/site-packages/fixtures/callmany.py\", line 88, in __call__\n    reraise(error[0], error[1], error[2])\n  File \"/opt/stack/nova/.venv/local/lib/python2.7/site-packages/fixtures/callmany.py\", line 82, in __call__\n    cleanup(*args, **kwargs)\n  File \"/opt/stack/nova/nova/service.py\", line 266, in kill\n    self.conductor_api.service_destroy(context.get_admin_context(),\n  File \"/opt/stack/nova/nova/context.py\", line 175, in get_admin_context\n    overwrite=False)\n  File \"/opt/stack/nova/nova/context.py\", line 72, in __init__\n    timestamp = timeutils.utcnow()\n  File \"/opt/stack/nova/.venv/local/lib/python2.7/site-packages/mox.py\", line 765, in __call__\n    return mock_method(*params, **named_params)\n  File \"/opt/stack/nova/.venv/local/lib/python2.7/site-packages/mox.py\", line 1002, in __call__\n    expected_method = self._VerifyMethodCall()\n  File \"/opt/stack/nova/.venv/local/lib/python2.7/site-packages/mox.py\", line 1049, in _VerifyMethodCall\n    expected = self._PopNextMethod()\n  File \"/opt/stack/nova/.venv/local/lib/python2.7/site-packages/mox.py\", line 1035, in _PopNextMethod\n    raise UnexpectedMethodCallError(self, None)\nUnexpectedMethodCallError: Unexpected method call utcnow.__call__() -> None\n\nThis also effect the Jenkins run here: http://logs.openstack.org/31957/2/check/gate-nova-python26/23777/console.html.gz\n\nThe mox Python library by its own admissions is not thread safe, http://code.google.com/p/pymox/wiki/MoxDocumentation#Threading_issues and this is what is effecting us here, as this error only shows up intermittently \n\nDeally with threading issues in the tests, has the potential to make them unreadable, so I suggest setting the --concurrency level in .testr.conf to 1. This has solved a lot of similar issues for me when fixing the cinder test framework.", 
            "date_created": "2013-06-10 09:49:13.075743+00:00", 
            "author": "https://api.launchpad.net/1.0/~michael-kerrin-w"
        }, 
        {
            "content": "testr doesn't use threads, it uses processes. This is probably a test state leakage between 2 tests, where one requires an explicit setup from another. Setting concurrency level to 1 is a broken work around for the fact that the tests aren't properly isolated from each other.", 
            "date_created": "2013-06-18 10:44:26.462452+00:00", 
            "author": "https://api.launchpad.net/1.0/~sdague"
        }, 
        {
            "content": "Dan fixed this yesterday, so closing out based on that.", 
            "date_created": "2013-06-18 10:47:27.286058+00:00", 
            "author": "https://api.launchpad.net/1.0/~sdague"
        }
    ]
}