{
    "status": "Fix Released", 
    "last_updated": "2015-08-26 14:37:46.520955+00:00", 
    "description": "http://logs.openstack.org/30/164330/2/gate/gate-nova-python27/19869e2/console.html#_2015-03-19_15_30_04_664\n\n2015-03-19 15:30:04.664 | {5} nova.tests.unit.conductor.test_conductor.ConductorTaskAPITestCase.test_rebuild_instance_with_scheduler_group_failure [0.396073s] ... FAILED\n2015-03-19 15:30:04.664 | \n2015-03-19 15:30:04.664 | Captured traceback:\n2015-03-19 15:30:04.664 | ~~~~~~~~~~~~~~~~~~~\n2015-03-19 15:30:04.664 |     Traceback (most recent call last):\n2015-03-19 15:30:04.664 |       File \"/home/jenkins/workspace/gate-nova-python27/.tox/py27/local/lib/python2.7/site-packages/mock.py\", line 1201, in patched\n2015-03-19 15:30:04.664 |         return func(*args, **keywargs)\n2015-03-19 15:30:04.664 |       File \"nova/tests/unit/conductor/test_conductor.py\", line 1746, in test_rebuild_instance_with_scheduler_group_failure\n2015-03-19 15:30:04.664 |         exception, request_spec)\n2015-03-19 15:30:04.664 |       File \"/home/jenkins/workspace/gate-nova-python27/.tox/py27/local/lib/python2.7/site-packages/mock.py\", line 845, in assert_called_once_with\n2015-03-19 15:30:04.665 |         raise AssertionError(msg)\n2015-03-19 15:30:04.665 |     AssertionError: Expected to be called once. Called 2 times.\n\nSeeing it on two changes so far:\n\nhttp://logstash.openstack.org/#eyJzZWFyY2giOiJtZXNzYWdlOlwibm92YS50ZXN0cy51bml0LmNvbmR1Y3Rvci50ZXN0X2NvbmR1Y3Rvci5Db25kdWN0b3JUYXNrQVBJVGVzdENhc2UudGVzdF9yZWJ1aWxkX2luc3RhbmNlX3dpdGhfc2NoZWR1bGVyX2dyb3VwX2ZhaWx1cmVcIiBBTkQgbWVzc2FnZTpcIkZBSUxFRFwiIiwiZmllbGRzIjpbXSwib2Zmc2V0IjowLCJ0aW1lZnJhbWUiOiI2MDQ4MDAiLCJncmFwaG1vZGUiOiJjb3VudCIsInRpbWUiOnsidXNlcl9pbnRlcnZhbCI6MH0sInN0YW1wIjoxNDI2NzgxMzA5MDYwfQ==", 
    "tags": [
        "conductor", 
        "testing"
    ], 
    "importance": "High", 
    "heat": 8, 
    "link": "https://bugs.launchpad.net/nova/+bug/1434161", 
    "owner": "https://api.launchpad.net/1.0/~mriedem", 
    "id": 1434161, 
    "index": 1701, 
    "created": "2015-03-19 16:11:44.013367+00:00", 
    "title": "nova.tests.unit.conductor.test_conductor.ConductorTaskAPITestCase.test_rebuild_instance_with_scheduler_group_failure race fails in the gate", 
    "comments": [
        {
            "content": "http://logs.openstack.org/30/164330/2/gate/gate-nova-python27/19869e2/console.html#_2015-03-19_15_30_04_664\n\n2015-03-19 15:30:04.664 | {5} nova.tests.unit.conductor.test_conductor.ConductorTaskAPITestCase.test_rebuild_instance_with_scheduler_group_failure [0.396073s] ... FAILED\n2015-03-19 15:30:04.664 | \n2015-03-19 15:30:04.664 | Captured traceback:\n2015-03-19 15:30:04.664 | ~~~~~~~~~~~~~~~~~~~\n2015-03-19 15:30:04.664 |     Traceback (most recent call last):\n2015-03-19 15:30:04.664 |       File \"/home/jenkins/workspace/gate-nova-python27/.tox/py27/local/lib/python2.7/site-packages/mock.py\", line 1201, in patched\n2015-03-19 15:30:04.664 |         return func(*args, **keywargs)\n2015-03-19 15:30:04.664 |       File \"nova/tests/unit/conductor/test_conductor.py\", line 1746, in test_rebuild_instance_with_scheduler_group_failure\n2015-03-19 15:30:04.664 |         exception, request_spec)\n2015-03-19 15:30:04.664 |       File \"/home/jenkins/workspace/gate-nova-python27/.tox/py27/local/lib/python2.7/site-packages/mock.py\", line 845, in assert_called_once_with\n2015-03-19 15:30:04.665 |         raise AssertionError(msg)\n2015-03-19 15:30:04.665 |     AssertionError: Expected to be called once. Called 2 times.\n\nSeeing it on two changes so far:\n\nhttp://logstash.openstack.org/#eyJzZWFyY2giOiJtZXNzYWdlOlwibm92YS50ZXN0cy51bml0LmNvbmR1Y3Rvci50ZXN0X2NvbmR1Y3Rvci5Db25kdWN0b3JUYXNrQVBJVGVzdENhc2UudGVzdF9yZWJ1aWxkX2luc3RhbmNlX3dpdGhfc2NoZWR1bGVyX2dyb3VwX2ZhaWx1cmVcIiBBTkQgbWVzc2FnZTpcIkZBSUxFRFwiIiwiZmllbGRzIjpbXSwib2Zmc2V0IjowLCJ0aW1lZnJhbWUiOiI2MDQ4MDAiLCJncmFwaG1vZGUiOiJjb3VudCIsInRpbWUiOnsidXNlcl9pbnRlcnZhbCI6MH0sInN0YW1wIjoxNDI2NzgxMzA5MDYwfQ==", 
            "date_created": "2015-03-19 16:11:44.013367+00:00", 
            "author": "https://api.launchpad.net/1.0/~mriedem"
        }, 
        {
            "content": "Note that the rebuild_instance test has _set_vm_state_and_notify mocked, but we see that when it fails, something else is calling _set_vm_state_and_notify from build_instances:\n\nhttp://logs.openstack.org/30/164330/2/gate/gate-nova-python27/19869e2/console.html#_2015-03-19_15_30_04_669\n\nSo there must be another test doing the same mock (or not doing it right) and that's screwing this up, which is probably this test:\n\ntest_build_instances_scheduler_group_failure\n\nThat does the same mocking.", 
            "date_created": "2015-03-19 17:05:51.340558+00:00", 
            "author": "https://api.launchpad.net/1.0/~mriedem"
        }, 
        {
            "content": "Sound similar to something I tried to fix some time ago. See https://review.openstack.org/122726 which describes a possible cause.", 
            "date_created": "2015-03-19 18:45:41.206848+00:00", 
            "author": "https://api.launchpad.net/1.0/~hanlind"
        }, 
        {
            "content": "Thanks Hans, I'm going to try kind of a hybrid of that.", 
            "date_created": "2015-03-19 21:51:37.468068+00:00", 
            "author": "https://api.launchpad.net/1.0/~mriedem"
        }, 
        {
            "content": "Fix proposed to branch: master\nReview: https://review.openstack.org/166389", 
            "date_created": "2015-03-20 21:47:40.866499+00:00", 
            "author": "https://api.launchpad.net/1.0/~hudson-openstack"
        }, 
        {
            "content": "Reviewed:  https://review.openstack.org/166389\nCommitted: https://git.openstack.org/cgit/openstack/nova/commit/?id=97d049b977d18ab277e7dfeae49062032a320ccd\nSubmitter: Jenkins\nBranch:    master\n\ncommit 97d049b977d18ab277e7dfeae49062032a320ccd\nAuthor: Matt Riedemann <email address hidden>\nDate:   Fri Mar 20 14:41:11 2015 -0700\n\n    mock out build_instances/rebuild_instance when not used\n    \n    Trying to close the gap on what could be causing issues\n    with races in the conductor tests that hit build/rebuild\n    instance.\n    \n    Change-Id: If36ffc21192493c940df9f60beef9476fbd31f84\n    Partial-Bug: #1434161\n", 
            "date_created": "2015-04-02 19:03:16.088037+00:00", 
            "author": "https://api.launchpad.net/1.0/~hudson-openstack"
        }, 
        {
            "content": "We haven't seen this in a long time so marking it as fixed (since Kilo).", 
            "date_created": "2015-08-26 14:37:45.882411+00:00", 
            "author": "https://api.launchpad.net/1.0/~mriedem"
        }
    ]
}