{
    "status": "Invalid", 
    "last_updated": "2013-03-20 17:49:36.403129+00:00", 
    "description": "I am running the tempest tests on a 6.1 Xenserver:\n\nnosetests --with-xunit -sv --nologcapture -I test_ec2_volumes.py -I test_ec2_instance_run.py --attr=type=smoke tempest\n\nAnd rescue fails:\n\n======================================================================\nERROR: test suite for <class 'tempest.tests.compute.servers.test_server_rescue.ServerRescueTestXML'>\n----------------------------------------------------------------------\nTraceback (most recent call last):\n  File \"/usr/lib/python2.7/dist-packages/nose/suite.py\", line 208, in run\n    self.setUp()\n  File \"/usr/lib/python2.7/dist-packages/nose/suite.py\", line 291, in setUp\n    self.setupContext(ancestor)\n  File \"/usr/lib/python2.7/dist-packages/nose/suite.py\", line 314, in setupContext\n    try_run(context, names)\n  File \"/usr/lib/python2.7/dist-packages/nose/util.py\", line 478, in try_run\n    return func()\n  File \"/opt/stack/tempest/tempest/tests/compute/servers/test_server_rescue.py\", line 77, in setUpClass\n    wait_until='ACTIVE')\n  File \"/opt/stack/tempest/tempest/tests/compute/base.py\", line 190, in create_server\n    server['id'], kwargs['wait_until'])\n  File \"/opt/stack/tempest/tempest/services/compute/xml/servers_client.py\", line 284, in wait_for_server_status\n    raise exceptions.BuildErrorException(server_id=server_id)\nBuildErrorException: Server a2351877-6fd1-48cf-b580-6aaa63d6c16a failed to build and is in ERROR status\n\n----------------------------------------------------------------------\nXML: nosetests.xml\n----------------------------------------------------------------------\nRan 72 tests in 2242.127s\n\nFAILED (SKIP=16, errors=1)\n\nNeed to investigate, whether it is a bug or xenapi driver is just missing this feature.", 
    "tags": [
        "xenserver"
    ], 
    "importance": "Undecided", 
    "heat": 6, 
    "link": "https://bugs.launchpad.net/nova/+bug/1157693", 
    "owner": "None", 
    "id": 1157693, 
    "index": 3530, 
    "created": "2013-03-20 12:35:36.736767+00:00", 
    "title": "xenapi: ServerRescue tempest test is failing", 
    "comments": [
        {
            "content": "I am running the tempest tests on a 6.1 Xenserver:\n\nnosetests --with-xunit -sv --nologcapture -I test_ec2_volumes.py -I test_ec2_instance_run.py --attr=type=smoke tempest\n\nAnd rescue fails:\n\n======================================================================\nERROR: test suite for <class 'tempest.tests.compute.servers.test_server_rescue.ServerRescueTestXML'>\n----------------------------------------------------------------------\nTraceback (most recent call last):\n  File \"/usr/lib/python2.7/dist-packages/nose/suite.py\", line 208, in run\n    self.setUp()\n  File \"/usr/lib/python2.7/dist-packages/nose/suite.py\", line 291, in setUp\n    self.setupContext(ancestor)\n  File \"/usr/lib/python2.7/dist-packages/nose/suite.py\", line 314, in setupContext\n    try_run(context, names)\n  File \"/usr/lib/python2.7/dist-packages/nose/util.py\", line 478, in try_run\n    return func()\n  File \"/opt/stack/tempest/tempest/tests/compute/servers/test_server_rescue.py\", line 77, in setUpClass\n    wait_until='ACTIVE')\n  File \"/opt/stack/tempest/tempest/tests/compute/base.py\", line 190, in create_server\n    server['id'], kwargs['wait_until'])\n  File \"/opt/stack/tempest/tempest/services/compute/xml/servers_client.py\", line 284, in wait_for_server_status\n    raise exceptions.BuildErrorException(server_id=server_id)\nBuildErrorException: Server a2351877-6fd1-48cf-b580-6aaa63d6c16a failed to build and is in ERROR status\n\n----------------------------------------------------------------------\nXML: nosetests.xml\n----------------------------------------------------------------------\nRan 72 tests in 2242.127s\n\nFAILED (SKIP=16, errors=1)\n\nNeed to investigate, whether it is a bug or xenapi driver is just missing this feature.", 
            "date_created": "2013-03-20 12:35:36.736767+00:00", 
            "author": "https://api.launchpad.net/1.0/~mate-lakat"
        }, 
        {
            "content": "It seems, that running only the failing test is passing:\n\nstack@DevStackOSDomU:~/tempest$ nosetests --with-xunit -sv --nologcapture -I test_ec2_volumes.py -I test_ec2_instance_run.py --attr=type=smoke tempest.tests.compute.servers.test_server_rescue:ServerRescueTestXML\nnose.config: INFO: Ignoring files matching ['test_ec2_volumes.py', 'test_ec2_instance_run.py']\ntempest.tests.compute.servers.test_server_rescue.ServerRescueTestXML.test_rescue_unrescue_instance[smoke] ... ok\n\n----------------------------------------------------------------------\nXML: nosetests.xml\n----------------------------------------------------------------------\nRan 1 test in 290.792s\n\nOK", 
            "date_created": "2013-03-20 13:26:48.796371+00:00", 
            "author": "https://api.launchpad.net/1.0/~mate-lakat"
        }, 
        {
            "content": "Are you sure you had enough capacity in your setup to run the tests?", 
            "date_created": "2013-03-20 13:58:33.224611+00:00", 
            "author": "https://api.launchpad.net/1.0/~johngarbutt"
        }, 
        {
            "content": "It seems, that while running these tests, a (good old) friend is knocking on the door:\n\nstack@DevStackOSDomU:~$ uname -a\nLinux DevStackOSDomU 3.2.0-38-virtual #61-Ubuntu SMP Tue Feb 19 12:37:47 UTC 2013 x86_64 x86_64 x86_64 GNU/Linux\n\nstack@DevStackOSDomU:~$ dmesg | tail -22\n[10920.108122] INFO: task vgs:19229 blocked for more than 120 seconds.\n[10920.108139] \"echo 0 > /proc/sys/kernel/hung_task_timeout_secs\" disables this message.\n[10920.108154] vgs             D ffff8800ffc13700     0 19229  19228 0x00000000\n[10920.108158]  ffff8800e68b5ae8 0000000000000282 00000000035a19de ffffffff81cdab00\n[10920.108162]  ffff8800e68b5fd8 ffff8800e68b5fd8 ffff8800e68b5fd8 0000000000013700\n[10920.108165]  ffffffff81c0d020 ffff880002015b80 ffff8800e68b5ab8 ffff8800ffc13fc0\n[10920.108169] Call Trace:\n[10920.108176]  [<ffffffff8165434f>] schedule+0x3f/0x60\n[10920.108183]  [<ffffffff816543ff>] io_schedule+0x8f/0xd0\n[10920.108188]  [<ffffffff811af5c4>] dio_await_completion+0x54/0xd0\n[10920.108191]  [<ffffffff811b1bc4>] __blockdev_direct_IO+0x954/0xd90\n[10920.108194]  [<ffffffff811ae210>] ? lookup_bdev+0xa0/0xa0\n[10920.108197]  [<ffffffff811ad8b7>] blkdev_direct_IO+0x57/0x60\n[10920.108200]  [<ffffffff811ae210>] ? lookup_bdev+0xa0/0xa0\n[10920.108205]  [<ffffffff81117e8b>] generic_file_aio_read+0x24b/0x280\n[10920.108209]  [<ffffffff81185e8c>] ? path_openat+0xfc/0x3f0\n[10920.108213]  [<ffffffff81175e4a>] do_sync_read+0xda/0x120\n[10920.108217]  [<ffffffff8129af93>] ? security_file_permission+0x93/0xb0\n[10920.108219]  [<ffffffff811762d1>] ? rw_verify_area+0x61/0xf0\n[10920.108222]  [<ffffffff811767b0>] vfs_read+0xb0/0x180\n[10920.108224]  [<ffffffff811768ca>] sys_read+0x4a/0x90\n[10920.108228]  [<ffffffff8165e7c2>] system_call_fastpath+0x16/0x1b\n\nI was hoping, I won't meet with this issue again.", 
            "date_created": "2013-03-20 16:02:35.455305+00:00", 
            "author": "https://api.launchpad.net/1.0/~mate-lakat"
        }
    ]
}