{
    "status": "Confirmed", 
    "last_updated": "2017-04-12 18:49:35.964646+00:00", 
    "description": "\nkeystone.tests.unit.test_v3_federation.WebSSOTests.test_identity_provider_specific_federated_authentication\n-----------------------------------------------------------------------------------------------------------\n\nCaptured traceback:\n~~~~~~~~~~~~~~~~~~~\n    Traceback (most recent call last):\n      File \"keystone/tests/unit/test_v3_federation.py\", line 4067, in test_identity_provider_specific_federated_authentication\n        self.PROTOCOL)\n      File \"keystone/federation/controllers.py\", line 345, in federated_idp_specific_sso_auth\n        return self.render_html_response(host, token_id)\n      File \"keystone/federation/controllers.py\", line 357, in render_html_response\n        headerlist=headers)\n      File \"/usr/lib/python2.7/dist-packages/webob/response.py\", line 310, in __init__\n        \"You cannot set the body to a text value without a \"\n    TypeError: You cannot set the body to a text value without a charset", 
    "tags": [], 
    "importance": "Undecided", 
    "heat": 16, 
    "link": "https://bugs.launchpad.net/nova/+bug/1657452", 
    "owner": "None", 
    "id": 1657452, 
    "index": 6627, 
    "created": "2017-01-18 13:10:25.009191+00:00", 
    "title": "Incompatibility with python-webob 1.7.0", 
    "comments": [
        {
            "content": "\nkeystone.tests.unit.test_v3_federation.WebSSOTests.test_identity_provider_specific_federated_authentication\n-----------------------------------------------------------------------------------------------------------\n\nCaptured traceback:\n~~~~~~~~~~~~~~~~~~~\n    Traceback (most recent call last):\n      File \"keystone/tests/unit/test_v3_federation.py\", line 4067, in test_identity_provider_specific_federated_authentication\n        self.PROTOCOL)\n      File \"keystone/federation/controllers.py\", line 345, in federated_idp_specific_sso_auth\n        return self.render_html_response(host, token_id)\n      File \"keystone/federation/controllers.py\", line 357, in render_html_response\n        headerlist=headers)\n      File \"/usr/lib/python2.7/dist-packages/webob/response.py\", line 310, in __init__\n        \"You cannot set the body to a text value without a \"\n    TypeError: You cannot set the body to a text value without a charset", 
            "date_created": "2017-01-18 13:10:25.009191+00:00", 
            "author": "https://api.launchpad.net/1.0/~zulcss"
        }, 
        {
            "content": "https://bugs.launchpad.net/keystonemiddleware/+bug/1653646 -- we fixed a similar issue in keystonemiddleware", 
            "date_created": "2017-01-18 14:26:55.050145+00:00", 
            "author": "https://api.launchpad.net/1.0/~bbobrov"
        }, 
        {
            "content": "I'm going to make some fixes to keystone so that when the upper constraints is eventually bumped up to 1.7 that we won't have an issue.", 
            "date_created": "2017-01-18 14:27:04.701127+00:00", 
            "author": "https://api.launchpad.net/1.0/~dstanek"
        }, 
        {
            "content": "glance failures with webob 1.7.0:\n\nglance.tests.unit.common.test_wsgi.JSONRequestDeserializerTest.test_has_body_valid_transfer_encoding_with_content_length\n------------------------------------------------------------------------------------------------------------------------\n\nCaptured traceback:\n~~~~~~~~~~~~~~~~~~~\n    Traceback (most recent call last):\n      File \"glance/tests/unit/common/test_wsgi.py\", line 515, in test_has_body_valid_transfer_encoding_with_content_length\n        transfer_encoding='chunked', content_length=0))\n      File \"/usr/lib/python2.7/dist-packages/unittest2/case.py\", line 702, in assertTrue\n        raise self.failureException(msg)\n    AssertionError: False is not true\n    \n\nglance.tests.unit.v1.test_api.TestGlanceAPI.test_add_image_wrong_content_type\n-----------------------------------------------------------------------------\n\nCaptured traceback:\n~~~~~~~~~~~~~~~~~~~\n    Traceback (most recent call last):\n      File \"glance/tests/unit/v1/test_api.py\", line 2301, in test_add_image_wrong_content_type\n        self.assertEqual(http_client.BAD_REQUEST, res.status_int)\n      File \"/usr/lib/python2.7/dist-packages/testtools/testcase.py\", line 350, in assertEqual\n        self.assertThat(observed, matcher, message)\n      File \"/usr/lib/python2.7/dist-packages/testtools/testcase.py\", line 435, in assertThat\n        raise mismatch_error\n    testtools.matchers._impl.MismatchError: 400 != 201\n    \n", 
            "date_created": "2017-01-18 14:28:31.086334+00:00", 
            "author": "https://api.launchpad.net/1.0/~corey.bryant"
        }, 
        {
            "content": "nova failures with webob 1.7.0: \n\nnova.tests.unit.api.openstack.compute.test_microversions.MicroversionsTest.test_microversions_inner_function_v21\n----------------------------------------------------------------------------------------------------------------\n\nCaptured traceback:\n~~~~~~~~~~~~~~~~~~~\n    Traceback (most recent call last):\n      File \"nova/tests/unit/api/openstack/compute/test_microversions.py\", line 302, in test_microversions_inner_function_v21\n        self._test_microversions_inner_function('2.1', 'controller4_val1')\n      File \"/usr/lib/python2.7/dist-packages/mock/mock.py\", line 1305, in patched\n        return func(*args, **keywargs)\n      File \"nova/tests/unit/api/openstack/compute/test_microversions.py\", line 291, in _test_microversions_inner_function\n        self.assertEqual(200, res.status_int)\n      File \"/usr/lib/python2.7/dist-packages/testtools/testcase.py\", line 350, in assertEqual\n        self.assertThat(observed, matcher, message)\n      File \"/usr/lib/python2.7/dist-packages/testtools/testcase.py\", line 435, in assertThat\n        raise mismatch_error\n    testtools.matchers._impl.MismatchError: 200 != 400\n    \n\nCaptured pythonlogging:\n~~~~~~~~~~~~~~~~~~~~~~~\n    2017-01-18 08:45:09,875 INFO [nova.api.openstack] Loaded extensions: ['test-basic', 'test-microversions']\n    \n\nnova.tests.unit.api.openstack.compute.test_microversions.LegacyMicroversionsTest.test_microversions_inner_function_v21\n----------------------------------------------------------------------------------------------------------------------\n\nCaptured traceback:\n~~~~~~~~~~~~~~~~~~~\n    Traceback (most recent call last):\n      File \"nova/tests/unit/api/openstack/compute/test_microversions.py\", line 302, in test_microversions_inner_function_v21\n        self._test_microversions_inner_function('2.1', 'controller4_val1')\n      File \"/usr/lib/python2.7/dist-packages/mock/mock.py\", line 1305, in patched\n        return func(*args, **keywargs)\n      File \"nova/tests/unit/api/openstack/compute/test_microversions.py\", line 291, in _test_microversions_inner_function\n        self.assertEqual(200, res.status_int)\n      File \"/usr/lib/python2.7/dist-packages/testtools/testcase.py\", line 350, in assertEqual\n        self.assertThat(observed, matcher, message)\n      File \"/usr/lib/python2.7/dist-packages/testtools/testcase.py\", line 435, in assertThat\n        raise mismatch_error\n    testtools.matchers._impl.MismatchError: 200 != 400\n    \n\nCaptured pythonlogging:\n~~~~~~~~~~~~~~~~~~~~~~~\n    2017-01-18 08:45:13,158 INFO [nova.api.openstack] Loaded extensions: ['test-basic', 'test-microversions']\n    \n\nnova.tests.unit.api.openstack.compute.test_microversions.MicroversionsTest.test_microversions_inner_function_v22\n----------------------------------------------------------------------------------------------------------------\n\nCaptured traceback:\n~~~~~~~~~~~~~~~~~~~\n    Traceback (most recent call last):\n      File \"nova/tests/unit/api/openstack/compute/test_microversions.py\", line 299, in test_microversions_inner_function_v22\n        self._test_microversions_inner_function('2.2', 'controller4_val2')\n      File \"/usr/lib/python2.7/dist-packages/mock/mock.py\", line 1305, in patched\n        return func(*args, **keywargs)\n      File \"nova/tests/unit/api/openstack/compute/test_microversions.py\", line 291, in _test_microversions_inner_function\n        self.assertEqual(200, res.status_int)\n      File \"/usr/lib/python2.7/dist-packages/testtools/testcase.py\", line 350, in assertEqual\n        self.assertThat(observed, matcher, message)\n      File \"/usr/lib/python2.7/dist-packages/testtools/testcase.py\", line 435, in assertThat\n        raise mismatch_error\n    testtools.matchers._impl.MismatchError: 200 != 400\n    \n\nCaptured pythonlogging:\n~~~~~~~~~~~~~~~~~~~~~~~\n    2017-01-18 08:45:13,842 INFO [nova.api.openstack] Loaded extensions: ['test-basic', 'test-microversions']\n    \n\nnova.tests.unit.api.openstack.compute.test_microversions.LegacyMicroversionsTest.test_microversions_inner_function_v22\n----------------------------------------------------------------------------------------------------------------------\n\nCaptured traceback:\n~~~~~~~~~~~~~~~~~~~\n    Traceback (most recent call last):\n      File \"nova/tests/unit/api/openstack/compute/test_microversions.py\", line 299, in test_microversions_inner_function_v22\n        self._test_microversions_inner_function('2.2', 'controller4_val2')\n      File \"/usr/lib/python2.7/dist-packages/mock/mock.py\", line 1305, in patched\n        return func(*args, **keywargs)\n      File \"nova/tests/unit/api/openstack/compute/test_microversions.py\", line 291, in _test_microversions_inner_function\n        self.assertEqual(200, res.status_int)\n      File \"/usr/lib/python2.7/dist-packages/testtools/testcase.py\", line 350, in assertEqual\n        self.assertThat(observed, matcher, message)\n      File \"/usr/lib/python2.7/dist-packages/testtools/testcase.py\", line 435, in assertThat\n        raise mismatch_error\n    testtools.matchers._impl.MismatchError: 200 != 400\n    \n\nCaptured pythonlogging:\n~~~~~~~~~~~~~~~~~~~~~~~\n    2017-01-18 08:45:32,152 INFO [nova.api.openstack] Loaded extensions: ['test-basic', 'test-microversions']\n", 
            "date_created": "2017-01-18 14:39:52.540732+00:00", 
            "author": "https://api.launchpad.net/1.0/~corey.bryant"
        }, 
        {
            "content": "Marking this as high at least for ubuntu since this is blocking us from releasing B2 since ubuntu is at webob 1.7.0.", 
            "date_created": "2017-01-18 15:11:23.739072+00:00", 
            "author": "https://api.launchpad.net/1.0/~corey.bryant"
        }, 
        {
            "content": "This appears to run deeper than just test failures.  See glance bug: https://bugs.launchpad.net/ubuntu/+source/glance/+bug/1657459", 
            "date_created": "2017-01-18 15:12:06.310577+00:00", 
            "author": "https://api.launchpad.net/1.0/~corey.bryant"
        }, 
        {
            "content": "Fix proposed to branch: master\nReview: https://review.openstack.org/422234", 
            "date_created": "2017-01-18 20:58:23.961951+00:00", 
            "author": "https://api.launchpad.net/1.0/~hudson-openstack"
        }, 
        {
            "content": "This appears to also be affecting python-oslo.middleware.  Adding test output from dup bug report:\n\n======================================================================\nFAIL: oslo_middleware.tests.test_sizelimit.TestRequestBodySizeLimiter.test_request_too_large_no_content_length\ntags: worker-7\n----------------------------------------------------------------------\nEmpty attachments:\n  stderr\n  stdout\n\nTraceback (most recent call last):\n  File \"oslo_middleware/tests/test_sizelimit.py\", line 108, in test_request_too_large_no_content_length\n    self.assertEqual(413, response.status_int)\n  File \"/home/chuck/work/server/openstack/packaging/git/openstack/oslo.middleware/.tox/py27/local/lib/python2.7/site-packages/testtools/testcase.py\", line 411, in assertEqual\n    self.assertThat(observed, matcher, message)\n  File \"/home/chuck/work/server/openstack/packaging/git/openstack/oslo.middleware/.tox/py27/local/lib/python2.7/site-packages/testtools/testcase.py\", line 498, in assertThat\n    raise mismatch_error\ntesttools.matchers._impl.MismatchError: 413 != 200\nRan 103 tests in 0.217s (-0.074s)\nFAILED (id=3, failures=1)\nerror: testr failed (1)\nERROR: InvocationError:", 
            "date_created": "2017-01-19 19:07:10.568412+00:00", 
            "author": "https://api.launchpad.net/1.0/~corey.bryant"
        }, 
        {
            "content": "Appending a few comments that sigmavirus had on bug #1657459:\n\n\"I filed https://github.com/Pylons/webob/issues/307 although I doubt anything will come of it upstream. If anything, that might help others.\"\n\n\"Another facet of this for Glance seems to be related to the PR in WebOb that broke other projects: http://paste.openstack.org/show/595699/ I suspect this is due to us returning `webob.exc.HTTPNoContent()`. It looks like our gzip middleware expects there to be a content-type but that's no longer auto-generated for us.\"", 
            "date_created": "2017-01-19 22:58:19.834776+00:00", 
            "author": "https://api.launchpad.net/1.0/~corey.bryant"
        }, 
        {
            "content": "I've lowered the importance from critical to low for Ubuntu.  Debian just uploaded python-webob 1:1.6.2-2 to replace 1.7.0-1, which I didn't realize was an option.  We'll get 1:1.6.2-2 synced over to zesty and that should solve our webob problems in Ocata.", 
            "date_created": "2017-01-20 12:58:49.085077+00:00", 
            "author": "https://api.launchpad.net/1.0/~corey.bryant"
        }, 
        {
            "content": "Reviewed:  https://review.openstack.org/422234\nCommitted: https://git.openstack.org/cgit/openstack/keystone/commit/?id=38bce1d869264a6f1ea0e13a0301c8cc4bfc84af\nSubmitter: Jenkins\nBranch:    master\n\ncommit 38bce1d869264a6f1ea0e13a0301c8cc4bfc84af\nAuthor: David Stanek <email address hidden>\nDate:   Fri Mar 24 15:12:27 2017 +0000\n\n    Small fixes for WebOb 1.7 compatibiltity\n    \n    WebOb 1.7 includes a few changes that are not backward\n    compatible. The ones I noticed and fixed are:\n     1. When supplying unicode content for the response body\n        the charset is now required if headers are also provided.\n        Previously a default was used.\n     2. Content-Length is no longer being set when creating a\n        webob.Response object. It appears to be correctly set\n        when directly setting the body property.\n    \n    Upstream change that caused the issues:\n      https://github.com/Pylons/webob/commit/35fd585\n    \n    Closes-bug: #1657452\n    Change-Id: Iaf2dd45fc86e3eb5e56be0a3e1582a6ddf960bc1\n", 
            "date_created": "2017-03-25 00:59:37.171982+00:00", 
            "author": "https://api.launchpad.net/1.0/~hudson-openstack"
        }, 
        {
            "content": "Reviewed:  https://review.openstack.org/423366\nCommitted: https://git.openstack.org/cgit/openstack/glance/commit/?id=7a843f7e1fb1bab504fea0b2c59bf7c22121da71\nSubmitter: Jenkins\nBranch:    master\n\ncommit 7a843f7e1fb1bab504fea0b2c59bf7c22121da71\nAuthor: Ian Cordasco <email address hidden>\nDate:   Fri Jan 20 16:38:10 2017 +0000\n\n    Fix incompatibilities with WebOb 1.7\n    \n    WebOb 1.7 changed [0] how request bodies are determined to be\n    readable. Prior to version 1.7, the following is how WebOb\n    determined if a request body is readable:\n      #1 Request method is one of POST, PUT or PATCH\n      #2 ``content_length`` length is set\n      #3 Special flag ``webob.is_body_readable`` is set\n    \n    The special flag ``webob.is_body_readable`` was used to signal\n    WebOb to consider a request body readable despite the content length\n    not being set. #1 above is how ``chunked`` Transfer Encoding was\n    supported implicitly in WebOb < 1.7.\n    \n    Now with WebOb 1.7, a request body is considered readable only if\n    ``content_length`` is set and it's non-zero [1]. So, we are only left\n    with #2 and #3 now. This drops implicit support for ``chunked``\n    Transfer Encoding Glance relied on. Hence, to emulate #1, Glance must\n    set the the special flag upon checking the HTTP methods that may have\n    bodies. This is precisely what this patch attemps to do.\n    \n    [0] https://github.com/Pylons/webob/pull/283\n    [1] https://github.com/Pylons/webob/pull/283/files#diff-706d71e82f473a3b61d95c2c0d833b60R894\n    \n    Closes-bug: #1657459\n    Closes-bug: #1657452\n    Co-Authored-By: Hemanth Makkapati <email address hidden>\n    Change-Id: I19f15165a3d664d5f3a361f29ad7000ba2465a85\n", 
            "date_created": "2017-03-29 15:17:11.672196+00:00", 
            "author": "https://api.launchpad.net/1.0/~hudson-openstack"
        }, 
        {
            "content": "Here is another related fix that was committed to keystone - https://review.openstack.org/#/c/451559/", 
            "date_created": "2017-03-30 13:47:52.249540+00:00", 
            "author": "https://api.launchpad.net/1.0/~lbragstad"
        }, 
        {
            "content": "This issue was fixed in the openstack/glance 15.0.0.0b1 development milestone.", 
            "date_created": "2017-04-11 08:33:43.786477+00:00", 
            "author": "https://api.launchpad.net/1.0/~hudson-openstack"
        }, 
        {
            "content": "This issue was fixed in the openstack/keystone 12.0.0.0b1 development milestone.", 
            "date_created": "2017-04-12 18:49:34.988078+00:00", 
            "author": "https://api.launchpad.net/1.0/~hudson-openstack"
        }
    ]
}