{
    "status": "Invalid", 
    "last_updated": "2014-02-27 11:28:45.386787+00:00", 
    "description": "The unit tests are failing with the current min_version for jsonschema==1.3.0. This is due to the following reason:\n\nvalidators is a 'dict' in 1.3.0 so there's no extend method. In 2.0.0 it's a class with extend method defined. So it's better to update min_version to 2.0.0.\n\nThe errors seen are:\n\n======================================================================\nFAIL: nova.tests.test_api_validation.AdditionalPropertiesDisableTestCase.test_validate_additionalProperties_disable\n----------------------------------------------------------------------\n_StringException: Empty attachments:\n  pythonlogging:''\n  stderr\n  stdout\n\nTraceback (most recent call last):\n  File \"/tmp/buildd/nova-2014.1.dev990.g2c795f0/nova/tests/test_api_validation.py\", line 133, in setUp\n    @validation.schema(request_body_schema=schema)\n  File \"/tmp/buildd/nova-2014.1.dev990.g2c795f0/nova/api/validation/__init__.py\", line 36, in schema\n    schema_validator = _SchemaValidator(request_body_schema)\n  File \"/tmp/buildd/nova-2014.1.dev990.g2c795f0/nova/api/validation/validators.py\", line 51, in __init__\n    validator_cls = jsonschema.validators.extend(self.validator_org,\nAttributeError: 'dict' object has no attribute 'extend'\n\n\n======================================================================\nFAIL: nova.tests.test_api_validation.AdditionalPropertiesEnableTestCase.test_validate_additionalProperties_enable\n----------------------------------------------------------------------\n_StringException: Empty attachments:\n  pythonlogging:''\n  stderr\n  stdout\n\nTraceback (most recent call last):\n  File \"/tmp/buildd/nova-2014.1.dev990.g2c795f0/nova/tests/test_api_validation.py\", line 106, in setUp\n    @validation.schema(request_body_schema=schema)\n  File \"/tmp/buildd/nova-2014.1.dev990.g2c795f0/nova/api/validation/__init__.py\", line 36, in schema\n    schema_validator = _SchemaValidator(request_body_schema)\n  File \"/tmp/buildd/nova-2014.1.dev990.g2c795f0/nova/api/validation/validators.py\", line 51, in __init__\n    validator_cls = jsonschema.validators.extend(self.validator_org,\nAttributeError: 'dict' object has no attribute 'extend'\n\n\n======================================================================\nFAIL: nova.tests.test_api_validation.IntegerRangeTestCase.test_validate_integer_range\n----------------------------------------------------------------------\n_StringException: Empty attachments:\n  pythonlogging:''\n  stderr\n  stdout\n\nTraceback (most recent call last):\n  File \"/tmp/buildd/nova-2014.1.dev990.g2c795f0/nova/tests/test_api_validation.py\", line 302, in setUp\n    @validation.schema(request_body_schema=schema)\n  File \"/tmp/buildd/nova-2014.1.dev990.g2c795f0/nova/api/validation/__init__.py\", line 36, in schema\n    schema_validator = _SchemaValidator(request_body_schema)\n  File \"/tmp/buildd/nova-2014.1.dev990.g2c795f0/nova/api/validation/validators.py\", line 51, in __init__\n    validator_cls = jsonschema.validators.extend(self.validator_org,\nAttributeError: 'dict' object has no attribute 'extend'\n\n\n======================================================================\nFAIL: nova.tests.test_api_validation.IntegerTestCase.test_validate_integer\n----------------------------------------------------------------------\n_StringException: Empty attachments:\n  pythonlogging:''\n  stderr\n  stdout\n\nTraceback (most recent call last):\n  File \"/tmp/buildd/nova-2014.1.dev990.g2c795f0/nova/tests/test_api_validation.py\", line 245, in setUp\n    @validation.schema(request_body_schema=schema)\n  File \"/tmp/buildd/nova-2014.1.dev990.g2c795f0/nova/api/validation/__init__.py\", line 36, in schema\n    schema_validator = _SchemaValidator(request_body_schema)\n  File \"/tmp/buildd/nova-2014.1.dev990.g2c795f0/nova/api/validation/validators.py\", line 51, in __init__\n    validator_cls = jsonschema.validators.extend(self.validator_org,\nAttributeError: 'dict' object has no attribute 'extend'\n\n\n======================================================================\nFAIL: nova.tests.test_api_validation.StringLengthTestCase.test_validate_string_length\n----------------------------------------------------------------------\n_StringException: Empty attachments:\n  pythonlogging:''\n  stderr\n  stdout\n\nTraceback (most recent call last):\n  File \"/tmp/buildd/nova-2014.1.dev990.g2c795f0/nova/tests/test_api_validation.py\", line 207, in setUp\n    @validation.schema(request_body_schema=schema)\n  File \"/tmp/buildd/nova-2014.1.dev990.g2c795f0/nova/api/validation/__init__.py\", line 36, in schema\n    schema_validator = _SchemaValidator(request_body_schema)\n  File \"/tmp/buildd/nova-2014.1.dev990.g2c795f0/nova/api/validation/validators.py\", line 51, in __init__\n    validator_cls = jsonschema.validators.extend(self.validator_org,\nAttributeError: 'dict' object has no attribute 'extend'\n\n\n======================================================================\nFAIL: nova.tests.test_api_validation.StringLengthTestCase.test_validate_string_length_fails\n----------------------------------------------------------------------\n_StringException: Empty attachments:\n  pythonlogging:''\n  stderr\n  stdout\n\nTraceback (most recent call last):\n  File \"/tmp/buildd/nova-2014.1.dev990.g2c795f0/nova/tests/test_api_validation.py\", line 207, in setUp\n    @validation.schema(request_body_schema=schema)\n  File \"/tmp/buildd/nova-2014.1.dev990.g2c795f0/nova/api/validation/__init__.py\", line 36, in schema\n    schema_validator = _SchemaValidator(request_body_schema)\n  File \"/tmp/buildd/nova-2014.1.dev990.g2c795f0/nova/api/validation/validators.py\", line 51, in __init__\n    validator_cls = jsonschema.validators.extend(self.validator_org,\nAttributeError: 'dict' object has no attribute 'extend'\n\n\n======================================================================\nFAIL: nova.tests.test_api_validation.StringTestCase.test_validate_string\n----------------------------------------------------------------------\n_StringException: Empty attachments:\n  pythonlogging:''\n  stderr\n  stdout\n\nTraceback (most recent call last):\n  File \"/tmp/buildd/nova-2014.1.dev990.g2c795f0/nova/tests/test_api_validation.py\", line 161, in setUp\n    @validation.schema(request_body_schema=schema)\n  File \"/tmp/buildd/nova-2014.1.dev990.g2c795f0/nova/api/validation/__init__.py\", line 36, in schema\n    schema_validator = _SchemaValidator(request_body_schema)\n  File \"/tmp/buildd/nova-2014.1.dev990.g2c795f0/nova/api/validation/validators.py\", line 51, in __init__\n    validator_cls = jsonschema.validators.extend(self.validator_org,\nAttributeError: 'dict' object has no attribute 'extend'\n\n\n======================================================================\nFAIL: nova.tests.test_api_validation.StringTestCase.test_validate_string_fails\n----------------------------------------------------------------------\n_StringException: Empty attachments:\n  pythonlogging:''\n  stderr\n  stdout\n\nTraceback (most recent call last):\n  File \"/tmp/buildd/nova-2014.1.dev990.g2c795f0/nova/tests/test_api_validation.py\", line 161, in setUp\n    @validation.schema(request_body_schema=schema)\n  File \"/tmp/buildd/nova-2014.1.dev990.g2c795f0/nova/api/validation/__init__.py\", line 36, in schema\n    schema_validator = _SchemaValidator(request_body_schema)\n  File \"/tmp/buildd/nova-2014.1.dev990.g2c795f0/nova/api/validation/validators.py\", line 51, in __init__\n    validator_cls = jsonschema.validators.extend(self.validator_org,\nAttributeError: 'dict' object has no attribute 'extend'\n\n\n======================================================================\nFAIL: nova.tests.test_api_validation.UuidTestCase.test_validate_uuid_fails\n----------------------------------------------------------------------\n_StringException: Empty attachments:\n  pythonlogging:''\n  stderr\n  stdout\n\nTraceback (most recent call last):\n  File \"/tmp/buildd/nova-2014.1.dev990.g2c795f0/nova/tests/test_api_validation.py\", line 352, in setUp\n    @validation.schema(request_body_schema=schema)\n  File \"/tmp/buildd/nova-2014.1.dev990.g2c795f0/nova/api/validation/__init__.py\", line 36, in schema\n    schema_validator = _SchemaValidator(request_body_schema)\n  File \"/tmp/buildd/nova-2014.1.dev990.g2c795f0/nova/api/validation/validators.py\", line 51, in __init__\n    validator_cls = jsonschema.validators.extend(self.validator_org,\nAttributeError: 'dict' object has no attribute 'extend'\n\n\n======================================================================\nFAIL: nova.tests.test_api_validation.AdditionalPropertiesDisableTestCase.test_validate_additionalProperties_disable_fails\n----------------------------------------------------------------------\n_StringException: Empty attachments:\n  pythonlogging:''\n  stderr\n  stdout\n\nTraceback (most recent call last):\n  File \"/tmp/buildd/nova-2014.1.dev990.g2c795f0/nova/tests/test_api_validation.py\", line 133, in setUp\n    @validation.schema(request_body_schema=schema)\n  File \"/tmp/buildd/nova-2014.1.dev990.g2c795f0/nova/api/validation/__init__.py\", line 36, in schema\n    schema_validator = _SchemaValidator(request_body_schema)\n  File \"/tmp/buildd/nova-2014.1.dev990.g2c795f0/nova/api/validation/validators.py\", line 51, in __init__\n    validator_cls = jsonschema.validators.extend(self.validator_org,\nAttributeError: 'dict' object has no attribute 'extend'\n\n\n======================================================================\nFAIL: nova.tests.test_api_validation.IntegerRangeTestCase.test_validate_integer_range_fails\n----------------------------------------------------------------------\n_StringException: Empty attachments:\n  pythonlogging:''\n  stderr\n  stdout\n\nTraceback (most recent call last):\n  File \"/tmp/buildd/nova-2014.1.dev990.g2c795f0/nova/tests/test_api_validation.py\", line 302, in setUp\n    @validation.schema(request_body_schema=schema)\n  File \"/tmp/buildd/nova-2014.1.dev990.g2c795f0/nova/api/validation/__init__.py\", line 36, in schema\n    schema_validator = _SchemaValidator(request_body_schema)\n  File \"/tmp/buildd/nova-2014.1.dev990.g2c795f0/nova/api/validation/validators.py\", line 51, in __init__\n    validator_cls = jsonschema.validators.extend(self.validator_org,\nAttributeError: 'dict' object has no attribute 'extend'\n\n\n======================================================================\nFAIL: nova.tests.test_api_validation.IntegerTestCase.test_validate_integer_fails\n----------------------------------------------------------------------\n_StringException: Empty attachments:\n  pythonlogging:''\n  stderr\n  stdout\n\nTraceback (most recent call last):\n  File \"/tmp/buildd/nova-2014.1.dev990.g2c795f0/nova/tests/test_api_validation.py\", line 245, in setUp\n    @validation.schema(request_body_schema=schema)\n  File \"/tmp/buildd/nova-2014.1.dev990.g2c795f0/nova/api/validation/__init__.py\", line 36, in schema\n    schema_validator = _SchemaValidator(request_body_schema)\n  File \"/tmp/buildd/nova-2014.1.dev990.g2c795f0/nova/api/validation/validators.py\", line 51, in __init__\n    validator_cls = jsonschema.validators.extend(self.validator_org,\nAttributeError: 'dict' object has no attribute 'extend'\n\n\n======================================================================\nFAIL: nova.tests.test_api_validation.RequiredDisableTestCase.test_validate_required_disable\n----------------------------------------------------------------------\n_StringException: Empty attachments:\n  pythonlogging:''\n  stderr\n  stdout\n\nTraceback (most recent call last):\n  File \"/tmp/buildd/nova-2014.1.dev990.g2c795f0/nova/tests/test_api_validation.py\", line 52, in setUp\n    @validation.schema(request_body_schema=schema)\n  File \"/tmp/buildd/nova-2014.1.dev990.g2c795f0/nova/api/validation/__init__.py\", line 36, in schema\n    schema_validator = _SchemaValidator(request_body_schema)\n  File \"/tmp/buildd/nova-2014.1.dev990.g2c795f0/nova/api/validation/validators.py\", line 51, in __init__\n    validator_cls = jsonschema.validators.extend(self.validator_org,\nAttributeError: 'dict' object has no attribute 'extend'\n\n\n======================================================================\nFAIL: nova.tests.test_api_validation.RequiredEnableTestCase.test_validate_required_enable\n----------------------------------------------------------------------\n_StringException: Empty attachments:\n  pythonlogging:''\n  stderr\n  stdout\n\nTraceback (most recent call last):\n  File \"/tmp/buildd/nova-2014.1.dev990.g2c795f0/nova/tests/test_api_validation.py\", line 77, in setUp\n    @validation.schema(request_body_schema=schema)\n  File \"/tmp/buildd/nova-2014.1.dev990.g2c795f0/nova/api/validation/__init__.py\", line 36, in schema\n    schema_validator = _SchemaValidator(request_body_schema)\n  File \"/tmp/buildd/nova-2014.1.dev990.g2c795f0/nova/api/validation/validators.py\", line 51, in __init__\n    validator_cls = jsonschema.validators.extend(self.validator_org,\nAttributeError: 'dict' object has no attribute 'extend'\n\n\n======================================================================\nFAIL: nova.tests.test_api_validation.RequiredEnableTestCase.test_validate_required_enable_fails\n----------------------------------------------------------------------\n_StringException: Empty attachments:\n  pythonlogging:''\n  stderr\n  stdout\n\nTraceback (most recent call last):\n  File \"/tmp/buildd/nova-2014.1.dev990.g2c795f0/nova/tests/test_api_validation.py\", line 77, in setUp\n    @validation.schema(request_body_schema=schema)\n  File \"/tmp/buildd/nova-2014.1.dev990.g2c795f0/nova/api/validation/__init__.py\", line 36, in schema\n    schema_validator = _SchemaValidator(request_body_schema)\n  File \"/tmp/buildd/nova-2014.1.dev990.g2c795f0/nova/api/validation/validators.py\", line 51, in __init__\n    validator_cls = jsonschema.validators.extend(self.validator_org,\nAttributeError: 'dict' object has no attribute 'extend'\n\n\n======================================================================\nFAIL: nova.tests.test_api_validation.UuidTestCase.test_validate_uuid\n----------------------------------------------------------------------\n_StringException: Empty attachments:\n  pythonlogging:''\n  stderr\n  stdout\n\nTraceback (most recent call last):\n  File \"/tmp/buildd/nova-2014.1.dev990.g2c795f0/nova/tests/test_api_validation.py\", line 352, in setUp\n    @validation.schema(request_body_schema=schema)\n  File \"/tmp/buildd/nova-2014.1.dev990.g2c795f0/nova/api/validation/__init__.py\", line 36, in schema\n    schema_validator = _SchemaValidator(request_body_schema)\n  File \"/tmp/buildd/nova-2014.1.dev990.g2c795f0/nova/api/validation/validators.py\", line 51, in __init__\n    validator_cls = jsonschema.validators.extend(self.validator_org,\nAttributeError: 'dict' object has no attribute 'extend'", 
    "tags": [], 
    "importance": "Undecided", 
    "heat": 6, 
    "link": "https://bugs.launchpad.net/nova/+bug/1256344", 
    "owner": "None", 
    "id": 1256344, 
    "index": 4344, 
    "created": "2013-11-29 14:41:16.925989+00:00", 
    "title": "jsonschema min_version requirements are not sufficient", 
    "comments": [
        {
            "content": "The unit tests are failing with the current min_version for jsonschema==1.3.0. This is due to the following reason:\n\nvalidators is a 'dict' in 1.3.0 so there's no extend method. In 2.0.0 it's a class with extend method defined. So it's better to update min_version to 2.0.0.\n\nThe errors seen are:\n\n======================================================================\nFAIL: nova.tests.test_api_validation.AdditionalPropertiesDisableTestCase.test_validate_additionalProperties_disable\n----------------------------------------------------------------------\n_StringException: Empty attachments:\n  pythonlogging:''\n  stderr\n  stdout\n\nTraceback (most recent call last):\n  File \"/tmp/buildd/nova-2014.1.dev990.g2c795f0/nova/tests/test_api_validation.py\", line 133, in setUp\n    @validation.schema(request_body_schema=schema)\n  File \"/tmp/buildd/nova-2014.1.dev990.g2c795f0/nova/api/validation/__init__.py\", line 36, in schema\n    schema_validator = _SchemaValidator(request_body_schema)\n  File \"/tmp/buildd/nova-2014.1.dev990.g2c795f0/nova/api/validation/validators.py\", line 51, in __init__\n    validator_cls = jsonschema.validators.extend(self.validator_org,\nAttributeError: 'dict' object has no attribute 'extend'\n\n\n======================================================================\nFAIL: nova.tests.test_api_validation.AdditionalPropertiesEnableTestCase.test_validate_additionalProperties_enable\n----------------------------------------------------------------------\n_StringException: Empty attachments:\n  pythonlogging:''\n  stderr\n  stdout\n\nTraceback (most recent call last):\n  File \"/tmp/buildd/nova-2014.1.dev990.g2c795f0/nova/tests/test_api_validation.py\", line 106, in setUp\n    @validation.schema(request_body_schema=schema)\n  File \"/tmp/buildd/nova-2014.1.dev990.g2c795f0/nova/api/validation/__init__.py\", line 36, in schema\n    schema_validator = _SchemaValidator(request_body_schema)\n  File \"/tmp/buildd/nova-2014.1.dev990.g2c795f0/nova/api/validation/validators.py\", line 51, in __init__\n    validator_cls = jsonschema.validators.extend(self.validator_org,\nAttributeError: 'dict' object has no attribute 'extend'\n\n\n======================================================================\nFAIL: nova.tests.test_api_validation.IntegerRangeTestCase.test_validate_integer_range\n----------------------------------------------------------------------\n_StringException: Empty attachments:\n  pythonlogging:''\n  stderr\n  stdout\n\nTraceback (most recent call last):\n  File \"/tmp/buildd/nova-2014.1.dev990.g2c795f0/nova/tests/test_api_validation.py\", line 302, in setUp\n    @validation.schema(request_body_schema=schema)\n  File \"/tmp/buildd/nova-2014.1.dev990.g2c795f0/nova/api/validation/__init__.py\", line 36, in schema\n    schema_validator = _SchemaValidator(request_body_schema)\n  File \"/tmp/buildd/nova-2014.1.dev990.g2c795f0/nova/api/validation/validators.py\", line 51, in __init__\n    validator_cls = jsonschema.validators.extend(self.validator_org,\nAttributeError: 'dict' object has no attribute 'extend'\n\n\n======================================================================\nFAIL: nova.tests.test_api_validation.IntegerTestCase.test_validate_integer\n----------------------------------------------------------------------\n_StringException: Empty attachments:\n  pythonlogging:''\n  stderr\n  stdout\n\nTraceback (most recent call last):\n  File \"/tmp/buildd/nova-2014.1.dev990.g2c795f0/nova/tests/test_api_validation.py\", line 245, in setUp\n    @validation.schema(request_body_schema=schema)\n  File \"/tmp/buildd/nova-2014.1.dev990.g2c795f0/nova/api/validation/__init__.py\", line 36, in schema\n    schema_validator = _SchemaValidator(request_body_schema)\n  File \"/tmp/buildd/nova-2014.1.dev990.g2c795f0/nova/api/validation/validators.py\", line 51, in __init__\n    validator_cls = jsonschema.validators.extend(self.validator_org,\nAttributeError: 'dict' object has no attribute 'extend'\n\n\n======================================================================\nFAIL: nova.tests.test_api_validation.StringLengthTestCase.test_validate_string_length\n----------------------------------------------------------------------\n_StringException: Empty attachments:\n  pythonlogging:''\n  stderr\n  stdout\n\nTraceback (most recent call last):\n  File \"/tmp/buildd/nova-2014.1.dev990.g2c795f0/nova/tests/test_api_validation.py\", line 207, in setUp\n    @validation.schema(request_body_schema=schema)\n  File \"/tmp/buildd/nova-2014.1.dev990.g2c795f0/nova/api/validation/__init__.py\", line 36, in schema\n    schema_validator = _SchemaValidator(request_body_schema)\n  File \"/tmp/buildd/nova-2014.1.dev990.g2c795f0/nova/api/validation/validators.py\", line 51, in __init__\n    validator_cls = jsonschema.validators.extend(self.validator_org,\nAttributeError: 'dict' object has no attribute 'extend'\n\n\n======================================================================\nFAIL: nova.tests.test_api_validation.StringLengthTestCase.test_validate_string_length_fails\n----------------------------------------------------------------------\n_StringException: Empty attachments:\n  pythonlogging:''\n  stderr\n  stdout\n\nTraceback (most recent call last):\n  File \"/tmp/buildd/nova-2014.1.dev990.g2c795f0/nova/tests/test_api_validation.py\", line 207, in setUp\n    @validation.schema(request_body_schema=schema)\n  File \"/tmp/buildd/nova-2014.1.dev990.g2c795f0/nova/api/validation/__init__.py\", line 36, in schema\n    schema_validator = _SchemaValidator(request_body_schema)\n  File \"/tmp/buildd/nova-2014.1.dev990.g2c795f0/nova/api/validation/validators.py\", line 51, in __init__\n    validator_cls = jsonschema.validators.extend(self.validator_org,\nAttributeError: 'dict' object has no attribute 'extend'\n\n\n======================================================================\nFAIL: nova.tests.test_api_validation.StringTestCase.test_validate_string\n----------------------------------------------------------------------\n_StringException: Empty attachments:\n  pythonlogging:''\n  stderr\n  stdout\n\nTraceback (most recent call last):\n  File \"/tmp/buildd/nova-2014.1.dev990.g2c795f0/nova/tests/test_api_validation.py\", line 161, in setUp\n    @validation.schema(request_body_schema=schema)\n  File \"/tmp/buildd/nova-2014.1.dev990.g2c795f0/nova/api/validation/__init__.py\", line 36, in schema\n    schema_validator = _SchemaValidator(request_body_schema)\n  File \"/tmp/buildd/nova-2014.1.dev990.g2c795f0/nova/api/validation/validators.py\", line 51, in __init__\n    validator_cls = jsonschema.validators.extend(self.validator_org,\nAttributeError: 'dict' object has no attribute 'extend'\n\n\n======================================================================\nFAIL: nova.tests.test_api_validation.StringTestCase.test_validate_string_fails\n----------------------------------------------------------------------\n_StringException: Empty attachments:\n  pythonlogging:''\n  stderr\n  stdout\n\nTraceback (most recent call last):\n  File \"/tmp/buildd/nova-2014.1.dev990.g2c795f0/nova/tests/test_api_validation.py\", line 161, in setUp\n    @validation.schema(request_body_schema=schema)\n  File \"/tmp/buildd/nova-2014.1.dev990.g2c795f0/nova/api/validation/__init__.py\", line 36, in schema\n    schema_validator = _SchemaValidator(request_body_schema)\n  File \"/tmp/buildd/nova-2014.1.dev990.g2c795f0/nova/api/validation/validators.py\", line 51, in __init__\n    validator_cls = jsonschema.validators.extend(self.validator_org,\nAttributeError: 'dict' object has no attribute 'extend'\n\n\n======================================================================\nFAIL: nova.tests.test_api_validation.UuidTestCase.test_validate_uuid_fails\n----------------------------------------------------------------------\n_StringException: Empty attachments:\n  pythonlogging:''\n  stderr\n  stdout\n\nTraceback (most recent call last):\n  File \"/tmp/buildd/nova-2014.1.dev990.g2c795f0/nova/tests/test_api_validation.py\", line 352, in setUp\n    @validation.schema(request_body_schema=schema)\n  File \"/tmp/buildd/nova-2014.1.dev990.g2c795f0/nova/api/validation/__init__.py\", line 36, in schema\n    schema_validator = _SchemaValidator(request_body_schema)\n  File \"/tmp/buildd/nova-2014.1.dev990.g2c795f0/nova/api/validation/validators.py\", line 51, in __init__\n    validator_cls = jsonschema.validators.extend(self.validator_org,\nAttributeError: 'dict' object has no attribute 'extend'\n\n\n======================================================================\nFAIL: nova.tests.test_api_validation.AdditionalPropertiesDisableTestCase.test_validate_additionalProperties_disable_fails\n----------------------------------------------------------------------\n_StringException: Empty attachments:\n  pythonlogging:''\n  stderr\n  stdout\n\nTraceback (most recent call last):\n  File \"/tmp/buildd/nova-2014.1.dev990.g2c795f0/nova/tests/test_api_validation.py\", line 133, in setUp\n    @validation.schema(request_body_schema=schema)\n  File \"/tmp/buildd/nova-2014.1.dev990.g2c795f0/nova/api/validation/__init__.py\", line 36, in schema\n    schema_validator = _SchemaValidator(request_body_schema)\n  File \"/tmp/buildd/nova-2014.1.dev990.g2c795f0/nova/api/validation/validators.py\", line 51, in __init__\n    validator_cls = jsonschema.validators.extend(self.validator_org,\nAttributeError: 'dict' object has no attribute 'extend'\n\n\n======================================================================\nFAIL: nova.tests.test_api_validation.IntegerRangeTestCase.test_validate_integer_range_fails\n----------------------------------------------------------------------\n_StringException: Empty attachments:\n  pythonlogging:''\n  stderr\n  stdout\n\nTraceback (most recent call last):\n  File \"/tmp/buildd/nova-2014.1.dev990.g2c795f0/nova/tests/test_api_validation.py\", line 302, in setUp\n    @validation.schema(request_body_schema=schema)\n  File \"/tmp/buildd/nova-2014.1.dev990.g2c795f0/nova/api/validation/__init__.py\", line 36, in schema\n    schema_validator = _SchemaValidator(request_body_schema)\n  File \"/tmp/buildd/nova-2014.1.dev990.g2c795f0/nova/api/validation/validators.py\", line 51, in __init__\n    validator_cls = jsonschema.validators.extend(self.validator_org,\nAttributeError: 'dict' object has no attribute 'extend'\n\n\n======================================================================\nFAIL: nova.tests.test_api_validation.IntegerTestCase.test_validate_integer_fails\n----------------------------------------------------------------------\n_StringException: Empty attachments:\n  pythonlogging:''\n  stderr\n  stdout\n\nTraceback (most recent call last):\n  File \"/tmp/buildd/nova-2014.1.dev990.g2c795f0/nova/tests/test_api_validation.py\", line 245, in setUp\n    @validation.schema(request_body_schema=schema)\n  File \"/tmp/buildd/nova-2014.1.dev990.g2c795f0/nova/api/validation/__init__.py\", line 36, in schema\n    schema_validator = _SchemaValidator(request_body_schema)\n  File \"/tmp/buildd/nova-2014.1.dev990.g2c795f0/nova/api/validation/validators.py\", line 51, in __init__\n    validator_cls = jsonschema.validators.extend(self.validator_org,\nAttributeError: 'dict' object has no attribute 'extend'\n\n\n======================================================================\nFAIL: nova.tests.test_api_validation.RequiredDisableTestCase.test_validate_required_disable\n----------------------------------------------------------------------\n_StringException: Empty attachments:\n  pythonlogging:''\n  stderr\n  stdout\n\nTraceback (most recent call last):\n  File \"/tmp/buildd/nova-2014.1.dev990.g2c795f0/nova/tests/test_api_validation.py\", line 52, in setUp\n    @validation.schema(request_body_schema=schema)\n  File \"/tmp/buildd/nova-2014.1.dev990.g2c795f0/nova/api/validation/__init__.py\", line 36, in schema\n    schema_validator = _SchemaValidator(request_body_schema)\n  File \"/tmp/buildd/nova-2014.1.dev990.g2c795f0/nova/api/validation/validators.py\", line 51, in __init__\n    validator_cls = jsonschema.validators.extend(self.validator_org,\nAttributeError: 'dict' object has no attribute 'extend'\n\n\n======================================================================\nFAIL: nova.tests.test_api_validation.RequiredEnableTestCase.test_validate_required_enable\n----------------------------------------------------------------------\n_StringException: Empty attachments:\n  pythonlogging:''\n  stderr\n  stdout\n\nTraceback (most recent call last):\n  File \"/tmp/buildd/nova-2014.1.dev990.g2c795f0/nova/tests/test_api_validation.py\", line 77, in setUp\n    @validation.schema(request_body_schema=schema)\n  File \"/tmp/buildd/nova-2014.1.dev990.g2c795f0/nova/api/validation/__init__.py\", line 36, in schema\n    schema_validator = _SchemaValidator(request_body_schema)\n  File \"/tmp/buildd/nova-2014.1.dev990.g2c795f0/nova/api/validation/validators.py\", line 51, in __init__\n    validator_cls = jsonschema.validators.extend(self.validator_org,\nAttributeError: 'dict' object has no attribute 'extend'\n\n\n======================================================================\nFAIL: nova.tests.test_api_validation.RequiredEnableTestCase.test_validate_required_enable_fails\n----------------------------------------------------------------------\n_StringException: Empty attachments:\n  pythonlogging:''\n  stderr\n  stdout\n\nTraceback (most recent call last):\n  File \"/tmp/buildd/nova-2014.1.dev990.g2c795f0/nova/tests/test_api_validation.py\", line 77, in setUp\n    @validation.schema(request_body_schema=schema)\n  File \"/tmp/buildd/nova-2014.1.dev990.g2c795f0/nova/api/validation/__init__.py\", line 36, in schema\n    schema_validator = _SchemaValidator(request_body_schema)\n  File \"/tmp/buildd/nova-2014.1.dev990.g2c795f0/nova/api/validation/validators.py\", line 51, in __init__\n    validator_cls = jsonschema.validators.extend(self.validator_org,\nAttributeError: 'dict' object has no attribute 'extend'\n\n\n======================================================================\nFAIL: nova.tests.test_api_validation.UuidTestCase.test_validate_uuid\n----------------------------------------------------------------------\n_StringException: Empty attachments:\n  pythonlogging:''\n  stderr\n  stdout\n\nTraceback (most recent call last):\n  File \"/tmp/buildd/nova-2014.1.dev990.g2c795f0/nova/tests/test_api_validation.py\", line 352, in setUp\n    @validation.schema(request_body_schema=schema)\n  File \"/tmp/buildd/nova-2014.1.dev990.g2c795f0/nova/api/validation/__init__.py\", line 36, in schema\n    schema_validator = _SchemaValidator(request_body_schema)\n  File \"/tmp/buildd/nova-2014.1.dev990.g2c795f0/nova/api/validation/validators.py\", line 51, in __init__\n    validator_cls = jsonschema.validators.extend(self.validator_org,\nAttributeError: 'dict' object has no attribute 'extend'", 
            "date_created": "2013-11-29 14:41:16.925989+00:00", 
            "author": "https://api.launchpad.net/1.0/~parthipan"
        }, 
        {
            "content": "committed https://review.openstack.org/#/c/59189/", 
            "date_created": "2013-11-29 14:47:26.032466+00:00", 
            "author": "https://api.launchpad.net/1.0/~parthipan"
        }, 
        {
            "content": "I'm removing myself from the assignee as this doesn't seem to require nova changes but should be done automatically by a sync job.\n\n\\quote\n\nSean Dague\t\tJan 25\nPatch Set 3: Do not merge\nthis should be managed by the automatic sync job, not manually.\n\n\\quote", 
            "date_created": "2014-02-10 11:33:16.692740+00:00", 
            "author": "https://api.launchpad.net/1.0/~parthipan"
        }, 
        {
            "content": "I think this bug can be closed as I don't see this any more.", 
            "date_created": "2014-02-27 11:27:29.727772+00:00", 
            "author": "https://api.launchpad.net/1.0/~parthipan"
        }, 
        {
            "content": "I've set the status to 'invalid', I'm not sure if that's the right way to close this bug.", 
            "date_created": "2014-02-27 11:28:44.912794+00:00", 
            "author": "https://api.launchpad.net/1.0/~parthipan"
        }
    ]
}