{
    "status": "Fix Released", 
    "last_updated": "2015-10-15 09:04:47.274584+00:00", 
    "description": "I rebased my local master branch around 9/11 and I've been seeing this failing consistently locally:\n\nnova.tests.unit.test_crypto.RevokeCertsTest.test_revoke_cert_project_not_found_chdir_fails\n------------------------------------------------------------------------------------------\n\nCaptured traceback:\n~~~~~~~~~~~~~~~~~~~\n    Traceback (most recent call last):\n      File \"nova/tests/unit/test_crypto.py\", line 168, in test_revoke_cert_project_not_found_chdir_fails\n        2, 'test_file')\n      File \"/home/mriedem/git/nova/.tox/py27/local/lib/python2.7/site-packages/testtools/testcase.py\", line 422, in assertRaises\n        self.assertThat(our_callable, matcher)\n      File \"/home/mriedem/git/nova/.tox/py27/local/lib/python2.7/site-packages/testtools/testcase.py\", line 433, in assertThat\n        mismatch_error = self._matchHelper(matchee, matcher, message, verbose)\n      File \"/home/mriedem/git/nova/.tox/py27/local/lib/python2.7/site-packages/testtools/testcase.py\", line 483, in _matchHelper\n        mismatch = matcher.match(matchee)\n      File \"/home/mriedem/git/nova/.tox/py27/local/lib/python2.7/site-packages/testtools/matchers/_exception.py\", line 108, in match\n        mismatch = self.exception_matcher.match(exc_info)\n      File \"/home/mriedem/git/nova/.tox/py27/local/lib/python2.7/site-packages/testtools/matchers/_higherorder.py\", line 62, in match\n        mismatch = matcher.match(matchee)\n      File \"/home/mriedem/git/nova/.tox/py27/local/lib/python2.7/site-packages/testtools/testcase.py\", line 414, in match\n        reraise(*matchee)\n      File \"/home/mriedem/git/nova/.tox/py27/local/lib/python2.7/site-packages/testtools/matchers/_exception.py\", line 101, in match\n        result = matchee()\n      File \"/home/mriedem/git/nova/.tox/py27/local/lib/python2.7/site-packages/testtools/testcase.py\", line 969, in __call__\n        return self._callable_object(*self._args, **self._kwargs)\n      File \"nova/crypto.py\", line 227, in revoke_cert\n        raise exception.RevokeCertFailure(project_id=project_id)\n    nova.exception.RevokeCertFailure: Failed to revoke certificate for 2\n\nThe last changes to test_crypto were made on 9/4:\n\nhttps://review.openstack.org/#/c/191604/\n\nGiven that's related to processutils in oslo.concurrency, I'm wondering if there was a regression in 2.6.0, released on 9/8:\n\nhttps://pypi.python.org/pypi/oslo.concurrency/2.6.0", 
    "tags": [
        "crypto", 
        "oslo", 
        "testing"
    ], 
    "importance": "Medium", 
    "heat": 6, 
    "link": "https://bugs.launchpad.net/nova/+bug/1495547", 
    "owner": "https://api.launchpad.net/1.0/~mriedem", 
    "id": 1495547, 
    "index": 4347, 
    "created": "2015-09-14 14:27:04.025485+00:00", 
    "title": "nova.tests.unit.test_crypto.RevokeCertsTest.test_revoke_cert_project_not_found_chdir_fails fails locally since ~9/11", 
    "comments": [
        {
            "content": "I rebased my local master branch around 9/11 and I've been seeing this failing consistently locally:\n\nnova.tests.unit.test_crypto.RevokeCertsTest.test_revoke_cert_project_not_found_chdir_fails\n------------------------------------------------------------------------------------------\n\nCaptured traceback:\n~~~~~~~~~~~~~~~~~~~\n    Traceback (most recent call last):\n      File \"nova/tests/unit/test_crypto.py\", line 168, in test_revoke_cert_project_not_found_chdir_fails\n        2, 'test_file')\n      File \"/home/mriedem/git/nova/.tox/py27/local/lib/python2.7/site-packages/testtools/testcase.py\", line 422, in assertRaises\n        self.assertThat(our_callable, matcher)\n      File \"/home/mriedem/git/nova/.tox/py27/local/lib/python2.7/site-packages/testtools/testcase.py\", line 433, in assertThat\n        mismatch_error = self._matchHelper(matchee, matcher, message, verbose)\n      File \"/home/mriedem/git/nova/.tox/py27/local/lib/python2.7/site-packages/testtools/testcase.py\", line 483, in _matchHelper\n        mismatch = matcher.match(matchee)\n      File \"/home/mriedem/git/nova/.tox/py27/local/lib/python2.7/site-packages/testtools/matchers/_exception.py\", line 108, in match\n        mismatch = self.exception_matcher.match(exc_info)\n      File \"/home/mriedem/git/nova/.tox/py27/local/lib/python2.7/site-packages/testtools/matchers/_higherorder.py\", line 62, in match\n        mismatch = matcher.match(matchee)\n      File \"/home/mriedem/git/nova/.tox/py27/local/lib/python2.7/site-packages/testtools/testcase.py\", line 414, in match\n        reraise(*matchee)\n      File \"/home/mriedem/git/nova/.tox/py27/local/lib/python2.7/site-packages/testtools/matchers/_exception.py\", line 101, in match\n        result = matchee()\n      File \"/home/mriedem/git/nova/.tox/py27/local/lib/python2.7/site-packages/testtools/testcase.py\", line 969, in __call__\n        return self._callable_object(*self._args, **self._kwargs)\n      File \"nova/crypto.py\", line 227, in revoke_cert\n        raise exception.RevokeCertFailure(project_id=project_id)\n    nova.exception.RevokeCertFailure: Failed to revoke certificate for 2\n\nThe last changes to test_crypto were made on 9/4:\n\nhttps://review.openstack.org/#/c/191604/\n\nGiven that's related to processutils in oslo.concurrency, I'm wondering if there was a regression in 2.6.0, released on 9/8:\n\nhttps://pypi.python.org/pypi/oslo.concurrency/2.6.0", 
            "date_created": "2015-09-14 14:27:04.025485+00:00", 
            "author": "https://api.launchpad.net/1.0/~mriedem"
        }, 
        {
            "content": "Even running the test by itself fails so it's not some concurrency issue.", 
            "date_created": "2015-09-14 14:30:12.854599+00:00", 
            "author": "https://api.launchpad.net/1.0/~mriedem"
        }, 
        {
            "content": "mriedem@ubuntu:~$ source git/nova/.tox/py27/bin/activate\n(py27)mriedem@ubuntu:~$ pip show cryptography\nYou are using pip version 7.0.3, however version 7.1.2 is available.\nYou should consider upgrading via the 'pip install --upgrade pip' command.\n---\nMetadata-Version: 2.0\nName: cryptography\nVersion: 1.0.1\nSummary: cryptography is a package which provides cryptographic recipes and primitives to Python developers.\nHome-page: https://github.com/pyca/cryptography\nAuthor: The cryptography developers\nAuthor-email: <email address hidden>\nLicense: BSD or Apache License, Version 2.0\nLocation: /home/mriedem/git/nova/.tox/py27/lib/python2.7/site-packages\nRequires: setuptools, enum34, ipaddress, pyasn1, six, idna, cffi\n(py27)mriedem@ubuntu:~$ \n(py27)mriedem@ubuntu:~$ \n(py27)mriedem@ubuntu:~$ pip show paramiko\nYou are using pip version 7.0.3, however version 7.1.2 is available.\nYou should consider upgrading via the 'pip install --upgrade pip' command.\n---\nMetadata-Version: 2.0\nName: paramiko\nVersion: 1.15.2\nSummary: SSH2 protocol library\nHome-page: https://github.com/paramiko/paramiko/\nAuthor: Jeff Forcier\nAuthor-email: <email address hidden>\nLicense: LGPL\nLocation: /home/mriedem/git/nova/.tox/py27/lib/python2.7/site-packages\nRequires: ecdsa, pycrypto\n(py27)mriedem@ubuntu:~$ \n", 
            "date_created": "2015-09-14 14:37:31.117941+00:00", 
            "author": "https://api.launchpad.net/1.0/~mriedem"
        }, 
        {
            "content": "This change:\n\nhttps://review.openstack.org/#/c/191604/20/nova/tests/unit/test_crypto.py\n\nBasically made the unit test non-deterministic.  The test expects you to hit an OSError and then raise ProjectNotFound but I'm actually hitting the ProcessExecutionError, I'm not really sure why.  I have the same versions of openssl locally as in community infra:\n\nii  openssl                                               1.0.1f-1ubuntu2.15                                  i386         Secure Sockets Layer toolkit - cryptographic utility\nii  python-openssl                                        0.13-2ubuntu6                                       i386         Python 2 wrapper around the OpenSSL library\n\nFrom a gate run on 9/11:\n\nii  openssl                              1.0.1f-1ubuntu2.15                    amd64        Secure Sockets Layer toolkit - cryptographic utility\nii  python-openssl                       0.13-2ubuntu6                         amd64        Python 2 wrapper around the OpenSSL library", 
            "date_created": "2015-09-14 15:51:22.649120+00:00", 
            "author": "https://api.launchpad.net/1.0/~mriedem"
        }, 
        {
            "content": "I think I have an idea of the issue.  The revoke method calls ca_folder to get the path:\n\ndef ca_folder(project_id=None):\n    if CONF.use_project_ca and project_id:\n        return os.path.join(CONF.ca_path, 'projects', project_id)\n    return CONF.ca_path\n\nAnd by default CONF.use_project_ca is False, which would mean use the static CONF.ca_path, which may exist, and then chdir wouldn't fail with OSError and then the test fails.", 
            "date_created": "2015-09-14 15:59:18.711394+00:00", 
            "author": "https://api.launchpad.net/1.0/~mriedem"
        }, 
        {
            "content": "Fix proposed to branch: master\nReview: https://review.openstack.org/223203", 
            "date_created": "2015-09-14 16:09:41.292163+00:00", 
            "author": "https://api.launchpad.net/1.0/~hudson-openstack"
        }, 
        {
            "content": "Reviewed:  https://review.openstack.org/223203\nCommitted: https://git.openstack.org/cgit/openstack/nova/commit/?id=f8f822afafbc58258bfe0653b21be86a5e648305\nSubmitter: Jenkins\nBranch:    master\n\ncommit f8f822afafbc58258bfe0653b21be86a5e648305\nAuthor: Matt Riedemann <email address hidden>\nDate:   Mon Sep 14 09:04:51 2015 -0700\n\n    Make test_revoke_cert_project_not_found_chdir_fails deterministic\n    \n    Commit b64cebe2eb71a6c2275f6af76839a0b36cf56cbd removed the mock on\n    os.chdir to always fail with OSError in the test.\n    \n    The revoke_cert method is using the ca_folder method to get the path and\n    that checks CONF.use_project_ca which is by default False, so the\n    project_id isn't even used in the path we're changing to before running\n    the command, it just uses the global static CONF.ca_path.  If that path\n    exists when this test runs, os.chdir won't raise OSError and the\n    assertion in the test will fail.\n    \n    This change makes the test deterministic by (1) setting\n    use_project_ca=True and (2) using a random project_id uuid.\n    \n    Closes-Bug: #1495547\n    \n    Change-Id: I0dc6574b6644aa09028a07503a3d0b82e68e69d2\n", 
            "date_created": "2015-09-23 10:50:01.381823+00:00", 
            "author": "https://api.launchpad.net/1.0/~hudson-openstack"
        }
    ]
}