{
    "status": "Fix Released", 
    "last_updated": "2013-10-17 11:34:54.859833+00:00", 
    "description": "If you try to use the new nova/tools/colorizer.py file with Python 2.6 you'll get:\n\n./run_tests.sh \nRunning `tools/with_venv.sh python setup.py testr --testr-args='--subunit  '`\nTraceback (most recent call last):\n  File \"tools/colorizer.py\", line 308, in <module>\n    resultclass=NovaTestResult)\nTypeError: __init__() got an unexpected keyword argument 'resultclass'\nerror: Broken pipe", 
    "tags": [], 
    "importance": "High", 
    "heat": 6, 
    "link": "https://bugs.launchpad.net/nova/+bug/1158940", 
    "owner": "https://api.launchpad.net/1.0/~dan-prince", 
    "id": 1158940, 
    "index": 1032, 
    "created": "2013-03-22 18:55:47.363621+00:00", 
    "title": "python 2.6 doesn't support TextTestRunner resultclass", 
    "comments": [
        {
            "content": "If you try to use the new nova/tools/colorizer.py file with Python 2.6 you'll get:\n\n./run_tests.sh \nRunning `tools/with_venv.sh python setup.py testr --testr-args='--subunit  '`\nTraceback (most recent call last):\n  File \"tools/colorizer.py\", line 308, in <module>\n    resultclass=NovaTestResult)\nTypeError: __init__() got an unexpected keyword argument 'resultclass'\nerror: Broken pipe", 
            "date_created": "2013-03-22 18:55:47.363621+00:00", 
            "author": "https://api.launchpad.net/1.0/~dan-prince"
        }, 
        {
            "content": "Fix proposed to branch: master\nReview: https://review.openstack.org/25174", 
            "date_created": "2013-03-22 19:15:51.238109+00:00", 
            "author": "https://api.launchpad.net/1.0/~hudson-openstack"
        }, 
        {
            "content": "Reviewed:  https://review.openstack.org/25174\nCommitted: http://github.com/openstack/nova/commit/7a9ce26aaf03459a7ea367fbdb91d91626a1ee93\nSubmitter: Jenkins\nBranch:    master\n\ncommit 7a9ce26aaf03459a7ea367fbdb91d91626a1ee93\nAuthor: Dan Prince <email address hidden>\nDate:   Fri Mar 22 15:12:35 2013 -0400\n\n    py2.6 doesn't support TextTestRunner resultclass\n    \n    Updates tools/colorizer to account for the fact that Python\n    2.6 doesn't support resultclass.\n    \n    This fixes issue in trying to use run_tests.sh on distributions\n    which use python 2.6.\n    \n    Fixes LP Bug #1158940\n    \n    Change-Id: I763cd9c7a4b5ec5baaad3a3d9ee96e6e3cd13b3e\n", 
            "date_created": "2013-03-22 20:35:21.485646+00:00", 
            "author": "https://api.launchpad.net/1.0/~hudson-openstack"
        }
    ]
}