{
    "status": "Invalid", 
    "last_updated": "2014-09-18 21:42:08.879369+00:00", 
    "description": "See http://logs.openstack.org/57/45057/1/gate/gate-tempest-devstack-vm-postgres-full/55e3888/console.html\n\n2013-09-06 20:05:37.846 | ======================================================================\n2013-09-06 20:05:37.847 | FAIL: tempest.api.compute.admin.test_hosts.HostsAdminTestJSON.test_list_hosts_with_zone[gate]\n2013-09-06 20:05:37.847 | tempest.api.compute.admin.test_hosts.HostsAdminTestJSON.test_list_hosts_with_zone[gate]\n2013-09-06 20:05:37.847 | ----------------------------------------------------------------------\n2013-09-06 20:05:37.847 | _StringException: Empty attachments:\n2013-09-06 20:05:37.847 |   stderr\n2013-09-06 20:05:37.848 |   stdout\n2013-09-06 20:05:37.848 | \n2013-09-06 20:05:37.848 | pythonlogging:'': {{{\n2013-09-06 20:05:37.848 | 2013-09-06 19:47:00,711 Request: GET http://127.0.0.1:8774/v2/a32a2342f5b346f7a5a4a98e7db22ab3/os-hosts\n2013-09-06 20:05:37.849 | 2013-09-06 19:47:00,786 Response Status: 200\n2013-09-06 20:05:37.849 | 2013-09-06 19:47:00,786 Nova request id: req-7b85655e-04a1-489d-8e7b-a0e68c26a7fa\n2013-09-06 20:05:37.849 | 2013-09-06 19:47:00,786 Request: GET http://127.0.0.1:8774/v2/a32a2342f5b346f7a5a4a98e7db22ab3/os-hosts?zone=None\n2013-09-06 20:05:37.849 | 2013-09-06 19:47:00,813 Response Status: 200\n2013-09-06 20:05:37.849 | 2013-09-06 19:47:00,813 Nova request id: req-155ed027-42db-48a6-84ae-3b77f95eb580\n2013-09-06 20:05:37.849 | }}}\n2013-09-06 20:05:37.849 | \n2013-09-06 20:05:37.850 | Traceback (most recent call last):\n2013-09-06 20:05:37.850 |   File \"tempest/api/compute/admin/test_hosts.py\", line 50, in test_list_hosts_with_zone\n2013-09-06 20:05:37.850 |     self.assertTrue(len(hosts) >= 1)\n2013-09-06 20:05:37.850 |   File \"/usr/lib/python2.7/unittest/case.py\", line 420, in assertTrue\n2013-09-06 20:05:37.850 |     raise self.failureException(msg)\n2013-09-06 20:05:37.850 | AssertionError: False is not true", 
    "tags": [
        "testing"
    ], 
    "importance": "Undecided", 
    "heat": 6, 
    "link": "https://bugs.launchpad.net/nova/+bug/1221911", 
    "owner": "None", 
    "id": 1221911, 
    "index": 4051, 
    "created": "2013-09-06 20:32:24.853449+00:00", 
    "title": "test_list_hosts_with_zone failed in a swift gate job", 
    "comments": [
        {
            "content": "See http://logs.openstack.org/57/45057/1/gate/gate-tempest-devstack-vm-postgres-full/55e3888/console.html\n\n2013-09-06 20:05:37.846 | ======================================================================\n2013-09-06 20:05:37.847 | FAIL: tempest.api.compute.admin.test_hosts.HostsAdminTestJSON.test_list_hosts_with_zone[gate]\n2013-09-06 20:05:37.847 | tempest.api.compute.admin.test_hosts.HostsAdminTestJSON.test_list_hosts_with_zone[gate]\n2013-09-06 20:05:37.847 | ----------------------------------------------------------------------\n2013-09-06 20:05:37.847 | _StringException: Empty attachments:\n2013-09-06 20:05:37.847 |   stderr\n2013-09-06 20:05:37.848 |   stdout\n2013-09-06 20:05:37.848 | \n2013-09-06 20:05:37.848 | pythonlogging:'': {{{\n2013-09-06 20:05:37.848 | 2013-09-06 19:47:00,711 Request: GET http://127.0.0.1:8774/v2/a32a2342f5b346f7a5a4a98e7db22ab3/os-hosts\n2013-09-06 20:05:37.849 | 2013-09-06 19:47:00,786 Response Status: 200\n2013-09-06 20:05:37.849 | 2013-09-06 19:47:00,786 Nova request id: req-7b85655e-04a1-489d-8e7b-a0e68c26a7fa\n2013-09-06 20:05:37.849 | 2013-09-06 19:47:00,786 Request: GET http://127.0.0.1:8774/v2/a32a2342f5b346f7a5a4a98e7db22ab3/os-hosts?zone=None\n2013-09-06 20:05:37.849 | 2013-09-06 19:47:00,813 Response Status: 200\n2013-09-06 20:05:37.849 | 2013-09-06 19:47:00,813 Nova request id: req-155ed027-42db-48a6-84ae-3b77f95eb580\n2013-09-06 20:05:37.849 | }}}\n2013-09-06 20:05:37.849 | \n2013-09-06 20:05:37.850 | Traceback (most recent call last):\n2013-09-06 20:05:37.850 |   File \"tempest/api/compute/admin/test_hosts.py\", line 50, in test_list_hosts_with_zone\n2013-09-06 20:05:37.850 |     self.assertTrue(len(hosts) >= 1)\n2013-09-06 20:05:37.850 |   File \"/usr/lib/python2.7/unittest/case.py\", line 420, in assertTrue\n2013-09-06 20:05:37.850 |     raise self.failureException(msg)\n2013-09-06 20:05:37.850 | AssertionError: False is not true", 
            "date_created": "2013-09-06 20:32:24.853449+00:00", 
            "author": "https://api.launchpad.net/1.0/~peter-a-portante"
        }, 
        {
            "content": "This hasn't been seen in at least two weeks,  marking as incomplete as cannot reproduce. ", 
            "date_created": "2013-10-04 18:13:43.503258+00:00", 
            "author": "https://api.launchpad.net/1.0/~jogo"
        }
    ]
}