{
    "status": "Fix Released", 
    "last_updated": "2012-09-27 15:38:58.928050+00:00", 
    "description": "the current rpc code doesn't pass the unit tests on python 2.6:\n\nFAIL: test_deserialize_remote_exception\n(nova.tests.rpc.test_common.RpcCommonTestCase)\n----------------------------------------------------------------------\nTraceback (most recent call last):\n File \"/Users/maoy/git/nova/nova/tests/rpc/test_common.py\", line 98,\nin test_deserialize_remote_exception\n   self.assertTrue('test message' in unicode(after_exc))\nAssertionError\n\n======================================================================\nFAIL: test_deserialize_remote_exception_user_defined_exception\n(nova.tests.rpc.test_common.RpcCommonTestCase)\n----------------------------------------------------------------------\nTraceback (most recent call last):\n File \"/Users/maoy/git/nova/nova/tests/rpc/test_common.py\", line 127,\nin test_deserialize_remote_exception_user_defined_exception\n   self.assertTrue('raise FakeUserDefinedException' in unicode(after_exc))\nAssertionError", 
    "tags": [], 
    "importance": "Undecided", 
    "heat": 6, 
    "link": "https://bugs.launchpad.net/nova/+bug/999206", 
    "owner": "https://api.launchpad.net/1.0/~yunmao", 
    "id": 999206, 
    "index": 2809, 
    "created": "2012-05-14 16:17:09.127492+00:00", 
    "title": "unicode serialization problem", 
    "comments": [
        {
            "content": "the current rpc code doesn't pass the unit tests on python 2.6:\n\nFAIL: test_deserialize_remote_exception\n(nova.tests.rpc.test_common.RpcCommonTestCase)\n----------------------------------------------------------------------\nTraceback (most recent call last):\n File \"/Users/maoy/git/nova/nova/tests/rpc/test_common.py\", line 98,\nin test_deserialize_remote_exception\n   self.assertTrue('test message' in unicode(after_exc))\nAssertionError\n\n======================================================================\nFAIL: test_deserialize_remote_exception_user_defined_exception\n(nova.tests.rpc.test_common.RpcCommonTestCase)\n----------------------------------------------------------------------\nTraceback (most recent call last):\n File \"/Users/maoy/git/nova/nova/tests/rpc/test_common.py\", line 127,\nin test_deserialize_remote_exception_user_defined_exception\n   self.assertTrue('raise FakeUserDefinedException' in unicode(after_exc))\nAssertionError", 
            "date_created": "2012-05-14 16:17:09.127492+00:00", 
            "author": "https://api.launchpad.net/1.0/~yunmao"
        }, 
        {
            "content": "Reviewed:  https://review.openstack.org/7219\nCommitted: http://github.com/openstack/nova/commit/ae95868e5e6a0294d3ca3d80bed17da13a52096c\nSubmitter: Jenkins\nBranch:    master\n\ncommit ae95868e5e6a0294d3ca3d80bed17da13a52096c\nAuthor: Yun Mao <email address hidden>\nDate:   Mon May 7 18:54:09 2012 -0400\n\n    fixes bug 999206\n    \n    override the __unicode__() method too for python 2.6\n    \n    Change-Id: Iec76c49585e29071415d937861e94d14ff22cc04\n", 
            "date_created": "2012-05-23 21:06:00.227405+00:00", 
            "author": "https://api.launchpad.net/1.0/~hudson-openstack"
        }
    ]
}