{
    "status": "Fix Released", 
    "last_updated": "2013-04-04 11:17:09.012517+00:00", 
    "description": "When I run the nova tests I see this stacktrace:\n\n    $ python setup.py testr --coverage --testr-args=''\n    running testr\n    Unimplemented block at relaxng.c:3824\n    Exception in thread Thread-1:\n    Traceback (most recent call last):\n      File \"/usr/lib64/python2.6/threading.py\", line 532, in __bootstrap_inner\n        self.run()\n      File \"/usr/lib64/python2.6/threading.py\", line 484, in run\n        self.__target(*self.__args, **self.__kwargs)\n      File \"/home/jenkins/workspace/nova-upstream/nova/virt/libvirt/driver.py\", line 413, in _native_thread\n        libvirt.virEventRunDefaultImpl()\n      File \"/home/jenkins/workspace/nova-upstream/nova/tests/fakelibvirt.py\", line 909, in virEventRunDefaultImpl\n        time.sleep(1)\n    NameError: global name 'time' is not defined\n\n\nAdding \"import time\" to the top of nova/tests/fakelibvirt.py seems to resolve the issue.", 
    "tags": [], 
    "importance": "High", 
    "heat": 14, 
    "link": "https://bugs.launchpad.net/nova/+bug/1133056", 
    "owner": "https://api.launchpad.net/1.0/~russellb", 
    "id": 1133056, 
    "index": 984, 
    "created": "2013-02-25 23:51:23.954973+00:00", 
    "title": "nova/tests/fakelibvirt.py fails because it doesn't import time", 
    "comments": [
        {
            "content": "When I run the nova tests I see this stacktrace:\n\n    $ python setup.py testr --coverage --testr-args=''\n    running testr\n    Unimplemented block at relaxng.c:3824\n    Exception in thread Thread-1:\n    Traceback (most recent call last):\n      File \"/usr/lib64/python2.6/threading.py\", line 532, in __bootstrap_inner\n        self.run()\n      File \"/usr/lib64/python2.6/threading.py\", line 484, in run\n        self.__target(*self.__args, **self.__kwargs)\n      File \"/home/jenkins/workspace/nova-upstream/nova/virt/libvirt/driver.py\", line 413, in _native_thread\n        libvirt.virEventRunDefaultImpl()\n      File \"/home/jenkins/workspace/nova-upstream/nova/tests/fakelibvirt.py\", line 909, in virEventRunDefaultImpl\n        time.sleep(1)\n    NameError: global name 'time' is not defined\n\n\nAdding \"import time\" to the top of nova/tests/fakelibvirt.py seems to resolve the issue.", 
            "date_created": "2013-02-25 23:51:23.954973+00:00", 
            "author": "https://api.launchpad.net/1.0/~jaybuff"
        }, 
        {
            "content": "Fix proposed to branch: master\nReview: https://review.openstack.org/22940", 
            "date_created": "2013-02-26 02:09:13.349979+00:00", 
            "author": "https://api.launchpad.net/1.0/~hudson-openstack"
        }, 
        {
            "content": "Reviewed:  https://review.openstack.org/22940\nCommitted: http://github.com/openstack/nova/commit/6cbbec3ee9810d6dcbd84a1313c5ec61d9857364\nSubmitter: Jenkins\nBranch:    master\n\ncommit 6cbbec3ee9810d6dcbd84a1313c5ec61d9857364\nAuthor: Russell Bryant <email address hidden>\nDate:   Mon Feb 25 21:08:19 2013 -0500\n\n    Add missing import to fakelibvirt.\n    \n    This module calls time.sleep(1), but was not importing the time module.\n    This fixes it.\n    \n    Fix bug 1133056.\n    \n    Change-Id: Ifbba2a98ccdd8d5e26ce466831618ccab9e0b462\n", 
            "date_created": "2013-02-27 00:18:55.310194+00:00", 
            "author": "https://api.launchpad.net/1.0/~hudson-openstack"
        }
    ]
}