{
    "status": "Fix Released", 
    "last_updated": "2012-09-27 15:32:15.991979+00:00", 
    "description": "I get the following error on Nova master if I try run run_tests.sh and create a new .venv:\n\n\nPatching...\n\nRenaming /home/dprince/projects/nova/.venv/lib/python2.7/site-packages/setuptools-0.6c11-py2.7.egg into /home/dprince/projects/nova/.venv/lib/python2.7/site-packages/setuptools-0.6c11-py2.7.egg.OLD.1346981692.61\n\nPatched done.\n\nRelaunching...\n\nTraceback (most recent call last):\n\n  File \"<string>\", line 1, in <module>\n\nNameError: name 'install' is not defined\n\n----------------------------------------\nCommand /home/dprince/projects/nova/.venv/bin/python -c \"import setuptools;__file__='/home/dprince/projects/nova/.venv/build/distribute/setup.py';exec(compile(open(__file__).read().replace('\\r\\n', '\\n'), __file__, 'exec'))\" install --record /tmp/pip-_X9xLm-record/install-record.txt --single-version-externally-managed --install-headers /home/dprince/projects/nova/.venv/include/site/python2.7 failed with error code 1 in /home/dprince/projects/nova/.venv/build/distribute\nStoring complete log in /home/dprince/.pip/pip.log\nCommand \"tools/with_venv.sh pip install --upgrade distribute\" failed.\nNone\n\n-----\n\nLooks like the most recent version of pip (1.2.1) is the cause of the issue.", 
    "tags": [], 
    "importance": "High", 
    "heat": 6, 
    "link": "https://bugs.launchpad.net/nova/+bug/1047120", 
    "owner": "https://api.launchpad.net/1.0/~dan-prince", 
    "id": 1047120, 
    "index": 795, 
    "created": "2012-09-07 01:39:09.810615+00:00", 
    "title": "run_test.sh fails to install venv with most recent version of pip (1.2)", 
    "comments": [
        {
            "content": "I get the following error on Nova master if I try run run_tests.sh and create a new .venv:\n\n\nPatching...\n\nRenaming /home/dprince/projects/nova/.venv/lib/python2.7/site-packages/setuptools-0.6c11-py2.7.egg into /home/dprince/projects/nova/.venv/lib/python2.7/site-packages/setuptools-0.6c11-py2.7.egg.OLD.1346981692.61\n\nPatched done.\n\nRelaunching...\n\nTraceback (most recent call last):\n\n  File \"<string>\", line 1, in <module>\n\nNameError: name 'install' is not defined\n\n----------------------------------------\nCommand /home/dprince/projects/nova/.venv/bin/python -c \"import setuptools;__file__='/home/dprince/projects/nova/.venv/build/distribute/setup.py';exec(compile(open(__file__).read().replace('\\r\\n', '\\n'), __file__, 'exec'))\" install --record /tmp/pip-_X9xLm-record/install-record.txt --single-version-externally-managed --install-headers /home/dprince/projects/nova/.venv/include/site/python2.7 failed with error code 1 in /home/dprince/projects/nova/.venv/build/distribute\nStoring complete log in /home/dprince/.pip/pip.log\nCommand \"tools/with_venv.sh pip install --upgrade distribute\" failed.\nNone\n\n-----\n\nLooks like the most recent version of pip (1.2.1) is the cause of the issue.", 
            "date_created": "2012-09-07 01:39:09.810615+00:00", 
            "author": "https://api.launchpad.net/1.0/~dan-prince"
        }, 
        {
            "content": "Fix proposed to branch: master\nReview: https://review.openstack.org/12538", 
            "date_created": "2012-09-07 01:42:23.190200+00:00", 
            "author": "https://api.launchpad.net/1.0/~hudson-openstack"
        }, 
        {
            "content": "Reviewed:  https://review.openstack.org/12538\nCommitted: http://github.com/openstack/nova/commit/4fc05bff1f9cc0f65511a76de5d3be2aafdc3800\nSubmitter: Jenkins\nBranch:    master\n\ncommit 4fc05bff1f9cc0f65511a76de5d3be2aafdc3800\nAuthor: Dan Prince <email address hidden>\nDate:   Thu Sep 6 21:40:44 2012 -0400\n\n    Nail the pip requirement at 1.1.\n    \n    The most recent version of pip (1.2.1 as of a couple days ago) fails\n    to install the required Nova .venv packages. Nailing the installed\n    pip version when using run_tests.sh seems like a reasonable solution\n    to this issue.\n    \n    Fixes LP Bug #1047120.\n    \n    Change-Id: Ic947c04603cf9423c0cf2835351785d4fe795c4b\n", 
            "date_created": "2012-09-10 17:03:58.688853+00:00", 
            "author": "https://api.launchpad.net/1.0/~hudson-openstack"
        }, 
        {
            "content": "Reviewed:  https://review.openstack.org/12540\nCommitted: http://github.com/openstack/cinder/commit/b51265a9f61c8ef445fba4110ea5684bc918e682\nSubmitter: Jenkins\nBranch:    master\n\ncommit b51265a9f61c8ef445fba4110ea5684bc918e682\nAuthor: Dan Prince <email address hidden>\nDate:   Thu Sep 6 21:54:16 2012 -0400\n\n    Nail the pip requirement at 1.1.\n    \n    The most recent version of pip (1.2.1 as of a couple days ago) fails\n    to install the required Cinder .venv packages. Nailing the installed\n    pip version when using run_tests.sh seems like a reasonable solution\n    to this issue.\n    \n    Fixes LP Bug #1047120.\n    \n    Change-Id: I8d831f747b0d25b5d0f6e74a234e764ff448965b\n", 
            "date_created": "2012-09-10 18:40:22.649159+00:00", 
            "author": "https://api.launchpad.net/1.0/~hudson-openstack"
        }
    ]
}