{
    "status": "Fix Released", 
    "last_updated": "2013-04-04 11:15:57.298716+00:00", 
    "description": "It appears the latest testtools module 0.9.25 has broken Nova venv setup\n\nDownloading/unpacking testtools==0.9.25 (from -r /home/berrange/src/cloud/nova/tools/test-requires (line 15))\n  Running setup.py egg_info for package testtools\n    Traceback (most recent call last):\n      File \"<string>\", line 14, in <module>\n      File \"/home/berrange/src/cloud/nova/.venv/build/testtools/setup.py\", line 8, in <module>\n        import testtools\n      File \"testtools/__init__.py\", line 34, in <module>\n        from extras import (\n    ImportError: No module named extras\n    Complete output from command python setup.py egg_info:\n    Traceback (most recent call last):\n\n  File \"<string>\", line 14, in <module>\n\n  File \"/home/berrange/src/cloud/nova/.venv/build/testtools/setup.py\", line 8, in <module>\n\n    import testtools\n\n  File \"testtools/__init__.py\", line 34, in <module>\n\n    from extras import (\n\nImportError: No module named extras\n\n----------------------------------------\nCommand python setup.py egg_info failed with error code 1 in /home/berrange/src/cloud/nova/.venv/build/testtools\n\n\nChanging tools/test-requires to mandate  testtools == 0.9.24 fixes the issue.\n\nI tried adding 'extras' to the tools/test-requires, but that did not appear to help matters", 
    "tags": [], 
    "importance": "Undecided", 
    "heat": 22, 
    "link": "https://bugs.launchpad.net/nova/+bug/1102400", 
    "owner": "https://api.launchpad.net/1.0/~johannes.erdfelt", 
    "id": 1102400, 
    "index": 3332, 
    "created": "2013-01-21 13:31:39.802596+00:00", 
    "title": "venv setup fails with testtools == 0.9.25", 
    "comments": [
        {
            "content": "It appears the latest testtools module 0.9.25 has broken Nova venv setup\n\nDownloading/unpacking testtools==0.9.25 (from -r /home/berrange/src/cloud/nova/tools/test-requires (line 15))\n  Running setup.py egg_info for package testtools\n    Traceback (most recent call last):\n      File \"<string>\", line 14, in <module>\n      File \"/home/berrange/src/cloud/nova/.venv/build/testtools/setup.py\", line 8, in <module>\n        import testtools\n      File \"testtools/__init__.py\", line 34, in <module>\n        from extras import (\n    ImportError: No module named extras\n    Complete output from command python setup.py egg_info:\n    Traceback (most recent call last):\n\n  File \"<string>\", line 14, in <module>\n\n  File \"/home/berrange/src/cloud/nova/.venv/build/testtools/setup.py\", line 8, in <module>\n\n    import testtools\n\n  File \"testtools/__init__.py\", line 34, in <module>\n\n    from extras import (\n\nImportError: No module named extras\n\n----------------------------------------\nCommand python setup.py egg_info failed with error code 1 in /home/berrange/src/cloud/nova/.venv/build/testtools\n\n\nChanging tools/test-requires to mandate  testtools == 0.9.24 fixes the issue.\n\nI tried adding 'extras' to the tools/test-requires, but that did not appear to help matters", 
            "date_created": "2013-01-21 13:31:39.802596+00:00", 
            "author": "https://api.launchpad.net/1.0/~berrange"
        }, 
        {
            "content": "It's not just nova, as I ran into this with python-keystoneclient. I haven't tried other projects.", 
            "date_created": "2013-01-21 15:55:25.670221+00:00", 
            "author": "https://api.launchpad.net/1.0/~blk-u"
        }, 
        {
            "content": "I reported it to the testtools project: https://bugs.launchpad.net/testtools/+bug/1102464\n\nIt looks like setup.py tries to import the package being installed before it installs the dependencies. It's not clear why it's trying to be imported as part of the install process.\n\nI'd say the best option for now is to temporarily pin testtools to 0.9.24 until the problem is fixed upstream.", 
            "date_created": "2013-01-21 16:20:52.238301+00:00", 
            "author": "https://api.launchpad.net/1.0/~johannes.erdfelt"
        }, 
        {
            "content": "Fix proposed to branch: master\nReview: https://review.openstack.org/20145", 
            "date_created": "2013-01-21 16:26:09.309593+00:00", 
            "author": "https://api.launchpad.net/1.0/~hudson-openstack"
        }, 
        {
            "content": "Fix proposed to branch: master\nReview: https://review.openstack.org/20154", 
            "date_created": "2013-01-21 17:08:26.968542+00:00", 
            "author": "https://api.launchpad.net/1.0/~hudson-openstack"
        }, 
        {
            "content": "Reviewed:  https://review.openstack.org/20145\nCommitted: http://github.com/openstack/nova/commit/254333a78d960fc800a35b4c0680b160da9a956e\nSubmitter: Jenkins\nBranch:    master\n\ncommit 254333a78d960fc800a35b4c0680b160da9a956e\nAuthor: Johannes Erdfelt <email address hidden>\nDate:   Mon Jan 21 16:22:01 2013 +0000\n\n    Avoid testtools 0.9.25\n    \n    Fixes bug 1102400\n    \n    testtools 0.9.25 introduces a new dependency on the 'extras' package, but\n    it does so in a way to prevents itself from being installed without the\n    'extras' package already installed.\n    \n    Work around the problem for now by avoiding the problematic release.\n    \n    Change-Id: Ib42ffc67f00db62f9b829069c00476632daae94f\n", 
            "date_created": "2013-01-21 17:22:05.098747+00:00", 
            "author": "https://api.launchpad.net/1.0/~hudson-openstack"
        }, 
        {
            "content": "Reviewed:  https://review.openstack.org/20154\nCommitted: http://github.com/openstack/glance/commit/acae86293f7b0bba8fe105779f6f75df3af9ec51\nSubmitter: Jenkins\nBranch:    master\n\ncommit acae86293f7b0bba8fe105779f6f75df3af9ec51\nAuthor: Johannes Erdfelt <email address hidden>\nDate:   Mon Jan 21 17:06:16 2013 +0000\n\n    Avoid testtools 0.9.25\n    \n    Fixes bug 1102400\n    \n    testtools 0.9.25 introduces a new dependency on the 'extras' package, but\n    it does so in a way to prevents itself from being installed without the\n    'extras' package already installed.\n    \n    Work around the problem for now by avoiding the problematic release.\n    \n    Change-Id: If8aa3925c744fad88f6f2715b5e779d0c258524c\n", 
            "date_created": "2013-01-21 19:41:41.741800+00:00", 
            "author": "https://api.launchpad.net/1.0/~hudson-openstack"
        }, 
        {
            "content": "testtools upstream is fixed...", 
            "date_created": "2013-01-21 19:43:09.804623+00:00", 
            "author": "https://api.launchpad.net/1.0/~lifeless"
        }
    ]
}