{
    "status": "Fix Released", 
    "last_updated": "2014-09-22 10:02:49.471618+00:00", 
    "description": "======================================================================\nFAIL: nova.tests.virt.libvirt.test_libvirt.LibvirtNonblockingTestCase.test_tpool_execute_calls_libvirt\n----------------------------------------------------------------------\n_StringException: Empty attachments:\n  pythonlogging:''\n  stderr\n  stdout\n\nTraceback (most recent call last):\n  File \"/var/lib/jenkins/workspace/nova-virtualenv-debian6/nova/nova/tests/virt/libvirt/test_libvirt.py\", line 7405, in test_tpool_execute_calls_libvirt\n    conn = libvirt.virConnect()\nTypeError: __init__() takes at least 3 arguments (1 given)\n\nIf libvirt is not installed, nova/tests/virt/libvirt/fakelibvirt.py defines libvirt.virConnect = fakelibvirt.Connection which does not have default parameters like the actual libvirt.virConnect. There is no way for tests to pass if libvirt is not installed.", 
    "tags": [], 
    "importance": "Undecided", 
    "heat": 20, 
    "link": "https://bugs.launchpad.net/nova/+bug/1257876", 
    "owner": "https://api.launchpad.net/1.0/~blamar", 
    "id": 1257876, 
    "index": 4358, 
    "created": "2013-12-04 18:59:00.149252+00:00", 
    "title": "tests fail when libvirt not installed", 
    "comments": [
        {
            "content": "======================================================================\nFAIL: nova.tests.virt.libvirt.test_libvirt.LibvirtNonblockingTestCase.test_tpool_execute_calls_libvirt\n----------------------------------------------------------------------\n_StringException: Empty attachments:\n  pythonlogging:''\n  stderr\n  stdout\n\nTraceback (most recent call last):\n  File \"/var/lib/jenkins/workspace/nova-virtualenv-debian6/nova/nova/tests/virt/libvirt/test_libvirt.py\", line 7405, in test_tpool_execute_calls_libvirt\n    conn = libvirt.virConnect()\nTypeError: __init__() takes at least 3 arguments (1 given)\n\nIf libvirt is not installed, nova/tests/virt/libvirt/fakelibvirt.py defines libvirt.virConnect = fakelibvirt.Connection which does not have default parameters like the actual libvirt.virConnect. There is no way for tests to pass if libvirt is not installed.", 
            "date_created": "2013-12-04 18:59:00.149252+00:00", 
            "author": "https://api.launchpad.net/1.0/~blamar"
        }, 
        {
            "content": "Fix proposed to branch: master\nReview: https://review.openstack.org/60052", 
            "date_created": "2013-12-04 19:09:12.697969+00:00", 
            "author": "https://api.launchpad.net/1.0/~hudson-openstack"
        }, 
        {
            "content": "Reviewed:  https://review.openstack.org/60052\nCommitted: http://github.com/openstack/nova/commit/aded4a72b70d936df2771d1a6d35dd71e356de71\nSubmitter: Jenkins\nBranch:    master\n\ncommit aded4a72b70d936df2771d1a6d35dd71e356de71\nAuthor: Brian Lamar <email address hidden>\nDate:   Wed Dec 4 14:04:34 2013 -0500\n\n    Add default arguments for Connection class\n    \n    The fakelibvirt.Connection class, among other things, mocks\n    libvirt.virConnect which doesn't require any parameters. This is\n    causing a test to fail.\n    \n    Change-Id: If77864cb0d0bd1dae20b490b8e87a32a0951b52e\n    Closes-Bug: 1257876\n", 
            "date_created": "2013-12-05 19:28:02.235733+00:00", 
            "author": "https://api.launchpad.net/1.0/~hudson-openstack"
        }, 
        {
            "content": "Fix proposed to branch: stable/havana\nReview: https://review.openstack.org/123053", 
            "date_created": "2014-09-22 06:11:58.262183+00:00", 
            "author": "https://api.launchpad.net/1.0/~hudson-openstack"
        }, 
        {
            "content": "Change abandoned by Alan Pevec (<email address hidden>) on branch: stable/havana\nReview: https://review.openstack.org/123053", 
            "date_created": "2014-09-22 10:02:48.422821+00:00", 
            "author": "https://api.launchpad.net/1.0/~hudson-openstack"
        }
    ]
}