{
    "status": "Fix Released", 
    "last_updated": "2013-10-17 12:11:59.267511+00:00", 
    "description": "======================================================================\nFAIL: nova.tests.db.test_sqlite.TestSqlite.test_big_int_mapping\ntags: worker-1\n----------------------------------------------------------------------\nEmpty attachments:\n  pythonlogging:''\n  stderr\n  stdout\n\nTraceback (most recent call last):\n  File \"nova/tests/db/test_sqlite.py\", line 51, in test_big_int_mapping\n    output, _ = utils.execute(get_schema_cmd, shell=True)\n  File \"nova/utils.py\", line 178, in execute\n    return processutils.execute(*cmd, **kwargs)\n  File \"nova/openstack/common/processutils.py\", line 178, in execute\n    cmd=' '.join(cmd))\nProcessExecutionError: Unexpected error while running command.\nCommand: sqlite3 test_bigint.sqlite '.schema'\nExit code: 127\nStdout: ''\nStderr: '/bin/sh: 1: sqlite3: not found\\n'\n======================================================================\n\nThe test should handle the lack of sqlite3 gracefully, in the same manner as the mysql or postgresql tests.", 
    "tags": [], 
    "importance": "Medium", 
    "heat": 6, 
    "link": "https://bugs.launchpad.net/nova/+bug/1227868", 
    "owner": "https://api.launchpad.net/1.0/~alaski", 
    "id": 1227868, 
    "index": 3605, 
    "created": "2013-09-19 20:23:17.598544+00:00", 
    "title": "Testing error if sqlite3 not installed", 
    "comments": [
        {
            "content": "======================================================================\nFAIL: nova.tests.db.test_sqlite.TestSqlite.test_big_int_mapping\ntags: worker-1\n----------------------------------------------------------------------\nEmpty attachments:\n  pythonlogging:''\n  stderr\n  stdout\n\nTraceback (most recent call last):\n  File \"nova/tests/db/test_sqlite.py\", line 51, in test_big_int_mapping\n    output, _ = utils.execute(get_schema_cmd, shell=True)\n  File \"nova/utils.py\", line 178, in execute\n    return processutils.execute(*cmd, **kwargs)\n  File \"nova/openstack/common/processutils.py\", line 178, in execute\n    cmd=' '.join(cmd))\nProcessExecutionError: Unexpected error while running command.\nCommand: sqlite3 test_bigint.sqlite '.schema'\nExit code: 127\nStdout: ''\nStderr: '/bin/sh: 1: sqlite3: not found\\n'\n======================================================================\n\nThe test should handle the lack of sqlite3 gracefully, in the same manner as the mysql or postgresql tests.", 
            "date_created": "2013-09-19 20:23:17.598544+00:00", 
            "author": "https://api.launchpad.net/1.0/~alaski"
        }, 
        {
            "content": "It doesn't affect Jenkins, but can cause a local test failure for devs.", 
            "date_created": "2013-09-19 20:24:05.815494+00:00", 
            "author": "https://api.launchpad.net/1.0/~alaski"
        }, 
        {
            "content": "Fix proposed to branch: master\nReview: https://review.openstack.org/47463", 
            "date_created": "2013-09-19 20:26:09.317090+00:00", 
            "author": "https://api.launchpad.net/1.0/~hudson-openstack"
        }, 
        {
            "content": "Reviewed:  https://review.openstack.org/47463\nCommitted: http://github.com/openstack/nova/commit/e9704d0f019be530d5952844feecaf0ed4e31914\nSubmitter: Jenkins\nBranch:    master\n\ncommit e9704d0f019be530d5952844feecaf0ed4e31914\nAuthor: Andrew Laski <email address hidden>\nDate:   Thu Sep 19 16:24:15 2013 -0400\n\n    Skip test if sqlite3 not installed\n    \n    The test is attempting to run the sqlite3 binary during its test run.\n    Since there's no guarantee that it's installed it should catch an\n    execution error and skip.\n    \n    Change-Id: I9f4ed1872fcfe3b8393644a77692dbfcce8ecab2\n    Closes-bug: 1227868\n", 
            "date_created": "2013-10-02 21:17:49.374791+00:00", 
            "author": "https://api.launchpad.net/1.0/~hudson-openstack"
        }
    ]
}