{
    "status": "Invalid", 
    "last_updated": "2014-09-17 13:22:22.271189+00:00", 
    "description": "unit test fail likely a regression caused by https://github.com/openstack/nova/commit/cd1423cef7621e0b557cbe0260f661d08811236b.\n\nI'm unsure why it's not caught in the gate.\n\nApparently exceptions.ExternalIpAddressExhaustedClient is not defined. Refer to attached log for more details.\n\ntraceback-1: {{{\nTraceback (most recent call last):\n  File \"/home/jenkins/workspace/csi-nova-upstream/.tox/py26/lib/python2.6/site-packages/mox.py\", line 286, in VerifyAll\n    mock_obj._Verify()\n  File \"/home/jenkins/workspace/csi-nova-upstream/.tox/py26/lib/python2.6/site-packages/mox.py\", line 506, in _Verify\n    raise ExpectedMethodCallsError(self._expected_calls_queue)\nExpectedMethodCallsError: Verify: Expected methods never called:\n  0.  <MultipleTimesGroup \"default\">\n}}}\n\ntraceback-2: {{{\nTraceback (most recent call last):\n  File \"/home/jenkins/workspace/csi-nova-upstream/.tox/py26/lib/python2.6/site-packages/fixtures/fixture.py\", line 112, in cleanUp\n    return self._cleanups(raise_errors=raise_first)\n  File \"/home/jenkins/workspace/csi-nova-upstream/.tox/py26/lib/python2.6/site-packages/fixtures/callmany.py\", line 88, in __call__\n    reraise(error[0], error[1], error[2])\n  File \"/home/jenkins/workspace/csi-nova-upstream/.tox/py26/lib/python2.6/site-packages/fixtures/callmany.py\", line 82, in __call__\n    cleanup(*args, **kwargs)\n  File \"/home/jenkins/workspace/csi-nova-upstream/.tox/py26/lib/python2.6/site-packages/mox.py\", line 286, in VerifyAll\n    mock_obj._Verify()\n  File \"/home/jenkins/workspace/csi-nova-upstream/.tox/py26/lib/python2.6/site-packages/mox.py\", line 506, in _Verify\n    raise ExpectedMethodCallsError(self._expected_calls_queue)\nExpectedMethodCallsError: Verify: Expected methods never called:\n  0.  <MultipleTimesGroup \"default\">\n}}}\n\nTraceback (most recent call last):\n  File \"nova/tests/network/test_neutronv2.py\", line 1639, in test_allocate_floating_ip_exhausted_fail\n    AndRaise(exceptions.ExternalIpAddressExhaustedClient)\nAttributeError: 'module' object has no attribute 'ExternalIpAddressExhaustedClient'", 
    "tags": [
        "network"
    ], 
    "importance": "Undecided", 
    "heat": 8, 
    "link": "https://bugs.launchpad.net/nova/+bug/1299135", 
    "owner": "None", 
    "id": 1299135, 
    "index": 4698, 
    "created": "2014-03-28 17:50:35.092590+00:00", 
    "title": "nova unit test fail as exceptions.ExternalIpAddressExhaustedClient not found", 
    "comments": [
        {
            "content": "unit test fail likely a regression caused by https://github.com/openstack/nova/commit/cd1423cef7621e0b557cbe0260f661d08811236b.\n\nI'm unsure why it's not caught in the gate.\n\nApparently exceptions.ExternalIpAddressExhaustedClient is not defined. Refer to attached log for more details.\n\ntraceback-1: {{{\nTraceback (most recent call last):\n  File \"/home/jenkins/workspace/csi-nova-upstream/.tox/py26/lib/python2.6/site-packages/mox.py\", line 286, in VerifyAll\n    mock_obj._Verify()\n  File \"/home/jenkins/workspace/csi-nova-upstream/.tox/py26/lib/python2.6/site-packages/mox.py\", line 506, in _Verify\n    raise ExpectedMethodCallsError(self._expected_calls_queue)\nExpectedMethodCallsError: Verify: Expected methods never called:\n  0.  <MultipleTimesGroup \"default\">\n}}}\n\ntraceback-2: {{{\nTraceback (most recent call last):\n  File \"/home/jenkins/workspace/csi-nova-upstream/.tox/py26/lib/python2.6/site-packages/fixtures/fixture.py\", line 112, in cleanUp\n    return self._cleanups(raise_errors=raise_first)\n  File \"/home/jenkins/workspace/csi-nova-upstream/.tox/py26/lib/python2.6/site-packages/fixtures/callmany.py\", line 88, in __call__\n    reraise(error[0], error[1], error[2])\n  File \"/home/jenkins/workspace/csi-nova-upstream/.tox/py26/lib/python2.6/site-packages/fixtures/callmany.py\", line 82, in __call__\n    cleanup(*args, **kwargs)\n  File \"/home/jenkins/workspace/csi-nova-upstream/.tox/py26/lib/python2.6/site-packages/mox.py\", line 286, in VerifyAll\n    mock_obj._Verify()\n  File \"/home/jenkins/workspace/csi-nova-upstream/.tox/py26/lib/python2.6/site-packages/mox.py\", line 506, in _Verify\n    raise ExpectedMethodCallsError(self._expected_calls_queue)\nExpectedMethodCallsError: Verify: Expected methods never called:\n  0.  <MultipleTimesGroup \"default\">\n}}}\n\nTraceback (most recent call last):\n  File \"nova/tests/network/test_neutronv2.py\", line 1639, in test_allocate_floating_ip_exhausted_fail\n    AndRaise(exceptions.ExternalIpAddressExhaustedClient)\nAttributeError: 'module' object has no attribute 'ExternalIpAddressExhaustedClient'", 
            "date_created": "2014-03-28 17:50:35.092590+00:00", 
            "author": "https://api.launchpad.net/1.0/~bhuvan"
        }, 
        {
            "content": "", 
            "date_created": "2014-03-28 17:50:35.092590+00:00", 
            "author": "https://api.launchpad.net/1.0/~bhuvan"
        }, 
        {
            "content": "nova unit tests output ...", 
            "date_created": "2014-03-28 17:51:37.980845+00:00", 
            "author": "https://api.launchpad.net/1.0/~bhuvan"
        }, 
        {
            "content": "I could not reproduce this bug.  I am using the nova master branch and was able to run the test case successfully:\n\n$ ./run_tests.sh test_neutronv2.TestNeutronv2.test_allocate_floating_ip_exhausted_fail\nRunning `tools/with_venv.sh python -m nova.openstack.common.lockutils python setup.py testr --testr-args='--subunit --concurrency 0  test_neutronv2.TestNeutronv2.test_allocate_floating_ip_exhausted_fail'`\nnova.tests.network.test_neutronv2.TestNeutronv2\n    test_allocate_floating_ip_exhausted_fail                          OK  1.33\n\nSlowest 1 tests took 1.33 secs:\nnova.tests.network.test_neutronv2.TestNeutronv2\n    test_allocate_floating_ip_exhausted_fail                              1.33\n\nRan 1 test in 14.901s\n\nOK\n", 
            "date_created": "2014-04-05 04:21:28.488767+00:00", 
            "author": "https://api.launchpad.net/1.0/~thang-pham"
        }
    ]
}