{
    "status": "Fix Released", 
    "last_updated": "2015-01-28 17:51:16.996344+00:00", 
    "description": "When packaging and running unit tests with older versions of libvirt < 0.9.13, the unit tests will fail even though there is nothing wrong with the actual code.  An example failure is:\n\n14:01:03 pythonlogging:'': {{{\n14:01:03 INFO [nova.network.driver] Loading network driver 'nova.network.linux_net'\n14:01:03 INFO [nova.virt.libvirt.driver] Unable to use bulk domain list APIs, falling back to slow code path: 'module' object has no attribute 'VIR_CONNECT_LIST_DOMAINS_ACTIVE'\n14:01:03 }}}\n14:01:03 \n14:01:03 Traceback (most recent call last):\n14:01:03   File \"/home/jenkins/workspace/test-nova-rax-patches-change/repositories//nova/tests/virt/libvirt/test_driver.py\", line 2971, in test_list_instance_domains_filtering\n14:01:03     doms = drvr._list_instance_domains()\n14:01:03   File \"/home/jenkins/workspace/test-nova-rax-patches-change/repositories//nova/virt/libvirt/driver.py\", line 872, in _list_instance_domains\n14:01:03     alldoms = self._list_instance_domains_slow(only_running)\n14:01:03   File \"/home/jenkins/workspace/test-nova-rax-patches-change/repositories//nova/virt/libvirt/driver.py\", line 822, in _list_instance_domains_slow\n14:01:03     if self._conn.numOfDomains() > 0:\n14:01:03   File \"/home/jenkins/workspace/test-nova-rax-patches-change/virtualenv/lib/python2.6/site-packages/mox.py\", line 1002, in __call__\n14:01:03     expected_method = self._VerifyMethodCall()\n14:01:03   File \"/home/jenkins/workspace/test-nova-rax-patches-change/virtualenv/lib/python2.6/site-packages/mox.py\", line 1049, in _VerifyMethodCall\n14:01:03     expected = self._PopNextMethod()\n14:01:03   File \"/home/jenkins/workspace/test-nova-rax-patches-change/virtualenv/lib/python2.6/site-packages/mox.py\", line 1035, in _PopNextMethod\n14:01:03     raise UnexpectedMethodCallError(self, None)\n14:01:03 UnexpectedMethodCallError: Unexpected method call Stub for <property object at 0x6a87208>.numOfDomains() -> None\n14:01:03 \n14:01:03 \n14:01:03 ======================================================================\n14:01:03 FAIL: nova.tests.virt.libvirt.test_driver.LibvirtConnTestCase.test_list_instance_domains_fast\n14:01:03 ----------------------------------------------------------------------\n14:01:03 _StringException: Empty attachments:\n14:01:03   stderr\n14:01:03   stdout\n14:01:03 \n14:01:03 pythonlogging:'': {{{INFO [nova.network.driver] Loading network driver 'nova.network.linux_net'}}}\n14:01:03 \n14:01:03 Traceback (most recent call last):\n14:01:03   File \"/home/jenkins/workspace/test-nova-rax-patches-change/repositories//nova/tests/virt/libvirt/test_driver.py\", line 2839, in test_list_instance_domains_fast\n14:01:03     doms = drvr._list_instance_domains_fast()\n14:01:03   File \"/home/jenkins/workspace/test-nova-rax-patches-change/repositories//nova/virt/libvirt/driver.py\", line 812, in _list_instance_domains_fast\n14:01:03     flags = libvirt.VIR_CONNECT_LIST_DOMAINS_ACTIVE\n14:01:03 AttributeError: 'module' object has no attribute 'VIR_CONNECT_LIST_DOMAINS_ACTIVE'", 
    "tags": [
        "libvirt", 
        "testing"
    ], 
    "importance": "High", 
    "heat": 16, 
    "link": "https://bugs.launchpad.net/nova/+bug/1341729", 
    "owner": "https://api.launchpad.net/1.0/~berrange", 
    "id": 1341729, 
    "index": 1537, 
    "created": "2014-07-14 19:42:00.153509+00:00", 
    "title": "Nova Unit Testing with older libvirt versions fails", 
    "comments": [
        {
            "content": "When packaging and running unit tests with older versions of libvirt < 0.9.13, the unit tests will fail even though there is nothing wrong with the actual code.  An example failure is:\n\n14:01:03 pythonlogging:'': {{{\n14:01:03 INFO [nova.network.driver] Loading network driver 'nova.network.linux_net'\n14:01:03 INFO [nova.virt.libvirt.driver] Unable to use bulk domain list APIs, falling back to slow code path: 'module' object has no attribute 'VIR_CONNECT_LIST_DOMAINS_ACTIVE'\n14:01:03 }}}\n14:01:03 \n14:01:03 Traceback (most recent call last):\n14:01:03   File \"/home/jenkins/workspace/test-nova-rax-patches-change/repositories//nova/tests/virt/libvirt/test_driver.py\", line 2971, in test_list_instance_domains_filtering\n14:01:03     doms = drvr._list_instance_domains()\n14:01:03   File \"/home/jenkins/workspace/test-nova-rax-patches-change/repositories//nova/virt/libvirt/driver.py\", line 872, in _list_instance_domains\n14:01:03     alldoms = self._list_instance_domains_slow(only_running)\n14:01:03   File \"/home/jenkins/workspace/test-nova-rax-patches-change/repositories//nova/virt/libvirt/driver.py\", line 822, in _list_instance_domains_slow\n14:01:03     if self._conn.numOfDomains() > 0:\n14:01:03   File \"/home/jenkins/workspace/test-nova-rax-patches-change/virtualenv/lib/python2.6/site-packages/mox.py\", line 1002, in __call__\n14:01:03     expected_method = self._VerifyMethodCall()\n14:01:03   File \"/home/jenkins/workspace/test-nova-rax-patches-change/virtualenv/lib/python2.6/site-packages/mox.py\", line 1049, in _VerifyMethodCall\n14:01:03     expected = self._PopNextMethod()\n14:01:03   File \"/home/jenkins/workspace/test-nova-rax-patches-change/virtualenv/lib/python2.6/site-packages/mox.py\", line 1035, in _PopNextMethod\n14:01:03     raise UnexpectedMethodCallError(self, None)\n14:01:03 UnexpectedMethodCallError: Unexpected method call Stub for <property object at 0x6a87208>.numOfDomains() -> None\n14:01:03 \n14:01:03 \n14:01:03 ======================================================================\n14:01:03 FAIL: nova.tests.virt.libvirt.test_driver.LibvirtConnTestCase.test_list_instance_domains_fast\n14:01:03 ----------------------------------------------------------------------\n14:01:03 _StringException: Empty attachments:\n14:01:03   stderr\n14:01:03   stdout\n14:01:03 \n14:01:03 pythonlogging:'': {{{INFO [nova.network.driver] Loading network driver 'nova.network.linux_net'}}}\n14:01:03 \n14:01:03 Traceback (most recent call last):\n14:01:03   File \"/home/jenkins/workspace/test-nova-rax-patches-change/repositories//nova/tests/virt/libvirt/test_driver.py\", line 2839, in test_list_instance_domains_fast\n14:01:03     doms = drvr._list_instance_domains_fast()\n14:01:03   File \"/home/jenkins/workspace/test-nova-rax-patches-change/repositories//nova/virt/libvirt/driver.py\", line 812, in _list_instance_domains_fast\n14:01:03     flags = libvirt.VIR_CONNECT_LIST_DOMAINS_ACTIVE\n14:01:03 AttributeError: 'module' object has no attribute 'VIR_CONNECT_LIST_DOMAINS_ACTIVE'", 
            "date_created": "2014-07-14 19:42:00.153509+00:00", 
            "author": "https://api.launchpad.net/1.0/~christopher-lefelhoc"
        }, 
        {
            "content": "Christopher, please see if this works for you\n\nhttp://paste.openstack.org/show/86563/\n\n(just replace libvirt with fakelibvirt in 2 spots)", 
            "date_created": "2014-07-15 13:29:01.792820+00:00", 
            "author": "https://api.launchpad.net/1.0/~dims-v"
        }, 
        {
            "content": "The paste won't solve the problem completely as the code also has some issues where the *_fast function would fail, but the test code doesn't handle it properly.  \n\nI'm not sure why, but the following patch may be a better option.  It should have come up here when I opened the bug.\n\nhttps://review.openstack.org/#/c/106851/\n\n", 
            "date_created": "2014-07-15 13:55:52.750267+00:00", 
            "author": "https://api.launchpad.net/1.0/~christopher-lefelhoc"
        }, 
        {
            "content": "Fix proposed to branch: master\nReview: https://review.openstack.org/107101", 
            "date_created": "2014-07-15 16:21:33.964231+00:00", 
            "author": "https://api.launchpad.net/1.0/~hudson-openstack"
        }, 
        {
            "content": "Change abandoned by Christopher Lefelhocz (<email address hidden>) on branch: master\nReview: https://review.openstack.org/106851\nReason: Going to abandon in favor of https://review.openstack.org/107101.", 
            "date_created": "2014-07-15 17:41:35.464109+00:00", 
            "author": "https://api.launchpad.net/1.0/~hudson-openstack"
        }, 
        {
            "content": "Reviewed:  https://review.openstack.org/107101\nCommitted: https://git.openstack.org/cgit/openstack/nova/commit/?id=ee57c65fa26d0be473be9d5e55748abd6693ad0d\nSubmitter: Jenkins\nBranch:    master\n\ncommit ee57c65fa26d0be473be9d5e55748abd6693ad0d\nAuthor: Daniel P. Berrange <email address hidden>\nDate:   Tue Jul 15 17:15:18 2014 +0100\n\n    libvirt: fix recent test changes to work on libvirt < 0.9.13\n    \n    The newly used 'listAllDomains' method was only introduced in\n    libvirt 0.9.13. Although the driver code was written to cope\n    with older libvirt, the test suite code itself would fail\n    when faced with such an old libvirt because it was trying to\n    mock out methods which did not exist.\n    \n    The fix here recognises that since '_list_instance_domains_fast'\n    and '_list_instance_domains_slow' both have explicit test cases,\n    there is no point in mocking out the low level 'listAllDomains'\n    method in all the other test cases. Instead we can mock out\n    the much higher level '_list_instance_domains' which means we\n    avoid any interaction with libvirt in these test cases. The\n    opportunity is taken to convert the tests in question to use\n    'mock' instead of 'mox' since it also simplifies the code.\n    \n    Finally in the test for '_list_instance_domains_fast' simply\n    skip the test if libvirt is too old to have the required\n    constants defined.\n    \n    Closes-bug: 1341729\n    Change-Id: I554352ea14e6b3306176e7524502e005cebd8c16\n", 
            "date_created": "2014-07-17 11:36:13.679065+00:00", 
            "author": "https://api.launchpad.net/1.0/~hudson-openstack"
        }, 
        {
            "content": "committed fix works for me", 
            "date_created": "2014-07-17 19:01:53.646795+00:00", 
            "author": "https://api.launchpad.net/1.0/~coreywright"
        }, 
        {
            "content": "This appears to have regressed again:\n\n======================================================================\nFAIL: nova.tests.unit.virt.libvirt.test_host.HostTestCase.test_list_instance_domains_fallback\n----------------------------------------------------------------------\nTraceback (most recent call last):\n_StringException: pythonlogging:'': {{{2015-01-28 09:38:04,551 INFO [nova.virt.libvirt.host] Unable to use bulk domain list APIs, falling back to slow code path: 'module' object has no attribute 'VIR_CONNECT_LIST_DOMAINS_ACTIVE'}}}\n\nTraceback (most recent call last):\n  File \"/home/johannes/virtualenvs/migrations/local/lib/python2.7/site-packages/mock.py\", line 1201, in patched\n    return func(*args, **keywargs)\n  File \"nova/tests/unit/virt/libvirt/test_host.py\", line 516, in test_list_instance_domains_fallback\n    libvirt.VIR_CONNECT_LIST_DOMAINS_ACTIVE)\nAttributeError: 'module' object has no attribute 'VIR_CONNECT_LIST_DOMAINS_ACTIVE'\n\n\nThis is running on Debian 7 which has libvirt 0.9.12.3", 
            "date_created": "2015-01-28 17:51:16.085867+00:00", 
            "author": "https://api.launchpad.net/1.0/~johannes.erdfelt"
        }
    ]
}